TpTrace Verbose: 0 : 2824, 1, 2024/08/10, 09:02:46.957, 17002960380029, vstest.console.dll, Version: 17.10.0-release-24272-11 Current process architecture: X86
TpTrace Verbose: 0 : 2824, 1, 2024/08/10, 09:02:46.960, 17002960417338, vstest.console.dll, Runtime location: C:\Program Files (x86)\dotnet\shared\Microsoft.NETCore.App\8.0.7
TpTrace Verbose: 0 : 2824, 1, 2024/08/10, 09:02:46.962, 17002960433428, vstest.console.dll, ArtifactProcessingPostProcessModeProcessorExecutor.Initialize: ArtifactProcessingMode.Collect
TpTrace Verbose: 0 : 2824, 1, 2024/08/10, 09:02:46.962, 17002960434637, vstest.console.dll, TestSessionCorrelationIdProcessorModeProcessorExecutor.Initialize: TestSessionCorrelationId '17772_120d260b-721d-4fd5-956b-e39505ce824d'
TpTrace Information: 0 : 2824, 1, 2024/08/10, 09:02:46.969, 17002960500728, vstest.console.dll, FilePatternParser: The given file D:\SoftUni\Front-End-Test-Automation-July-2024\18.Exam-Prep2-Selenium_Ide+WebDriver\Solutions_Anton\RevueCraftersTests\bin\Debug\net8.0\fine-code-coverage\build-output\RevueCraftersTests.dll is a full path.
TpTrace Verbose: 0 : 2824, 1, 2024/08/10, 09:02:46.972, 17002960537630, vstest.console.dll, TestPluginCache.DiscoverTestExtensions: finding test extensions in assemblies ends with: RuntimeProvider.dll TPluginInfo: Microsoft.VisualStudio.TestPlatform.Common.ExtensionFramework.Utilities.TestRuntimePluginInformation TExtension: Microsoft.VisualStudio.TestPlatform.ObjectModel.Host.ITestRuntimeProvider
TpTrace Verbose: 0 : 2824, 1, 2024/08/10, 09:02:46.973, 17002960540572, vstest.console.dll, TestPluginCache.GetExtensionPaths: Filtered extension paths: 
TpTrace Verbose: 0 : 2824, 1, 2024/08/10, 09:02:46.973, 17002960541538, vstest.console.dll, TestPluginCache.GetExtensionPaths: Added default extension paths: C:\Program Files (x86)\dotnet\sdk\8.0.303\Extensions\Microsoft.Diagnostics.NETCore.Client.dll
C:\Program Files (x86)\dotnet\sdk\8.0.303\Extensions\Microsoft.TestPlatform.Extensions.BlameDataCollector.dll
C:\Program Files (x86)\dotnet\sdk\8.0.303\Extensions\Microsoft.TestPlatform.Extensions.EventLogCollector.dll
C:\Program Files (x86)\dotnet\sdk\8.0.303\Extensions\Microsoft.TestPlatform.TestHostRuntimeProvider.dll
C:\Program Files (x86)\dotnet\sdk\8.0.303\Extensions\Microsoft.VisualStudio.TestPlatform.Extensions.Html.TestLogger.dll
C:\Program Files (x86)\dotnet\sdk\8.0.303\Extensions\Microsoft.VisualStudio.TestPlatform.Extensions.Trx.TestLogger.dll
TpTrace Verbose: 0 : 2824, 1, 2024/08/10, 09:02:46.973, 17002960542279, vstest.console.dll, TestPluginCache.GetExtensionPaths: Added unfilterableExtensionPaths: 
TpTrace Information: 0 : 2824, 1, 2024/08/10, 09:02:46.973, 17002960546938, vstest.console.dll, AssemblyResolver.ctor: Creating AssemblyResolver with searchDirectories C:\Program Files (x86)\dotnet\sdk\8.0.303\Extensions,C:\Program Files (x86)\dotnet\sdk\8.0.303
TpTrace Verbose: 0 : 2824, 1, 2024/08/10, 09:02:46.975, 17002960558668, vstest.console.dll, TestPluginCache.DiscoverTestExtensions: Discovering the extensions using extension path.
TpTrace Verbose: 0 : 2824, 1, 2024/08/10, 09:02:46.975, 17002960559934, vstest.console.dll, TestPluginCache.GetExtensionPaths: Filtered extension paths: 
TpTrace Verbose: 0 : 2824, 1, 2024/08/10, 09:02:46.975, 17002960560616, vstest.console.dll, TestPluginCache.GetExtensionPaths: Added default extension paths: C:\Program Files (x86)\dotnet\sdk\8.0.303\Extensions\Microsoft.Diagnostics.NETCore.Client.dll
C:\Program Files (x86)\dotnet\sdk\8.0.303\Extensions\Microsoft.TestPlatform.Extensions.BlameDataCollector.dll
C:\Program Files (x86)\dotnet\sdk\8.0.303\Extensions\Microsoft.TestPlatform.Extensions.EventLogCollector.dll
C:\Program Files (x86)\dotnet\sdk\8.0.303\Extensions\Microsoft.TestPlatform.TestHostRuntimeProvider.dll
C:\Program Files (x86)\dotnet\sdk\8.0.303\Extensions\Microsoft.VisualStudio.TestPlatform.Extensions.Html.TestLogger.dll
C:\Program Files (x86)\dotnet\sdk\8.0.303\Extensions\Microsoft.VisualStudio.TestPlatform.Extensions.Trx.TestLogger.dll
TpTrace Verbose: 0 : 2824, 1, 2024/08/10, 09:02:46.975, 17002960561176, vstest.console.dll, TestPluginCache.GetExtensionPaths: Added unfilterableExtensionPaths: 
TpTrace Verbose: 0 : 2824, 1, 2024/08/10, 09:02:46.975, 17002960562433, vstest.console.dll, TestPluginCache.DiscoverTestExtensions: Discovering the extensions using allExtensionPaths: C:\Program Files (x86)\dotnet\sdk\8.0.303\Extensions\Microsoft.Diagnostics.NETCore.Client.dll
C:\Program Files (x86)\dotnet\sdk\8.0.303\Extensions\Microsoft.TestPlatform.Extensions.BlameDataCollector.dll
C:\Program Files (x86)\dotnet\sdk\8.0.303\Extensions\Microsoft.TestPlatform.Extensions.EventLogCollector.dll
C:\Program Files (x86)\dotnet\sdk\8.0.303\Extensions\Microsoft.TestPlatform.TestHostRuntimeProvider.dll
C:\Program Files (x86)\dotnet\sdk\8.0.303\Extensions\Microsoft.VisualStudio.TestPlatform.Extensions.Html.TestLogger.dll
C:\Program Files (x86)\dotnet\sdk\8.0.303\Extensions\Microsoft.VisualStudio.TestPlatform.Extensions.Trx.TestLogger.dll
TpTrace Information: 0 : 2824, 1, 2024/08/10, 09:02:46.975, 17002960563487, vstest.console.dll, AssemblyResolver.AddSearchDirectories: Adding more searchDirectories C:\Program Files (x86)\dotnet\sdk\8.0.303\Extensions,C:\Program Files (x86)\dotnet\sdk\8.0.303
TpTrace Information: 0 : 2824, 1, 2024/08/10, 09:02:46.975, 17002960564279, vstest.console.dll, AssemblyResolver.AddSearchDirectories: Adding more searchDirectories C:\Program Files (x86)\dotnet\sdk\8.0.303\Extensions,C:\Program Files (x86)\dotnet\sdk\8.0.303
TpTrace Information: 0 : 2824, 1, 2024/08/10, 09:02:46.975, 17002960564904, vstest.console.dll, AssemblyResolver.AddSearchDirectories: Adding more searchDirectories C:\Program Files (x86)\dotnet\sdk\8.0.303\Extensions,C:\Program Files (x86)\dotnet\sdk\8.0.303
TpTrace Information: 0 : 2824, 1, 2024/08/10, 09:02:46.975, 17002960565489, vstest.console.dll, AssemblyResolver.AddSearchDirectories: Adding more searchDirectories C:\Program Files (x86)\dotnet\sdk\8.0.303\Extensions,C:\Program Files (x86)\dotnet\sdk\8.0.303
TpTrace Information: 0 : 2824, 1, 2024/08/10, 09:02:46.975, 17002960566078, vstest.console.dll, AssemblyResolver.AddSearchDirectories: Adding more searchDirectories C:\Program Files (x86)\dotnet\sdk\8.0.303\Extensions,C:\Program Files (x86)\dotnet\sdk\8.0.303
TpTrace Information: 0 : 2824, 1, 2024/08/10, 09:02:46.975, 17002960566706, vstest.console.dll, AssemblyResolver.AddSearchDirectories: Adding more searchDirectories C:\Program Files (x86)\dotnet\sdk\8.0.303\Extensions,C:\Program Files (x86)\dotnet\sdk\8.0.303
TpTrace Information: 0 : 2824, 1, 2024/08/10, 09:02:46.976, 17002960570847, vstest.console.dll, AssemblyResolver.OnResolve: Microsoft.Diagnostics.NETCore.Client: Resolving assembly.
TpTrace Information: 0 : 2824, 1, 2024/08/10, 09:02:46.976, 17002960571729, vstest.console.dll, AssemblyResolver.OnResolve: Microsoft.Diagnostics.NETCore.Client: Searching in: 'C:\Program Files (x86)\dotnet\sdk\8.0.303\Extensions'.
TpTrace Information: 0 : 2824, 1, 2024/08/10, 09:02:46.982, 17002960628908, vstest.console.dll, AssemblyResolver.OnResolve: Microsoft.Diagnostics.NETCore.Client: Loading assembly 'C:\Program Files (x86)\dotnet\sdk\8.0.303\Extensions\Microsoft.Diagnostics.NETCore.Client.dll'.
TpTrace Information: 0 : 2824, 1, 2024/08/10, 09:02:46.982, 17002960638152, vstest.console.dll, AssemblyResolver.OnResolve: Resolved assembly: Microsoft.Diagnostics.NETCore.Client, from path: C:\Program Files (x86)\dotnet\sdk\8.0.303\Extensions\Microsoft.Diagnostics.NETCore.Client.dll
TpTrace Verbose: 0 : 2824, 1, 2024/08/10, 09:02:46.987, 17002960681148, vstest.console.dll, MetadataReaderExtensionsHelper: Discovering extensions inside assembly 'Microsoft.Diagnostics.NETCore.Client, Version=0.2.10.15101, Culture=neutral, PublicKeyToken=31bf3856ad364e35' file path 'C:\Program Files (x86)\dotnet\sdk\8.0.303\Extensions\Microsoft.Diagnostics.NETCore.Client.dll'
TpTrace Information: 0 : 2824, 1, 2024/08/10, 09:02:46.990, 17002960715368, vstest.console.dll, AssemblyResolver.OnResolve: Microsoft.Bcl.AsyncInterfaces: Resolving assembly.
TpTrace Information: 0 : 2824, 1, 2024/08/10, 09:02:46.990, 17002960716250, vstest.console.dll, AssemblyResolver.OnResolve: Microsoft.Bcl.AsyncInterfaces: Searching in: 'C:\Program Files (x86)\dotnet\sdk\8.0.303\Extensions'.
TpTrace Information: 0 : 2824, 1, 2024/08/10, 09:02:46.990, 17002960717792, vstest.console.dll, AssemblyResolver.OnResolve: Microsoft.Bcl.AsyncInterfaces: Assembly path does not exist: 'C:\Program Files (x86)\dotnet\sdk\8.0.303\Extensions\Microsoft.Bcl.AsyncInterfaces.dll', returning.
TpTrace Information: 0 : 2824, 1, 2024/08/10, 09:02:46.991, 17002960718847, vstest.console.dll, AssemblyResolver.OnResolve: Microsoft.Bcl.AsyncInterfaces: Assembly path does not exist: 'C:\Program Files (x86)\dotnet\sdk\8.0.303\Extensions\Microsoft.Bcl.AsyncInterfaces.exe', returning.
TpTrace Information: 0 : 2824, 1, 2024/08/10, 09:02:46.991, 17002960719546, vstest.console.dll, AssemblyResolver.OnResolve: Microsoft.Bcl.AsyncInterfaces: Searching in: 'C:\Program Files (x86)\dotnet\sdk\8.0.303'.
TpTrace Information: 0 : 2824, 1, 2024/08/10, 09:02:46.991, 17002960720532, vstest.console.dll, AssemblyResolver.OnResolve: Microsoft.Bcl.AsyncInterfaces: Assembly path does not exist: 'C:\Program Files (x86)\dotnet\sdk\8.0.303\Microsoft.Bcl.AsyncInterfaces.dll', returning.
TpTrace Information: 0 : 2824, 1, 2024/08/10, 09:02:46.991, 17002960721500, vstest.console.dll, AssemblyResolver.OnResolve: Microsoft.Bcl.AsyncInterfaces: Assembly path does not exist: 'C:\Program Files (x86)\dotnet\sdk\8.0.303\Microsoft.Bcl.AsyncInterfaces.exe', returning.
TpTrace Information: 0 : 2824, 1, 2024/08/10, 09:02:46.991, 17002960722086, vstest.console.dll, AssemblyResolver.OnResolve: Microsoft.Bcl.AsyncInterfaces: Failed to load assembly.
TpTrace Verbose: 0 : 2824, 1, 2024/08/10, 09:02:46.991, 17002960722692, vstest.console.dll, CurrentDomainAssemblyResolve: Resolving assembly 'Microsoft.Bcl.AsyncInterfaces'.
TpTrace Information: 0 : 2824, 1, 2024/08/10, 09:02:46.991, 17002960723539, vstest.console.dll, AssemblyResolver.OnResolve: Microsoft.Bcl.AsyncInterfaces: Resolving assembly.
TpTrace Information: 0 : 2824, 1, 2024/08/10, 09:02:46.991, 17002960724150, vstest.console.dll, AssemblyResolver.OnResolve: Microsoft.Bcl.AsyncInterfaces: Resolved from cache.
TpTrace Verbose: 0 : 2824, 1, 2024/08/10, 09:02:46.991, 17002960724682, vstest.console.dll, CurrentDomainAssemblyResolve: Resolving assembly 'Microsoft.Bcl.AsyncInterfaces'.
TpTrace Verbose: 0 : 2824, 1, 2024/08/10, 09:02:46.991, 17002960725253, vstest.console.dll, CurrentDomainAssemblyResolve: Failed to resolve assembly 'Microsoft.Bcl.AsyncInterfaces'.
TpTrace Verbose: 0 : 2824, 1, 2024/08/10, 09:02:46.992, 17002960732389, vstest.console.dll, CurrentDomainAssemblyResolve: Failed to resolve assembly 'Microsoft.Bcl.AsyncInterfaces'.
TpTrace Warning: 0 : 2824, 1, 2024/08/10, 09:02:47.003, 17002960848239, vstest.console.dll, TestPluginDiscoverer: Failed to get types from assembly 'Microsoft.Diagnostics.NETCore.Client, Version=0.2.10.15101, Culture=neutral, PublicKeyToken=31bf3856ad364e35'. Error: System.Reflection.ReflectionTypeLoadException: Unable to load one or more of the requested types.
Could not load file or assembly 'Microsoft.Bcl.AsyncInterfaces, Version=6.0.0.0, Culture=neutral, PublicKeyToken=cc7b13ffcd2ddd51'. The system cannot find the file specified.
   at System.Reflection.RuntimeModule.GetTypes(RuntimeModule module)
   at System.Reflection.RuntimeModule.GetTypes()
   at System.Reflection.Assembly.GetTypes()
   at Microsoft.VisualStudio.TestPlatform.Common.ExtensionFramework.TestPluginDiscoverer.GetTestExtensionsFromAssembly[TPluginInfo,TExtension](Assembly assembly, Dictionary`2 pluginInfos, String filePath) in /_/src/Microsoft.TestPlatform.Common/ExtensionFramework/TestPluginDiscoverer.cs:line 158
System.IO.FileNotFoundException: Could not load file or assembly 'Microsoft.Bcl.AsyncInterfaces, Version=6.0.0.0, Culture=neutral, PublicKeyToken=cc7b13ffcd2ddd51'. The system cannot find the file specified.
File name: 'Microsoft.Bcl.AsyncInterfaces, Version=6.0.0.0, Culture=neutral, PublicKeyToken=cc7b13ffcd2ddd51'
 ---> System.IO.FileNotFoundException: Could not load file or assembly 'Microsoft.Bcl.AsyncInterfaces, Culture=neutral, PublicKeyToken=null'. The system cannot find the file specified.
File name: 'Microsoft.Bcl.AsyncInterfaces, Culture=neutral, PublicKeyToken=null'
   at System.Reflection.RuntimeAssembly.InternalLoad(AssemblyName assemblyName, StackCrawlMark& stackMark, AssemblyLoadContext assemblyLoadContext, RuntimeAssembly requestingAssembly, Boolean throwOnFileNotFound)
   at System.Reflection.Assembly.Load(AssemblyName assemblyRef)
   at Microsoft.VisualStudio.TestPlatform.Common.ExtensionFramework.TestPluginCache.CurrentDomainAssemblyResolve(Object sender, AssemblyResolveEventArgs args) in /_/src/Microsoft.TestPlatform.Common/ExtensionFramework/TestPluginCache.cs:line 513
   at Microsoft.VisualStudio.TestPlatform.PlatformAbstractions.PlatformAssemblyResolver.AssemblyResolverEvent(Object sender, Object eventArgs) in /_/src/Microsoft.TestPlatform.PlatformAbstractions/netcore/Runtime/PlatformAssemblyResolver.cs:line 74
   at System.Runtime.Loader.AssemblyLoadContext.GetFirstResolvedAssemblyFromResolvingEvent(AssemblyName assemblyName)
   at System.Runtime.Loader.AssemblyLoadContext.ResolveUsingEvent(AssemblyName assemblyName)
   at System.Runtime.Loader.AssemblyLoadContext.ResolveUsingResolvingEvent(IntPtr gchManagedAssemblyLoadContext, AssemblyName assemblyName)
TpTrace Warning: 0 : 2824, 1, 2024/08/10, 09:02:47.004, 17002960852071, vstest.console.dll, LoaderExceptions: System.IO.FileNotFoundException: Could not load file or assembly 'Microsoft.Bcl.AsyncInterfaces, Version=6.0.0.0, Culture=neutral, PublicKeyToken=cc7b13ffcd2ddd51'. The system cannot find the file specified.
File name: 'Microsoft.Bcl.AsyncInterfaces, Version=6.0.0.0, Culture=neutral, PublicKeyToken=cc7b13ffcd2ddd51'
 ---> System.IO.FileNotFoundException: Could not load file or assembly 'Microsoft.Bcl.AsyncInterfaces, Culture=neutral, PublicKeyToken=null'. The system cannot find the file specified.
File name: 'Microsoft.Bcl.AsyncInterfaces, Culture=neutral, PublicKeyToken=null'
   at System.Reflection.RuntimeAssembly.InternalLoad(AssemblyName assemblyName, StackCrawlMark& stackMark, AssemblyLoadContext assemblyLoadContext, RuntimeAssembly requestingAssembly, Boolean throwOnFileNotFound)
   at System.Reflection.Assembly.Load(AssemblyName assemblyRef)
   at Microsoft.VisualStudio.TestPlatform.Common.ExtensionFramework.TestPluginCache.CurrentDomainAssemblyResolve(Object sender, AssemblyResolveEventArgs args) in /_/src/Microsoft.TestPlatform.Common/ExtensionFramework/TestPluginCache.cs:line 513
   at Microsoft.VisualStudio.TestPlatform.PlatformAbstractions.PlatformAssemblyResolver.AssemblyResolverEvent(Object sender, Object eventArgs) in /_/src/Microsoft.TestPlatform.PlatformAbstractions/netcore/Runtime/PlatformAssemblyResolver.cs:line 74
   at System.Runtime.Loader.AssemblyLoadContext.GetFirstResolvedAssemblyFromResolvingEvent(AssemblyName assemblyName)
   at System.Runtime.Loader.AssemblyLoadContext.ResolveUsingEvent(AssemblyName assemblyName)
   at System.Runtime.Loader.AssemblyLoadContext.ResolveUsingResolvingEvent(IntPtr gchManagedAssemblyLoadContext, AssemblyName assemblyName)
TpTrace Information: 0 : 2824, 1, 2024/08/10, 09:02:47.004, 17002960853649, vstest.console.dll, AssemblyResolver.OnResolve: Microsoft.TestPlatform.Extensions.BlameDataCollector: Resolving assembly.
TpTrace Information: 0 : 2824, 1, 2024/08/10, 09:02:47.004, 17002960854322, vstest.console.dll, AssemblyResolver.OnResolve: Microsoft.TestPlatform.Extensions.BlameDataCollector: Searching in: 'C:\Program Files (x86)\dotnet\sdk\8.0.303\Extensions'.
TpTrace Information: 0 : 2824, 1, 2024/08/10, 09:02:47.004, 17002960857430, vstest.console.dll, AssemblyResolver.OnResolve: Microsoft.TestPlatform.Extensions.BlameDataCollector: Loading assembly 'C:\Program Files (x86)\dotnet\sdk\8.0.303\Extensions\Microsoft.TestPlatform.Extensions.BlameDataCollector.dll'.
TpTrace Information: 0 : 2824, 1, 2024/08/10, 09:02:47.005, 17002960863741, vstest.console.dll, AssemblyResolver.OnResolve: Resolved assembly: Microsoft.TestPlatform.Extensions.BlameDataCollector, from path: C:\Program Files (x86)\dotnet\sdk\8.0.303\Extensions\Microsoft.TestPlatform.Extensions.BlameDataCollector.dll
TpTrace Verbose: 0 : 2824, 1, 2024/08/10, 09:02:47.005, 17002960865269, vstest.console.dll, MetadataReaderExtensionsHelper: Discovering extensions inside assembly 'Microsoft.TestPlatform.Extensions.BlameDataCollector, Version=15.0.0.0, Culture=neutral, PublicKeyToken=b03f5f7f11d50a3a' file path 'C:\Program Files (x86)\dotnet\sdk\8.0.303\Extensions\Microsoft.TestPlatform.Extensions.BlameDataCollector.dll'
TpTrace Information: 0 : 2824, 1, 2024/08/10, 09:02:47.006, 17002960876044, vstest.console.dll, AssemblyResolver.OnResolve: Microsoft.TestPlatform.Extensions.EventLogCollector: Resolving assembly.
TpTrace Information: 0 : 2824, 1, 2024/08/10, 09:02:47.006, 17002960876892, vstest.console.dll, AssemblyResolver.OnResolve: Microsoft.TestPlatform.Extensions.EventLogCollector: Searching in: 'C:\Program Files (x86)\dotnet\sdk\8.0.303\Extensions'.
TpTrace Information: 0 : 2824, 1, 2024/08/10, 09:02:47.007, 17002960880168, vstest.console.dll, AssemblyResolver.OnResolve: Microsoft.TestPlatform.Extensions.EventLogCollector: Loading assembly 'C:\Program Files (x86)\dotnet\sdk\8.0.303\Extensions\Microsoft.TestPlatform.Extensions.EventLogCollector.dll'.
TpTrace Information: 0 : 2824, 1, 2024/08/10, 09:02:47.007, 17002960887976, vstest.console.dll, AssemblyResolver.OnResolve: Resolved assembly: Microsoft.TestPlatform.Extensions.EventLogCollector, from path: C:\Program Files (x86)\dotnet\sdk\8.0.303\Extensions\Microsoft.TestPlatform.Extensions.EventLogCollector.dll
TpTrace Verbose: 0 : 2824, 1, 2024/08/10, 09:02:47.008, 17002960888867, vstest.console.dll, MetadataReaderExtensionsHelper: Discovering extensions inside assembly 'Microsoft.TestPlatform.Extensions.EventLogCollector, Version=15.0.0.0, Culture=neutral, PublicKeyToken=b03f5f7f11d50a3a' file path 'C:\Program Files (x86)\dotnet\sdk\8.0.303\Extensions\Microsoft.TestPlatform.Extensions.EventLogCollector.dll'
TpTrace Information: 0 : 2824, 1, 2024/08/10, 09:02:47.010, 17002960911866, vstest.console.dll, AssemblyResolver.OnResolve: Microsoft.TestPlatform.TestHostRuntimeProvider: Resolving assembly.
TpTrace Information: 0 : 2824, 1, 2024/08/10, 09:02:47.010, 17002960912676, vstest.console.dll, AssemblyResolver.OnResolve: Microsoft.TestPlatform.TestHostRuntimeProvider: Searching in: 'C:\Program Files (x86)\dotnet\sdk\8.0.303\Extensions'.
TpTrace Information: 0 : 2824, 1, 2024/08/10, 09:02:47.010, 17002960915211, vstest.console.dll, AssemblyResolver.OnResolve: Microsoft.TestPlatform.TestHostRuntimeProvider: Loading assembly 'C:\Program Files (x86)\dotnet\sdk\8.0.303\Extensions\Microsoft.TestPlatform.TestHostRuntimeProvider.dll'.
TpTrace Information: 0 : 2824, 1, 2024/08/10, 09:02:47.011, 17002960920030, vstest.console.dll, AssemblyResolver.OnResolve: Resolved assembly: Microsoft.TestPlatform.TestHostRuntimeProvider, from path: C:\Program Files (x86)\dotnet\sdk\8.0.303\Extensions\Microsoft.TestPlatform.TestHostRuntimeProvider.dll
TpTrace Verbose: 0 : 2824, 1, 2024/08/10, 09:02:47.011, 17002960920977, vstest.console.dll, MetadataReaderExtensionsHelper: Discovering extensions inside assembly 'Microsoft.TestPlatform.TestHostRuntimeProvider, Version=15.0.0.0, Culture=neutral, PublicKeyToken=b03f5f7f11d50a3a' file path 'C:\Program Files (x86)\dotnet\sdk\8.0.303\Extensions\Microsoft.TestPlatform.TestHostRuntimeProvider.dll'
TpTrace Information: 0 : 2824, 1, 2024/08/10, 09:02:47.012, 17002960932402, vstest.console.dll, GetTestExtensionFromType: Register extension with identifier data 'HostProvider://DefaultTestHost' and type 'Microsoft.VisualStudio.TestPlatform.CrossPlatEngine.Hosting.DefaultTestHostManager, Microsoft.TestPlatform.TestHostRuntimeProvider, Version=15.0.0.0, Culture=neutral, PublicKeyToken=b03f5f7f11d50a3a' inside file 'C:\Program Files (x86)\dotnet\sdk\8.0.303\Extensions\Microsoft.TestPlatform.TestHostRuntimeProvider.dll'
TpTrace Information: 0 : 2824, 1, 2024/08/10, 09:02:47.012, 17002960934499, vstest.console.dll, GetTestExtensionFromType: Register extension with identifier data 'HostProvider://DotnetTestHost' and type 'Microsoft.VisualStudio.TestPlatform.CrossPlatEngine.Hosting.DotnetTestHostManager, Microsoft.TestPlatform.TestHostRuntimeProvider, Version=15.0.0.0, Culture=neutral, PublicKeyToken=b03f5f7f11d50a3a' inside file 'C:\Program Files (x86)\dotnet\sdk\8.0.303\Extensions\Microsoft.TestPlatform.TestHostRuntimeProvider.dll'
TpTrace Information: 0 : 2824, 1, 2024/08/10, 09:02:47.012, 17002960935451, vstest.console.dll, AssemblyResolver.OnResolve: Microsoft.VisualStudio.TestPlatform.Extensions.Html.TestLogger: Resolving assembly.
TpTrace Information: 0 : 2824, 1, 2024/08/10, 09:02:47.012, 17002960936075, vstest.console.dll, AssemblyResolver.OnResolve: Microsoft.VisualStudio.TestPlatform.Extensions.Html.TestLogger: Searching in: 'C:\Program Files (x86)\dotnet\sdk\8.0.303\Extensions'.
TpTrace Information: 0 : 2824, 1, 2024/08/10, 09:02:47.013, 17002960938585, vstest.console.dll, AssemblyResolver.OnResolve: Microsoft.VisualStudio.TestPlatform.Extensions.Html.TestLogger: Loading assembly 'C:\Program Files (x86)\dotnet\sdk\8.0.303\Extensions\Microsoft.VisualStudio.TestPlatform.Extensions.Html.TestLogger.dll'.
TpTrace Information: 0 : 2824, 1, 2024/08/10, 09:02:47.013, 17002960945148, vstest.console.dll, AssemblyResolver.OnResolve: Resolved assembly: Microsoft.VisualStudio.TestPlatform.Extensions.Html.TestLogger, from path: C:\Program Files (x86)\dotnet\sdk\8.0.303\Extensions\Microsoft.VisualStudio.TestPlatform.Extensions.Html.TestLogger.dll
TpTrace Verbose: 0 : 2824, 1, 2024/08/10, 09:02:47.013, 17002960947437, vstest.console.dll, MetadataReaderExtensionsHelper: Discovering extensions inside assembly 'Microsoft.VisualStudio.TestPlatform.Extensions.Html.TestLogger, Version=15.0.0.0, Culture=neutral, PublicKeyToken=b03f5f7f11d50a3a' file path 'C:\Program Files (x86)\dotnet\sdk\8.0.303\Extensions\Microsoft.VisualStudio.TestPlatform.Extensions.Html.TestLogger.dll'
TpTrace Information: 0 : 2824, 1, 2024/08/10, 09:02:47.014, 17002960956797, vstest.console.dll, AssemblyResolver.OnResolve: Microsoft.VisualStudio.TestPlatform.Extensions.Trx.TestLogger: Resolving assembly.
TpTrace Information: 0 : 2824, 1, 2024/08/10, 09:02:47.014, 17002960957605, vstest.console.dll, AssemblyResolver.OnResolve: Microsoft.VisualStudio.TestPlatform.Extensions.Trx.TestLogger: Searching in: 'C:\Program Files (x86)\dotnet\sdk\8.0.303\Extensions'.
TpTrace Information: 0 : 2824, 1, 2024/08/10, 09:02:47.015, 17002960960110, vstest.console.dll, AssemblyResolver.OnResolve: Microsoft.VisualStudio.TestPlatform.Extensions.Trx.TestLogger: Loading assembly 'C:\Program Files (x86)\dotnet\sdk\8.0.303\Extensions\Microsoft.VisualStudio.TestPlatform.Extensions.Trx.TestLogger.dll'.
TpTrace Information: 0 : 2824, 1, 2024/08/10, 09:02:47.015, 17002960966506, vstest.console.dll, AssemblyResolver.OnResolve: Resolved assembly: Microsoft.VisualStudio.TestPlatform.Extensions.Trx.TestLogger, from path: C:\Program Files (x86)\dotnet\sdk\8.0.303\Extensions\Microsoft.VisualStudio.TestPlatform.Extensions.Trx.TestLogger.dll
TpTrace Verbose: 0 : 2824, 1, 2024/08/10, 09:02:47.015, 17002960967407, vstest.console.dll, MetadataReaderExtensionsHelper: Discovering extensions inside assembly 'Microsoft.VisualStudio.TestPlatform.Extensions.Trx.TestLogger, Version=15.0.0.0, Culture=neutral, PublicKeyToken=b03f5f7f11d50a3a' file path 'C:\Program Files (x86)\dotnet\sdk\8.0.303\Extensions\Microsoft.VisualStudio.TestPlatform.Extensions.Trx.TestLogger.dll'
TpTrace Verbose: 0 : 2824, 1, 2024/08/10, 09:02:47.016, 17002960975095, vstest.console.dll, TestPluginCache: Discovered the extensions using extension path ''.
TpTrace Verbose: 0 : 2824, 1, 2024/08/10, 09:02:47.016, 17002960975888, vstest.console.dll, TestPluginCache: Discoverers are ''.
TpTrace Verbose: 0 : 2824, 1, 2024/08/10, 09:02:47.016, 17002960976422, vstest.console.dll, TestPluginCache: Executors are ''.
TpTrace Verbose: 0 : 2824, 1, 2024/08/10, 09:02:47.016, 17002960976972, vstest.console.dll, TestPluginCache: Executors2 are ''.
TpTrace Verbose: 0 : 2824, 1, 2024/08/10, 09:02:47.016, 17002960977497, vstest.console.dll, TestPluginCache: Setting providers are ''.
TpTrace Verbose: 0 : 2824, 1, 2024/08/10, 09:02:47.016, 17002960978014, vstest.console.dll, TestPluginCache: Loggers are ''.
TpTrace Verbose: 0 : 2824, 1, 2024/08/10, 09:02:47.017, 17002960978836, vstest.console.dll, TestPluginCache: TestHosts are 'HostProvider://DefaultTestHost,HostProvider://DotnetTestHost'.
TpTrace Verbose: 0 : 2824, 1, 2024/08/10, 09:02:47.017, 17002960979391, vstest.console.dll, TestPluginCache: DataCollectors are ''.
TpTrace Information: 0 : 2824, 1, 2024/08/10, 09:02:47.028, 17002961089296, vstest.console.dll, RunTestsArgumentProcessor:Execute: Test run is starting.
TpTrace Verbose: 0 : 2824, 1, 2024/08/10, 09:02:47.028, 17002961090281, vstest.console.dll, RunTestsArgumentProcessor:Execute: Queuing Test run.
TpTrace Information: 0 : 2824, 1, 2024/08/10, 09:02:47.028, 17002961094579, vstest.console.dll, TestRequestManager.RunTests: run tests started.
TpTrace Information: 0 : 2824, 1, 2024/08/10, 09:02:47.038, 17002961188461, vstest.console.dll, AssemblyMetadataProvider.GetFrameworkName: Determined framework:'.NETCoreApp,Version=v8.0' for source: 'D:\SoftUni\Front-End-Test-Automation-July-2024\18.Exam-Prep2-Selenium_Ide+WebDriver\Solutions_Anton\RevueCraftersTests\bin\Debug\net8.0\fine-code-coverage\build-output\RevueCraftersTests.dll'
TpTrace Information: 0 : 2824, 1, 2024/08/10, 09:02:47.038, 17002961190512, vstest.console.dll, Determined framework for all sources: .NETCoreApp,Version=v8.0
TpTrace Verbose: 0 : 2824, 1, 2024/08/10, 09:02:47.038, 17002961193677, vstest.console.dll, TestRequestManager.UpdateRunSettingsIfRequired: Default architecture: X86 IsDefaultTargetArchitecture: True, Current process architecture: X86 OperatingSystem: Windows.
TpTrace Information: 0 : 2824, 1, 2024/08/10, 09:02:47.040, 17002961213247, vstest.console.dll, AssemblyMetadataProvider.GetArchitecture: Determined architecture:AnyCPU info for assembly: D:\SoftUni\Front-End-Test-Automation-July-2024\18.Exam-Prep2-Selenium_Ide+WebDriver\Solutions_Anton\RevueCraftersTests\bin\Debug\net8.0\fine-code-coverage\build-output\RevueCraftersTests.dll
TpTrace Information: 0 : 2824, 1, 2024/08/10, 09:02:47.040, 17002961214385, vstest.console.dll, Determined platform for source 'D:\SoftUni\Front-End-Test-Automation-July-2024\18.Exam-Prep2-Selenium_Ide+WebDriver\Solutions_Anton\RevueCraftersTests\bin\Debug\net8.0\fine-code-coverage\build-output\RevueCraftersTests.dll' was AnyCPU and it will use the default plaform X86.
TpTrace Information: 0 : 2824, 1, 2024/08/10, 09:02:47.040, 17002961215158, vstest.console.dll, None of the sources provided any runnable platform, using the default platform: X86
TpTrace Information: 0 : 2824, 1, 2024/08/10, 09:02:47.040, 17002961216593, vstest.console.dll, Platform was updated to 'X86'.
TpTrace Information: 0 : 2824, 1, 2024/08/10, 09:02:47.043, 17002961242368, vstest.console.dll, InferRunSettingsHelper.IsTestSettingsEnabled: Unable to navigate to RunSettings/MSTest. Current node: RunSettings
TpTrace Information: 0 : 2824, 1, 2024/08/10, 09:02:47.043, 17002961247674, vstest.console.dll, AssemblyResolver.OnResolve: Microsoft.VisualStudio.TestPlatform.Fakes: Resolving assembly.
TpTrace Information: 0 : 2824, 1, 2024/08/10, 09:02:47.044, 17002961248439, vstest.console.dll, AssemblyResolver.OnResolve: Microsoft.VisualStudio.TestPlatform.Fakes: Searching in: 'C:\Program Files (x86)\dotnet\sdk\8.0.303\Extensions'.
TpTrace Information: 0 : 2824, 1, 2024/08/10, 09:02:47.044, 17002961249625, vstest.console.dll, AssemblyResolver.OnResolve: Microsoft.VisualStudio.TestPlatform.Fakes: Assembly path does not exist: 'C:\Program Files (x86)\dotnet\sdk\8.0.303\Extensions\Microsoft.VisualStudio.TestPlatform.Fakes.dll', returning.
TpTrace Information: 0 : 2824, 1, 2024/08/10, 09:02:47.044, 17002961250671, vstest.console.dll, AssemblyResolver.OnResolve: Microsoft.VisualStudio.TestPlatform.Fakes: Assembly path does not exist: 'C:\Program Files (x86)\dotnet\sdk\8.0.303\Extensions\Microsoft.VisualStudio.TestPlatform.Fakes.exe', returning.
TpTrace Information: 0 : 2824, 1, 2024/08/10, 09:02:47.044, 17002961251335, vstest.console.dll, AssemblyResolver.OnResolve: Microsoft.VisualStudio.TestPlatform.Fakes: Searching in: 'C:\Program Files (x86)\dotnet\sdk\8.0.303'.
TpTrace Information: 0 : 2824, 1, 2024/08/10, 09:02:47.044, 17002961253318, vstest.console.dll, AssemblyResolver.OnResolve: Microsoft.VisualStudio.TestPlatform.Fakes: Assembly path does not exist: 'C:\Program Files (x86)\dotnet\sdk\8.0.303\Microsoft.VisualStudio.TestPlatform.Fakes.dll', returning.
TpTrace Information: 0 : 2824, 1, 2024/08/10, 09:02:47.044, 17002961254838, vstest.console.dll, AssemblyResolver.OnResolve: Microsoft.VisualStudio.TestPlatform.Fakes: Assembly path does not exist: 'C:\Program Files (x86)\dotnet\sdk\8.0.303\Microsoft.VisualStudio.TestPlatform.Fakes.exe', returning.
TpTrace Information: 0 : 2824, 1, 2024/08/10, 09:02:47.044, 17002961255486, vstest.console.dll, AssemblyResolver.OnResolve: Microsoft.VisualStudio.TestPlatform.Fakes: Failed to load assembly.
TpTrace Information: 0 : 2824, 1, 2024/08/10, 09:02:47.044, 17002961257966, vstest.console.dll, Failed to load assembly Microsoft.VisualStudio.TestPlatform.Fakes, Version=17.0.0.0, Culture=neutral. Reason:System.IO.FileNotFoundException: Could not load file or assembly 'Microsoft.VisualStudio.TestPlatform.Fakes, Version=17.0.0.0, Culture=neutral, PublicKeyToken=null'. The system cannot find the file specified.
File name: 'Microsoft.VisualStudio.TestPlatform.Fakes, Version=17.0.0.0, Culture=neutral, PublicKeyToken=null'
   at System.Reflection.RuntimeAssembly.InternalLoad(AssemblyName assemblyName, StackCrawlMark& stackMark, AssemblyLoadContext assemblyLoadContext, RuntimeAssembly requestingAssembly, Boolean throwOnFileNotFound)
   at System.Reflection.Assembly.Load(AssemblyName assemblyRef)
   at Microsoft.VisualStudio.TestPlatform.Common.Utilities.FakesUtilities.LoadTestPlatformAssembly() in /_/src/Microsoft.TestPlatform.Common/Utilities/FakesUtilities.cs:line 272
TpTrace Verbose: 0 : 2824, 1, 2024/08/10, 09:02:47.047, 17002961283555, vstest.console.dll, TestPluginCache.DiscoverTestExtensions: finding test extensions in assemblies ends with: TestLogger.dll TPluginInfo: Microsoft.VisualStudio.TestPlatform.Common.ExtensionFramework.Utilities.TestLoggerPluginInformation TExtension: Microsoft.VisualStudio.TestPlatform.ObjectModel.Client.ITestLogger
TpTrace Verbose: 0 : 2824, 1, 2024/08/10, 09:02:47.047, 17002961284547, vstest.console.dll, TestPluginCache.GetExtensionPaths: Filtered extension paths: 
TpTrace Verbose: 0 : 2824, 1, 2024/08/10, 09:02:47.047, 17002961285135, vstest.console.dll, TestPluginCache.GetExtensionPaths: Added default extension paths: C:\Program Files (x86)\dotnet\sdk\8.0.303\Extensions\Microsoft.Diagnostics.NETCore.Client.dll
C:\Program Files (x86)\dotnet\sdk\8.0.303\Extensions\Microsoft.TestPlatform.Extensions.BlameDataCollector.dll
C:\Program Files (x86)\dotnet\sdk\8.0.303\Extensions\Microsoft.TestPlatform.Extensions.EventLogCollector.dll
C:\Program Files (x86)\dotnet\sdk\8.0.303\Extensions\Microsoft.TestPlatform.TestHostRuntimeProvider.dll
C:\Program Files (x86)\dotnet\sdk\8.0.303\Extensions\Microsoft.VisualStudio.TestPlatform.Extensions.Html.TestLogger.dll
C:\Program Files (x86)\dotnet\sdk\8.0.303\Extensions\Microsoft.VisualStudio.TestPlatform.Extensions.Trx.TestLogger.dll
TpTrace Verbose: 0 : 2824, 1, 2024/08/10, 09:02:47.047, 17002961285728, vstest.console.dll, TestPluginCache.GetExtensionPaths: Added unfilterableExtensionPaths: 
TpTrace Information: 0 : 2824, 1, 2024/08/10, 09:02:47.047, 17002961287121, vstest.console.dll, AssemblyResolver.AddSearchDirectories: Adding more searchDirectories C:\Program Files (x86)\dotnet\sdk\8.0.303\Extensions,C:\Program Files (x86)\dotnet\sdk\8.0.303
TpTrace Verbose: 0 : 2824, 1, 2024/08/10, 09:02:47.047, 17002961287791, vstest.console.dll, TestPluginCache.DiscoverTestExtensions: Discovering the extensions using extension path.
TpTrace Verbose: 0 : 2824, 1, 2024/08/10, 09:02:47.048, 17002961288833, vstest.console.dll, TestPluginCache.GetExtensionPaths: Filtered extension paths: 
TpTrace Verbose: 0 : 2824, 1, 2024/08/10, 09:02:47.048, 17002961289499, vstest.console.dll, TestPluginCache.GetExtensionPaths: Added default extension paths: C:\Program Files (x86)\dotnet\sdk\8.0.303\Extensions\Microsoft.Diagnostics.NETCore.Client.dll
C:\Program Files (x86)\dotnet\sdk\8.0.303\Extensions\Microsoft.TestPlatform.Extensions.BlameDataCollector.dll
C:\Program Files (x86)\dotnet\sdk\8.0.303\Extensions\Microsoft.TestPlatform.Extensions.EventLogCollector.dll
C:\Program Files (x86)\dotnet\sdk\8.0.303\Extensions\Microsoft.TestPlatform.TestHostRuntimeProvider.dll
C:\Program Files (x86)\dotnet\sdk\8.0.303\Extensions\Microsoft.VisualStudio.TestPlatform.Extensions.Html.TestLogger.dll
C:\Program Files (x86)\dotnet\sdk\8.0.303\Extensions\Microsoft.VisualStudio.TestPlatform.Extensions.Trx.TestLogger.dll
TpTrace Verbose: 0 : 2824, 1, 2024/08/10, 09:02:47.048, 17002961290057, vstest.console.dll, TestPluginCache.GetExtensionPaths: Added unfilterableExtensionPaths: 
TpTrace Verbose: 0 : 2824, 1, 2024/08/10, 09:02:47.048, 17002961290641, vstest.console.dll, TestPluginCache.DiscoverTestExtensions: Discovering the extensions using allExtensionPaths: C:\Program Files (x86)\dotnet\sdk\8.0.303\Extensions\Microsoft.Diagnostics.NETCore.Client.dll
C:\Program Files (x86)\dotnet\sdk\8.0.303\Extensions\Microsoft.TestPlatform.Extensions.BlameDataCollector.dll
C:\Program Files (x86)\dotnet\sdk\8.0.303\Extensions\Microsoft.TestPlatform.Extensions.EventLogCollector.dll
C:\Program Files (x86)\dotnet\sdk\8.0.303\Extensions\Microsoft.TestPlatform.TestHostRuntimeProvider.dll
C:\Program Files (x86)\dotnet\sdk\8.0.303\Extensions\Microsoft.VisualStudio.TestPlatform.Extensions.Html.TestLogger.dll
C:\Program Files (x86)\dotnet\sdk\8.0.303\Extensions\Microsoft.VisualStudio.TestPlatform.Extensions.Trx.TestLogger.dll
TpTrace Information: 0 : 2824, 1, 2024/08/10, 09:02:47.048, 17002961291351, vstest.console.dll, AssemblyResolver.AddSearchDirectories: Adding more searchDirectories C:\Program Files (x86)\dotnet\sdk\8.0.303\Extensions,C:\Program Files (x86)\dotnet\sdk\8.0.303
TpTrace Information: 0 : 2824, 1, 2024/08/10, 09:02:47.048, 17002961291996, vstest.console.dll, AssemblyResolver.AddSearchDirectories: Adding more searchDirectories C:\Program Files (x86)\dotnet\sdk\8.0.303\Extensions,C:\Program Files (x86)\dotnet\sdk\8.0.303
TpTrace Information: 0 : 2824, 1, 2024/08/10, 09:02:47.048, 17002961292621, vstest.console.dll, AssemblyResolver.AddSearchDirectories: Adding more searchDirectories C:\Program Files (x86)\dotnet\sdk\8.0.303\Extensions,C:\Program Files (x86)\dotnet\sdk\8.0.303
TpTrace Information: 0 : 2824, 1, 2024/08/10, 09:02:47.048, 17002961293194, vstest.console.dll, AssemblyResolver.AddSearchDirectories: Adding more searchDirectories C:\Program Files (x86)\dotnet\sdk\8.0.303\Extensions,C:\Program Files (x86)\dotnet\sdk\8.0.303
TpTrace Information: 0 : 2824, 1, 2024/08/10, 09:02:47.048, 17002961293759, vstest.console.dll, AssemblyResolver.AddSearchDirectories: Adding more searchDirectories C:\Program Files (x86)\dotnet\sdk\8.0.303\Extensions,C:\Program Files (x86)\dotnet\sdk\8.0.303
TpTrace Information: 0 : 2824, 1, 2024/08/10, 09:02:47.048, 17002961294347, vstest.console.dll, AssemblyResolver.AddSearchDirectories: Adding more searchDirectories C:\Program Files (x86)\dotnet\sdk\8.0.303\Extensions,C:\Program Files (x86)\dotnet\sdk\8.0.303
TpTrace Verbose: 0 : 2824, 1, 2024/08/10, 09:02:47.048, 17002961295472, vstest.console.dll, MetadataReaderExtensionsHelper: Discovering extensions inside assembly 'Microsoft.Diagnostics.NETCore.Client, Version=0.2.10.15101, Culture=neutral, PublicKeyToken=31bf3856ad364e35' file path 'C:\Program Files (x86)\dotnet\sdk\8.0.303\Extensions\Microsoft.Diagnostics.NETCore.Client.dll'
TpTrace Information: 0 : 2824, 1, 2024/08/10, 09:02:47.049, 17002961301212, vstest.console.dll, AssemblyResolver.OnResolve: Microsoft.Bcl.AsyncInterfaces: Resolving assembly.
TpTrace Information: 0 : 2824, 1, 2024/08/10, 09:02:47.049, 17002961301949, vstest.console.dll, AssemblyResolver.OnResolve: Microsoft.Bcl.AsyncInterfaces: Resolved from cache.
TpTrace Verbose: 0 : 2824, 1, 2024/08/10, 09:02:47.049, 17002961302520, vstest.console.dll, CurrentDomainAssemblyResolve: Resolving assembly 'Microsoft.Bcl.AsyncInterfaces'.
TpTrace Information: 0 : 2824, 1, 2024/08/10, 09:02:47.049, 17002961303190, vstest.console.dll, AssemblyResolver.OnResolve: Microsoft.Bcl.AsyncInterfaces: Resolving assembly.
TpTrace Information: 0 : 2824, 1, 2024/08/10, 09:02:47.049, 17002961303742, vstest.console.dll, AssemblyResolver.OnResolve: Microsoft.Bcl.AsyncInterfaces: Resolved from cache.
TpTrace Verbose: 0 : 2824, 1, 2024/08/10, 09:02:47.049, 17002961304315, vstest.console.dll, CurrentDomainAssemblyResolve: Resolving assembly 'Microsoft.Bcl.AsyncInterfaces'.
TpTrace Verbose: 0 : 2824, 1, 2024/08/10, 09:02:47.049, 17002961304827, vstest.console.dll, CurrentDomainAssemblyResolve: Failed to resolve assembly 'Microsoft.Bcl.AsyncInterfaces'.
TpTrace Verbose: 0 : 2824, 1, 2024/08/10, 09:02:47.049, 17002961306194, vstest.console.dll, CurrentDomainAssemblyResolve: Failed to resolve assembly 'Microsoft.Bcl.AsyncInterfaces'.
TpTrace Warning: 0 : 2824, 1, 2024/08/10, 09:02:47.050, 17002961309252, vstest.console.dll, TestPluginDiscoverer: Failed to get types from assembly 'Microsoft.Diagnostics.NETCore.Client, Version=0.2.10.15101, Culture=neutral, PublicKeyToken=31bf3856ad364e35'. Error: System.Reflection.ReflectionTypeLoadException: Unable to load one or more of the requested types.
Could not load file or assembly 'Microsoft.Bcl.AsyncInterfaces, Version=6.0.0.0, Culture=neutral, PublicKeyToken=cc7b13ffcd2ddd51'. The system cannot find the file specified.
   at System.Reflection.RuntimeModule.GetTypes(RuntimeModule module)
   at System.Reflection.RuntimeModule.GetTypes()
   at System.Reflection.Assembly.GetTypes()
   at Microsoft.VisualStudio.TestPlatform.Common.ExtensionFramework.TestPluginDiscoverer.GetTestExtensionsFromAssembly[TPluginInfo,TExtension](Assembly assembly, Dictionary`2 pluginInfos, String filePath) in /_/src/Microsoft.TestPlatform.Common/ExtensionFramework/TestPluginDiscoverer.cs:line 158
System.IO.FileNotFoundException: Could not load file or assembly 'Microsoft.Bcl.AsyncInterfaces, Version=6.0.0.0, Culture=neutral, PublicKeyToken=cc7b13ffcd2ddd51'. The system cannot find the file specified.
File name: 'Microsoft.Bcl.AsyncInterfaces, Version=6.0.0.0, Culture=neutral, PublicKeyToken=cc7b13ffcd2ddd51'
 ---> System.IO.FileNotFoundException: Could not load file or assembly 'Microsoft.Bcl.AsyncInterfaces, Culture=neutral, PublicKeyToken=null'. The system cannot find the file specified.
File name: 'Microsoft.Bcl.AsyncInterfaces, Culture=neutral, PublicKeyToken=null'
   at System.Reflection.RuntimeAssembly.InternalLoad(AssemblyName assemblyName, StackCrawlMark& stackMark, AssemblyLoadContext assemblyLoadContext, RuntimeAssembly requestingAssembly, Boolean throwOnFileNotFound)
   at System.Reflection.Assembly.Load(AssemblyName assemblyRef)
   at Microsoft.VisualStudio.TestPlatform.Common.ExtensionFramework.TestPluginCache.CurrentDomainAssemblyResolve(Object sender, AssemblyResolveEventArgs args) in /_/src/Microsoft.TestPlatform.Common/ExtensionFramework/TestPluginCache.cs:line 513
   at Microsoft.VisualStudio.TestPlatform.PlatformAbstractions.PlatformAssemblyResolver.AssemblyResolverEvent(Object sender, Object eventArgs) in /_/src/Microsoft.TestPlatform.PlatformAbstractions/netcore/Runtime/PlatformAssemblyResolver.cs:line 74
   at System.Runtime.Loader.AssemblyLoadContext.GetFirstResolvedAssemblyFromResolvingEvent(AssemblyName assemblyName)
   at System.Runtime.Loader.AssemblyLoadContext.ResolveUsingEvent(AssemblyName assemblyName)
   at System.Runtime.Loader.AssemblyLoadContext.ResolveUsingResolvingEvent(IntPtr gchManagedAssemblyLoadContext, AssemblyName assemblyName)
TpTrace Warning: 0 : 2824, 1, 2024/08/10, 09:02:47.050, 17002961310925, vstest.console.dll, LoaderExceptions: System.IO.FileNotFoundException: Could not load file or assembly 'Microsoft.Bcl.AsyncInterfaces, Version=6.0.0.0, Culture=neutral, PublicKeyToken=cc7b13ffcd2ddd51'. The system cannot find the file specified.
File name: 'Microsoft.Bcl.AsyncInterfaces, Version=6.0.0.0, Culture=neutral, PublicKeyToken=cc7b13ffcd2ddd51'
 ---> System.IO.FileNotFoundException: Could not load file or assembly 'Microsoft.Bcl.AsyncInterfaces, Culture=neutral, PublicKeyToken=null'. The system cannot find the file specified.
File name: 'Microsoft.Bcl.AsyncInterfaces, Culture=neutral, PublicKeyToken=null'
   at System.Reflection.RuntimeAssembly.InternalLoad(AssemblyName assemblyName, StackCrawlMark& stackMark, AssemblyLoadContext assemblyLoadContext, RuntimeAssembly requestingAssembly, Boolean throwOnFileNotFound)
   at System.Reflection.Assembly.Load(AssemblyName assemblyRef)
   at Microsoft.VisualStudio.TestPlatform.Common.ExtensionFramework.TestPluginCache.CurrentDomainAssemblyResolve(Object sender, AssemblyResolveEventArgs args) in /_/src/Microsoft.TestPlatform.Common/ExtensionFramework/TestPluginCache.cs:line 513
   at Microsoft.VisualStudio.TestPlatform.PlatformAbstractions.PlatformAssemblyResolver.AssemblyResolverEvent(Object sender, Object eventArgs) in /_/src/Microsoft.TestPlatform.PlatformAbstractions/netcore/Runtime/PlatformAssemblyResolver.cs:line 74
   at System.Runtime.Loader.AssemblyLoadContext.GetFirstResolvedAssemblyFromResolvingEvent(AssemblyName assemblyName)
   at System.Runtime.Loader.AssemblyLoadContext.ResolveUsingEvent(AssemblyName assemblyName)
   at System.Runtime.Loader.AssemblyLoadContext.ResolveUsingResolvingEvent(IntPtr gchManagedAssemblyLoadContext, AssemblyName assemblyName)
TpTrace Verbose: 0 : 2824, 1, 2024/08/10, 09:02:47.050, 17002961311936, vstest.console.dll, MetadataReaderExtensionsHelper: Discovering extensions inside assembly 'Microsoft.TestPlatform.Extensions.BlameDataCollector, Version=15.0.0.0, Culture=neutral, PublicKeyToken=b03f5f7f11d50a3a' file path 'C:\Program Files (x86)\dotnet\sdk\8.0.303\Extensions\Microsoft.TestPlatform.Extensions.BlameDataCollector.dll'
TpTrace Information: 0 : 2824, 1, 2024/08/10, 09:02:47.050, 17002961315401, vstest.console.dll, GetTestExtensionFromType: Register extension with identifier data 'logger://Microsoft/TestPlatform/Extensions/Blame/v1' and type 'Microsoft.TestPlatform.Extensions.BlameDataCollector.BlameLogger, Microsoft.TestPlatform.Extensions.BlameDataCollector, Version=15.0.0.0, Culture=neutral, PublicKeyToken=b03f5f7f11d50a3a' inside file 'C:\Program Files (x86)\dotnet\sdk\8.0.303\Extensions\Microsoft.TestPlatform.Extensions.BlameDataCollector.dll'
TpTrace Verbose: 0 : 2824, 1, 2024/08/10, 09:02:47.050, 17002961316172, vstest.console.dll, MetadataReaderExtensionsHelper: Discovering extensions inside assembly 'Microsoft.TestPlatform.Extensions.EventLogCollector, Version=15.0.0.0, Culture=neutral, PublicKeyToken=b03f5f7f11d50a3a' file path 'C:\Program Files (x86)\dotnet\sdk\8.0.303\Extensions\Microsoft.TestPlatform.Extensions.EventLogCollector.dll'
TpTrace Verbose: 0 : 2824, 1, 2024/08/10, 09:02:47.051, 17002961318749, vstest.console.dll, MetadataReaderExtensionsHelper: Discovering extensions inside assembly 'Microsoft.TestPlatform.TestHostRuntimeProvider, Version=15.0.0.0, Culture=neutral, PublicKeyToken=b03f5f7f11d50a3a' file path 'C:\Program Files (x86)\dotnet\sdk\8.0.303\Extensions\Microsoft.TestPlatform.TestHostRuntimeProvider.dll'
TpTrace Verbose: 0 : 2824, 1, 2024/08/10, 09:02:47.051, 17002961321422, vstest.console.dll, MetadataReaderExtensionsHelper: Discovering extensions inside assembly 'Microsoft.VisualStudio.TestPlatform.Extensions.Html.TestLogger, Version=15.0.0.0, Culture=neutral, PublicKeyToken=b03f5f7f11d50a3a' file path 'C:\Program Files (x86)\dotnet\sdk\8.0.303\Extensions\Microsoft.VisualStudio.TestPlatform.Extensions.Html.TestLogger.dll'
TpTrace Information: 0 : 2824, 1, 2024/08/10, 09:02:47.051, 17002961325386, vstest.console.dll, GetTestExtensionFromType: Register extension with identifier data 'logger://Microsoft/TestPlatform/HtmlLogger/v1' and type 'Microsoft.VisualStudio.TestPlatform.Extensions.HtmlLogger.HtmlLogger, Microsoft.VisualStudio.TestPlatform.Extensions.Html.TestLogger, Version=15.0.0.0, Culture=neutral, PublicKeyToken=b03f5f7f11d50a3a' inside file 'C:\Program Files (x86)\dotnet\sdk\8.0.303\Extensions\Microsoft.VisualStudio.TestPlatform.Extensions.Html.TestLogger.dll'
TpTrace Verbose: 0 : 2824, 1, 2024/08/10, 09:02:47.051, 17002961326183, vstest.console.dll, MetadataReaderExtensionsHelper: Discovering extensions inside assembly 'Microsoft.VisualStudio.TestPlatform.Extensions.Trx.TestLogger, Version=15.0.0.0, Culture=neutral, PublicKeyToken=b03f5f7f11d50a3a' file path 'C:\Program Files (x86)\dotnet\sdk\8.0.303\Extensions\Microsoft.VisualStudio.TestPlatform.Extensions.Trx.TestLogger.dll'
TpTrace Information: 0 : 2824, 1, 2024/08/10, 09:02:47.052, 17002961329339, vstest.console.dll, GetTestExtensionFromType: Register extension with identifier data 'logger://Microsoft/TestPlatform/TrxLogger/v1' and type 'Microsoft.VisualStudio.TestPlatform.Extensions.TrxLogger.TrxLogger, Microsoft.VisualStudio.TestPlatform.Extensions.Trx.TestLogger, Version=15.0.0.0, Culture=neutral, PublicKeyToken=b03f5f7f11d50a3a' inside file 'C:\Program Files (x86)\dotnet\sdk\8.0.303\Extensions\Microsoft.VisualStudio.TestPlatform.Extensions.Trx.TestLogger.dll'
TpTrace Verbose: 0 : 2824, 1, 2024/08/10, 09:02:47.052, 17002961330142, vstest.console.dll, TestPluginCache: Discovered the extensions using extension path ''.
TpTrace Verbose: 0 : 2824, 1, 2024/08/10, 09:02:47.052, 17002961330693, vstest.console.dll, TestPluginCache: Discoverers are ''.
TpTrace Verbose: 0 : 2824, 1, 2024/08/10, 09:02:47.052, 17002961331279, vstest.console.dll, TestPluginCache: Executors are ''.
TpTrace Verbose: 0 : 2824, 1, 2024/08/10, 09:02:47.052, 17002961331783, vstest.console.dll, TestPluginCache: Executors2 are ''.
TpTrace Verbose: 0 : 2824, 1, 2024/08/10, 09:02:47.052, 17002961332275, vstest.console.dll, TestPluginCache: Setting providers are ''.
TpTrace Verbose: 0 : 2824, 1, 2024/08/10, 09:02:47.052, 17002961333018, vstest.console.dll, TestPluginCache: Loggers are 'logger://Microsoft/TestPlatform/Extensions/Blame/v1,logger://Microsoft/TestPlatform/HtmlLogger/v1,logger://Microsoft/TestPlatform/TrxLogger/v1'.
TpTrace Verbose: 0 : 2824, 1, 2024/08/10, 09:02:47.052, 17002961333612, vstest.console.dll, TestPluginCache: TestHosts are 'HostProvider://DefaultTestHost,HostProvider://DotnetTestHost'.
TpTrace Verbose: 0 : 2824, 1, 2024/08/10, 09:02:47.052, 17002961334127, vstest.console.dll, TestPluginCache: DataCollectors are ''.
TpTrace Information: 0 : 2824, 1, 2024/08/10, 09:02:47.053, 17002961340562, vstest.console.dll, TestPluginManager.CreateTestExtension: Attempting to load test extension: Microsoft.TestPlatform.Extensions.BlameDataCollector.BlameLogger
TpTrace Verbose: 0 : 2824, 1, 2024/08/10, 09:02:47.059, 17002961405192, vstest.console.dll, TestEngine: Initializing Parallel Execution as MaxCpuCount is set to: 1
TpTrace Information: 0 : 2824, 1, 2024/08/10, 09:02:47.060, 17002961416080, vstest.console.dll, TestPluginManager.CreateTestExtension: Attempting to load test extension: Microsoft.VisualStudio.TestPlatform.CrossPlatEngine.Hosting.DefaultTestHostManager
TpTrace Information: 0 : 2824, 1, 2024/08/10, 09:02:47.061, 17002961424010, vstest.console.dll, TestPluginManager.CreateTestExtension: Attempting to load test extension: Microsoft.VisualStudio.TestPlatform.CrossPlatEngine.Hosting.DotnetTestHostManager
TpTrace Information: 0 : 2824, 1, 2024/08/10, 09:02:47.062, 17002961428479, vstest.console.dll, InferRunSettingsHelper.IsTestSettingsEnabled: Unable to navigate to RunSettings/MSTest. Current node: RunSettings
TpTrace Verbose: 0 : 2824, 1, 2024/08/10, 09:02:47.062, 17002961433587, vstest.console.dll, ParallelOperationManager.ClearSlots: Clearing all slots. Slots should accept more work: True
TpTrace Verbose: 0 : 2824, 1, 2024/08/10, 09:02:47.063, 17002961439024, vstest.console.dll, ParallelOperationManager.SetOccupiedSlotCount: Setting slot counts AvailableSlotCount = 1, OccupiedSlotCount = 0.
TpTrace Verbose: 0 : 2824, 1, 2024/08/10, 09:02:47.063, 17002961441930, vstest.console.dll, Occupied slots:

TpTrace Verbose: 0 : 2824, 1, 2024/08/10, 09:02:47.066, 17002961472785, vstest.console.dll, TestEngine.GetExecutionManager: Chosen execution manager 'Microsoft.VisualStudio.TestPlatform.CrossPlatEngine.Client.Parallel.ParallelProxyExecutionManager, Microsoft.TestPlatform.CrossPlatEngine, Version=15.0.0.0, Culture=neutral, PublicKeyToken=b03f5f7f11d50a3a' ParallelLevel '1'.
TpTrace Verbose: 0 : 2824, 1, 2024/08/10, 09:02:47.066, 17002961473932, vstest.console.dll, TestRunRequest.ExecuteAsync: Creating test run request.
TpTrace Verbose: 0 : 2824, 1, 2024/08/10, 09:02:47.066, 17002961475867, vstest.console.dll, TestRunRequest.ExecuteAsync: Starting.
TpTrace Information: 0 : 2824, 1, 2024/08/10, 09:02:47.067, 17002961486831, vstest.console.dll, TestRunRequest.ExecuteAsync: Starting run with settings:TestRunCriteria:
   KeepAlive=False,FrequencyOfRunStatsChangeEvent=10,RunStatsChangeEventTimeout=00:00:01.5000000,TestCaseFilter=,TestExecutorLauncher=
   Settingsxml=<RunSettings>
  <RunConfiguration>
    <ResultsDirectory>D:\SoftUni\Front-End-Test-Automation-July-2024\18.Exam-Prep2-Selenium_Ide+WebDriver\Solutions_Anton\RevueCraftersTests\bin\Debug\net8.0\fine-code-coverage\coverage-tool-output</ResultsDirectory>
    <TargetPlatform>X86</TargetPlatform>
    <TargetFrameworkVersion>.NETCoreApp,Version=v8.0</TargetFrameworkVersion>
    <DesignMode>False</DesignMode>
    <CollectSourceInformation>False</CollectSourceInformation>
  </RunConfiguration>
  <LoggerRunSettings>
    <Loggers>
      <Logger friendlyName="blame" enabled="True" />
      <Logger friendlyName="Console" uri="logger://microsoft/TestPlatform/ConsoleLogger/v1" assemblyQualifiedName="Microsoft.VisualStudio.TestPlatform.CommandLine.Internal.ConsoleLogger, vstest.console, Version=15.0.0.0, Culture=neutral, PublicKeyToken=b03f5f7f11d50a3a" codeBase="C:\Program Files (x86)\dotnet\sdk\8.0.303\vstest.console.dll" enabled="True" />
    </Loggers>
  </LoggerRunSettings>
  <DataCollectionRunSettings>
    <DataCollectors>
      <DataCollector friendlyName="blame" enabled="True">
        <Configuration>
          <ResultsDirectory>D:\SoftUni\Front-End-Test-Automation-July-2024\18.Exam-Prep2-Selenium_Ide+WebDriver\Solutions_Anton\RevueCraftersTests\bin\Debug\net8.0\fine-code-coverage\coverage-tool-output</ResultsDirectory>
        </Configuration>
      </DataCollector>
    </DataCollectors>
  </DataCollectionRunSettings>
</RunSettings>

TpTrace Verbose: 0 : 2824, 1, 2024/08/10, 09:02:47.067, 17002961487617, vstest.console.dll, TestRunRequest.ExecuteAsync: Wait for the first run request is over.
TpTrace Verbose: 0 : 2824, 1, 2024/08/10, 09:02:47.068, 17002961489801, vstest.console.dll, MulticastDelegateUtilities.SafeInvoke: TestRun.TestRunStart: Invoking callbacks was skipped because there are no subscribers.
TpTrace Verbose: 0 : 2824, 4, 2024/08/10, 09:02:47.068, 17002961491515, vstest.console.dll, MulticastDelegateUtilities.SafeInvoke: InternalTestLoggerEvents.SendTestRunStart: Invoking callback 1/1 for Microsoft.VisualStudio.TestPlatform.CommandLine.Internal.ConsoleLogger., took 0 ms.
TpTrace Verbose: 0 : 2824, 1, 2024/08/10, 09:02:47.068, 17002961498216, vstest.console.dll, ParallelProxyExecutionManager: Start execution. Total sources: 1
TpTrace Verbose: 0 : 2824, 1, 2024/08/10, 09:02:47.069, 17002961501258, vstest.console.dll, ParallelOperationManager.StartWork: Starting adding 1 workloads.
TpTrace Verbose: 0 : 2824, 1, 2024/08/10, 09:02:47.069, 17002961502126, vstest.console.dll, ParallelOperationManager.ClearSlots: Clearing all slots. Slots should accept more work: True
TpTrace Verbose: 0 : 2824, 1, 2024/08/10, 09:02:47.069, 17002961502946, vstest.console.dll, ParallelOperationManager.SetOccupiedSlotCount: Setting slot counts AvailableSlotCount = 1, OccupiedSlotCount = 0.
TpTrace Verbose: 0 : 2824, 1, 2024/08/10, 09:02:47.069, 17002961503559, vstest.console.dll, Occupied slots:

TpTrace Verbose: 0 : 2824, 1, 2024/08/10, 09:02:47.070, 17002961514110, vstest.console.dll, TestRequestSender is acting as server.
TpTrace Verbose: 0 : 2824, 1, 2024/08/10, 09:02:47.071, 17002961524857, vstest.console.dll, ParallelOperationManager.RunWorkInParallel: Adding 1 workload to slot, remaining workloads 0.
TpTrace Verbose: 0 : 2824, 1, 2024/08/10, 09:02:47.071, 17002961526219, vstest.console.dll, ParallelOperationManager.SetOccupiedSlotCount: Setting slot counts AvailableSlotCount = 0, OccupiedSlotCount = 1.
TpTrace Verbose: 0 : 2824, 1, 2024/08/10, 09:02:47.071, 17002961527356, vstest.console.dll, Occupied slots:
0: D:\SoftUni\Front-End-Test-Automation-July-2024\18.Exam-Prep2-Selenium_Ide+WebDriver\Solutions_Anton\RevueCraftersTests\bin\Debug\net8.0\fine-code-coverage\build-output\RevueCraftersTests.dll
TpTrace Verbose: 0 : 2824, 1, 2024/08/10, 09:02:47.072, 17002961535961, vstest.console.dll, ParallelOperationManager.RunWorkInParallel: Started host in slot number 0 for work (source): D:\SoftUni\Front-End-Test-Automation-July-2024\18.Exam-Prep2-Selenium_Ide+WebDriver\Solutions_Anton\RevueCraftersTests\bin\Debug\net8.0\fine-code-coverage\build-output\RevueCraftersTests.dll.
TpTrace Verbose: 0 : 2824, 1, 2024/08/10, 09:02:47.073, 17002961544564, vstest.console.dll, ParallelOperationManager.RunWorkInParallel: We started 1 work items, which is the max parallel level. Won't start more work.
TpTrace Verbose: 0 : 2824, 1, 2024/08/10, 09:02:47.073, 17002961545400, vstest.console.dll, ParallelOperationManager.RunWorkInParallel: We started 1 work items in here, returning True.
TpTrace Information: 0 : 2824, 1, 2024/08/10, 09:02:47.073, 17002961546083, vstest.console.dll, TestRunRequest.ExecuteAsync: Started.
TpTrace Verbose: 0 : 2824, 5, 2024/08/10, 09:02:47.073, 17002961546345, vstest.console.dll, ParallelProxyExecutionManager.StartTestRunOnConcurrentManager: Initializing uninitialized client. Started clients: 0
TpTrace Verbose: 0 : 2824, 5, 2024/08/10, 09:02:47.073, 17002961548051, vstest.console.dll, DataCollectionRequestSender.InitializeCommunication : Initialize communication. 
TpTrace Verbose: 0 : 2824, 1, 2024/08/10, 09:02:47.074, 17002961551616, vstest.console.dll, TestRunRequest.WaitForCompletion: Waiting with timeout -1.
TpTrace Information: 0 : 2824, 5, 2024/08/10, 09:02:47.081, 17002961625634, vstest.console.dll, Listening on Endpoint : 127.0.0.1:57630
TpTrace Verbose: 0 : 2824, 5, 2024/08/10, 09:02:47.086, 17002961678197, vstest.console.dll, DotnetDataCollectionLauncher: Adding  --runtimeconfig "C:\Program Files (x86)\dotnet\sdk\8.0.303\datacollector.runtimeconfig.json" in args
TpTrace Verbose: 0 : 2824, 5, 2024/08/10, 09:02:47.087, 17002961679481, vstest.console.dll, DotnetDataCollectionLauncher: Adding  --depsfile "C:\Program Files (x86)\dotnet\sdk\8.0.303\datacollector.deps.json" in args
TpTrace Verbose: 0 : 2824, 5, 2024/08/10, 09:02:47.087, 17002961682047, vstest.console.dll, DotnetDataCollectionLauncher: Full path of dotnet.exe is C:\Program Files (x86)\dotnet\dotnet.exe
TpTrace Information: 0 : 2824, 5, 2024/08/10, 09:02:47.094, 17002961756228, vstest.console.dll, ProxyDataCollectionManager.Initialize: Launched datacollector processId: 29972 port: 57630
TpTrace Information: 0 : 2824, 5, 2024/08/10, 09:02:47.094, 17002961757616, vstest.console.dll, ProxyDataCollectionManager.Initialize: waiting for connection with timeout: 90 seconds
TpTrace Verbose: 0 : 2824, 5, 2024/08/10, 09:02:47.095, 17002961758345, vstest.console.dll, DataCollectionRequestSender.WaitForRequestHandlerConnection : Waiting for connection with timeout: 90000
TpTrace Information: 0 : 2824, 7, 2024/08/10, 09:02:47.253, 17002963346662, vstest.console.dll, Using the buffer size of 16384 bytes
TpTrace Verbose: 0 : 2824, 5, 2024/08/10, 09:02:47.253, 17002963347492, vstest.console.dll, SocketCommunicationManager.WaitForClientConnection took: 158 ms, with 90000 ms timeout, and finished with True.
TpTrace Information: 0 : 2824, 7, 2024/08/10, 09:02:47.253, 17002963347812, vstest.console.dll, Accepted Client request and set the flag
TpTrace Verbose: 0 : 2824, 5, 2024/08/10, 09:02:47.254, 17002963348991, vstest.console.dll, ProxyDataCollectionManager.InvokeDataCollectionServiceAction: Starting.
TpTrace Information: 0 : 2824, 5, 2024/08/10, 09:02:47.254, 17002963351102, vstest.console.dll, ProxyDataCollectionManager.BeforeTestRunStart: Get environment variable and port for datacollector processId: 29972 port: 57630
TpTrace Verbose: 0 : 2824, 5, 2024/08/10, 09:02:47.254, 17002963352303, vstest.console.dll, DataCollectionRequestSender.SendBeforeTestRunStartAndGetResult: Send BeforeTestRunStart message with settingsXml <RunSettings><RunConfiguration><ResultsDirectory>D:\SoftUni\Front-End-Test-Automation-July-2024\18.Exam-Prep2-Selenium_Ide+WebDriver\Solutions_Anton\RevueCraftersTests\bin\Debug\net8.0\fine-code-coverage\coverage-tool-output</ResultsDirectory><TargetPlatform>X86</TargetPlatform><TargetFrameworkVersion>.NETCoreApp,Version=v8.0</TargetFrameworkVersion><DesignMode>False</DesignMode><CollectSourceInformation>False</CollectSourceInformation><TestAdaptersPaths>C:\Program Files (x86)\dotnet\sdk\8.0.303\Extensions</TestAdaptersPaths></RunConfiguration><LoggerRunSettings><Loggers><Logger friendlyName="blame" enabled="True" /><Logger friendlyName="Console" uri="logger://microsoft/TestPlatform/ConsoleLogger/v1" assemblyQualifiedName="Microsoft.VisualStudio.TestPlatform.CommandLine.Internal.ConsoleLogger, vstest.console, Version=15.0.0.0, Culture=neutral, PublicKeyToken=b03f5f7f11d50a3a" codeBase="C:\Program Files (x86)\dotnet\sdk\8.0.303\vstest.console.dll" enabled="True" /></Loggers></LoggerRunSettings><DataCollectionRunSettings><DataCollectors><DataCollector friendlyName="blame" enabled="True"><Configuration><ResultsDirectory>D:\SoftUni\Front-End-Test-Automation-July-2024\18.Exam-Prep2-Selenium_Ide+WebDriver\Solutions_Anton\RevueCraftersTests\bin\Debug\net8.0\fine-code-coverage\coverage-tool-output</ResultsDirectory></Configuration></DataCollector></DataCollectors></DataCollectionRunSettings></RunSettings> and sources System.Collections.Generic.List`1[System.String]: 
TpTrace Verbose: 0 : 2824, 5, 2024/08/10, 09:02:47.297, 17002963787547, vstest.console.dll, DataCollectionRequestSender.SendBeforeTestRunStartAndGetResult: Received message: (DataCollection.SendMessage) -> {"MessageType":"DataCollection.SendMessage","Payload":{"FriendlyName":null,"Uri":null,"TestCaseId":"00000000-0000-0000-0000-000000000000","Message":"Logging DataCollector Diagnostics in file: D:\\SoftUni\\Front-End-Test-Automation-July-2024\\18.Exam-Prep2-Selenium_Ide+WebDriver\\Solutions_Anton\\RevueCraftersTests\\bin\\Debug\\net8.0\\fine-code-coverage\\coverage-tool-output\\diagnostics.datacollector.24-08-10_09-02-47_08679_5.log","Level":0}}
TpTrace Verbose: 0 : 2824, 5, 2024/08/10, 09:02:47.365, 17002964462702, vstest.console.dll, DataCollectionRequestSender.SendBeforeTestRunStartAndGetResult: Received message: (DataCollection.BeforeTestRunStartResult) -> {"MessageType":"DataCollection.BeforeTestRunStartResult","Payload":{"EnvironmentVariables":{},"DataCollectionEventsPort":57632}}
TpTrace Information: 0 : 2824, 5, 2024/08/10, 09:02:47.368, 17002964496561, vstest.console.dll, ProxyDataCollectionManager.BeforeTestRunStart: SendBeforeTestRunStartAndGetResult successful, env variable from datacollector:   and testhost port: 57632
TpTrace Information: 0 : 2824, 5, 2024/08/10, 09:02:47.368, 17002964497533, vstest.console.dll, ProxyDataCollectionManager.InvokeDataCollectionServiceAction: Completed.
TpTrace Verbose: 0 : 2824, 5, 2024/08/10, 09:02:47.368, 17002964498196, vstest.console.dll, ParallelProxyExecutionManager.StartTestRunOnConcurrentManager: Initializing test run. Started clients: 0
TpTrace Verbose: 0 : 2824, 5, 2024/08/10, 09:02:47.369, 17002964499170, vstest.console.dll, ProxyExecutionManager: Test host is always Lazy initialize.
TpTrace Verbose: 0 : 2824, 5, 2024/08/10, 09:02:47.369, 17002964500975, vstest.console.dll, TestRequestSender.InitializeCommunication: initialize communication. 
TpTrace Information: 0 : 2824, 5, 2024/08/10, 09:02:47.369, 17002964506105, vstest.console.dll, SocketServer.Start: Listening on endpoint : 127.0.0.1:57633
TpTrace Verbose: 0 : 2824, 5, 2024/08/10, 09:02:47.370, 17002964511738, vstest.console.dll, DotnetTestHostmanager.GetTestHostProcessStartInfo: Platform environment 'X64' target architecture 'X86' framework '.NETCoreApp,Version=v8.0' OS 'Windows'
TpTrace Verbose: 0 : 2824, 5, 2024/08/10, 09:02:47.370, 17002964513241, vstest.console.dll, DotnetTestHostmanager: Adding  --runtimeconfig "D:\SoftUni\Front-End-Test-Automation-July-2024\18.Exam-Prep2-Selenium_Ide+WebDriver\Solutions_Anton\RevueCraftersTests\bin\Debug\net8.0\fine-code-coverage\build-output\RevueCraftersTests.runtimeconfig.json" in args
TpTrace Verbose: 0 : 2824, 5, 2024/08/10, 09:02:47.370, 17002964514107, vstest.console.dll, DotnetTestHostmanager: Adding  --depsfile "D:\SoftUni\Front-End-Test-Automation-July-2024\18.Exam-Prep2-Selenium_Ide+WebDriver\Solutions_Anton\RevueCraftersTests\bin\Debug\net8.0\fine-code-coverage\build-output\RevueCraftersTests.deps.json" in args
TpTrace Verbose: 0 : 2824, 5, 2024/08/10, 09:02:47.370, 17002964515798, vstest.console.dll, DotnetTestHostmanager.IsWinOnArm: Current PROCESSOR_ARCHITECTURE from environment variable 'AMD64'
TpTrace Verbose: 0 : 2824, 5, 2024/08/10, 09:02:47.370, 17002964516571, vstest.console.dll, DotnetTestHostmanager.IsWinOnArm: Is Windows on ARM 'False'
TpTrace Information: 0 : 2824, 5, 2024/08/10, 09:02:47.370, 17002964517826, vstest.console.dll, AssemblyResolver.OnResolve: Microsoft.Extensions.DependencyModel: Resolving assembly.
TpTrace Information: 0 : 2824, 5, 2024/08/10, 09:02:47.371, 17002964518497, vstest.console.dll, AssemblyResolver.OnResolve: Microsoft.Extensions.DependencyModel: Searching in: 'C:\Program Files (x86)\dotnet\sdk\8.0.303\Extensions'.
TpTrace Information: 0 : 2824, 5, 2024/08/10, 09:02:47.371, 17002964519612, vstest.console.dll, AssemblyResolver.OnResolve: Microsoft.Extensions.DependencyModel: Assembly path does not exist: 'C:\Program Files (x86)\dotnet\sdk\8.0.303\Extensions\Microsoft.Extensions.DependencyModel.dll', returning.
TpTrace Information: 0 : 2824, 5, 2024/08/10, 09:02:47.371, 17002964520591, vstest.console.dll, AssemblyResolver.OnResolve: Microsoft.Extensions.DependencyModel: Assembly path does not exist: 'C:\Program Files (x86)\dotnet\sdk\8.0.303\Extensions\Microsoft.Extensions.DependencyModel.exe', returning.
TpTrace Information: 0 : 2824, 5, 2024/08/10, 09:02:47.371, 17002964521222, vstest.console.dll, AssemblyResolver.OnResolve: Microsoft.Extensions.DependencyModel: Searching in: 'C:\Program Files (x86)\dotnet\sdk\8.0.303'.
TpTrace Information: 0 : 2824, 5, 2024/08/10, 09:02:47.371, 17002964524281, vstest.console.dll, AssemblyResolver.OnResolve: Microsoft.Extensions.DependencyModel: Loading assembly 'C:\Program Files (x86)\dotnet\sdk\8.0.303\Microsoft.Extensions.DependencyModel.dll'.
TpTrace Information: 0 : 2824, 5, 2024/08/10, 09:02:47.372, 17002964529986, vstest.console.dll, AssemblyResolver.OnResolve: Resolved assembly: Microsoft.Extensions.DependencyModel, from path: C:\Program Files (x86)\dotnet\sdk\8.0.303\Microsoft.Extensions.DependencyModel.dll
TpTrace Verbose: 0 : 2824, 5, 2024/08/10, 09:02:47.372, 17002964532406, vstest.console.dll, DotnetTestHostmanager: Runtimeconfig.dev.json D:\SoftUni\Front-End-Test-Automation-July-2024\18.Exam-Prep2-Selenium_Ide+WebDriver\Solutions_Anton\RevueCraftersTests\bin\Debug\net8.0\fine-code-coverage\build-output\RevueCraftersTests.runtimeconfig.dev.json does not exist.
TpTrace Verbose: 0 : 2824, 5, 2024/08/10, 09:02:47.372, 17002964533231, vstest.console.dll, DotnetTestHostManager: Found testhost.dll in source directory: D:\SoftUni\Front-End-Test-Automation-July-2024\18.Exam-Prep2-Selenium_Ide+WebDriver\Solutions_Anton\RevueCraftersTests\bin\Debug\net8.0\fine-code-coverage\build-output\testhost.dll.
TpTrace Verbose: 0 : 2824, 5, 2024/08/10, 09:02:47.372, 17002964534029, vstest.console.dll, DotnetTestHostmanager: Current process architetcure 'X86'
TpTrace Verbose: 0 : 2824, 5, 2024/08/10, 09:02:47.372, 17002964536740, vstest.console.dll, DotnetTestHostmanager.LaunchTestHostAsync: Compatible muxer architecture of running process 'X86' and target architecture 'X86'
TpTrace Verbose: 0 : 2824, 5, 2024/08/10, 09:02:47.372, 17002964537780, vstest.console.dll, DotnetTestHostmanager: Full path of testhost.dll is D:\SoftUni\Front-End-Test-Automation-July-2024\18.Exam-Prep2-Selenium_Ide+WebDriver\Solutions_Anton\RevueCraftersTests\bin\Debug\net8.0\fine-code-coverage\build-output\testhost.dll
TpTrace Verbose: 0 : 2824, 5, 2024/08/10, 09:02:47.373, 17002964538467, vstest.console.dll, DotnetTestHostmanager: Full path of host exe is C:\Program Files (x86)\dotnet\dotnet.exe
TpTrace Verbose: 0 : 2824, 5, 2024/08/10, 09:02:47.373, 17002964540298, vstest.console.dll, DotnetTestHostManager: Starting process 'C:\Program Files (x86)\dotnet\dotnet.exe' with command line 'exec --runtimeconfig "D:\SoftUni\Front-End-Test-Automation-July-2024\18.Exam-Prep2-Selenium_Ide+WebDriver\Solutions_Anton\RevueCraftersTests\bin\Debug\net8.0\fine-code-coverage\build-output\RevueCraftersTests.runtimeconfig.json" --depsfile "D:\SoftUni\Front-End-Test-Automation-July-2024\18.Exam-Prep2-Selenium_Ide+WebDriver\Solutions_Anton\RevueCraftersTests\bin\Debug\net8.0\fine-code-coverage\build-output\RevueCraftersTests.deps.json" "D:\SoftUni\Front-End-Test-Automation-July-2024\18.Exam-Prep2-Selenium_Ide+WebDriver\Solutions_Anton\RevueCraftersTests\bin\Debug\net8.0\fine-code-coverage\build-output\testhost.dll" --port 57633 --endpoint 127.0.0.1:057633 --role client --parentprocessid 2824 --diag "D:\SoftUni\Front-End-Test-Automation-July-2024\18.Exam-Prep2-Selenium_Ide+WebDriver\Solutions_Anton\RevueCraftersTests\bin\Debug\net8.0\fine-code-coverage\coverage-tool-output\diagnostics.host.24-08-10_09-02-47_37006_5.log" --tracelevel 4 --datacollectionport 57632 --telemetryoptedin false'
TpTrace Verbose: 0 : 2824, 5, 2024/08/10, 09:02:47.380, 17002964608481, vstest.console.dll, MulticastDelegateUtilities.SafeInvoke: HostProviderEvents.OnHostLaunched: Invoking callback 1/2 for Microsoft.VisualStudio.TestPlatform.CrossPlatEngine.Client.ProxyExecutionManagerWithDataCollection., took 0 ms.
TpTrace Verbose: 0 : 2824, 5, 2024/08/10, 09:02:47.380, 17002964611849, vstest.console.dll, Test Runtime launched
TpTrace Verbose: 0 : 2824, 5, 2024/08/10, 09:02:47.380, 17002964612863, vstest.console.dll, MulticastDelegateUtilities.SafeInvoke: HostProviderEvents.OnHostLaunched: Invoking callback 2/2 for Microsoft.VisualStudio.TestPlatform.CrossPlatEngine.Client.ProxyOperationManager., took 0 ms.
TpTrace Verbose: 0 : 2824, 5, 2024/08/10, 09:02:47.380, 17002964615074, vstest.console.dll, TestRequestSender.WaitForRequestHandlerConnection: waiting for connection with timeout: 90000.
TpTrace Verbose: 0 : 2824, 5, 2024/08/10, 09:02:47.557, 17002966383059, vstest.console.dll, TestRequestSender.WaitForRequestHandlerConnection: waiting took 176 ms, with timeout 90000 ms, and result 0, which is success.
TpTrace Verbose: 0 : 2824, 11, 2024/08/10, 09:02:47.557, 17002966383011, vstest.console.dll, MulticastDelegateUtilities.SafeInvoke: SocketServer: ClientConnected: Invoking callback 1/1 for Microsoft.VisualStudio.TestPlatform.CommunicationUtilities.TestRequestSender., took 0 ms.
TpTrace Verbose: 0 : 2824, 11, 2024/08/10, 09:02:47.557, 17002966385577, vstest.console.dll, SocketServer.OnClientConnected: Client connected for endPoint: 127.0.0.1:57633, starting MessageLoopAsync:
TpTrace Verbose: 0 : 2824, 11, 2024/08/10, 09:02:47.558, 17002966390560, vstest.console.dll, TcpClientExtensions.MessageLoopAsync: Polling on remoteEndPoint: 127.0.0.1:57634 localEndPoint: 127.0.0.1:57633 after 0 ms
TpTrace Verbose: 0 : 2824, 5, 2024/08/10, 09:02:47.558, 17002966391023, vstest.console.dll, TestRequestSender.CheckVersionWithTestHost: Sending check version message: {"MessageType":"ProtocolVersion","Payload":7}
TpTrace Verbose: 0 : 2824, 11, 2024/08/10, 09:02:47.676, 17002967573986, vstest.console.dll, TcpClientExtensions.MessageLoopAsync: NotifyDataAvailable remoteEndPoint: 127.0.0.1:57634 localEndPoint: 127.0.0.1:57633
TpTrace Verbose: 0 : 2824, 11, 2024/08/10, 09:02:47.676, 17002967576166, vstest.console.dll, TestRequestSender.CheckVersionWithTestHost: onMessageReceived received message: (ProtocolVersion) -> {"MessageType":"ProtocolVersion","Payload":7}
TpTrace Verbose: 0 : 2824, 11, 2024/08/10, 09:02:47.677, 17002967582502, vstest.console.dll, MulticastDelegateUtilities.SafeInvoke: LengthPrefixCommunicationChannel: MessageReceived: Invoking callback 1/1 for Microsoft.VisualStudio.TestPlatform.CommunicationUtilities.TestRequestSender+<>c__DisplayClass29_0., took 0 ms.
TpTrace Verbose: 0 : 2824, 11, 2024/08/10, 09:02:47.677, 17002967583631, vstest.console.dll, TcpClientExtensions.MessageLoopAsync: Polling on remoteEndPoint: 127.0.0.1:57634 localEndPoint: 127.0.0.1:57633 after 119 ms
TpTrace Verbose: 0 : 2824, 5, 2024/08/10, 09:02:47.677, 17002967583822, vstest.console.dll, TestPluginCache.GetExtensionPaths: Filtered extension paths: 
TpTrace Verbose: 0 : 2824, 5, 2024/08/10, 09:02:47.677, 17002967585473, vstest.console.dll, TestPluginCache.GetExtensionPaths: Added default extension paths: C:\Program Files (x86)\dotnet\sdk\8.0.303\Extensions\Microsoft.Diagnostics.NETCore.Client.dll
C:\Program Files (x86)\dotnet\sdk\8.0.303\Extensions\Microsoft.TestPlatform.Extensions.BlameDataCollector.dll
C:\Program Files (x86)\dotnet\sdk\8.0.303\Extensions\Microsoft.TestPlatform.Extensions.EventLogCollector.dll
C:\Program Files (x86)\dotnet\sdk\8.0.303\Extensions\Microsoft.TestPlatform.TestHostRuntimeProvider.dll
C:\Program Files (x86)\dotnet\sdk\8.0.303\Extensions\Microsoft.VisualStudio.TestPlatform.Extensions.Html.TestLogger.dll
C:\Program Files (x86)\dotnet\sdk\8.0.303\Extensions\Microsoft.VisualStudio.TestPlatform.Extensions.Trx.TestLogger.dll
TpTrace Verbose: 0 : 2824, 5, 2024/08/10, 09:02:47.677, 17002967586108, vstest.console.dll, TestPluginCache.GetExtensionPaths: Added unfilterableExtensionPaths: 
TpTrace Verbose: 0 : 2824, 5, 2024/08/10, 09:02:47.679, 17002967605495, vstest.console.dll, TestRequestSender.InitializeExecution: Sending initialize execution with message: {"Version":7,"MessageType":"TestExecution.Initialize","Payload":["D:\\SoftUni\\Front-End-Test-Automation-July-2024\\18.Exam-Prep2-Selenium_Ide+WebDriver\\Solutions_Anton\\RevueCraftersTests\\bin\\Debug\\net8.0\\fine-code-coverage\\build-output\\NUnit3.TestAdapter.dll"]}
TpTrace Verbose: 0 : 2824, 5, 2024/08/10, 09:02:47.679, 17002967607209, vstest.console.dll, ParallelProxyExecutionManager.StartTestRunOnConcurrentManager: Execution starting. Started clients: 1
TpTrace Verbose: 0 : 2824, 5, 2024/08/10, 09:02:47.680, 17002967609432, vstest.console.dll, TestRunRequest:SendTestRunMessage: Starting.
TpTrace Verbose: 0 : 2824, 5, 2024/08/10, 09:02:47.680, 17002967610839, vstest.console.dll, MulticastDelegateUtilities.SafeInvoke: TestRun.LogMessages: Invoking callback 1/1 for Microsoft.VisualStudio.TestPlatform.CommandLine.TestRunResultAggregator., took 0 ms.
TpTrace Information: 0 : 2824, 5, 2024/08/10, 09:02:47.680, 17002967611630, vstest.console.dll, TestRunRequest:SendTestRunMessage: Completed.
TpTrace Verbose: 0 : 2824, 4, 2024/08/10, 09:02:47.680, 17002967612762, vstest.console.dll, MulticastDelegateUtilities.SafeInvoke: InternalTestLoggerEvents.SendTestRunMessage: Invoking callback 1/1 for Microsoft.VisualStudio.TestPlatform.CommandLine.Internal.ConsoleLogger., took 0 ms.
TpTrace Warning: 0 : 2824, 5, 2024/08/10, 09:02:47.680, 17002967614773, vstest.console.dll, InferRunSettingsHelper.MakeRunsettingsCompatible: Removing the following settings: TargetPlatform from RunSettings file. To use those settings please move to latest version of Microsoft.NET.Test.Sdk
TpTrace Verbose: 0 : 2824, 11, 2024/08/10, 09:02:47.680, 17002967615843, vstest.console.dll, TcpClientExtensions.MessageLoopAsync: NotifyDataAvailable remoteEndPoint: 127.0.0.1:57634 localEndPoint: 127.0.0.1:57633
TpTrace Verbose: 0 : 2824, 11, 2024/08/10, 09:02:47.681, 17002967619912, vstest.console.dll, TestRequestSender.OnExecutionMessageReceived: Received message: {"Version":7,"MessageType":"TestSession.Message","Payload":{"MessageLevel":0,"Message":"Logging TestHost Diagnostics in file: D:\\SoftUni\\Front-End-Test-Automation-July-2024\\18.Exam-Prep2-Selenium_Ide+WebDriver\\Solutions_Anton\\RevueCraftersTests\\bin\\Debug\\net8.0\\fine-code-coverage\\coverage-tool-output\\diagnostics.host.24-08-10_09-02-47_37006_5.log"}}
TpTrace Verbose: 0 : 2824, 11, 2024/08/10, 09:02:47.683, 17002967639262, vstest.console.dll, TestRunRequest:SendTestRunMessage: Starting.
TpTrace Verbose: 0 : 2824, 11, 2024/08/10, 09:02:47.683, 17002967640414, vstest.console.dll, MulticastDelegateUtilities.SafeInvoke: TestRun.LogMessages: Invoking callback 1/1 for Microsoft.VisualStudio.TestPlatform.CommandLine.TestRunResultAggregator., took 0 ms.
TpTrace Information: 0 : 2824, 11, 2024/08/10, 09:02:47.683, 17002967641036, vstest.console.dll, TestRunRequest:SendTestRunMessage: Completed.
TpTrace Verbose: 0 : 2824, 11, 2024/08/10, 09:02:47.683, 17002967641690, vstest.console.dll, MulticastDelegateUtilities.SafeInvoke: LengthPrefixCommunicationChannel: MessageReceived: Invoking callback 1/1 for Microsoft.VisualStudio.TestPlatform.CommunicationUtilities.TestRequestSender+<>c__DisplayClass34_0., took 2 ms.
TpTrace Verbose: 0 : 2824, 4, 2024/08/10, 09:02:47.683, 17002967641005, vstest.console.dll, MulticastDelegateUtilities.SafeInvoke: InternalTestLoggerEvents.SendTestRunMessage: Invoking callback 1/1 for Microsoft.VisualStudio.TestPlatform.CommandLine.Internal.ConsoleLogger., took 0 ms.
TpTrace Verbose: 0 : 2824, 11, 2024/08/10, 09:02:47.683, 17002967642328, vstest.console.dll, TcpClientExtensions.MessageLoopAsync: Polling on remoteEndPoint: 127.0.0.1:57634 localEndPoint: 127.0.0.1:57633 after 5 ms
TpTrace Verbose: 0 : 2824, 5, 2024/08/10, 09:02:47.685, 17002967660408, vstest.console.dll, TestRequestSender.StartTestRun: Sending test run with message: {"Version":7,"MessageType":"TestExecution.StartWithSources","Payload":{"AdapterSourceMap":{"_none_":["D:\\SoftUni\\Front-End-Test-Automation-July-2024\\18.Exam-Prep2-Selenium_Ide+WebDriver\\Solutions_Anton\\RevueCraftersTests\\bin\\Debug\\net8.0\\fine-code-coverage\\build-output\\RevueCraftersTests.dll"]},"RunSettings":"<RunSettings>\r\n  <RunConfiguration>\r\n    <ResultsDirectory>D:\\SoftUni\\Front-End-Test-Automation-July-2024\\18.Exam-Prep2-Selenium_Ide+WebDriver\\Solutions_Anton\\RevueCraftersTests\\bin\\Debug\\net8.0\\fine-code-coverage\\coverage-tool-output</ResultsDirectory>\r\n    <TargetFrameworkVersion>.NETCoreApp,Version=v8.0</TargetFrameworkVersion>\r\n    <DesignMode>False</DesignMode>\r\n    <CollectSourceInformation>False</CollectSourceInformation>\r\n  </RunConfiguration>\r\n  <LoggerRunSettings>\r\n    <Loggers>\r\n      <Logger friendlyName=\"blame\" enabled=\"True\" />\r\n      <Logger friendlyName=\"Console\" uri=\"logger://microsoft/TestPlatform/ConsoleLogger/v1\" assemblyQualifiedName=\"Microsoft.VisualStudio.TestPlatform.CommandLine.Internal.ConsoleLogger, vstest.console, Version=15.0.0.0, Culture=neutral, PublicKeyToken=b03f5f7f11d50a3a\" codeBase=\"C:\\Program Files (x86)\\dotnet\\sdk\\8.0.303\\vstest.console.dll\" enabled=\"True\" />\r\n    </Loggers>\r\n  </LoggerRunSettings>\r\n  <DataCollectionRunSettings>\r\n    <DataCollectors>\r\n      <DataCollector friendlyName=\"blame\" enabled=\"True\">\r\n        <Configuration>\r\n          <ResultsDirectory>D:\\SoftUni\\Front-End-Test-Automation-July-2024\\18.Exam-Prep2-Selenium_Ide+WebDriver\\Solutions_Anton\\RevueCraftersTests\\bin\\Debug\\net8.0\\fine-code-coverage\\coverage-tool-output</ResultsDirectory>\r\n        </Configuration>\r\n      </DataCollector>\r\n    </DataCollectors>\r\n  </DataCollectionRunSettings>\r\n</RunSettings>","TestExecutionContext":{"FrequencyOfRunStatsChangeEvent":10,"RunStatsChangeEventTimeout":"00:00:01.5000000","InIsolation":false,"KeepAlive":false,"AreTestCaseLevelEventsRequired":false,"IsDebug":false,"TestCaseFilter":null,"FilterOptions":null},"Package":null}}
TpTrace Verbose: 0 : 2824, 5, 2024/08/10, 09:02:47.685, 17002967661975, vstest.console.dll, ParallelProxyExecutionManager.StartTestRunOnConcurrentManager: Execution started. Started clients: 1
TpTrace Verbose: 0 : 2824, 11, 2024/08/10, 09:02:47.855, 17002969366527, vstest.console.dll, TcpClientExtensions.MessageLoopAsync: NotifyDataAvailable remoteEndPoint: 127.0.0.1:57634 localEndPoint: 127.0.0.1:57633
TpTrace Verbose: 0 : 2824, 11, 2024/08/10, 09:02:47.855, 17002969368095, vstest.console.dll, TestRequestSender.OnExecutionMessageReceived: Received message: {"Version":7,"MessageType":"TestSession.Message","Payload":{"MessageLevel":0,"Message":"NUnit Adapter 4.5.0.0: Test execution started"}}
TpTrace Verbose: 0 : 2824, 11, 2024/08/10, 09:02:47.856, 17002969369654, vstest.console.dll, TestRunRequest:SendTestRunMessage: Starting.
TpTrace Verbose: 0 : 2824, 11, 2024/08/10, 09:02:47.856, 17002969370527, vstest.console.dll, MulticastDelegateUtilities.SafeInvoke: TestRun.LogMessages: Invoking callback 1/1 for Microsoft.VisualStudio.TestPlatform.CommandLine.TestRunResultAggregator., took 0 ms.
TpTrace Information: 0 : 2824, 11, 2024/08/10, 09:02:47.856, 17002969371087, vstest.console.dll, TestRunRequest:SendTestRunMessage: Completed.
TpTrace Verbose: 0 : 2824, 11, 2024/08/10, 09:02:47.856, 17002969371670, vstest.console.dll, MulticastDelegateUtilities.SafeInvoke: LengthPrefixCommunicationChannel: MessageReceived: Invoking callback 1/1 for Microsoft.VisualStudio.TestPlatform.CommunicationUtilities.TestRequestSender+<>c__DisplayClass34_0., took 0 ms.
TpTrace Verbose: 0 : 2824, 4, 2024/08/10, 09:02:47.856, 17002969371152, vstest.console.dll, MulticastDelegateUtilities.SafeInvoke: InternalTestLoggerEvents.SendTestRunMessage: Invoking callback 1/1 for Microsoft.VisualStudio.TestPlatform.CommandLine.Internal.ConsoleLogger., took 0 ms.
TpTrace Verbose: 0 : 2824, 11, 2024/08/10, 09:02:47.856, 17002969372241, vstest.console.dll, TcpClientExtensions.MessageLoopAsync: Polling on remoteEndPoint: 127.0.0.1:57634 localEndPoint: 127.0.0.1:57633 after 172 ms
TpTrace Verbose: 0 : 2824, 11, 2024/08/10, 09:02:47.881, 17002969627056, vstest.console.dll, TcpClientExtensions.MessageLoopAsync: NotifyDataAvailable remoteEndPoint: 127.0.0.1:57634 localEndPoint: 127.0.0.1:57633
TpTrace Verbose: 0 : 2824, 11, 2024/08/10, 09:02:47.882, 17002969628461, vstest.console.dll, TestRequestSender.OnExecutionMessageReceived: Received message: {"Version":7,"MessageType":"TestSession.Message","Payload":{"MessageLevel":0,"Message":"Running all tests in D:\\SoftUni\\Front-End-Test-Automation-July-2024\\18.Exam-Prep2-Selenium_Ide+WebDriver\\Solutions_Anton\\RevueCraftersTests\\bin\\Debug\\net8.0\\fine-code-coverage\\build-output\\RevueCraftersTests.dll"}}
TpTrace Verbose: 0 : 2824, 11, 2024/08/10, 09:02:47.882, 17002969629671, vstest.console.dll, TestRunRequest:SendTestRunMessage: Starting.
TpTrace Verbose: 0 : 2824, 11, 2024/08/10, 09:02:47.882, 17002969630463, vstest.console.dll, MulticastDelegateUtilities.SafeInvoke: TestRun.LogMessages: Invoking callback 1/1 for Microsoft.VisualStudio.TestPlatform.CommandLine.TestRunResultAggregator., took 0 ms.
TpTrace Information: 0 : 2824, 11, 2024/08/10, 09:02:47.882, 17002969631009, vstest.console.dll, TestRunRequest:SendTestRunMessage: Completed.
TpTrace Verbose: 0 : 2824, 4, 2024/08/10, 09:02:47.882, 17002969631104, vstest.console.dll, MulticastDelegateUtilities.SafeInvoke: InternalTestLoggerEvents.SendTestRunMessage: Invoking callback 1/1 for Microsoft.VisualStudio.TestPlatform.CommandLine.Internal.ConsoleLogger., took 0 ms.
TpTrace Verbose: 0 : 2824, 11, 2024/08/10, 09:02:47.882, 17002969631744, vstest.console.dll, MulticastDelegateUtilities.SafeInvoke: LengthPrefixCommunicationChannel: MessageReceived: Invoking callback 1/1 for Microsoft.VisualStudio.TestPlatform.CommunicationUtilities.TestRequestSender+<>c__DisplayClass34_0., took 0 ms.
TpTrace Verbose: 0 : 2824, 11, 2024/08/10, 09:02:47.882, 17002969633542, vstest.console.dll, TcpClientExtensions.MessageLoopAsync: Polling on remoteEndPoint: 127.0.0.1:57634 localEndPoint: 127.0.0.1:57633 after 25 ms
TpTrace Verbose: 0 : 2824, 11, 2024/08/10, 09:02:48.009, 17002970906526, vstest.console.dll, TcpClientExtensions.MessageLoopAsync: NotifyDataAvailable remoteEndPoint: 127.0.0.1:57634 localEndPoint: 127.0.0.1:57633
TpTrace Verbose: 0 : 2824, 11, 2024/08/10, 09:02:48.010, 17002970908701, vstest.console.dll, TestRequestSender.OnExecutionMessageReceived: Received message: {"Version":7,"MessageType":"TestSession.Message","Payload":{"MessageLevel":0,"Message":"   NUnit3TestExecutor discovered 6 of 6 NUnit test cases using Current Discovery mode, Non-Explicit run"}}
TpTrace Verbose: 0 : 2824, 11, 2024/08/10, 09:02:48.010, 17002970910072, vstest.console.dll, TestRunRequest:SendTestRunMessage: Starting.
TpTrace Verbose: 0 : 2824, 11, 2024/08/10, 09:02:48.010, 17002970910902, vstest.console.dll, MulticastDelegateUtilities.SafeInvoke: TestRun.LogMessages: Invoking callback 1/1 for Microsoft.VisualStudio.TestPlatform.CommandLine.TestRunResultAggregator., took 0 ms.
TpTrace Verbose: 0 : 2824, 4, 2024/08/10, 09:02:48.010, 17002970911131, vstest.console.dll, MulticastDelegateUtilities.SafeInvoke: InternalTestLoggerEvents.SendTestRunMessage: Invoking callback 1/1 for Microsoft.VisualStudio.TestPlatform.CommandLine.Internal.ConsoleLogger., took 0 ms.
TpTrace Information: 0 : 2824, 11, 2024/08/10, 09:02:48.010, 17002970911505, vstest.console.dll, TestRunRequest:SendTestRunMessage: Completed.
TpTrace Verbose: 0 : 2824, 11, 2024/08/10, 09:02:48.010, 17002970913170, vstest.console.dll, MulticastDelegateUtilities.SafeInvoke: LengthPrefixCommunicationChannel: MessageReceived: Invoking callback 1/1 for Microsoft.VisualStudio.TestPlatform.CommunicationUtilities.TestRequestSender+<>c__DisplayClass34_0., took 0 ms.
TpTrace Verbose: 0 : 2824, 11, 2024/08/10, 09:02:48.010, 17002970913812, vstest.console.dll, TcpClientExtensions.MessageLoopAsync: Polling on remoteEndPoint: 127.0.0.1:57634 localEndPoint: 127.0.0.1:57633 after 127 ms
TpTrace Verbose: 0 : 2824, 11, 2024/08/10, 09:02:49.017, 17002980983947, vstest.console.dll, TcpClientExtensions.MessageLoopAsync: Polling on remoteEndPoint: 127.0.0.1:57634 localEndPoint: 127.0.0.1:57633 after 1006 ms
TpTrace Verbose: 0 : 2824, 12, 2024/08/10, 09:02:49.805, 17002988866423, vstest.console.dll, TestHostManagerCallbacks.ctor: Experimental forwarding output is disabled.
TpTrace Warning: 0 : 2824, 12, 2024/08/10, 09:02:49.805, 17002988867704, vstest.console.dll, TestHostManagerCallbacks.ErrorReceivedCallback Test host standard error line: [1723269769.805][WARNING]: This version of ChromeDriver has not been tested with Chrome version 127.
TpTrace Verbose: 0 : 2824, 11, 2024/08/10, 09:02:50.019, 17002991007870, vstest.console.dll, TcpClientExtensions.MessageLoopAsync: Polling on remoteEndPoint: 127.0.0.1:57634 localEndPoint: 127.0.0.1:57633 after 1002 ms
TpTrace Verbose: 0 : 2824, 11, 2024/08/10, 09:02:51.029, 17003001104896, vstest.console.dll, TcpClientExtensions.MessageLoopAsync: Polling on remoteEndPoint: 127.0.0.1:57634 localEndPoint: 127.0.0.1:57633 after 1009 ms
TpTrace Verbose: 0 : 2824, 11, 2024/08/10, 09:02:52.042, 17003011228714, vstest.console.dll, TcpClientExtensions.MessageLoopAsync: Polling on remoteEndPoint: 127.0.0.1:57634 localEndPoint: 127.0.0.1:57633 after 1012 ms
TpTrace Verbose: 0 : 2824, 11, 2024/08/10, 09:02:52.479, 17003015603188, vstest.console.dll, TcpClientExtensions.MessageLoopAsync: NotifyDataAvailable remoteEndPoint: 127.0.0.1:57634 localEndPoint: 127.0.0.1:57633
TpTrace Verbose: 0 : 2824, 11, 2024/08/10, 09:02:52.479, 17003015606214, vstest.console.dll, TestRequestSender.OnExecutionMessageReceived: Received message: {"Version":7,"MessageType":"TestExecution.StatsChange","Payload":{"NewTestResults":[],"TestRunStatistics":{"ExecutedTests":0,"Stats":{}},"ActiveTests":[{"Id":"51c8ba28-2ab0-c2ec-69c6-2d72c0151ff5","FullyQualifiedName":"RevueCraftersTests.Tests.TestInvalidData","DisplayName":"TestInvalidData","ExecutorUri":"executor://NUnit3TestExecutor","Source":"D:\\SoftUni\\Front-End-Test-Automation-July-2024\\18.Exam-Prep2-Selenium_Ide+WebDriver\\Solutions_Anton\\RevueCraftersTests\\bin\\Debug\\net8.0\\fine-code-coverage\\build-output\\RevueCraftersTests.dll","CodeFilePath":null,"LineNumber":0,"Properties":[{"Key":{"Id":"NUnit.Seed","Label":"Seed","Category":"","Description":"","Attributes":0,"ValueType":"System.String"},"Value":"1504280783"}]}]}}
TpTrace Verbose: 0 : 2824, 11, 2024/08/10, 09:02:52.497, 17003015785310, vstest.console.dll, TestRunRequest:SendTestRunStatsChange: Starting.
TpTrace Verbose: 0 : 2824, 11, 2024/08/10, 09:02:52.497, 17003015786855, vstest.console.dll, InProgress is TestInvalidData
TpTrace Verbose: 0 : 2824, 11, 2024/08/10, 09:02:52.497, 17003015787963, vstest.console.dll, MulticastDelegateUtilities.SafeInvoke: TestRun.RunStatsChanged: Invoking callbacks was skipped because there are no subscribers.
TpTrace Information: 0 : 2824, 11, 2024/08/10, 09:02:52.498, 17003015788550, vstest.console.dll, TestRunRequest:SendTestRunStatsChange: Completed.
TpTrace Verbose: 0 : 2824, 11, 2024/08/10, 09:02:52.498, 17003015789121, vstest.console.dll, MulticastDelegateUtilities.SafeInvoke: LengthPrefixCommunicationChannel: MessageReceived: Invoking callback 1/1 for Microsoft.VisualStudio.TestPlatform.CommunicationUtilities.TestRequestSender+<>c__DisplayClass34_0., took 18 ms.
TpTrace Verbose: 0 : 2824, 11, 2024/08/10, 09:02:52.498, 17003015789698, vstest.console.dll, TcpClientExtensions.MessageLoopAsync: Polling on remoteEndPoint: 127.0.0.1:57634 localEndPoint: 127.0.0.1:57633 after 455 ms
TpTrace Verbose: 0 : 2824, 11, 2024/08/10, 09:02:53.503, 17003025838585, vstest.console.dll, TcpClientExtensions.MessageLoopAsync: Polling on remoteEndPoint: 127.0.0.1:57634 localEndPoint: 127.0.0.1:57633 after 1004 ms
TpTrace Verbose: 0 : 2824, 11, 2024/08/10, 09:02:53.995, 17003030767838, vstest.console.dll, TcpClientExtensions.MessageLoopAsync: NotifyDataAvailable remoteEndPoint: 127.0.0.1:57634 localEndPoint: 127.0.0.1:57633
TpTrace Verbose: 0 : 2824, 11, 2024/08/10, 09:02:53.996, 17003030771245, vstest.console.dll, TestRequestSender.OnExecutionMessageReceived: Received message: {"Version":7,"MessageType":"TestExecution.StatsChange","Payload":{"NewTestResults":[{"TestCase":{"Id":"51c8ba28-2ab0-c2ec-69c6-2d72c0151ff5","FullyQualifiedName":"RevueCraftersTests.Tests.TestInvalidData","DisplayName":"TestInvalidData","ExecutorUri":"executor://NUnit3TestExecutor","Source":"D:\\SoftUni\\Front-End-Test-Automation-July-2024\\18.Exam-Prep2-Selenium_Ide+WebDriver\\Solutions_Anton\\RevueCraftersTests\\bin\\Debug\\net8.0\\fine-code-coverage\\build-output\\RevueCraftersTests.dll","CodeFilePath":null,"LineNumber":0,"Properties":[{"Key":{"Id":"NUnit.Seed","Label":"Seed","Category":"","Description":"","Attributes":0,"ValueType":"System.String"},"Value":"1504280783"}]},"Attachments":[],"Outcome":1,"ErrorMessage":null,"ErrorStackTrace":null,"DisplayName":"TestInvalidData","Messages":[],"ComputerName":"DESKTOP-UUB0D73","Duration":"00:00:01.0765260","StartTime":"2024-08-10T06:02:52.4456788+00:00","EndTime":"2024-08-10T06:02:53.522103+00:00","Properties":[{"Key":{"Id":"NUnit.Seed","Label":"Seed","Category":"","Description":"","Attributes":0,"ValueType":"System.String"},"Value":"1504280783"}]}],"TestRunStatistics":{"ExecutedTests":1,"Stats":{"Passed":1}},"ActiveTests":[{"Id":"fc44cda8-a2a6-6578-0fad-305e6b9af096","FullyQualifiedName":"RevueCraftersTests.Tests.TestCreateRandomTitleRevue","DisplayName":"TestCreateRandomTitleRevue","ExecutorUri":"executor://NUnit3TestExecutor","Source":"D:\\SoftUni\\Front-End-Test-Automation-July-2024\\18.Exam-Prep2-Selenium_Ide+WebDriver\\Solutions_Anton\\RevueCraftersTests\\bin\\Debug\\net8.0\\fine-code-coverage\\build-output\\RevueCraftersTests.dll","CodeFilePath":null,"LineNumber":0,"Properties":[{"Key":{"Id":"NUnit.Seed","Label":"Seed","Category":"","Description":"","Attributes":0,"ValueType":"System.String"},"Value":"1457577717"}]}]}}
TpTrace Verbose: 0 : 2824, 11, 2024/08/10, 09:02:54.004, 17003030850955, vstest.console.dll, TestRunRequest:SendTestRunStatsChange: Starting.
TpTrace Verbose: 0 : 2824, 11, 2024/08/10, 09:02:54.004, 17003030852119, vstest.console.dll, InProgress is TestCreateRandomTitleRevue
TpTrace Verbose: 0 : 2824, 11, 2024/08/10, 09:02:54.004, 17003030853714, vstest.console.dll, MulticastDelegateUtilities.SafeInvoke: TestRun.RunStatsChanged: Invoking callbacks was skipped because there are no subscribers.
TpTrace Information: 0 : 2824, 11, 2024/08/10, 09:02:54.004, 17003030854355, vstest.console.dll, TestRunRequest:SendTestRunStatsChange: Completed.
TpTrace Verbose: 0 : 2824, 11, 2024/08/10, 09:02:54.004, 17003030855159, vstest.console.dll, MulticastDelegateUtilities.SafeInvoke: LengthPrefixCommunicationChannel: MessageReceived: Invoking callback 1/1 for Microsoft.VisualStudio.TestPlatform.CommunicationUtilities.TestRequestSender+<>c__DisplayClass34_0., took 8 ms.
TpTrace Verbose: 0 : 2824, 11, 2024/08/10, 09:02:54.004, 17003030855754, vstest.console.dll, TcpClientExtensions.MessageLoopAsync: Polling on remoteEndPoint: 127.0.0.1:57634 localEndPoint: 127.0.0.1:57633 after 501 ms
TpTrace Verbose: 0 : 2824, 4, 2024/08/10, 09:02:54.007, 17003030884011, vstest.console.dll, MulticastDelegateUtilities.SafeInvoke: InternalTestLoggerEvents.SendTestResult: Invoking callback 1/1 for Microsoft.VisualStudio.TestPlatform.CommandLine.Internal.ConsoleLogger., took 3 ms.
TpTrace Verbose: 0 : 2824, 11, 2024/08/10, 09:02:55.004, 17003040856671, vstest.console.dll, TcpClientExtensions.MessageLoopAsync: Polling on remoteEndPoint: 127.0.0.1:57634 localEndPoint: 127.0.0.1:57633 after 1000 ms
TpTrace Verbose: 0 : 2824, 11, 2024/08/10, 09:02:55.510, 17003045912926, vstest.console.dll, TcpClientExtensions.MessageLoopAsync: NotifyDataAvailable remoteEndPoint: 127.0.0.1:57634 localEndPoint: 127.0.0.1:57633
TpTrace Verbose: 0 : 2824, 11, 2024/08/10, 09:02:55.510, 17003045917748, vstest.console.dll, TestRequestSender.OnExecutionMessageReceived: Received message: {"Version":7,"MessageType":"TestExecution.StatsChange","Payload":{"NewTestResults":[{"TestCase":{"Id":"fc44cda8-a2a6-6578-0fad-305e6b9af096","FullyQualifiedName":"RevueCraftersTests.Tests.TestCreateRandomTitleRevue","DisplayName":"TestCreateRandomTitleRevue","ExecutorUri":"executor://NUnit3TestExecutor","Source":"D:\\SoftUni\\Front-End-Test-Automation-July-2024\\18.Exam-Prep2-Selenium_Ide+WebDriver\\Solutions_Anton\\RevueCraftersTests\\bin\\Debug\\net8.0\\fine-code-coverage\\build-output\\RevueCraftersTests.dll","CodeFilePath":null,"LineNumber":0,"Properties":[{"Key":{"Id":"NUnit.Seed","Label":"Seed","Category":"","Description":"","Attributes":0,"ValueType":"System.String"},"Value":"1457577717"}]},"Attachments":[],"Outcome":1,"ErrorMessage":null,"ErrorStackTrace":null,"DisplayName":"TestCreateRandomTitleRevue","Messages":[],"ComputerName":"DESKTOP-UUB0D73","Duration":"00:00:01.1953950","StartTime":"2024-08-10T06:02:53.5236567+00:00","EndTime":"2024-08-10T06:02:54.7190508+00:00","Properties":[{"Key":{"Id":"NUnit.Seed","Label":"Seed","Category":"","Description":"","Attributes":0,"ValueType":"System.String"},"Value":"1457577717"}]}],"TestRunStatistics":{"ExecutedTests":2,"Stats":{"Passed":2}},"ActiveTests":[{"Id":"f71ab8cf-d5e8-ebf2-4fe1-447e7fddfef9","FullyQualifiedName":"RevueCraftersTests.Tests.TestSearchRevueByTitle","DisplayName":"TestSearchRevueByTitle","ExecutorUri":"executor://NUnit3TestExecutor","Source":"D:\\SoftUni\\Front-End-Test-Automation-July-2024\\18.Exam-Prep2-Selenium_Ide+WebDriver\\Solutions_Anton\\RevueCraftersTests\\bin\\Debug\\net8.0\\fine-code-coverage\\build-output\\RevueCraftersTests.dll","CodeFilePath":null,"LineNumber":0,"Properties":[{"Key":{"Id":"NUnit.Seed","Label":"Seed","Category":"","Description":"","Attributes":0,"ValueType":"System.String"},"Value":"345361475"}]}]}}
TpTrace Verbose: 0 : 2824, 11, 2024/08/10, 09:02:55.513, 17003045941251, vstest.console.dll, TestRunRequest:SendTestRunStatsChange: Starting.
TpTrace Verbose: 0 : 2824, 11, 2024/08/10, 09:02:55.513, 17003045943611, vstest.console.dll, InProgress is TestSearchRevueByTitle
TpTrace Verbose: 0 : 2824, 11, 2024/08/10, 09:02:55.513, 17003045945680, vstest.console.dll, MulticastDelegateUtilities.SafeInvoke: TestRun.RunStatsChanged: Invoking callbacks was skipped because there are no subscribers.
TpTrace Information: 0 : 2824, 11, 2024/08/10, 09:02:55.513, 17003045947486, vstest.console.dll, TestRunRequest:SendTestRunStatsChange: Completed.
TpTrace Verbose: 0 : 2824, 11, 2024/08/10, 09:02:55.514, 17003045949373, vstest.console.dll, MulticastDelegateUtilities.SafeInvoke: LengthPrefixCommunicationChannel: MessageReceived: Invoking callback 1/1 for Microsoft.VisualStudio.TestPlatform.CommunicationUtilities.TestRequestSender+<>c__DisplayClass34_0., took 3 ms.
TpTrace Verbose: 0 : 2824, 11, 2024/08/10, 09:02:55.514, 17003045951586, vstest.console.dll, TcpClientExtensions.MessageLoopAsync: Polling on remoteEndPoint: 127.0.0.1:57634 localEndPoint: 127.0.0.1:57633 after 509 ms
TpTrace Verbose: 0 : 2824, 4, 2024/08/10, 09:02:55.514, 17003045957098, vstest.console.dll, MulticastDelegateUtilities.SafeInvoke: InternalTestLoggerEvents.SendTestResult: Invoking callback 1/1 for Microsoft.VisualStudio.TestPlatform.CommandLine.Internal.ConsoleLogger., took 1 ms.
TpTrace Verbose: 0 : 2824, 11, 2024/08/10, 09:02:56.527, 17003056085754, vstest.console.dll, TcpClientExtensions.MessageLoopAsync: Polling on remoteEndPoint: 127.0.0.1:57634 localEndPoint: 127.0.0.1:57633 after 1013 ms
TpTrace Verbose: 0 : 2824, 11, 2024/08/10, 09:02:57.026, 17003061071235, vstest.console.dll, TcpClientExtensions.MessageLoopAsync: NotifyDataAvailable remoteEndPoint: 127.0.0.1:57634 localEndPoint: 127.0.0.1:57633
TpTrace Verbose: 0 : 2824, 11, 2024/08/10, 09:02:57.026, 17003061073236, vstest.console.dll, TestRequestSender.OnExecutionMessageReceived: Received message: {"Version":7,"MessageType":"TestExecution.StatsChange","Payload":{"NewTestResults":[{"TestCase":{"Id":"f71ab8cf-d5e8-ebf2-4fe1-447e7fddfef9","FullyQualifiedName":"RevueCraftersTests.Tests.TestSearchRevueByTitle","DisplayName":"TestSearchRevueByTitle","ExecutorUri":"executor://NUnit3TestExecutor","Source":"D:\\SoftUni\\Front-End-Test-Automation-July-2024\\18.Exam-Prep2-Selenium_Ide+WebDriver\\Solutions_Anton\\RevueCraftersTests\\bin\\Debug\\net8.0\\fine-code-coverage\\build-output\\RevueCraftersTests.dll","CodeFilePath":null,"LineNumber":0,"Properties":[{"Key":{"Id":"NUnit.Seed","Label":"Seed","Category":"","Description":"","Attributes":0,"ValueType":"System.String"},"Value":"345361475"}]},"Attachments":[],"Outcome":1,"ErrorMessage":null,"ErrorStackTrace":null,"DisplayName":"TestSearchRevueByTitle","Messages":[],"ComputerName":"DESKTOP-UUB0D73","Duration":"00:00:01.0443830","StartTime":"2024-08-10T06:02:54.7191012+00:00","EndTime":"2024-08-10T06:02:55.7634834+00:00","Properties":[{"Key":{"Id":"NUnit.Seed","Label":"Seed","Category":"","Description":"","Attributes":0,"ValueType":"System.String"},"Value":"345361475"}]}],"TestRunStatistics":{"ExecutedTests":3,"Stats":{"Passed":3}},"ActiveTests":[{"Id":"b0f4ee8a-e489-9a54-bfa6-66b130a6629a","FullyQualifiedName":"RevueCraftersTests.Tests.TestEditLastCreated","DisplayName":"TestEditLastCreated","ExecutorUri":"executor://NUnit3TestExecutor","Source":"D:\\SoftUni\\Front-End-Test-Automation-July-2024\\18.Exam-Prep2-Selenium_Ide+WebDriver\\Solutions_Anton\\RevueCraftersTests\\bin\\Debug\\net8.0\\fine-code-coverage\\build-output\\RevueCraftersTests.dll","CodeFilePath":null,"LineNumber":0,"Properties":[{"Key":{"Id":"NUnit.Seed","Label":"Seed","Category":"","Description":"","Attributes":0,"ValueType":"System.String"},"Value":"1573065823"}]}]}}
TpTrace Verbose: 0 : 2824, 11, 2024/08/10, 09:02:57.026, 17003061077467, vstest.console.dll, TestRunRequest:SendTestRunStatsChange: Starting.
TpTrace Verbose: 0 : 2824, 11, 2024/08/10, 09:02:57.026, 17003061078157, vstest.console.dll, InProgress is TestEditLastCreated
TpTrace Verbose: 0 : 2824, 11, 2024/08/10, 09:02:57.027, 17003061078766, vstest.console.dll, MulticastDelegateUtilities.SafeInvoke: TestRun.RunStatsChanged: Invoking callbacks was skipped because there are no subscribers.
TpTrace Information: 0 : 2824, 11, 2024/08/10, 09:02:57.027, 17003061079258, vstest.console.dll, TestRunRequest:SendTestRunStatsChange: Completed.
TpTrace Verbose: 0 : 2824, 11, 2024/08/10, 09:02:57.027, 17003061079757, vstest.console.dll, MulticastDelegateUtilities.SafeInvoke: LengthPrefixCommunicationChannel: MessageReceived: Invoking callback 1/1 for Microsoft.VisualStudio.TestPlatform.CommunicationUtilities.TestRequestSender+<>c__DisplayClass34_0., took 0 ms.
TpTrace Verbose: 0 : 2824, 11, 2024/08/10, 09:02:57.027, 17003061080393, vstest.console.dll, TcpClientExtensions.MessageLoopAsync: Polling on remoteEndPoint: 127.0.0.1:57634 localEndPoint: 127.0.0.1:57633 after 499 ms
TpTrace Verbose: 0 : 2824, 4, 2024/08/10, 09:02:57.027, 17003061079861, vstest.console.dll, MulticastDelegateUtilities.SafeInvoke: InternalTestLoggerEvents.SendTestResult: Invoking callback 1/1 for Microsoft.VisualStudio.TestPlatform.CommandLine.Internal.ConsoleLogger., took 0 ms.
TpTrace Verbose: 0 : 2824, 11, 2024/08/10, 09:02:58.038, 17003071197605, vstest.console.dll, TcpClientExtensions.MessageLoopAsync: Polling on remoteEndPoint: 127.0.0.1:57634 localEndPoint: 127.0.0.1:57633 after 1011 ms
TpTrace Verbose: 0 : 2824, 11, 2024/08/10, 09:02:58.537, 17003076179784, vstest.console.dll, TcpClientExtensions.MessageLoopAsync: NotifyDataAvailable remoteEndPoint: 127.0.0.1:57634 localEndPoint: 127.0.0.1:57633
TpTrace Verbose: 0 : 2824, 11, 2024/08/10, 09:02:58.537, 17003076181646, vstest.console.dll, TestRequestSender.OnExecutionMessageReceived: Received message: {"Version":7,"MessageType":"TestExecution.StatsChange","Payload":{"NewTestResults":[{"TestCase":{"Id":"b0f4ee8a-e489-9a54-bfa6-66b130a6629a","FullyQualifiedName":"RevueCraftersTests.Tests.TestEditLastCreated","DisplayName":"TestEditLastCreated","ExecutorUri":"executor://NUnit3TestExecutor","Source":"D:\\SoftUni\\Front-End-Test-Automation-July-2024\\18.Exam-Prep2-Selenium_Ide+WebDriver\\Solutions_Anton\\RevueCraftersTests\\bin\\Debug\\net8.0\\fine-code-coverage\\build-output\\RevueCraftersTests.dll","CodeFilePath":null,"LineNumber":0,"Properties":[{"Key":{"Id":"NUnit.Seed","Label":"Seed","Category":"","Description":"","Attributes":0,"ValueType":"System.String"},"Value":"1573065823"}]},"Attachments":[],"Outcome":1,"ErrorMessage":null,"ErrorStackTrace":null,"DisplayName":"TestEditLastCreated","Messages":[],"ComputerName":"DESKTOP-UUB0D73","Duration":"00:00:01.6283330","StartTime":"2024-08-10T06:02:55.7635409+00:00","EndTime":"2024-08-10T06:02:57.3918737+00:00","Properties":[{"Key":{"Id":"NUnit.Seed","Label":"Seed","Category":"","Description":"","Attributes":0,"ValueType":"System.String"},"Value":"1573065823"}]},{"TestCase":{"Id":"0760e822-ff0a-aebb-2eb3-c36aad52dab9","FullyQualifiedName":"RevueCraftersTests.Tests.TestDeleteLastCreated","DisplayName":"TestDeleteLastCreated","ExecutorUri":"executor://NUnit3TestExecutor","Source":"D:\\SoftUni\\Front-End-Test-Automation-July-2024\\18.Exam-Prep2-Selenium_Ide+WebDriver\\Solutions_Anton\\RevueCraftersTests\\bin\\Debug\\net8.0\\fine-code-coverage\\build-output\\RevueCraftersTests.dll","CodeFilePath":null,"LineNumber":0,"Properties":[{"Key":{"Id":"NUnit.Seed","Label":"Seed","Category":"","Description":"","Attributes":0,"ValueType":"System.String"},"Value":"465396838"}]},"Attachments":[],"Outcome":1,"ErrorMessage":null,"ErrorStackTrace":null,"DisplayName":"TestDeleteLastCreated","Messages":[],"ComputerName":"DESKTOP-UUB0D73","Duration":"00:00:00.9826830","StartTime":"2024-08-10T06:02:57.3919041+00:00","EndTime":"2024-08-10T06:02:58.3745866+00:00","Properties":[{"Key":{"Id":"NUnit.Seed","Label":"Seed","Category":"","Description":"","Attributes":0,"ValueType":"System.String"},"Value":"465396838"}]}],"TestRunStatistics":{"ExecutedTests":5,"Stats":{"Passed":5}},"ActiveTests":[{"Id":"06df61c9-28bb-f050-ce84-c38849f108aa","FullyQualifiedName":"RevueCraftersTests.Tests.TestNonExistingRevue","DisplayName":"TestNonExistingRevue","ExecutorUri":"executor://NUnit3TestExecutor","Source":"D:\\SoftUni\\Front-End-Test-Automation-July-2024\\18.Exam-Prep2-Selenium_Ide+WebDriver\\Solutions_Anton\\RevueCraftersTests\\bin\\Debug\\net8.0\\fine-code-coverage\\build-output\\RevueCraftersTests.dll","CodeFilePath":null,"LineNumber":0,"Properties":[{"Key":{"Id":"NUnit.Seed","Label":"Seed","Category":"","Description":"","Attributes":0,"ValueType":"System.String"},"Value":"1118640024"}]}]}}
TpTrace Verbose: 0 : 2824, 11, 2024/08/10, 09:02:58.537, 17003076185916, vstest.console.dll, TestRunRequest:SendTestRunStatsChange: Starting.
TpTrace Verbose: 0 : 2824, 11, 2024/08/10, 09:02:58.537, 17003076186552, vstest.console.dll, InProgress is TestNonExistingRevue
TpTrace Verbose: 0 : 2824, 11, 2024/08/10, 09:02:58.537, 17003076187153, vstest.console.dll, MulticastDelegateUtilities.SafeInvoke: TestRun.RunStatsChanged: Invoking callbacks was skipped because there are no subscribers.
TpTrace Information: 0 : 2824, 11, 2024/08/10, 09:02:58.537, 17003076187628, vstest.console.dll, TestRunRequest:SendTestRunStatsChange: Completed.
TpTrace Verbose: 0 : 2824, 4, 2024/08/10, 09:02:58.537, 17003076188079, vstest.console.dll, MulticastDelegateUtilities.SafeInvoke: InternalTestLoggerEvents.SendTestResult: Invoking callback 1/1 for Microsoft.VisualStudio.TestPlatform.CommandLine.Internal.ConsoleLogger., took 0 ms.
TpTrace Verbose: 0 : 2824, 4, 2024/08/10, 09:02:58.538, 17003076188958, vstest.console.dll, MulticastDelegateUtilities.SafeInvoke: InternalTestLoggerEvents.SendTestResult: Invoking callback 1/1 for Microsoft.VisualStudio.TestPlatform.CommandLine.Internal.ConsoleLogger., took 0 ms.
TpTrace Verbose: 0 : 2824, 11, 2024/08/10, 09:02:58.537, 17003076188110, vstest.console.dll, MulticastDelegateUtilities.SafeInvoke: LengthPrefixCommunicationChannel: MessageReceived: Invoking callback 1/1 for Microsoft.VisualStudio.TestPlatform.CommunicationUtilities.TestRequestSender+<>c__DisplayClass34_0., took 0 ms.
TpTrace Verbose: 0 : 2824, 11, 2024/08/10, 09:02:58.538, 17003076190683, vstest.console.dll, TcpClientExtensions.MessageLoopAsync: Polling on remoteEndPoint: 127.0.0.1:57634 localEndPoint: 127.0.0.1:57633 after 499 ms
TpTrace Verbose: 0 : 2824, 11, 2024/08/10, 09:02:59.550, 17003086311445, vstest.console.dll, TcpClientExtensions.MessageLoopAsync: Polling on remoteEndPoint: 127.0.0.1:57634 localEndPoint: 127.0.0.1:57633 after 1012 ms
TpTrace Verbose: 0 : 2824, 11, 2024/08/10, 09:02:59.553, 17003086346492, vstest.console.dll, TcpClientExtensions.MessageLoopAsync: NotifyDataAvailable remoteEndPoint: 127.0.0.1:57634 localEndPoint: 127.0.0.1:57633
TpTrace Verbose: 0 : 2824, 11, 2024/08/10, 09:02:59.553, 17003086347613, vstest.console.dll, TestRequestSender.OnExecutionMessageReceived: Received message: {"Version":7,"MessageType":"TestSession.Message","Payload":{"MessageLevel":0,"Message":"NUnit Adapter 4.5.0.0: Test execution complete"}}
TpTrace Verbose: 0 : 2824, 11, 2024/08/10, 09:02:59.554, 17003086348734, vstest.console.dll, TestRunRequest:SendTestRunMessage: Starting.
TpTrace Verbose: 0 : 2824, 11, 2024/08/10, 09:02:59.554, 17003086349457, vstest.console.dll, MulticastDelegateUtilities.SafeInvoke: TestRun.LogMessages: Invoking callback 1/1 for Microsoft.VisualStudio.TestPlatform.CommandLine.TestRunResultAggregator., took 0 ms.
TpTrace Information: 0 : 2824, 11, 2024/08/10, 09:02:59.554, 17003086349954, vstest.console.dll, TestRunRequest:SendTestRunMessage: Completed.
TpTrace Verbose: 0 : 2824, 4, 2024/08/10, 09:02:59.554, 17003086350150, vstest.console.dll, MulticastDelegateUtilities.SafeInvoke: InternalTestLoggerEvents.SendTestRunMessage: Invoking callback 1/1 for Microsoft.VisualStudio.TestPlatform.CommandLine.Internal.ConsoleLogger., took 0 ms.
TpTrace Verbose: 0 : 2824, 11, 2024/08/10, 09:02:59.554, 17003086350510, vstest.console.dll, MulticastDelegateUtilities.SafeInvoke: LengthPrefixCommunicationChannel: MessageReceived: Invoking callback 1/1 for Microsoft.VisualStudio.TestPlatform.CommunicationUtilities.TestRequestSender+<>c__DisplayClass34_0., took 0 ms.
TpTrace Verbose: 0 : 2824, 11, 2024/08/10, 09:02:59.554, 17003086352266, vstest.console.dll, TcpClientExtensions.MessageLoopAsync: Polling on remoteEndPoint: 127.0.0.1:57634 localEndPoint: 127.0.0.1:57633 after 3 ms
TpTrace Verbose: 0 : 2824, 11, 2024/08/10, 09:02:59.569, 17003086498431, vstest.console.dll, TcpClientExtensions.MessageLoopAsync: NotifyDataAvailable remoteEndPoint: 127.0.0.1:57634 localEndPoint: 127.0.0.1:57633
TpTrace Verbose: 0 : 2824, 11, 2024/08/10, 09:02:59.569, 17003086500133, vstest.console.dll, TestRequestSender.OnExecutionMessageReceived: Received message: {"Version":7,"MessageType":"TestExecution.Completed","Payload":{"TestRunCompleteArgs":{"TestRunStatistics":{"ExecutedTests":6,"Stats":{"Passed":6}},"IsCanceled":false,"IsAborted":false,"Error":null,"AttachmentSets":[],"InvokedDataCollectors":[],"ElapsedTimeInRunningTests":"00:00:11.7270510","Metrics":{},"DiscoveredExtensions":{"TestDiscoverers":["NUnit.VisualStudio.TestAdapter.NUnit3TestDiscoverer, NUnit3.TestAdapter, Version=4.5.0.0, Culture=neutral, PublicKeyToken=4cb40d35494691ac"],"TestExecutors":["executor://NUnit3TestExecutor"],"TestExecutors2":[],"TestSettingsProviders":[]}},"LastRunTests":{"NewTestResults":[{"TestCase":{"Id":"06df61c9-28bb-f050-ce84-c38849f108aa","FullyQualifiedName":"RevueCraftersTests.Tests.TestNonExistingRevue","DisplayName":"TestNonExistingRevue","ExecutorUri":"executor://NUnit3TestExecutor","Source":"D:\\SoftUni\\Front-End-Test-Automation-July-2024\\18.Exam-Prep2-Selenium_Ide+WebDriver\\Solutions_Anton\\RevueCraftersTests\\bin\\Debug\\net8.0\\fine-code-coverage\\build-output\\RevueCraftersTests.dll","CodeFilePath":null,"LineNumber":0,"Properties":[{"Key":{"Id":"NUnit.Seed","Label":"Seed","Category":"","Description":"","Attributes":0,"ValueType":"System.String"},"Value":"1118640024"}]},"Attachments":[],"Outcome":1,"ErrorMessage":null,"ErrorStackTrace":null,"DisplayName":"TestNonExistingRevue","Messages":[],"ComputerName":"DESKTOP-UUB0D73","Duration":"00:00:00.9873470","StartTime":"2024-08-10T06:02:58.3746194+00:00","EndTime":"2024-08-10T06:02:59.3619661+00:00","Properties":[{"Key":{"Id":"NUnit.Seed","Label":"Seed","Category":"","Description":"","Attributes":0,"ValueType":"System.String"},"Value":"1118640024"}]}],"TestRunStatistics":{"ExecutedTests":6,"Stats":{"Passed":6}},"ActiveTests":[]},"RunAttachments":[],"ExecutorUris":["executor://nunit3testexecutor/"]}}
TpTrace Verbose: 0 : 2824, 11, 2024/08/10, 09:02:59.569, 17003086501126, vstest.console.dll, TestRequestSender.EndSession: Sending end session.
TpTrace Verbose: 0 : 2824, 11, 2024/08/10, 09:02:59.569, 17003086502791, vstest.console.dll, ProxyOperationManager.Close: waiting for test host to exit for 100 ms
TpTrace Verbose: 0 : 2824, 12, 2024/08/10, 09:02:59.576, 17003086576776, vstest.console.dll, TestHostManagerCallbacks.ctor: Experimental forwarding output is disabled.
TpTrace Warning: 0 : 2824, 12, 2024/08/10, 09:02:59.576, 17003086577950, vstest.console.dll, TestHostManagerCallbacks.ErrorReceivedCallback Test host standard error line: 
TpTrace Verbose: 0 : 2824, 12, 2024/08/10, 09:02:59.586, 17003086670470, vstest.console.dll, TestHostProvider.ExitCallBack: Host exited starting callback.
TpTrace Information: 0 : 2824, 12, 2024/08/10, 09:02:59.586, 17003086671881, vstest.console.dll, TestHostManagerCallbacks.ExitCallBack: Testhost processId: 21836 exited with exitcode: 0 error: '[1723269769.805][WARNING]: This version of ChromeDriver has not been tested with Chrome version 127.
'
TpTrace Verbose: 0 : 2824, 12, 2024/08/10, 09:02:59.586, 17003086672556, vstest.console.dll, DotnetTestHostManager.OnHostExited: invoking OnHostExited callback
TpTrace Verbose: 0 : 2824, 12, 2024/08/10, 09:02:59.586, 17003086673172, vstest.console.dll, CrossPlatEngine.TestHostManagerHostExited: calling on client process exit callback.
TpTrace Information: 0 : 2824, 12, 2024/08/10, 09:02:59.586, 17003086673828, vstest.console.dll, TestRequestSender.OnClientProcessExit: Test host process exited. Standard error: [1723269769.805][WARNING]: This version of ChromeDriver has not been tested with Chrome version 127.

TpTrace Information: 0 : 2824, 12, 2024/08/10, 09:02:59.586, 17003086674397, vstest.console.dll, SocketServer.Stop: Stop server endPoint: 127.0.0.1:57633
TpTrace Information: 0 : 2824, 12, 2024/08/10, 09:02:59.586, 17003086674938, vstest.console.dll, SocketServer.Stop: Cancellation requested. Stopping message loop.
TpTrace Information: 0 : 2824, 11, 2024/08/10, 09:02:59.586, 17003086674527, vstest.console.dll, SocketServer.Stop: Stop server endPoint: 127.0.0.1:57633
TpTrace Verbose: 0 : 2824, 12, 2024/08/10, 09:02:59.586, 17003086676192, vstest.console.dll, MulticastDelegateUtilities.SafeInvoke: HostProviderEvents.OnHostExited: Invoking callback 1/1 for Microsoft.VisualStudio.TestPlatform.CrossPlatEngine.Client.ProxyOperationManager., took 0 ms.
TpTrace Information: 0 : 2824, 11, 2024/08/10, 09:02:59.586, 17003086676252, vstest.console.dll, SocketServer.Stop: Cancellation requested. Stopping message loop.
TpTrace Information: 0 : 2824, 11, 2024/08/10, 09:02:59.586, 17003086677936, vstest.console.dll, Closing the connection
TpTrace Verbose: 0 : 2824, 11, 2024/08/10, 09:02:59.587, 17003086679738, vstest.console.dll, ProxyDataCollectionManager.InvokeDataCollectionServiceAction: Starting.
TpTrace Information: 0 : 2824, 11, 2024/08/10, 09:02:59.587, 17003086680388, vstest.console.dll, ProxyDataCollectionManager.AfterTestRunEnd: Get attachment set and invoked data collectors processId: 29972 port: 57630
TpTrace Verbose: 0 : 2824, 11, 2024/08/10, 09:02:59.587, 17003086681006, vstest.console.dll, DataCollectionRequestSender.SendAfterTestRunStartAndGetResult: Send AfterTestRunEnd message with isCancelled: False
TpTrace Verbose: 0 : 2824, 11, 2024/08/10, 09:02:59.591, 17003086727289, vstest.console.dll, DataCollectionRequestSender.SendAfterTestRunStartAndGetResult: Received message: (DataCollection.AfterTestRunEndResult) -> {"MessageType":"DataCollection.AfterTestRunEndResult","Payload":{"AttachmentSets":[],"InvokedDataCollectors":[{"Uri":"datacollector://Microsoft/TestPlatform/Extensions/Blame/v1","FriendlyName":"Blame","AssemblyQualifiedName":"Microsoft.TestPlatform.Extensions.BlameDataCollector.BlameCollector, Microsoft.TestPlatform.Extensions.BlameDataCollector, Version=15.0.0.0, Culture=neutral, PublicKeyToken=b03f5f7f11d50a3a","FilePath":"C:\\Program Files (x86)\\dotnet\\sdk\\8.0.303\\Extensions\\Microsoft.TestPlatform.Extensions.BlameDataCollector.dll","HasAttachmentProcessor":false}],"Metrics":{}}}
TpTrace Information: 0 : 2824, 11, 2024/08/10, 09:02:59.595, 17003086761595, vstest.console.dll, ProxyDataCollectionManager.InvokeDataCollectionServiceAction: Completed.
TpTrace Warning: 0 : 2824, 10, 2024/08/10, 09:02:59.596, 17003086771896, vstest.console.dll, DataCollectionLauncher.ErrorReceivedCallback datacollector standard error line: 
TpTrace Information: 0 : 2824, 10, 2024/08/10, 09:02:59.602, 17003086832012, vstest.console.dll, DataCollectionLauncher.ExitCallBack: Data collector exited with exitcode: 0 error: ''
TpTrace Verbose: 0 : 2824, 11, 2024/08/10, 09:02:59.621, 17003087019915, vstest.console.dll, TestRunRequest:SendTestRunStatsChange: Starting.
TpTrace Verbose: 0 : 2824, 11, 2024/08/10, 09:02:59.621, 17003087021081, vstest.console.dll, MulticastDelegateUtilities.SafeInvoke: TestRun.RunStatsChanged: Invoking callbacks was skipped because there are no subscribers.
TpTrace Information: 0 : 2824, 11, 2024/08/10, 09:02:59.621, 17003087021590, vstest.console.dll, TestRunRequest:SendTestRunStatsChange: Completed.
TpTrace Verbose: 0 : 2824, 4, 2024/08/10, 09:02:59.621, 17003087021890, vstest.console.dll, MulticastDelegateUtilities.SafeInvoke: InternalTestLoggerEvents.SendTestResult: Invoking callback 1/1 for Microsoft.VisualStudio.TestPlatform.CommandLine.Internal.ConsoleLogger., took 0 ms.
TpTrace Verbose: 0 : 2824, 11, 2024/08/10, 09:02:59.621, 17003087024116, vstest.console.dll, ParallelProxyExecutionManager: HandlePartialRunComplete: Total workloads = 1, Total started clients = 1 Total completed clients = 1, Run complete = True, Run canceled: False.
TpTrace Verbose: 0 : 2824, 11, 2024/08/10, 09:02:59.621, 17003087024676, vstest.console.dll, ParallelProxyExecutionManager: HandlePartialRunComplete: All runs completed stopping all managers.
TpTrace Verbose: 0 : 2824, 11, 2024/08/10, 09:02:59.621, 17003087025198, vstest.console.dll, ParallelOperationManager.StopAllManagers: Stopping all managers.
TpTrace Verbose: 0 : 2824, 11, 2024/08/10, 09:02:59.621, 17003087025675, vstest.console.dll, ParallelOperationManager.ClearSlots: Clearing all slots. Slots should accept more work: False
TpTrace Verbose: 0 : 2824, 11, 2024/08/10, 09:02:59.621, 17003087026273, vstest.console.dll, ParallelOperationManager.SetOccupiedSlotCount: Setting slot counts AvailableSlotCount = 1, OccupiedSlotCount = 0.
TpTrace Verbose: 0 : 2824, 11, 2024/08/10, 09:02:59.621, 17003087026913, vstest.console.dll, Occupied slots:

TpTrace Verbose: 0 : 2824, 4, 2024/08/10, 09:02:59.627, 17003087086658, vstest.console.dll, MulticastDelegateUtilities.SafeInvoke: InternalTestLoggerEvents.SendTestRunComplete: Invoking callback 1/2 for Microsoft.TestPlatform.Extensions.BlameDataCollector.BlameLogger., took 0 ms.
TpTrace Verbose: 0 : 2824, 4, 2024/08/10, 09:02:59.633, 17003087140449, vstest.console.dll, MulticastDelegateUtilities.SafeInvoke: InternalTestLoggerEvents.SendTestRunComplete: Invoking callback 2/2 for Microsoft.VisualStudio.TestPlatform.CommandLine.Internal.ConsoleLogger., took 5 ms.
TpTrace Verbose: 0 : 2824, 11, 2024/08/10, 09:02:59.633, 17003087143593, vstest.console.dll, TestRunRequest:TestRunComplete: Starting. IsAborted:False IsCanceled:False.
TpTrace Verbose: 0 : 2824, 11, 2024/08/10, 09:02:59.633, 17003087145069, vstest.console.dll, ParallelOperationManager.DoActionOnAllManagers: Calling an action on all managers.
TpTrace Verbose: 0 : 2824, 11, 2024/08/10, 09:02:59.634, 17003087151194, vstest.console.dll, TestLoggerManager.HandleTestRunComplete: Ignoring as the object is disposed.
TpTrace Verbose: 0 : 2824, 11, 2024/08/10, 09:02:59.634, 17003087152879, vstest.console.dll, MulticastDelegateUtilities.SafeInvoke: TestRun.TestRunComplete: Invoking callback 1/2 for Microsoft.VisualStudio.TestPlatform.CommandLine.TestRunResultAggregator., took 0 ms.
TpTrace Verbose: 0 : 2824, 11, 2024/08/10, 09:02:59.634, 17003087153909, vstest.console.dll, MulticastDelegateUtilities.SafeInvoke: TestRun.TestRunComplete: Invoking callback 2/2 for Microsoft.VisualStudio.TestPlatform.CommandLine.Processors.RunTestsArgumentExecutor+TestRunRequestEventsRegistrar., took 0 ms.
TpTrace Information: 0 : 2824, 11, 2024/08/10, 09:02:59.634, 17003087154828, vstest.console.dll, TestRunRequest:TestRunComplete: Completed.
TpTrace Verbose: 0 : 2824, 11, 2024/08/10, 09:02:59.634, 17003087155395, vstest.console.dll, TestRequestSender.SetOperationComplete: Setting operation complete.
TpTrace Information: 0 : 2824, 11, 2024/08/10, 09:02:59.634, 17003087155909, vstest.console.dll, SocketServer.Stop: Stop server endPoint: 127.0.0.1:57633
TpTrace Verbose: 0 : 2824, 1, 2024/08/10, 09:02:59.634, 17003087155453, vstest.console.dll, TestRunRequest.Dispose: Starting.
TpTrace Information: 0 : 2824, 1, 2024/08/10, 09:02:59.634, 17003087157148, vstest.console.dll, TestRunRequest.Dispose: Completed.
TpTrace Information: 0 : 2824, 11, 2024/08/10, 09:02:59.634, 17003087156364, vstest.console.dll, SocketServer.Stop: Cancellation requested. Stopping message loop.
TpTrace Verbose: 0 : 2824, 11, 2024/08/10, 09:02:59.635, 17003087158468, vstest.console.dll, MulticastDelegateUtilities.SafeInvoke: LengthPrefixCommunicationChannel: MessageReceived: Invoking callback 1/1 for Microsoft.VisualStudio.TestPlatform.CommunicationUtilities.TestRequestSender+<>c__DisplayClass34_0., took 65 ms.
TpTrace Information: 0 : 2824, 1, 2024/08/10, 09:02:59.634, 17003087157755, vstest.console.dll, TestRequestManager.RunTests: run tests completed.
TpTrace Information: 0 : 2824, 1, 2024/08/10, 09:02:59.635, 17003087160027, vstest.console.dll, RunTestsArgumentProcessor:Execute: Test run is completed.
TpTrace Information: 0 : 2824, 11, 2024/08/10, 09:02:59.635, 17003087159132, vstest.console.dll, SocketServer.PrivateStop: Stopping server endPoint: 127.0.0.1:57633 error: 
TpTrace Verbose: 0 : 2824, 1, 2024/08/10, 09:02:59.635, 17003087161963, vstest.console.dll, Executor.Execute: Exiting with exit code of 0
TpTrace Verbose: 0 : 2824, 11, 2024/08/10, 09:02:59.635, 17003087164772, vstest.console.dll, LengthPrefixCommunicationChannel.Dispose: Dispose reader and writer.
TpTrace Information: 0 : 2824, 11, 2024/08/10, 09:02:59.635, 17003087165589, vstest.console.dll, SocketServer.Stop: Raise disconnected event endPoint: 127.0.0.1:57633 error: 
TpTrace Verbose: 0 : 2824, 11, 2024/08/10, 09:02:59.635, 17003087166436, vstest.console.dll, TestRequestSender: OnTestRunAbort: Operation is already complete. Skip error message.
TpTrace Verbose: 0 : 2824, 11, 2024/08/10, 09:02:59.635, 17003087167029, vstest.console.dll, MulticastDelegateUtilities.SafeInvoke: SocketServer: ClientDisconnected: Invoking callback 1/1 for Microsoft.VisualStudio.TestPlatform.CommunicationUtilities.TestRequestSender., took 0 ms.
TpTrace Verbose: 0 : 2824, 11, 2024/08/10, 09:02:59.635, 17003087167537, vstest.console.dll, TcpClientExtensions.MessageLoopAsync: exiting MessageLoopAsync remoteEndPoint: 127.0.0.1:57634 localEndPoint: 127.0.0.1:57633
