TpTrace Verbose: 0 : 16036, 1, 2024/07/23, 21:09:00.464, 1886579109173, vstest.console.dll, Version: 17.3.2 Current process architecture: X86
TpTrace Verbose: 0 : 16036, 1, 2024/07/23, 21:09:00.465, 1886579126988, vstest.console.dll, Runtime location: C:\Program Files (x86)\dotnet\shared\Microsoft.NETCore.App\6.0.32
TpTrace Information: 0 : 16036, 1, 2024/07/23, 21:09:00.470, 1886579174073, vstest.console.dll, FilePatternParser: The given file D:\SoftUni\Front-End-Test-Automation-July-2024\10.Appium-Exercise-1-POM\AppiumTestsExercise1\AppiumTestsExercise1\bin\Debug\net6.0\fine-code-coverage\build-output\AppiumTestsExercise1.dll is a full path.
TpTrace Verbose: 0 : 16036, 1, 2024/07/23, 21:09:00.475, 1886579225467, vstest.console.dll, TestPluginCache.DiscoverTestExtensions: finding test extensions in assemblies ends with: RuntimeProvider.dll TPluginInfo: Microsoft.VisualStudio.TestPlatform.Common.ExtensionFramework.Utilities.TestRuntimePluginInformation TExtension: Microsoft.VisualStudio.TestPlatform.ObjectModel.Host.ITestRuntimeProvider
TpTrace Verbose: 0 : 16036, 1, 2024/07/23, 21:09:00.476, 1886579232453, vstest.console.dll, TestPluginCache.GetExtensionPaths: Filtered extension paths: 
TpTrace Verbose: 0 : 16036, 1, 2024/07/23, 21:09:00.476, 1886579233624, vstest.console.dll, TestPluginCache.GetExtensionPaths: Added default extension paths: C:\Program Files (x86)\dotnet\sdk\6.0.408\Extensions\Microsoft.Diagnostics.NETCore.Client.dll
C:\Program Files (x86)\dotnet\sdk\6.0.408\Extensions\Microsoft.TestPlatform.Extensions.BlameDataCollector.dll
C:\Program Files (x86)\dotnet\sdk\6.0.408\Extensions\Microsoft.TestPlatform.Extensions.EventLogCollector.dll
C:\Program Files (x86)\dotnet\sdk\6.0.408\Extensions\Microsoft.TestPlatform.TestHostRuntimeProvider.dll
C:\Program Files (x86)\dotnet\sdk\6.0.408\Extensions\Microsoft.VisualStudio.TestPlatform.Extensions.Html.TestLogger.dll
C:\Program Files (x86)\dotnet\sdk\6.0.408\Extensions\Microsoft.VisualStudio.TestPlatform.Extensions.Trx.TestLogger.dll
TpTrace Verbose: 0 : 16036, 1, 2024/07/23, 21:09:00.476, 1886579234299, vstest.console.dll, TestPluginCache.GetExtensionPaths: Added unfilterableExtensionPaths: 
TpTrace Information: 0 : 16036, 1, 2024/07/23, 21:09:00.477, 1886579239799, vstest.console.dll, AssemblyResolver.ctor: Creating AssemblyResolver with searchDirectories C:\Program Files (x86)\dotnet\sdk\6.0.408\Extensions,C:\Program Files (x86)\dotnet\sdk\6.0.408
TpTrace Verbose: 0 : 16036, 1, 2024/07/23, 21:09:00.477, 1886579247566, vstest.console.dll, TestPluginCache.DiscoverTestExtensions: Discovering the extensions using extension path.
TpTrace Verbose: 0 : 16036, 1, 2024/07/23, 21:09:00.477, 1886579248754, vstest.console.dll, TestPluginCache.GetExtensionPaths: Filtered extension paths: 
TpTrace Verbose: 0 : 16036, 1, 2024/07/23, 21:09:00.478, 1886579249415, vstest.console.dll, TestPluginCache.GetExtensionPaths: Added default extension paths: C:\Program Files (x86)\dotnet\sdk\6.0.408\Extensions\Microsoft.Diagnostics.NETCore.Client.dll
C:\Program Files (x86)\dotnet\sdk\6.0.408\Extensions\Microsoft.TestPlatform.Extensions.BlameDataCollector.dll
C:\Program Files (x86)\dotnet\sdk\6.0.408\Extensions\Microsoft.TestPlatform.Extensions.EventLogCollector.dll
C:\Program Files (x86)\dotnet\sdk\6.0.408\Extensions\Microsoft.TestPlatform.TestHostRuntimeProvider.dll
C:\Program Files (x86)\dotnet\sdk\6.0.408\Extensions\Microsoft.VisualStudio.TestPlatform.Extensions.Html.TestLogger.dll
C:\Program Files (x86)\dotnet\sdk\6.0.408\Extensions\Microsoft.VisualStudio.TestPlatform.Extensions.Trx.TestLogger.dll
TpTrace Verbose: 0 : 16036, 1, 2024/07/23, 21:09:00.478, 1886579249990, vstest.console.dll, TestPluginCache.GetExtensionPaths: Added unfilterableExtensionPaths: 
TpTrace Verbose: 0 : 16036, 1, 2024/07/23, 21:09:00.478, 1886579250733, vstest.console.dll, TestPluginCache.DiscoverTestExtensions: Discovering the extensions using allExtensionPaths: C:\Program Files (x86)\dotnet\sdk\6.0.408\Extensions\Microsoft.Diagnostics.NETCore.Client.dll
C:\Program Files (x86)\dotnet\sdk\6.0.408\Extensions\Microsoft.TestPlatform.Extensions.BlameDataCollector.dll
C:\Program Files (x86)\dotnet\sdk\6.0.408\Extensions\Microsoft.TestPlatform.Extensions.EventLogCollector.dll
C:\Program Files (x86)\dotnet\sdk\6.0.408\Extensions\Microsoft.TestPlatform.TestHostRuntimeProvider.dll
C:\Program Files (x86)\dotnet\sdk\6.0.408\Extensions\Microsoft.VisualStudio.TestPlatform.Extensions.Html.TestLogger.dll
C:\Program Files (x86)\dotnet\sdk\6.0.408\Extensions\Microsoft.VisualStudio.TestPlatform.Extensions.Trx.TestLogger.dll
TpTrace Information: 0 : 16036, 1, 2024/07/23, 21:09:00.478, 1886579252454, vstest.console.dll, AssemblyResolver.AddSearchDirectories: Adding more searchDirectories C:\Program Files (x86)\dotnet\sdk\6.0.408\Extensions,C:\Program Files (x86)\dotnet\sdk\6.0.408
TpTrace Information: 0 : 16036, 1, 2024/07/23, 21:09:00.478, 1886579253197, vstest.console.dll, AssemblyResolver.AddSearchDirectories: Adding more searchDirectories C:\Program Files (x86)\dotnet\sdk\6.0.408\Extensions,C:\Program Files (x86)\dotnet\sdk\6.0.408
TpTrace Information: 0 : 16036, 1, 2024/07/23, 21:09:00.478, 1886579253844, vstest.console.dll, AssemblyResolver.AddSearchDirectories: Adding more searchDirectories C:\Program Files (x86)\dotnet\sdk\6.0.408\Extensions,C:\Program Files (x86)\dotnet\sdk\6.0.408
TpTrace Information: 0 : 16036, 1, 2024/07/23, 21:09:00.478, 1886579254411, vstest.console.dll, AssemblyResolver.AddSearchDirectories: Adding more searchDirectories C:\Program Files (x86)\dotnet\sdk\6.0.408\Extensions,C:\Program Files (x86)\dotnet\sdk\6.0.408
TpTrace Information: 0 : 16036, 1, 2024/07/23, 21:09:00.478, 1886579254967, vstest.console.dll, AssemblyResolver.AddSearchDirectories: Adding more searchDirectories C:\Program Files (x86)\dotnet\sdk\6.0.408\Extensions,C:\Program Files (x86)\dotnet\sdk\6.0.408
TpTrace Information: 0 : 16036, 1, 2024/07/23, 21:09:00.478, 1886579255522, vstest.console.dll, AssemblyResolver.AddSearchDirectories: Adding more searchDirectories C:\Program Files (x86)\dotnet\sdk\6.0.408\Extensions,C:\Program Files (x86)\dotnet\sdk\6.0.408
TpTrace Information: 0 : 16036, 1, 2024/07/23, 21:09:00.479, 1886579259087, vstest.console.dll, AssemblyResolver.OnResolve: Microsoft.Diagnostics.NETCore.Client: Resolving assembly.
TpTrace Information: 0 : 16036, 1, 2024/07/23, 21:09:00.479, 1886579260339, vstest.console.dll, AssemblyResolver.OnResolve: Microsoft.Diagnostics.NETCore.Client: Searching in: 'C:\Program Files (x86)\dotnet\sdk\6.0.408\Extensions'.
TpTrace Information: 0 : 16036, 1, 2024/07/23, 21:09:00.479, 1886579265365, vstest.console.dll, AssemblyResolver.OnResolve: Microsoft.Diagnostics.NETCore.Client: Loading assembly 'C:\Program Files (x86)\dotnet\sdk\6.0.408\Extensions\Microsoft.Diagnostics.NETCore.Client.dll'.
TpTrace Information: 0 : 16036, 1, 2024/07/23, 21:09:00.480, 1886579271174, vstest.console.dll, AssemblyResolver.OnResolve: Resolved assembly: Microsoft.Diagnostics.NETCore.Client, from path: C:\Program Files (x86)\dotnet\sdk\6.0.408\Extensions\Microsoft.Diagnostics.NETCore.Client.dll
TpTrace Verbose: 0 : 16036, 1, 2024/07/23, 21:09:00.485, 1886579319249, vstest.console.dll, MetadataReaderExtensionsHelper: Discovering extensions inside assembly 'Microsoft.Diagnostics.NETCore.Client, Version=0.2.6.42401, Culture=neutral, PublicKeyToken=31bf3856ad364e35' file path 'C:\Program Files (x86)\dotnet\sdk\6.0.408\Extensions\Microsoft.Diagnostics.NETCore.Client.dll'
TpTrace Information: 0 : 16036, 1, 2024/07/23, 21:09:00.495, 1886579424134, vstest.console.dll, AssemblyResolver.OnResolve: Microsoft.Bcl.AsyncInterfaces: Resolving assembly.
TpTrace Information: 0 : 16036, 1, 2024/07/23, 21:09:00.495, 1886579425563, vstest.console.dll, AssemblyResolver.OnResolve: Microsoft.Bcl.AsyncInterfaces: Searching in: 'C:\Program Files (x86)\dotnet\sdk\6.0.408\Extensions'.
TpTrace Information: 0 : 16036, 1, 2024/07/23, 21:09:00.495, 1886579426733, vstest.console.dll, AssemblyResolver.OnResolve: Microsoft.Bcl.AsyncInterfaces: Assembly path does not exist: 'C:\Program Files (x86)\dotnet\sdk\6.0.408\Extensions\Microsoft.Bcl.AsyncInterfaces.dll', returning.
TpTrace Information: 0 : 16036, 1, 2024/07/23, 21:09:00.495, 1886579428198, vstest.console.dll, AssemblyResolver.OnResolve: Microsoft.Bcl.AsyncInterfaces: Assembly path does not exist: 'C:\Program Files (x86)\dotnet\sdk\6.0.408\Extensions\Microsoft.Bcl.AsyncInterfaces.exe', returning.
TpTrace Information: 0 : 16036, 1, 2024/07/23, 21:09:00.495, 1886579428839, vstest.console.dll, AssemblyResolver.OnResolve: Microsoft.Bcl.AsyncInterfaces: Searching in: 'C:\Program Files (x86)\dotnet\sdk\6.0.408'.
TpTrace Information: 0 : 16036, 1, 2024/07/23, 21:09:00.496, 1886579429861, vstest.console.dll, AssemblyResolver.OnResolve: Microsoft.Bcl.AsyncInterfaces: Assembly path does not exist: 'C:\Program Files (x86)\dotnet\sdk\6.0.408\Microsoft.Bcl.AsyncInterfaces.dll', returning.
TpTrace Information: 0 : 16036, 1, 2024/07/23, 21:09:00.496, 1886579430792, vstest.console.dll, AssemblyResolver.OnResolve: Microsoft.Bcl.AsyncInterfaces: Assembly path does not exist: 'C:\Program Files (x86)\dotnet\sdk\6.0.408\Microsoft.Bcl.AsyncInterfaces.exe', returning.
TpTrace Information: 0 : 16036, 1, 2024/07/23, 21:09:00.496, 1886579431386, vstest.console.dll, AssemblyResolver.OnResolve: Microsoft.Bcl.AsyncInterfaces: Failed to load assembly.
TpTrace Verbose: 0 : 16036, 1, 2024/07/23, 21:09:00.496, 1886579432066, vstest.console.dll, CurrentDomainAssemblyResolve: Resolving assembly 'Microsoft.Bcl.AsyncInterfaces'.
TpTrace Information: 0 : 16036, 1, 2024/07/23, 21:09:00.496, 1886579432896, vstest.console.dll, AssemblyResolver.OnResolve: Microsoft.Bcl.AsyncInterfaces: Resolving assembly.
TpTrace Information: 0 : 16036, 1, 2024/07/23, 21:09:00.496, 1886579433587, vstest.console.dll, AssemblyResolver.OnResolve: Microsoft.Bcl.AsyncInterfaces: Resolved from cache.
TpTrace Verbose: 0 : 16036, 1, 2024/07/23, 21:09:00.496, 1886579434174, vstest.console.dll, CurrentDomainAssemblyResolve: Resolving assembly 'Microsoft.Bcl.AsyncInterfaces'.
TpTrace Verbose: 0 : 16036, 1, 2024/07/23, 21:09:00.496, 1886579434792, vstest.console.dll, CurrentDomainAssemblyResolve: Failed to resolve assembly 'Microsoft.Bcl.AsyncInterfaces'.
TpTrace Verbose: 0 : 16036, 1, 2024/07/23, 21:09:00.496, 1886579439044, vstest.console.dll, CurrentDomainAssemblyResolve: Failed to resolve assembly 'Microsoft.Bcl.AsyncInterfaces'.
TpTrace Warning: 0 : 16036, 1, 2024/07/23, 21:09:00.507, 1886579541559, vstest.console.dll, TestPluginDiscoverer: Failed to get types from assembly 'Microsoft.Diagnostics.NETCore.Client, Version=0.2.6.42401, Culture=neutral, PublicKeyToken=31bf3856ad364e35'. Error: System.Reflection.ReflectionTypeLoadException: Unable to load one or more of the requested types.
Could not load file or assembly 'Microsoft.Bcl.AsyncInterfaces, Version=1.0.0.0, Culture=neutral, PublicKeyToken=cc7b13ffcd2ddd51'. The system cannot find the file specified.
   at System.Reflection.RuntimeModule.GetTypes(RuntimeModule module)
   at System.Reflection.Assembly.GetTypes()
   at Microsoft.VisualStudio.TestPlatform.Common.ExtensionFramework.TestPluginDiscoverer.GetTestExtensionsFromAssembly[TPluginInfo,TExtension](Assembly assembly, Dictionary`2 pluginInfos, String filePath)
System.IO.FileNotFoundException: Could not load file or assembly 'Microsoft.Bcl.AsyncInterfaces, Version=1.0.0.0, Culture=neutral, PublicKeyToken=cc7b13ffcd2ddd51'. The system cannot find the file specified.
File name: 'Microsoft.Bcl.AsyncInterfaces, Version=1.0.0.0, Culture=neutral, PublicKeyToken=cc7b13ffcd2ddd51'
 ---> System.IO.FileNotFoundException: Could not load file or assembly 'Microsoft.Bcl.AsyncInterfaces, Culture=neutral, PublicKeyToken=null'. The system cannot find the file specified.
File name: 'Microsoft.Bcl.AsyncInterfaces, Culture=neutral, PublicKeyToken=null'
   at System.Reflection.RuntimeAssembly.InternalLoad(ObjectHandleOnStack assemblyName, ObjectHandleOnStack requestingAssembly, StackCrawlMarkHandle stackMark, Boolean throwOnFileNotFound, ObjectHandleOnStack assemblyLoadContext, ObjectHandleOnStack retAssembly)
   at System.Reflection.RuntimeAssembly.InternalLoad(AssemblyName assemblyName, RuntimeAssembly requestingAssembly, StackCrawlMark& stackMark, Boolean throwOnFileNotFound, AssemblyLoadContext assemblyLoadContext)
   at System.Reflection.Assembly.Load(AssemblyName assemblyRef)
   at Microsoft.VisualStudio.TestPlatform.Common.ExtensionFramework.TestPluginCache.CurrentDomainAssemblyResolve(Object sender, AssemblyResolveEventArgs args)
   at Microsoft.VisualStudio.TestPlatform.PlatformAbstractions.PlatformAssemblyResolver.AssemblyResolverEvent(Object sender, Object eventArgs)
   at System.Runtime.Loader.AssemblyLoadContext.GetFirstResolvedAssemblyFromResolvingEvent(AssemblyName assemblyName)
   at System.Runtime.Loader.AssemblyLoadContext.ResolveUsingEvent(AssemblyName assemblyName)
   at System.Runtime.Loader.AssemblyLoadContext.ResolveUsingResolvingEvent(IntPtr gchManagedAssemblyLoadContext, AssemblyName assemblyName)
TpTrace Warning: 0 : 16036, 1, 2024/07/23, 21:09:00.507, 1886579545461, vstest.console.dll, LoaderExceptions: System.IO.FileNotFoundException: Could not load file or assembly 'Microsoft.Bcl.AsyncInterfaces, Version=1.0.0.0, Culture=neutral, PublicKeyToken=cc7b13ffcd2ddd51'. The system cannot find the file specified.
File name: 'Microsoft.Bcl.AsyncInterfaces, Version=1.0.0.0, Culture=neutral, PublicKeyToken=cc7b13ffcd2ddd51'
 ---> System.IO.FileNotFoundException: Could not load file or assembly 'Microsoft.Bcl.AsyncInterfaces, Culture=neutral, PublicKeyToken=null'. The system cannot find the file specified.
File name: 'Microsoft.Bcl.AsyncInterfaces, Culture=neutral, PublicKeyToken=null'
   at System.Reflection.RuntimeAssembly.InternalLoad(ObjectHandleOnStack assemblyName, ObjectHandleOnStack requestingAssembly, StackCrawlMarkHandle stackMark, Boolean throwOnFileNotFound, ObjectHandleOnStack assemblyLoadContext, ObjectHandleOnStack retAssembly)
   at System.Reflection.RuntimeAssembly.InternalLoad(AssemblyName assemblyName, RuntimeAssembly requestingAssembly, StackCrawlMark& stackMark, Boolean throwOnFileNotFound, AssemblyLoadContext assemblyLoadContext)
   at System.Reflection.Assembly.Load(AssemblyName assemblyRef)
   at Microsoft.VisualStudio.TestPlatform.Common.ExtensionFramework.TestPluginCache.CurrentDomainAssemblyResolve(Object sender, AssemblyResolveEventArgs args)
   at Microsoft.VisualStudio.TestPlatform.PlatformAbstractions.PlatformAssemblyResolver.AssemblyResolverEvent(Object sender, Object eventArgs)
   at System.Runtime.Loader.AssemblyLoadContext.GetFirstResolvedAssemblyFromResolvingEvent(AssemblyName assemblyName)
   at System.Runtime.Loader.AssemblyLoadContext.ResolveUsingEvent(AssemblyName assemblyName)
   at System.Runtime.Loader.AssemblyLoadContext.ResolveUsingResolvingEvent(IntPtr gchManagedAssemblyLoadContext, AssemblyName assemblyName)
TpTrace Information: 0 : 16036, 1, 2024/07/23, 21:09:00.507, 1886579547149, vstest.console.dll, AssemblyResolver.OnResolve: Microsoft.TestPlatform.Extensions.BlameDataCollector: Resolving assembly.
TpTrace Information: 0 : 16036, 1, 2024/07/23, 21:09:00.507, 1886579547869, vstest.console.dll, AssemblyResolver.OnResolve: Microsoft.TestPlatform.Extensions.BlameDataCollector: Searching in: 'C:\Program Files (x86)\dotnet\sdk\6.0.408\Extensions'.
TpTrace Information: 0 : 16036, 1, 2024/07/23, 21:09:00.508, 1886579550635, vstest.console.dll, AssemblyResolver.OnResolve: Microsoft.TestPlatform.Extensions.BlameDataCollector: Loading assembly 'C:\Program Files (x86)\dotnet\sdk\6.0.408\Extensions\Microsoft.TestPlatform.Extensions.BlameDataCollector.dll'.
TpTrace Information: 0 : 16036, 1, 2024/07/23, 21:09:00.508, 1886579556571, vstest.console.dll, AssemblyResolver.OnResolve: Resolved assembly: Microsoft.TestPlatform.Extensions.BlameDataCollector, from path: C:\Program Files (x86)\dotnet\sdk\6.0.408\Extensions\Microsoft.TestPlatform.Extensions.BlameDataCollector.dll
TpTrace Verbose: 0 : 16036, 1, 2024/07/23, 21:09:00.508, 1886579557689, vstest.console.dll, MetadataReaderExtensionsHelper: Discovering extensions inside assembly 'Microsoft.TestPlatform.Extensions.BlameDataCollector, Version=15.0.0.0, Culture=neutral, PublicKeyToken=b03f5f7f11d50a3a' file path 'C:\Program Files (x86)\dotnet\sdk\6.0.408\Extensions\Microsoft.TestPlatform.Extensions.BlameDataCollector.dll'
TpTrace Information: 0 : 16036, 1, 2024/07/23, 21:09:00.510, 1886579570114, vstest.console.dll, AssemblyResolver.OnResolve: Microsoft.TestPlatform.Extensions.EventLogCollector: Resolving assembly.
TpTrace Information: 0 : 16036, 1, 2024/07/23, 21:09:00.510, 1886579571130, vstest.console.dll, AssemblyResolver.OnResolve: Microsoft.TestPlatform.Extensions.EventLogCollector: Searching in: 'C:\Program Files (x86)\dotnet\sdk\6.0.408\Extensions'.
TpTrace Information: 0 : 16036, 1, 2024/07/23, 21:09:00.510, 1886579574125, vstest.console.dll, AssemblyResolver.OnResolve: Microsoft.TestPlatform.Extensions.EventLogCollector: Loading assembly 'C:\Program Files (x86)\dotnet\sdk\6.0.408\Extensions\Microsoft.TestPlatform.Extensions.EventLogCollector.dll'.
TpTrace Information: 0 : 16036, 1, 2024/07/23, 21:09:00.511, 1886579581240, vstest.console.dll, AssemblyResolver.OnResolve: Resolved assembly: Microsoft.TestPlatform.Extensions.EventLogCollector, from path: C:\Program Files (x86)\dotnet\sdk\6.0.408\Extensions\Microsoft.TestPlatform.Extensions.EventLogCollector.dll
TpTrace Verbose: 0 : 16036, 1, 2024/07/23, 21:09:00.511, 1886579582271, vstest.console.dll, MetadataReaderExtensionsHelper: Discovering extensions inside assembly 'Microsoft.TestPlatform.Extensions.EventLogCollector, Version=15.0.0.0, Culture=neutral, PublicKeyToken=b03f5f7f11d50a3a' file path 'C:\Program Files (x86)\dotnet\sdk\6.0.408\Extensions\Microsoft.TestPlatform.Extensions.EventLogCollector.dll'
TpTrace Information: 0 : 16036, 1, 2024/07/23, 21:09:00.513, 1886579603304, vstest.console.dll, AssemblyResolver.OnResolve: Microsoft.TestPlatform.TestHostRuntimeProvider: Resolving assembly.
TpTrace Information: 0 : 16036, 1, 2024/07/23, 21:09:00.513, 1886579604274, vstest.console.dll, AssemblyResolver.OnResolve: Microsoft.TestPlatform.TestHostRuntimeProvider: Searching in: 'C:\Program Files (x86)\dotnet\sdk\6.0.408\Extensions'.
TpTrace Information: 0 : 16036, 1, 2024/07/23, 21:09:00.513, 1886579607599, vstest.console.dll, AssemblyResolver.OnResolve: Microsoft.TestPlatform.TestHostRuntimeProvider: Loading assembly 'C:\Program Files (x86)\dotnet\sdk\6.0.408\Extensions\Microsoft.TestPlatform.TestHostRuntimeProvider.dll'.
TpTrace Information: 0 : 16036, 1, 2024/07/23, 21:09:00.514, 1886579614186, vstest.console.dll, AssemblyResolver.OnResolve: Resolved assembly: Microsoft.TestPlatform.TestHostRuntimeProvider, from path: C:\Program Files (x86)\dotnet\sdk\6.0.408\Extensions\Microsoft.TestPlatform.TestHostRuntimeProvider.dll
TpTrace Verbose: 0 : 16036, 1, 2024/07/23, 21:09:00.514, 1886579615728, vstest.console.dll, MetadataReaderExtensionsHelper: Discovering extensions inside assembly 'Microsoft.TestPlatform.TestHostRuntimeProvider, Version=15.0.0.0, Culture=neutral, PublicKeyToken=b03f5f7f11d50a3a' file path 'C:\Program Files (x86)\dotnet\sdk\6.0.408\Extensions\Microsoft.TestPlatform.TestHostRuntimeProvider.dll'
TpTrace Information: 0 : 16036, 1, 2024/07/23, 21:09:00.516, 1886579634831, vstest.console.dll, GetTestExtensionFromType: Register extension with identifier data 'HostProvider://DefaultTestHost' and type 'Microsoft.VisualStudio.TestPlatform.CrossPlatEngine.Hosting.DefaultTestHostManager, Microsoft.TestPlatform.TestHostRuntimeProvider, Version=15.0.0.0, Culture=neutral, PublicKeyToken=b03f5f7f11d50a3a' inside file 'C:\Program Files (x86)\dotnet\sdk\6.0.408\Extensions\Microsoft.TestPlatform.TestHostRuntimeProvider.dll'
TpTrace Information: 0 : 16036, 1, 2024/07/23, 21:09:00.516, 1886579636136, vstest.console.dll, GetTestExtensionFromType: Register extension with identifier data 'HostProvider://DotnetTestHost' and type 'Microsoft.VisualStudio.TestPlatform.CrossPlatEngine.Hosting.DotnetTestHostManager, Microsoft.TestPlatform.TestHostRuntimeProvider, Version=15.0.0.0, Culture=neutral, PublicKeyToken=b03f5f7f11d50a3a' inside file 'C:\Program Files (x86)\dotnet\sdk\6.0.408\Extensions\Microsoft.TestPlatform.TestHostRuntimeProvider.dll'
TpTrace Information: 0 : 16036, 1, 2024/07/23, 21:09:00.516, 1886579637252, vstest.console.dll, AssemblyResolver.OnResolve: Microsoft.VisualStudio.TestPlatform.Extensions.Html.TestLogger: Resolving assembly.
TpTrace Information: 0 : 16036, 1, 2024/07/23, 21:09:00.516, 1886579638002, vstest.console.dll, AssemblyResolver.OnResolve: Microsoft.VisualStudio.TestPlatform.Extensions.Html.TestLogger: Searching in: 'C:\Program Files (x86)\dotnet\sdk\6.0.408\Extensions'.
TpTrace Information: 0 : 16036, 1, 2024/07/23, 21:09:00.517, 1886579641058, vstest.console.dll, AssemblyResolver.OnResolve: Microsoft.VisualStudio.TestPlatform.Extensions.Html.TestLogger: Loading assembly 'C:\Program Files (x86)\dotnet\sdk\6.0.408\Extensions\Microsoft.VisualStudio.TestPlatform.Extensions.Html.TestLogger.dll'.
TpTrace Information: 0 : 16036, 1, 2024/07/23, 21:09:00.517, 1886579645981, vstest.console.dll, AssemblyResolver.OnResolve: Resolved assembly: Microsoft.VisualStudio.TestPlatform.Extensions.Html.TestLogger, from path: C:\Program Files (x86)\dotnet\sdk\6.0.408\Extensions\Microsoft.VisualStudio.TestPlatform.Extensions.Html.TestLogger.dll
TpTrace Verbose: 0 : 16036, 1, 2024/07/23, 21:09:00.517, 1886579646944, vstest.console.dll, MetadataReaderExtensionsHelper: Discovering extensions inside assembly 'Microsoft.VisualStudio.TestPlatform.Extensions.Html.TestLogger, Version=15.0.0.0, Culture=neutral, PublicKeyToken=b03f5f7f11d50a3a' file path 'C:\Program Files (x86)\dotnet\sdk\6.0.408\Extensions\Microsoft.VisualStudio.TestPlatform.Extensions.Html.TestLogger.dll'
TpTrace Information: 0 : 16036, 1, 2024/07/23, 21:09:00.518, 1886579652394, vstest.console.dll, AssemblyResolver.OnResolve: Microsoft.VisualStudio.TestPlatform.Extensions.Trx.TestLogger: Resolving assembly.
TpTrace Information: 0 : 16036, 1, 2024/07/23, 21:09:00.518, 1886579653212, vstest.console.dll, AssemblyResolver.OnResolve: Microsoft.VisualStudio.TestPlatform.Extensions.Trx.TestLogger: Searching in: 'C:\Program Files (x86)\dotnet\sdk\6.0.408\Extensions'.
TpTrace Information: 0 : 16036, 1, 2024/07/23, 21:09:00.518, 1886579656039, vstest.console.dll, AssemblyResolver.OnResolve: Microsoft.VisualStudio.TestPlatform.Extensions.Trx.TestLogger: Loading assembly 'C:\Program Files (x86)\dotnet\sdk\6.0.408\Extensions\Microsoft.VisualStudio.TestPlatform.Extensions.Trx.TestLogger.dll'.
TpTrace Information: 0 : 16036, 1, 2024/07/23, 21:09:00.519, 1886579660957, vstest.console.dll, AssemblyResolver.OnResolve: Resolved assembly: Microsoft.VisualStudio.TestPlatform.Extensions.Trx.TestLogger, from path: C:\Program Files (x86)\dotnet\sdk\6.0.408\Extensions\Microsoft.VisualStudio.TestPlatform.Extensions.Trx.TestLogger.dll
TpTrace Verbose: 0 : 16036, 1, 2024/07/23, 21:09:00.519, 1886579662016, vstest.console.dll, MetadataReaderExtensionsHelper: Discovering extensions inside assembly 'Microsoft.VisualStudio.TestPlatform.Extensions.Trx.TestLogger, Version=15.0.0.0, Culture=neutral, PublicKeyToken=b03f5f7f11d50a3a' file path 'C:\Program Files (x86)\dotnet\sdk\6.0.408\Extensions\Microsoft.VisualStudio.TestPlatform.Extensions.Trx.TestLogger.dll'
TpTrace Verbose: 0 : 16036, 1, 2024/07/23, 21:09:00.520, 1886579669823, vstest.console.dll, TestPluginCache: Discovered the extensions using extension path ''.
TpTrace Verbose: 0 : 16036, 1, 2024/07/23, 21:09:00.520, 1886579670693, vstest.console.dll, TestPluginCache: Discoverers are ''.
TpTrace Verbose: 0 : 16036, 1, 2024/07/23, 21:09:00.520, 1886579671286, vstest.console.dll, TestPluginCache: Executors are ''.
TpTrace Verbose: 0 : 16036, 1, 2024/07/23, 21:09:00.520, 1886579671929, vstest.console.dll, TestPluginCache: Executors2 are ''.
TpTrace Verbose: 0 : 16036, 1, 2024/07/23, 21:09:00.520, 1886579672487, vstest.console.dll, TestPluginCache: Setting providers are ''.
TpTrace Verbose: 0 : 16036, 1, 2024/07/23, 21:09:00.520, 1886579673027, vstest.console.dll, TestPluginCache: Loggers are ''.
TpTrace Verbose: 0 : 16036, 1, 2024/07/23, 21:09:00.520, 1886579674052, vstest.console.dll, TestPluginCache: TestHosts are 'HostProvider://DefaultTestHost,HostProvider://DotnetTestHost'.
TpTrace Verbose: 0 : 16036, 1, 2024/07/23, 21:09:00.520, 1886579674703, vstest.console.dll, TestPluginCache: DataCollectors are ''.
TpTrace Information: 0 : 16036, 1, 2024/07/23, 21:09:00.529, 1886579767335, vstest.console.dll, RunTestsArgumentProcessor:Execute: Test run is starting.
TpTrace Verbose: 0 : 16036, 1, 2024/07/23, 21:09:00.529, 1886579768536, vstest.console.dll, RunTestsArgumentProcessor:Execute: Queuing Test run.
TpTrace Information: 0 : 16036, 1, 2024/07/23, 21:09:00.530, 1886579773617, vstest.console.dll, TestRequestManager.RunTests: run tests started.
TpTrace Information: 0 : 16036, 1, 2024/07/23, 21:09:00.539, 1886579861374, vstest.console.dll, AssemblyMetadataProvider.GetFrameworkName: Determined framework:'.NETCoreApp,Version=v6.0' for source: 'D:\SoftUni\Front-End-Test-Automation-July-2024\10.Appium-Exercise-1-POM\AppiumTestsExercise1\AppiumTestsExercise1\bin\Debug\net6.0\fine-code-coverage\build-output\AppiumTestsExercise1.dll'
TpTrace Information: 0 : 16036, 1, 2024/07/23, 21:09:00.539, 1886579863696, vstest.console.dll, Determined framework for all sources: .NETCoreApp,Version=v6.0
TpTrace Verbose: 0 : 16036, 1, 2024/07/23, 21:09:00.540, 1886579869554, vstest.console.dll, TestRequestManager.UpdateRunSettingsIfRequired: Default architecture: X86 IsDefaultTargetArchitecture: True, Current process architecture: X86 OperatingSystem: Windows.
TpTrace Information: 0 : 16036, 1, 2024/07/23, 21:09:00.542, 1886579892336, vstest.console.dll, AssemblyMetadataProvider.GetArchitecture: Determined architecture:AnyCPU info for assembly: D:\SoftUni\Front-End-Test-Automation-July-2024\10.Appium-Exercise-1-POM\AppiumTestsExercise1\AppiumTestsExercise1\bin\Debug\net6.0\fine-code-coverage\build-output\AppiumTestsExercise1.dll
TpTrace Information: 0 : 16036, 1, 2024/07/23, 21:09:00.542, 1886579893254, vstest.console.dll, Determined platform for source 'D:\SoftUni\Front-End-Test-Automation-July-2024\10.Appium-Exercise-1-POM\AppiumTestsExercise1\AppiumTestsExercise1\bin\Debug\net6.0\fine-code-coverage\build-output\AppiumTestsExercise1.dll' was AnyCPU and it will use the default plaform X86.
TpTrace Information: 0 : 16036, 1, 2024/07/23, 21:09:00.542, 1886579893841, vstest.console.dll, None of the sources provided any runnable platform, using the default platform: X86
TpTrace Information: 0 : 16036, 1, 2024/07/23, 21:09:00.542, 1886579894931, vstest.console.dll, Platform was updated to 'X86'.
TpTrace Information: 0 : 16036, 1, 2024/07/23, 21:09:00.545, 1886579926075, vstest.console.dll, InferRunSettingsHelper.IsTestSettingsEnabled: Unable to navigate to RunSettings/MSTest. Current node: RunSettings
TpTrace Information: 0 : 16036, 1, 2024/07/23, 21:09:00.546, 1886579931732, vstest.console.dll, AssemblyResolver.OnResolve: Microsoft.VisualStudio.TestPlatform.Fakes: Resolving assembly.
TpTrace Information: 0 : 16036, 1, 2024/07/23, 21:09:00.546, 1886579933155, vstest.console.dll, AssemblyResolver.OnResolve: Microsoft.VisualStudio.TestPlatform.Fakes: Searching in: 'C:\Program Files (x86)\dotnet\sdk\6.0.408\Extensions'.
TpTrace Information: 0 : 16036, 1, 2024/07/23, 21:09:00.546, 1886579934440, vstest.console.dll, AssemblyResolver.OnResolve: Microsoft.VisualStudio.TestPlatform.Fakes: Assembly path does not exist: 'C:\Program Files (x86)\dotnet\sdk\6.0.408\Extensions\Microsoft.VisualStudio.TestPlatform.Fakes.dll', returning.
TpTrace Information: 0 : 16036, 1, 2024/07/23, 21:09:00.546, 1886579935493, vstest.console.dll, AssemblyResolver.OnResolve: Microsoft.VisualStudio.TestPlatform.Fakes: Assembly path does not exist: 'C:\Program Files (x86)\dotnet\sdk\6.0.408\Extensions\Microsoft.VisualStudio.TestPlatform.Fakes.exe', returning.
TpTrace Information: 0 : 16036, 1, 2024/07/23, 21:09:00.546, 1886579936080, vstest.console.dll, AssemblyResolver.OnResolve: Microsoft.VisualStudio.TestPlatform.Fakes: Searching in: 'C:\Program Files (x86)\dotnet\sdk\6.0.408'.
TpTrace Information: 0 : 16036, 1, 2024/07/23, 21:09:00.546, 1886579937028, vstest.console.dll, AssemblyResolver.OnResolve: Microsoft.VisualStudio.TestPlatform.Fakes: Assembly path does not exist: 'C:\Program Files (x86)\dotnet\sdk\6.0.408\Microsoft.VisualStudio.TestPlatform.Fakes.dll', returning.
TpTrace Information: 0 : 16036, 1, 2024/07/23, 21:09:00.546, 1886579938026, vstest.console.dll, AssemblyResolver.OnResolve: Microsoft.VisualStudio.TestPlatform.Fakes: Assembly path does not exist: 'C:\Program Files (x86)\dotnet\sdk\6.0.408\Microsoft.VisualStudio.TestPlatform.Fakes.exe', returning.
TpTrace Information: 0 : 16036, 1, 2024/07/23, 21:09:00.546, 1886579938713, vstest.console.dll, AssemblyResolver.OnResolve: Microsoft.VisualStudio.TestPlatform.Fakes: Failed to load assembly.
TpTrace Information: 0 : 16036, 1, 2024/07/23, 21:09:00.547, 1886579941894, vstest.console.dll, Failed to load assembly Microsoft.VisualStudio.TestPlatform.Fakes, Version=17.0.0.0, Culture=neutral. Reason:System.IO.FileNotFoundException: Could not load file or assembly 'Microsoft.VisualStudio.TestPlatform.Fakes, Version=17.0.0.0, Culture=neutral, PublicKeyToken=null'. The system cannot find the file specified.
File name: 'Microsoft.VisualStudio.TestPlatform.Fakes, Version=17.0.0.0, Culture=neutral, PublicKeyToken=null'
   at System.Reflection.RuntimeAssembly.InternalLoad(ObjectHandleOnStack assemblyName, ObjectHandleOnStack requestingAssembly, StackCrawlMarkHandle stackMark, Boolean throwOnFileNotFound, ObjectHandleOnStack assemblyLoadContext, ObjectHandleOnStack retAssembly)
   at System.Reflection.RuntimeAssembly.InternalLoad(AssemblyName assemblyName, RuntimeAssembly requestingAssembly, StackCrawlMark& stackMark, Boolean throwOnFileNotFound, AssemblyLoadContext assemblyLoadContext)
   at System.Reflection.Assembly.Load(AssemblyName assemblyRef)
   at Microsoft.VisualStudio.TestPlatform.Common.Utilities.FakesUtilities.LoadTestPlatformAssembly()
TpTrace Verbose: 0 : 16036, 1, 2024/07/23, 21:09:00.551, 1886579981311, vstest.console.dll, TestPluginCache.DiscoverTestExtensions: finding test extensions in assemblies ends with: TestLogger.dll TPluginInfo: Microsoft.VisualStudio.TestPlatform.Common.ExtensionFramework.Utilities.TestLoggerPluginInformation TExtension: Microsoft.VisualStudio.TestPlatform.ObjectModel.Client.ITestLogger
TpTrace Verbose: 0 : 16036, 1, 2024/07/23, 21:09:00.551, 1886579982624, vstest.console.dll, TestPluginCache.GetExtensionPaths: Filtered extension paths: 
TpTrace Verbose: 0 : 16036, 1, 2024/07/23, 21:09:00.551, 1886579983230, vstest.console.dll, TestPluginCache.GetExtensionPaths: Added default extension paths: C:\Program Files (x86)\dotnet\sdk\6.0.408\Extensions\Microsoft.Diagnostics.NETCore.Client.dll
C:\Program Files (x86)\dotnet\sdk\6.0.408\Extensions\Microsoft.TestPlatform.Extensions.BlameDataCollector.dll
C:\Program Files (x86)\dotnet\sdk\6.0.408\Extensions\Microsoft.TestPlatform.Extensions.EventLogCollector.dll
C:\Program Files (x86)\dotnet\sdk\6.0.408\Extensions\Microsoft.TestPlatform.TestHostRuntimeProvider.dll
C:\Program Files (x86)\dotnet\sdk\6.0.408\Extensions\Microsoft.VisualStudio.TestPlatform.Extensions.Html.TestLogger.dll
C:\Program Files (x86)\dotnet\sdk\6.0.408\Extensions\Microsoft.VisualStudio.TestPlatform.Extensions.Trx.TestLogger.dll
TpTrace Verbose: 0 : 16036, 1, 2024/07/23, 21:09:00.551, 1886579983848, vstest.console.dll, TestPluginCache.GetExtensionPaths: Added unfilterableExtensionPaths: 
TpTrace Information: 0 : 16036, 1, 2024/07/23, 21:09:00.551, 1886579985298, vstest.console.dll, AssemblyResolver.AddSearchDirectories: Adding more searchDirectories C:\Program Files (x86)\dotnet\sdk\6.0.408\Extensions,C:\Program Files (x86)\dotnet\sdk\6.0.408
TpTrace Verbose: 0 : 16036, 1, 2024/07/23, 21:09:00.551, 1886579985976, vstest.console.dll, TestPluginCache.DiscoverTestExtensions: Discovering the extensions using extension path.
TpTrace Verbose: 0 : 16036, 1, 2024/07/23, 21:09:00.551, 1886579986592, vstest.console.dll, TestPluginCache.GetExtensionPaths: Filtered extension paths: 
TpTrace Verbose: 0 : 16036, 1, 2024/07/23, 21:09:00.551, 1886579987186, vstest.console.dll, TestPluginCache.GetExtensionPaths: Added default extension paths: C:\Program Files (x86)\dotnet\sdk\6.0.408\Extensions\Microsoft.Diagnostics.NETCore.Client.dll
C:\Program Files (x86)\dotnet\sdk\6.0.408\Extensions\Microsoft.TestPlatform.Extensions.BlameDataCollector.dll
C:\Program Files (x86)\dotnet\sdk\6.0.408\Extensions\Microsoft.TestPlatform.Extensions.EventLogCollector.dll
C:\Program Files (x86)\dotnet\sdk\6.0.408\Extensions\Microsoft.TestPlatform.TestHostRuntimeProvider.dll
C:\Program Files (x86)\dotnet\sdk\6.0.408\Extensions\Microsoft.VisualStudio.TestPlatform.Extensions.Html.TestLogger.dll
C:\Program Files (x86)\dotnet\sdk\6.0.408\Extensions\Microsoft.VisualStudio.TestPlatform.Extensions.Trx.TestLogger.dll
TpTrace Verbose: 0 : 16036, 1, 2024/07/23, 21:09:00.551, 1886579988217, vstest.console.dll, TestPluginCache.GetExtensionPaths: Added unfilterableExtensionPaths: 
TpTrace Verbose: 0 : 16036, 1, 2024/07/23, 21:09:00.551, 1886579988885, vstest.console.dll, TestPluginCache.DiscoverTestExtensions: Discovering the extensions using allExtensionPaths: C:\Program Files (x86)\dotnet\sdk\6.0.408\Extensions\Microsoft.Diagnostics.NETCore.Client.dll
C:\Program Files (x86)\dotnet\sdk\6.0.408\Extensions\Microsoft.TestPlatform.Extensions.BlameDataCollector.dll
C:\Program Files (x86)\dotnet\sdk\6.0.408\Extensions\Microsoft.TestPlatform.Extensions.EventLogCollector.dll
C:\Program Files (x86)\dotnet\sdk\6.0.408\Extensions\Microsoft.TestPlatform.TestHostRuntimeProvider.dll
C:\Program Files (x86)\dotnet\sdk\6.0.408\Extensions\Microsoft.VisualStudio.TestPlatform.Extensions.Html.TestLogger.dll
C:\Program Files (x86)\dotnet\sdk\6.0.408\Extensions\Microsoft.VisualStudio.TestPlatform.Extensions.Trx.TestLogger.dll
TpTrace Information: 0 : 16036, 1, 2024/07/23, 21:09:00.552, 1886579989568, vstest.console.dll, AssemblyResolver.AddSearchDirectories: Adding more searchDirectories C:\Program Files (x86)\dotnet\sdk\6.0.408\Extensions,C:\Program Files (x86)\dotnet\sdk\6.0.408
TpTrace Information: 0 : 16036, 1, 2024/07/23, 21:09:00.552, 1886579990228, vstest.console.dll, AssemblyResolver.AddSearchDirectories: Adding more searchDirectories C:\Program Files (x86)\dotnet\sdk\6.0.408\Extensions,C:\Program Files (x86)\dotnet\sdk\6.0.408
TpTrace Information: 0 : 16036, 1, 2024/07/23, 21:09:00.552, 1886579990811, vstest.console.dll, AssemblyResolver.AddSearchDirectories: Adding more searchDirectories C:\Program Files (x86)\dotnet\sdk\6.0.408\Extensions,C:\Program Files (x86)\dotnet\sdk\6.0.408
TpTrace Information: 0 : 16036, 1, 2024/07/23, 21:09:00.552, 1886579991381, vstest.console.dll, AssemblyResolver.AddSearchDirectories: Adding more searchDirectories C:\Program Files (x86)\dotnet\sdk\6.0.408\Extensions,C:\Program Files (x86)\dotnet\sdk\6.0.408
TpTrace Information: 0 : 16036, 1, 2024/07/23, 21:09:00.552, 1886579992085, vstest.console.dll, AssemblyResolver.AddSearchDirectories: Adding more searchDirectories C:\Program Files (x86)\dotnet\sdk\6.0.408\Extensions,C:\Program Files (x86)\dotnet\sdk\6.0.408
TpTrace Information: 0 : 16036, 1, 2024/07/23, 21:09:00.552, 1886579992713, vstest.console.dll, AssemblyResolver.AddSearchDirectories: Adding more searchDirectories C:\Program Files (x86)\dotnet\sdk\6.0.408\Extensions,C:\Program Files (x86)\dotnet\sdk\6.0.408
TpTrace Verbose: 0 : 16036, 1, 2024/07/23, 21:09:00.552, 1886579994073, vstest.console.dll, MetadataReaderExtensionsHelper: Discovering extensions inside assembly 'Microsoft.Diagnostics.NETCore.Client, Version=0.2.6.42401, Culture=neutral, PublicKeyToken=31bf3856ad364e35' file path 'C:\Program Files (x86)\dotnet\sdk\6.0.408\Extensions\Microsoft.Diagnostics.NETCore.Client.dll'
TpTrace Information: 0 : 16036, 1, 2024/07/23, 21:09:00.552, 1886579997833, vstest.console.dll, AssemblyResolver.OnResolve: Microsoft.Bcl.AsyncInterfaces: Resolving assembly.
TpTrace Information: 0 : 16036, 1, 2024/07/23, 21:09:00.552, 1886579998646, vstest.console.dll, AssemblyResolver.OnResolve: Microsoft.Bcl.AsyncInterfaces: Resolved from cache.
TpTrace Verbose: 0 : 16036, 1, 2024/07/23, 21:09:00.553, 1886579999325, vstest.console.dll, CurrentDomainAssemblyResolve: Resolving assembly 'Microsoft.Bcl.AsyncInterfaces'.
TpTrace Information: 0 : 16036, 1, 2024/07/23, 21:09:00.553, 1886580000450, vstest.console.dll, AssemblyResolver.OnResolve: Microsoft.Bcl.AsyncInterfaces: Resolving assembly.
TpTrace Information: 0 : 16036, 1, 2024/07/23, 21:09:00.553, 1886580001067, vstest.console.dll, AssemblyResolver.OnResolve: Microsoft.Bcl.AsyncInterfaces: Resolved from cache.
TpTrace Verbose: 0 : 16036, 1, 2024/07/23, 21:09:00.553, 1886580001661, vstest.console.dll, CurrentDomainAssemblyResolve: Resolving assembly 'Microsoft.Bcl.AsyncInterfaces'.
TpTrace Verbose: 0 : 16036, 1, 2024/07/23, 21:09:00.553, 1886580002414, vstest.console.dll, CurrentDomainAssemblyResolve: Failed to resolve assembly 'Microsoft.Bcl.AsyncInterfaces'.
TpTrace Verbose: 0 : 16036, 1, 2024/07/23, 21:09:00.553, 1886580004223, vstest.console.dll, CurrentDomainAssemblyResolve: Failed to resolve assembly 'Microsoft.Bcl.AsyncInterfaces'.
TpTrace Warning: 0 : 16036, 1, 2024/07/23, 21:09:00.553, 1886580007902, vstest.console.dll, TestPluginDiscoverer: Failed to get types from assembly 'Microsoft.Diagnostics.NETCore.Client, Version=0.2.6.42401, Culture=neutral, PublicKeyToken=31bf3856ad364e35'. Error: System.Reflection.ReflectionTypeLoadException: Unable to load one or more of the requested types.
Could not load file or assembly 'Microsoft.Bcl.AsyncInterfaces, Version=1.0.0.0, Culture=neutral, PublicKeyToken=cc7b13ffcd2ddd51'. The system cannot find the file specified.
   at System.Reflection.RuntimeModule.GetTypes(RuntimeModule module)
   at System.Reflection.Assembly.GetTypes()
   at Microsoft.VisualStudio.TestPlatform.Common.ExtensionFramework.TestPluginDiscoverer.GetTestExtensionsFromAssembly[TPluginInfo,TExtension](Assembly assembly, Dictionary`2 pluginInfos, String filePath)
System.IO.FileNotFoundException: Could not load file or assembly 'Microsoft.Bcl.AsyncInterfaces, Version=1.0.0.0, Culture=neutral, PublicKeyToken=cc7b13ffcd2ddd51'. The system cannot find the file specified.
File name: 'Microsoft.Bcl.AsyncInterfaces, Version=1.0.0.0, Culture=neutral, PublicKeyToken=cc7b13ffcd2ddd51'
 ---> System.IO.FileNotFoundException: Could not load file or assembly 'Microsoft.Bcl.AsyncInterfaces, Culture=neutral, PublicKeyToken=null'. The system cannot find the file specified.
File name: 'Microsoft.Bcl.AsyncInterfaces, Culture=neutral, PublicKeyToken=null'
   at System.Reflection.RuntimeAssembly.InternalLoad(ObjectHandleOnStack assemblyName, ObjectHandleOnStack requestingAssembly, StackCrawlMarkHandle stackMark, Boolean throwOnFileNotFound, ObjectHandleOnStack assemblyLoadContext, ObjectHandleOnStack retAssembly)
   at System.Reflection.RuntimeAssembly.InternalLoad(AssemblyName assemblyName, RuntimeAssembly requestingAssembly, StackCrawlMark& stackMark, Boolean throwOnFileNotFound, AssemblyLoadContext assemblyLoadContext)
   at System.Reflection.Assembly.Load(AssemblyName assemblyRef)
   at Microsoft.VisualStudio.TestPlatform.Common.ExtensionFramework.TestPluginCache.CurrentDomainAssemblyResolve(Object sender, AssemblyResolveEventArgs args)
   at Microsoft.VisualStudio.TestPlatform.PlatformAbstractions.PlatformAssemblyResolver.AssemblyResolverEvent(Object sender, Object eventArgs)
   at System.Runtime.Loader.AssemblyLoadContext.GetFirstResolvedAssemblyFromResolvingEvent(AssemblyName assemblyName)
   at System.Runtime.Loader.AssemblyLoadContext.ResolveUsingEvent(AssemblyName assemblyName)
   at System.Runtime.Loader.AssemblyLoadContext.ResolveUsingResolvingEvent(IntPtr gchManagedAssemblyLoadContext, AssemblyName assemblyName)
TpTrace Warning: 0 : 16036, 1, 2024/07/23, 21:09:00.554, 1886580010292, vstest.console.dll, LoaderExceptions: System.IO.FileNotFoundException: Could not load file or assembly 'Microsoft.Bcl.AsyncInterfaces, Version=1.0.0.0, Culture=neutral, PublicKeyToken=cc7b13ffcd2ddd51'. The system cannot find the file specified.
File name: 'Microsoft.Bcl.AsyncInterfaces, Version=1.0.0.0, Culture=neutral, PublicKeyToken=cc7b13ffcd2ddd51'
 ---> System.IO.FileNotFoundException: Could not load file or assembly 'Microsoft.Bcl.AsyncInterfaces, Culture=neutral, PublicKeyToken=null'. The system cannot find the file specified.
File name: 'Microsoft.Bcl.AsyncInterfaces, Culture=neutral, PublicKeyToken=null'
   at System.Reflection.RuntimeAssembly.InternalLoad(ObjectHandleOnStack assemblyName, ObjectHandleOnStack requestingAssembly, StackCrawlMarkHandle stackMark, Boolean throwOnFileNotFound, ObjectHandleOnStack assemblyLoadContext, ObjectHandleOnStack retAssembly)
   at System.Reflection.RuntimeAssembly.InternalLoad(AssemblyName assemblyName, RuntimeAssembly requestingAssembly, StackCrawlMark& stackMark, Boolean throwOnFileNotFound, AssemblyLoadContext assemblyLoadContext)
   at System.Reflection.Assembly.Load(AssemblyName assemblyRef)
   at Microsoft.VisualStudio.TestPlatform.Common.ExtensionFramework.TestPluginCache.CurrentDomainAssemblyResolve(Object sender, AssemblyResolveEventArgs args)
   at Microsoft.VisualStudio.TestPlatform.PlatformAbstractions.PlatformAssemblyResolver.AssemblyResolverEvent(Object sender, Object eventArgs)
   at System.Runtime.Loader.AssemblyLoadContext.GetFirstResolvedAssemblyFromResolvingEvent(AssemblyName assemblyName)
   at System.Runtime.Loader.AssemblyLoadContext.ResolveUsingEvent(AssemblyName assemblyName)
   at System.Runtime.Loader.AssemblyLoadContext.ResolveUsingResolvingEvent(IntPtr gchManagedAssemblyLoadContext, AssemblyName assemblyName)
TpTrace Verbose: 0 : 16036, 1, 2024/07/23, 21:09:00.554, 1886580011624, vstest.console.dll, MetadataReaderExtensionsHelper: Discovering extensions inside assembly 'Microsoft.TestPlatform.Extensions.BlameDataCollector, Version=15.0.0.0, Culture=neutral, PublicKeyToken=b03f5f7f11d50a3a' file path 'C:\Program Files (x86)\dotnet\sdk\6.0.408\Extensions\Microsoft.TestPlatform.Extensions.BlameDataCollector.dll'
TpTrace Information: 0 : 16036, 1, 2024/07/23, 21:09:00.554, 1886580016249, vstest.console.dll, GetTestExtensionFromType: Register extension with identifier data 'logger://Microsoft/TestPlatform/Extensions/Blame/v1' and type 'Microsoft.TestPlatform.Extensions.BlameDataCollector.BlameLogger, Microsoft.TestPlatform.Extensions.BlameDataCollector, Version=15.0.0.0, Culture=neutral, PublicKeyToken=b03f5f7f11d50a3a' inside file 'C:\Program Files (x86)\dotnet\sdk\6.0.408\Extensions\Microsoft.TestPlatform.Extensions.BlameDataCollector.dll'
TpTrace Verbose: 0 : 16036, 1, 2024/07/23, 21:09:00.554, 1886580017170, vstest.console.dll, MetadataReaderExtensionsHelper: Discovering extensions inside assembly 'Microsoft.TestPlatform.Extensions.EventLogCollector, Version=15.0.0.0, Culture=neutral, PublicKeyToken=b03f5f7f11d50a3a' file path 'C:\Program Files (x86)\dotnet\sdk\6.0.408\Extensions\Microsoft.TestPlatform.Extensions.EventLogCollector.dll'
TpTrace Verbose: 0 : 16036, 1, 2024/07/23, 21:09:00.555, 1886580019836, vstest.console.dll, MetadataReaderExtensionsHelper: Discovering extensions inside assembly 'Microsoft.TestPlatform.TestHostRuntimeProvider, Version=15.0.0.0, Culture=neutral, PublicKeyToken=b03f5f7f11d50a3a' file path 'C:\Program Files (x86)\dotnet\sdk\6.0.408\Extensions\Microsoft.TestPlatform.TestHostRuntimeProvider.dll'
TpTrace Verbose: 0 : 16036, 1, 2024/07/23, 21:09:00.555, 1886580022620, vstest.console.dll, MetadataReaderExtensionsHelper: Discovering extensions inside assembly 'Microsoft.VisualStudio.TestPlatform.Extensions.Html.TestLogger, Version=15.0.0.0, Culture=neutral, PublicKeyToken=b03f5f7f11d50a3a' file path 'C:\Program Files (x86)\dotnet\sdk\6.0.408\Extensions\Microsoft.VisualStudio.TestPlatform.Extensions.Html.TestLogger.dll'
TpTrace Information: 0 : 16036, 1, 2024/07/23, 21:09:00.555, 1886580025634, vstest.console.dll, GetTestExtensionFromType: Register extension with identifier data 'logger://Microsoft/TestPlatform/HtmlLogger/v1' and type 'Microsoft.VisualStudio.TestPlatform.Extensions.HtmlLogger.HtmlLogger, Microsoft.VisualStudio.TestPlatform.Extensions.Html.TestLogger, Version=15.0.0.0, Culture=neutral, PublicKeyToken=b03f5f7f11d50a3a' inside file 'C:\Program Files (x86)\dotnet\sdk\6.0.408\Extensions\Microsoft.VisualStudio.TestPlatform.Extensions.Html.TestLogger.dll'
TpTrace Verbose: 0 : 16036, 1, 2024/07/23, 21:09:00.555, 1886580026836, vstest.console.dll, MetadataReaderExtensionsHelper: Discovering extensions inside assembly 'Microsoft.VisualStudio.TestPlatform.Extensions.Trx.TestLogger, Version=15.0.0.0, Culture=neutral, PublicKeyToken=b03f5f7f11d50a3a' file path 'C:\Program Files (x86)\dotnet\sdk\6.0.408\Extensions\Microsoft.VisualStudio.TestPlatform.Extensions.Trx.TestLogger.dll'
TpTrace Information: 0 : 16036, 1, 2024/07/23, 21:09:00.556, 1886580029925, vstest.console.dll, GetTestExtensionFromType: Register extension with identifier data 'logger://Microsoft/TestPlatform/TrxLogger/v1' and type 'Microsoft.VisualStudio.TestPlatform.Extensions.TrxLogger.TrxLogger, Microsoft.VisualStudio.TestPlatform.Extensions.Trx.TestLogger, Version=15.0.0.0, Culture=neutral, PublicKeyToken=b03f5f7f11d50a3a' inside file 'C:\Program Files (x86)\dotnet\sdk\6.0.408\Extensions\Microsoft.VisualStudio.TestPlatform.Extensions.Trx.TestLogger.dll'
TpTrace Verbose: 0 : 16036, 1, 2024/07/23, 21:09:00.556, 1886580030837, vstest.console.dll, TestPluginCache: Discovered the extensions using extension path ''.
TpTrace Verbose: 0 : 16036, 1, 2024/07/23, 21:09:00.556, 1886580031406, vstest.console.dll, TestPluginCache: Discoverers are ''.
TpTrace Verbose: 0 : 16036, 1, 2024/07/23, 21:09:00.556, 1886580032004, vstest.console.dll, TestPluginCache: Executors are ''.
TpTrace Verbose: 0 : 16036, 1, 2024/07/23, 21:09:00.556, 1886580032523, vstest.console.dll, TestPluginCache: Executors2 are ''.
TpTrace Verbose: 0 : 16036, 1, 2024/07/23, 21:09:00.556, 1886580033029, vstest.console.dll, TestPluginCache: Setting providers are ''.
TpTrace Verbose: 0 : 16036, 1, 2024/07/23, 21:09:00.556, 1886580034314, vstest.console.dll, TestPluginCache: Loggers are 'logger://Microsoft/TestPlatform/Extensions/Blame/v1,logger://Microsoft/TestPlatform/HtmlLogger/v1,logger://Microsoft/TestPlatform/TrxLogger/v1'.
TpTrace Verbose: 0 : 16036, 1, 2024/07/23, 21:09:00.556, 1886580034947, vstest.console.dll, TestPluginCache: TestHosts are 'HostProvider://DefaultTestHost,HostProvider://DotnetTestHost'.
TpTrace Verbose: 0 : 16036, 1, 2024/07/23, 21:09:00.556, 1886580035505, vstest.console.dll, TestPluginCache: DataCollectors are ''.
TpTrace Information: 0 : 16036, 1, 2024/07/23, 21:09:00.557, 1886580041079, vstest.console.dll, TestPluginManager.CreateTestExtension: Attempting to load test extension: Microsoft.TestPlatform.Extensions.BlameDataCollector.BlameLogger
TpTrace Verbose: 0 : 16036, 1, 2024/07/23, 21:09:00.562, 1886580096851, vstest.console.dll, TestEngine: Initializing Parallel Execution as MaxCpuCount is set to: 1
TpTrace Information: 0 : 16036, 1, 2024/07/23, 21:09:00.564, 1886580112697, vstest.console.dll, TestPluginManager.CreateTestExtension: Attempting to load test extension: Microsoft.VisualStudio.TestPlatform.CrossPlatEngine.Hosting.DefaultTestHostManager
TpTrace Information: 0 : 16036, 1, 2024/07/23, 21:09:00.565, 1886580122839, vstest.console.dll, TestPluginManager.CreateTestExtension: Attempting to load test extension: Microsoft.VisualStudio.TestPlatform.CrossPlatEngine.Hosting.DotnetTestHostManager
TpTrace Information: 0 : 16036, 1, 2024/07/23, 21:09:00.565, 1886580127806, vstest.console.dll, InferRunSettingsHelper.IsTestSettingsEnabled: Unable to navigate to RunSettings/MSTest. Current node: RunSettings
TpTrace Verbose: 0 : 16036, 1, 2024/07/23, 21:09:00.570, 1886580173994, vstest.console.dll, TestEngine.GetExecutionManager: Chosen execution manager 'Microsoft.VisualStudio.TestPlatform.CrossPlatEngine.Client.Parallel.ParallelProxyExecutionManager, Microsoft.TestPlatform.CrossPlatEngine, Version=15.0.0.0, Culture=neutral, PublicKeyToken=b03f5f7f11d50a3a' ParallelLevel '1'.
TpTrace Verbose: 0 : 16036, 1, 2024/07/23, 21:09:00.570, 1886580175979, vstest.console.dll, TestRunRequest.ExecuteAsync: Creating test run request.
TpTrace Verbose: 0 : 16036, 1, 2024/07/23, 21:09:00.570, 1886580178138, vstest.console.dll, TestRunRequest.ExecuteAsync: Starting.
TpTrace Information: 0 : 16036, 1, 2024/07/23, 21:09:00.571, 1886580181898, vstest.console.dll, TestRunRequest.ExecuteAsync: Starting run with settings:TestRunCriteria:
   KeepAlive=False,FrequencyOfRunStatsChangeEvent=10,RunStatsChangeEventTimeout=00:00:01.5000000,TestCaseFilter=,TestExecutorLauncher=
   Settingsxml=<RunSettings>
  <RunConfiguration>
    <ResultsDirectory>D:\SoftUni\Front-End-Test-Automation-July-2024\10.Appium-Exercise-1-POM\AppiumTestsExercise1\AppiumTestsExercise1\bin\Debug\net6.0\fine-code-coverage\coverage-tool-output</ResultsDirectory>
    <TargetPlatform>X86</TargetPlatform>
    <TargetFrameworkVersion>.NETCoreApp,Version=v6.0</TargetFrameworkVersion>
    <DesignMode>False</DesignMode>
    <CollectSourceInformation>False</CollectSourceInformation>
  </RunConfiguration>
  <LoggerRunSettings>
    <Loggers>
      <Logger friendlyName="blame" enabled="True" />
      <Logger friendlyName="Console" uri="logger://microsoft/TestPlatform/ConsoleLogger/v1" assemblyQualifiedName="Microsoft.VisualStudio.TestPlatform.CommandLine.Internal.ConsoleLogger, vstest.console, Version=15.0.0.0, Culture=neutral, PublicKeyToken=b03f5f7f11d50a3a" codeBase="C:\Program Files (x86)\dotnet\sdk\6.0.408\vstest.console.dll" enabled="True" />
    </Loggers>
  </LoggerRunSettings>
  <DataCollectionRunSettings>
    <DataCollectors>
      <DataCollector friendlyName="blame" enabled="True">
        <Configuration>
          <ResultsDirectory>D:\SoftUni\Front-End-Test-Automation-July-2024\10.Appium-Exercise-1-POM\AppiumTestsExercise1\AppiumTestsExercise1\bin\Debug\net6.0\fine-code-coverage\coverage-tool-output</ResultsDirectory>
        </Configuration>
      </DataCollector>
    </DataCollectors>
  </DataCollectionRunSettings>
</RunSettings>

TpTrace Verbose: 0 : 16036, 1, 2024/07/23, 21:09:00.571, 1886580183121, vstest.console.dll, TestRunRequest.ExecuteAsync: Wait for the first run request is over.
TpTrace Verbose: 0 : 16036, 1, 2024/07/23, 21:09:00.571, 1886580186376, vstest.console.dll, MulticastDelegateUtilities.SafeInvoke: TestRun.TestRunStart: Invoking callbacks was skipped because there are no subscribers.
TpTrace Verbose: 0 : 16036, 4, 2024/07/23, 21:09:00.571, 1886580188470, vstest.console.dll, MulticastDelegateUtilities.SafeInvoke: InternalTestLoggerEvents.SendTestRunStart: Invoking callback 1/1 for Microsoft.VisualStudio.TestPlatform.CommandLine.Internal.ConsoleLogger.TestRunStartHandler, took 0 ms.
TpTrace Verbose: 0 : 16036, 1, 2024/07/23, 21:09:00.572, 1886580196165, vstest.console.dll, ParallelProxyExecutionManager: Start execution. Total sources: 1
TpTrace Verbose: 0 : 16036, 1, 2024/07/23, 21:09:00.574, 1886580209087, vstest.console.dll, TestRequestSender is acting as server.
TpTrace Verbose: 0 : 16036, 1, 2024/07/23, 21:09:00.575, 1886580219588, vstest.console.dll, DataCollectionRequestSender.InitializeCommunication : Initialize communication. 
TpTrace Information: 0 : 16036, 1, 2024/07/23, 21:09:00.583, 1886580302608, vstest.console.dll, Listening on Endpoint : 127.0.0.1:50189
TpTrace Verbose: 0 : 16036, 1, 2024/07/23, 21:09:00.590, 1886580374294, vstest.console.dll, DotnetDataCollectionLauncher: Adding  --runtimeconfig "C:\Program Files (x86)\dotnet\sdk\6.0.408\datacollector.runtimeconfig.json" in args
TpTrace Verbose: 0 : 16036, 1, 2024/07/23, 21:09:00.590, 1886580375578, vstest.console.dll, DotnetDataCollectionLauncher: Adding  --depsfile "C:\Program Files (x86)\dotnet\sdk\6.0.408\datacollector.deps.json" in args
TpTrace Verbose: 0 : 16036, 1, 2024/07/23, 21:09:00.590, 1886580377808, vstest.console.dll, DotnetDataCollectionLauncher: Full path of dotnet.exe is C:\Program Files (x86)\dotnet\dotnet.exe
TpTrace Information: 0 : 16036, 1, 2024/07/23, 21:09:00.603, 1886580502040, vstest.console.dll, ProxyDataCollectionManager.Initialize: Launched datacollector processId: 6884 port: 50189
TpTrace Information: 0 : 16036, 1, 2024/07/23, 21:09:00.603, 1886580504434, vstest.console.dll, ProxyDataCollectionManager.Initialize: waiting for connection with timeout: 90 seconds
TpTrace Verbose: 0 : 16036, 1, 2024/07/23, 21:09:00.603, 1886580505920, vstest.console.dll, DataCollectionRequestSender.WaitForRequestHandlerConnection : Waiting for connection with timeout: 90000
TpTrace Information: 0 : 16036, 5, 2024/07/23, 21:09:00.776, 1886582229162, vstest.console.dll, Using the buffer size of 16384 bytes
TpTrace Verbose: 0 : 16036, 1, 2024/07/23, 21:09:00.776, 1886582229361, vstest.console.dll, SocketCommunicationManager.WaitForClientConnection took: 172 ms, with 90000 ms timeout, and finished with True.
TpTrace Information: 0 : 16036, 5, 2024/07/23, 21:09:00.776, 1886582230709, vstest.console.dll, Accepted Client request and set the flag
TpTrace Verbose: 0 : 16036, 1, 2024/07/23, 21:09:00.776, 1886582232454, vstest.console.dll, ProxyDataCollectionManager.InvokeDataCollectionServiceAction: Starting.
TpTrace Information: 0 : 16036, 1, 2024/07/23, 21:09:00.776, 1886582234372, vstest.console.dll, ProxyDataCollectionManager.BeforeTestRunStart: Get environment variable and port for datacollector processId: 6884 port: 50189
TpTrace Verbose: 0 : 16036, 1, 2024/07/23, 21:09:00.776, 1886582236157, vstest.console.dll, DataCollectionRequestSender.SendBeforeTestRunStartAndGetResult: Send BeforeTestRunStart message with settingsXml <RunSettings><RunConfiguration><ResultsDirectory>D:\SoftUni\Front-End-Test-Automation-July-2024\10.Appium-Exercise-1-POM\AppiumTestsExercise1\AppiumTestsExercise1\bin\Debug\net6.0\fine-code-coverage\coverage-tool-output</ResultsDirectory><TargetPlatform>X86</TargetPlatform><TargetFrameworkVersion>.NETCoreApp,Version=v6.0</TargetFrameworkVersion><DesignMode>False</DesignMode><CollectSourceInformation>False</CollectSourceInformation><TestAdaptersPaths>C:\Program Files (x86)\dotnet\sdk\6.0.408\Extensions</TestAdaptersPaths></RunConfiguration><LoggerRunSettings><Loggers><Logger friendlyName="blame" enabled="True" /><Logger friendlyName="Console" uri="logger://microsoft/TestPlatform/ConsoleLogger/v1" assemblyQualifiedName="Microsoft.VisualStudio.TestPlatform.CommandLine.Internal.ConsoleLogger, vstest.console, Version=15.0.0.0, Culture=neutral, PublicKeyToken=b03f5f7f11d50a3a" codeBase="C:\Program Files (x86)\dotnet\sdk\6.0.408\vstest.console.dll" enabled="True" /></Loggers></LoggerRunSettings><DataCollectionRunSettings><DataCollectors><DataCollector friendlyName="blame" enabled="True"><Configuration><ResultsDirectory>D:\SoftUni\Front-End-Test-Automation-July-2024\10.Appium-Exercise-1-POM\AppiumTestsExercise1\AppiumTestsExercise1\bin\Debug\net6.0\fine-code-coverage\coverage-tool-output</ResultsDirectory></Configuration></DataCollector></DataCollectors></DataCollectionRunSettings></RunSettings> and sources System.Collections.Generic.List`1[System.String]: 
TpTrace Verbose: 0 : 16036, 1, 2024/07/23, 21:09:00.833, 1886582803204, vstest.console.dll, DataCollectionRequestSender.SendBeforeTestRunStartAndGetResult: Received message: (DataCollection.SendMessage) -> {"MessageType":"DataCollection.SendMessage","Payload":{"FriendlyName":null,"Uri":null,"TestCaseId":"00000000-0000-0000-0000-000000000000","Message":"Logging DataCollector Diagnostics in file: D:\\SoftUni\\Front-End-Test-Automation-July-2024\\10.Appium-Exercise-1-POM\\AppiumTestsExercise1\\AppiumTestsExercise1\\bin\\Debug\\net6.0\\fine-code-coverage\\coverage-tool-output\\diagnostics.datacollector.24-07-23_21-09-00_59031_1.log","Level":0}}
TpTrace Verbose: 0 : 16036, 1, 2024/07/23, 21:09:00.913, 1886583606108, vstest.console.dll, DataCollectionRequestSender.SendBeforeTestRunStartAndGetResult: Received message: (DataCollection.BeforeTestRunStartResult) -> {"MessageType":"DataCollection.BeforeTestRunStartResult","Payload":{"EnvironmentVariables":{},"DataCollectionEventsPort":50191}}
TpTrace Information: 0 : 16036, 1, 2024/07/23, 21:09:00.918, 1886583654796, vstest.console.dll, ProxyDataCollectionManager.BeforeTestRunStart: SendBeforeTestRunStartAndGetResult successful, env variable from datacollector:   and testhost port: 50191
TpTrace Information: 0 : 16036, 1, 2024/07/23, 21:09:00.918, 1886583656124, vstest.console.dll, ProxyDataCollectionManager.InvokeDataCollectionServiceAction: Completed.
TpTrace Verbose: 0 : 16036, 7, 2024/07/23, 21:09:00.918, 1886583658016, vstest.console.dll, ParallelProxyExecutionManager: Execution started. Started clients: 1
TpTrace Verbose: 0 : 16036, 1, 2024/07/23, 21:09:00.918, 1886583658337, vstest.console.dll, ProxyParallelExecutionManager: No sources available for execution.
TpTrace Information: 0 : 16036, 1, 2024/07/23, 21:09:00.919, 1886583659953, vstest.console.dll, TestRunRequest.ExecuteAsync: Started.
TpTrace Verbose: 0 : 16036, 7, 2024/07/23, 21:09:00.919, 1886583660936, vstest.console.dll, TestRunRequest:SendTestRunMessage: Starting.
TpTrace Verbose: 0 : 16036, 1, 2024/07/23, 21:09:00.919, 1886583661015, vstest.console.dll, TestRunRequest.WaitForCompletion: Waiting with timeout -1.
TpTrace Verbose: 0 : 16036, 7, 2024/07/23, 21:09:00.919, 1886583662747, vstest.console.dll, MulticastDelegateUtilities.SafeInvoke: TestRun.LogMessages: Invoking callback 1/1 for Microsoft.VisualStudio.TestPlatform.CommandLine.TestRunResultAggregator.TestRunMessageHandler, took 0 ms.
TpTrace Verbose: 0 : 16036, 4, 2024/07/23, 21:09:00.919, 1886583662789, vstest.console.dll, MulticastDelegateUtilities.SafeInvoke: InternalTestLoggerEvents.SendTestRunMessage: Invoking callback 1/1 for Microsoft.VisualStudio.TestPlatform.CommandLine.Internal.ConsoleLogger.TestMessageHandler, took 0 ms.
TpTrace Information: 0 : 16036, 7, 2024/07/23, 21:09:00.919, 1886583663655, vstest.console.dll, TestRunRequest:SendTestRunMessage: Completed.
TpTrace Verbose: 0 : 16036, 7, 2024/07/23, 21:09:00.919, 1886583667681, vstest.console.dll, ProxyExecutionManager: Test host is always Lazy initialize.
TpTrace Verbose: 0 : 16036, 7, 2024/07/23, 21:09:00.920, 1886583670784, vstest.console.dll, TestRequestSender.InitializeCommunication: initialize communication. 
TpTrace Information: 0 : 16036, 7, 2024/07/23, 21:09:00.921, 1886583679459, vstest.console.dll, SocketServer.Start: Listening on endpoint : 127.0.0.1:50192
TpTrace Verbose: 0 : 16036, 7, 2024/07/23, 21:09:00.921, 1886583688140, vstest.console.dll, DotnetTestHostmanager.GetTestHostProcessStartInfo: Platform environment 'X64' target architecture 'X86' framework '.NETCoreApp,Version=v6.0' OS 'Windows'
TpTrace Verbose: 0 : 16036, 7, 2024/07/23, 21:09:00.922, 1886583690652, vstest.console.dll, DotnetTestHostmanager: Adding  --runtimeconfig "D:\SoftUni\Front-End-Test-Automation-July-2024\10.Appium-Exercise-1-POM\AppiumTestsExercise1\AppiumTestsExercise1\bin\Debug\net6.0\fine-code-coverage\build-output\AppiumTestsExercise1.runtimeconfig.json" in args
TpTrace Verbose: 0 : 16036, 7, 2024/07/23, 21:09:00.922, 1886583691892, vstest.console.dll, DotnetTestHostmanager: Adding  --depsfile "D:\SoftUni\Front-End-Test-Automation-July-2024\10.Appium-Exercise-1-POM\AppiumTestsExercise1\AppiumTestsExercise1\bin\Debug\net6.0\fine-code-coverage\build-output\AppiumTestsExercise1.deps.json" in args
TpTrace Verbose: 0 : 16036, 7, 2024/07/23, 21:09:00.922, 1886583694807, vstest.console.dll, DotnetTestHostmanager.IsWinOnArm: Current PROCESSOR_ARCHITECTURE from environment variable 'AMD64'
TpTrace Verbose: 0 : 16036, 7, 2024/07/23, 21:09:00.922, 1886583696134, vstest.console.dll, DotnetTestHostmanager.IsWinOnArm: Is Windows on ARM 'False'
TpTrace Information: 0 : 16036, 7, 2024/07/23, 21:09:00.922, 1886583698107, vstest.console.dll, AssemblyResolver.OnResolve: Microsoft.Extensions.DependencyModel: Resolving assembly.
TpTrace Information: 0 : 16036, 7, 2024/07/23, 21:09:00.923, 1886583699229, vstest.console.dll, AssemblyResolver.OnResolve: Microsoft.Extensions.DependencyModel: Searching in: 'C:\Program Files (x86)\dotnet\sdk\6.0.408\Extensions'.
TpTrace Information: 0 : 16036, 7, 2024/07/23, 21:09:00.923, 1886583700995, vstest.console.dll, AssemblyResolver.OnResolve: Microsoft.Extensions.DependencyModel: Assembly path does not exist: 'C:\Program Files (x86)\dotnet\sdk\6.0.408\Extensions\Microsoft.Extensions.DependencyModel.dll', returning.
TpTrace Information: 0 : 16036, 7, 2024/07/23, 21:09:00.923, 1886583702525, vstest.console.dll, AssemblyResolver.OnResolve: Microsoft.Extensions.DependencyModel: Assembly path does not exist: 'C:\Program Files (x86)\dotnet\sdk\6.0.408\Extensions\Microsoft.Extensions.DependencyModel.exe', returning.
TpTrace Information: 0 : 16036, 7, 2024/07/23, 21:09:00.923, 1886583703495, vstest.console.dll, AssemblyResolver.OnResolve: Microsoft.Extensions.DependencyModel: Searching in: 'C:\Program Files (x86)\dotnet\sdk\6.0.408'.
TpTrace Information: 0 : 16036, 7, 2024/07/23, 21:09:00.923, 1886583706616, vstest.console.dll, AssemblyResolver.OnResolve: Microsoft.Extensions.DependencyModel: Loading assembly 'C:\Program Files (x86)\dotnet\sdk\6.0.408\Microsoft.Extensions.DependencyModel.dll'.
TpTrace Information: 0 : 16036, 7, 2024/07/23, 21:09:00.924, 1886583711630, vstest.console.dll, AssemblyResolver.OnResolve: Resolved assembly: Microsoft.Extensions.DependencyModel, from path: C:\Program Files (x86)\dotnet\sdk\6.0.408\Microsoft.Extensions.DependencyModel.dll
TpTrace Verbose: 0 : 16036, 7, 2024/07/23, 21:09:00.924, 1886583714437, vstest.console.dll, DotnetTestHostmanager: Runtimeconfig.dev.json D:\SoftUni\Front-End-Test-Automation-July-2024\10.Appium-Exercise-1-POM\AppiumTestsExercise1\AppiumTestsExercise1\bin\Debug\net6.0\fine-code-coverage\build-output\AppiumTestsExercise1.runtimeconfig.dev.json does not exist.
TpTrace Verbose: 0 : 16036, 7, 2024/07/23, 21:09:00.924, 1886583715262, vstest.console.dll, DotnetTestHostManager: Found testhost.dll in source directory: D:\SoftUni\Front-End-Test-Automation-July-2024\10.Appium-Exercise-1-POM\AppiumTestsExercise1\AppiumTestsExercise1\bin\Debug\net6.0\fine-code-coverage\build-output\testhost.dll.
TpTrace Verbose: 0 : 16036, 7, 2024/07/23, 21:09:00.924, 1886583716132, vstest.console.dll, DotnetTestHostmanager: Current process architetcure 'X86'
TpTrace Verbose: 0 : 16036, 7, 2024/07/23, 21:09:00.924, 1886583718902, vstest.console.dll, DotnetTestHostmanager.LaunchTestHostAsync: Compatible muxer architecture of running process 'X86' and target architecture 'X86'
TpTrace Verbose: 0 : 16036, 7, 2024/07/23, 21:09:00.925, 1886583719558, vstest.console.dll, DotnetTestHostmanager: Full path of testhost.dll is D:\SoftUni\Front-End-Test-Automation-July-2024\10.Appium-Exercise-1-POM\AppiumTestsExercise1\AppiumTestsExercise1\bin\Debug\net6.0\fine-code-coverage\build-output\testhost.dll
TpTrace Verbose: 0 : 16036, 7, 2024/07/23, 21:09:00.925, 1886583720169, vstest.console.dll, DotnetTestHostmanager: Full path of host exe is C:\Program Files (x86)\dotnet\dotnet.exe
TpTrace Verbose: 0 : 16036, 7, 2024/07/23, 21:09:00.925, 1886583722135, vstest.console.dll, DotnetTestHostManager: Starting process 'C:\Program Files (x86)\dotnet\dotnet.exe' with command line 'exec --runtimeconfig "D:\SoftUni\Front-End-Test-Automation-July-2024\10.Appium-Exercise-1-POM\AppiumTestsExercise1\AppiumTestsExercise1\bin\Debug\net6.0\fine-code-coverage\build-output\AppiumTestsExercise1.runtimeconfig.json" --depsfile "D:\SoftUni\Front-End-Test-Automation-July-2024\10.Appium-Exercise-1-POM\AppiumTestsExercise1\AppiumTestsExercise1\bin\Debug\net6.0\fine-code-coverage\build-output\AppiumTestsExercise1.deps.json" "D:\SoftUni\Front-End-Test-Automation-July-2024\10.Appium-Exercise-1-POM\AppiumTestsExercise1\AppiumTestsExercise1\bin\Debug\net6.0\fine-code-coverage\build-output\testhost.dll" --port 50192 --endpoint 127.0.0.1:050192 --role client --parentprocessid 16036 --diag "D:\SoftUni\Front-End-Test-Automation-July-2024\10.Appium-Exercise-1-POM\AppiumTestsExercise1\AppiumTestsExercise1\bin\Debug\net6.0\fine-code-coverage\coverage-tool-output\diagnostics.host.24-07-23_21-09-00_92151_7.log" --tracelevel 4 --datacollectionport 50191 --telemetryoptedin false'
TpTrace Verbose: 0 : 16036, 7, 2024/07/23, 21:09:00.932, 1886583789336, vstest.console.dll, MulticastDelegateUtilities.SafeInvoke: HostProviderEvents.OnHostLaunched: Invoking callback 1/2 for Microsoft.VisualStudio.TestPlatform.CrossPlatEngine.Client.ProxyExecutionManagerWithDataCollection.TestHostLaunchedHandler, took 1 ms.
TpTrace Verbose: 0 : 16036, 7, 2024/07/23, 21:09:00.932, 1886583790638, vstest.console.dll, Test Runtime launched
TpTrace Verbose: 0 : 16036, 7, 2024/07/23, 21:09:00.932, 1886583791387, vstest.console.dll, MulticastDelegateUtilities.SafeInvoke: HostProviderEvents.OnHostLaunched: Invoking callback 2/2 for Microsoft.VisualStudio.TestPlatform.CrossPlatEngine.Client.ProxyOperationManager.TestHostManagerHostLaunched, took 0 ms.
TpTrace Verbose: 0 : 16036, 7, 2024/07/23, 21:09:00.932, 1886583792889, vstest.console.dll, TestRequestSender.WaitForRequestHandlerConnection: waiting for connection with timeout: 90000.
TpTrace Verbose: 0 : 16036, 7, 2024/07/23, 21:09:01.112, 1886585597897, vstest.console.dll, TestRequestSender.WaitForRequestHandlerConnection: waiting took 180 ms, with timeout 90000 ms, and result 0, which is success.
TpTrace Verbose: 0 : 16036, 13, 2024/07/23, 21:09:01.112, 1886585597850, vstest.console.dll, MulticastDelegateUtilities.SafeInvoke: SocketServer: ClientConnected: Invoking callback 1/1 for Microsoft.VisualStudio.TestPlatform.CommunicationUtilities.TestRequestSender.<InitializeCommunication>b__24_0, took 0 ms.
TpTrace Verbose: 0 : 16036, 13, 2024/07/23, 21:09:01.113, 1886585600584, vstest.console.dll, SocketServer.OnClientConnected: Client connected for endPoint: 127.0.0.1:50192, starting MessageLoopAsync:
TpTrace Verbose: 0 : 16036, 13, 2024/07/23, 21:09:01.113, 1886585604522, vstest.console.dll, TcpClientExtensions.MessageLoopAsync: Polling on remoteEndPoint: 127.0.0.1:50193 localEndPoint: 127.0.0.1:50192
TpTrace Verbose: 0 : 16036, 7, 2024/07/23, 21:09:01.113, 1886585605031, vstest.console.dll, TestRequestSender.CheckVersionWithTestHost: Sending check version message: {"MessageType":"ProtocolVersion","Payload":7}
TpTrace Verbose: 0 : 16036, 13, 2024/07/23, 21:09:01.257, 1886587042449, vstest.console.dll, TcpClientExtensions.MessageLoopAsync: NotifyDataAvailable remoteEndPoint: 127.0.0.1:50193 localEndPoint: 127.0.0.1:50192
TpTrace Verbose: 0 : 16036, 13, 2024/07/23, 21:09:01.257, 1886587044523, vstest.console.dll, TestRequestSender.CheckVersionWithTestHost: onMessageReceived received message: (ProtocolVersion) -> {"MessageType":"ProtocolVersion","Payload":7}
TpTrace Verbose: 0 : 16036, 13, 2024/07/23, 21:09:01.258, 1886587049352, vstest.console.dll, MulticastDelegateUtilities.SafeInvoke: LengthPrefixCommunicationChannel: MessageReceived: Invoking callback 1/1 for Microsoft.VisualStudio.TestPlatform.CommunicationUtilities.TestRequestSender+<>c__DisplayClass26_0.<CheckVersionWithTestHost>b__0, took 0 ms.
TpTrace Verbose: 0 : 16036, 7, 2024/07/23, 21:09:01.258, 1886587049929, vstest.console.dll, TestPluginCache.GetExtensionPaths: Filtered extension paths: 
TpTrace Verbose: 0 : 16036, 7, 2024/07/23, 21:09:01.258, 1886587050935, vstest.console.dll, TestPluginCache.GetExtensionPaths: Added default extension paths: C:\Program Files (x86)\dotnet\sdk\6.0.408\Extensions\Microsoft.Diagnostics.NETCore.Client.dll
C:\Program Files (x86)\dotnet\sdk\6.0.408\Extensions\Microsoft.TestPlatform.Extensions.BlameDataCollector.dll
C:\Program Files (x86)\dotnet\sdk\6.0.408\Extensions\Microsoft.TestPlatform.Extensions.EventLogCollector.dll
C:\Program Files (x86)\dotnet\sdk\6.0.408\Extensions\Microsoft.TestPlatform.TestHostRuntimeProvider.dll
C:\Program Files (x86)\dotnet\sdk\6.0.408\Extensions\Microsoft.VisualStudio.TestPlatform.Extensions.Html.TestLogger.dll
C:\Program Files (x86)\dotnet\sdk\6.0.408\Extensions\Microsoft.VisualStudio.TestPlatform.Extensions.Trx.TestLogger.dll
TpTrace Verbose: 0 : 16036, 7, 2024/07/23, 21:09:01.258, 1886587051597, vstest.console.dll, TestPluginCache.GetExtensionPaths: Added unfilterableExtensionPaths: 
TpTrace Verbose: 0 : 16036, 13, 2024/07/23, 21:09:01.258, 1886587050254, vstest.console.dll, TcpClientExtensions.MessageLoopAsync: Polling on remoteEndPoint: 127.0.0.1:50193 localEndPoint: 127.0.0.1:50192
TpTrace Verbose: 0 : 16036, 7, 2024/07/23, 21:09:01.262, 1886587096026, vstest.console.dll, TestRequestSender.InitializeExecution: Sending initialize execution with message: {"Version":7,"MessageType":"TestExecution.Initialize","Payload":["D:\\SoftUni\\Front-End-Test-Automation-July-2024\\10.Appium-Exercise-1-POM\\AppiumTestsExercise1\\AppiumTestsExercise1\\bin\\Debug\\net6.0\\fine-code-coverage\\build-output\\NUnit3.TestAdapter.dll"]}
TpTrace Warning: 0 : 16036, 7, 2024/07/23, 21:09:01.263, 1886587104433, vstest.console.dll, InferRunSettingsHelper.MakeRunsettingsCompatible: Removing the following settings: TargetPlatform from RunSettings file. To use those settings please move to latest version of Microsoft.NET.Test.Sdk
TpTrace Verbose: 0 : 16036, 13, 2024/07/23, 21:09:01.266, 1886587135450, vstest.console.dll, TcpClientExtensions.MessageLoopAsync: NotifyDataAvailable remoteEndPoint: 127.0.0.1:50193 localEndPoint: 127.0.0.1:50192
TpTrace Verbose: 0 : 16036, 13, 2024/07/23, 21:09:01.266, 1886587137233, vstest.console.dll, TestRequestSender.OnExecutionMessageReceived: Received message: {"Version":7,"MessageType":"TestSession.Message","Payload":{"MessageLevel":0,"Message":"Logging TestHost Diagnostics in file: D:\\SoftUni\\Front-End-Test-Automation-July-2024\\10.Appium-Exercise-1-POM\\AppiumTestsExercise1\\AppiumTestsExercise1\\bin\\Debug\\net6.0\\fine-code-coverage\\coverage-tool-output\\diagnostics.host.24-07-23_21-09-00_92151_7.log"}}
TpTrace Verbose: 0 : 16036, 13, 2024/07/23, 21:09:01.269, 1886587164048, vstest.console.dll, TestRunRequest:SendTestRunMessage: Starting.
TpTrace Verbose: 0 : 16036, 13, 2024/07/23, 21:09:01.269, 1886587165725, vstest.console.dll, MulticastDelegateUtilities.SafeInvoke: TestRun.LogMessages: Invoking callback 1/1 for Microsoft.VisualStudio.TestPlatform.CommandLine.TestRunResultAggregator.TestRunMessageHandler, took 0 ms.
TpTrace Information: 0 : 16036, 13, 2024/07/23, 21:09:01.269, 1886587166425, vstest.console.dll, TestRunRequest:SendTestRunMessage: Completed.
TpTrace Verbose: 0 : 16036, 4, 2024/07/23, 21:09:01.269, 1886587165897, vstest.console.dll, MulticastDelegateUtilities.SafeInvoke: InternalTestLoggerEvents.SendTestRunMessage: Invoking callback 1/1 for Microsoft.VisualStudio.TestPlatform.CommandLine.Internal.ConsoleLogger.TestMessageHandler, took 0 ms.
TpTrace Verbose: 0 : 16036, 13, 2024/07/23, 21:09:01.269, 1886587167139, vstest.console.dll, MulticastDelegateUtilities.SafeInvoke: LengthPrefixCommunicationChannel: MessageReceived: Invoking callback 1/1 for Microsoft.VisualStudio.TestPlatform.CommunicationUtilities.TestRequestSender+<>c__DisplayClass31_0.<StartTestRun>b__1, took 3 ms.
TpTrace Verbose: 0 : 16036, 13, 2024/07/23, 21:09:01.270, 1886587169092, vstest.console.dll, TcpClientExtensions.MessageLoopAsync: Polling on remoteEndPoint: 127.0.0.1:50193 localEndPoint: 127.0.0.1:50192
TpTrace Verbose: 0 : 16036, 7, 2024/07/23, 21:09:01.273, 1886587203341, vstest.console.dll, TestRequestSender.StartTestRun: Sending test run with message: {"Version":7,"MessageType":"TestExecution.StartWithSources","Payload":{"AdapterSourceMap":{"_none_":["D:\\SoftUni\\Front-End-Test-Automation-July-2024\\10.Appium-Exercise-1-POM\\AppiumTestsExercise1\\AppiumTestsExercise1\\bin\\Debug\\net6.0\\fine-code-coverage\\build-output\\AppiumTestsExercise1.dll"]},"RunSettings":"<RunSettings>\r\n  <RunConfiguration>\r\n    <ResultsDirectory>D:\\SoftUni\\Front-End-Test-Automation-July-2024\\10.Appium-Exercise-1-POM\\AppiumTestsExercise1\\AppiumTestsExercise1\\bin\\Debug\\net6.0\\fine-code-coverage\\coverage-tool-output</ResultsDirectory>\r\n    <TargetFrameworkVersion>.NETCoreApp,Version=v6.0</TargetFrameworkVersion>\r\n    <DesignMode>False</DesignMode>\r\n    <CollectSourceInformation>False</CollectSourceInformation>\r\n  </RunConfiguration>\r\n  <LoggerRunSettings>\r\n    <Loggers>\r\n      <Logger friendlyName=\"blame\" enabled=\"True\" />\r\n      <Logger friendlyName=\"Console\" uri=\"logger://microsoft/TestPlatform/ConsoleLogger/v1\" assemblyQualifiedName=\"Microsoft.VisualStudio.TestPlatform.CommandLine.Internal.ConsoleLogger, vstest.console, Version=15.0.0.0, Culture=neutral, PublicKeyToken=b03f5f7f11d50a3a\" codeBase=\"C:\\Program Files (x86)\\dotnet\\sdk\\6.0.408\\vstest.console.dll\" enabled=\"True\" />\r\n    </Loggers>\r\n  </LoggerRunSettings>\r\n  <DataCollectionRunSettings>\r\n    <DataCollectors>\r\n      <DataCollector friendlyName=\"blame\" enabled=\"True\">\r\n        <Configuration>\r\n          <ResultsDirectory>D:\\SoftUni\\Front-End-Test-Automation-July-2024\\10.Appium-Exercise-1-POM\\AppiumTestsExercise1\\AppiumTestsExercise1\\bin\\Debug\\net6.0\\fine-code-coverage\\coverage-tool-output</ResultsDirectory>\r\n        </Configuration>\r\n      </DataCollector>\r\n    </DataCollectors>\r\n  </DataCollectionRunSettings>\r\n</RunSettings>","TestExecutionContext":{"FrequencyOfRunStatsChangeEvent":10,"RunStatsChangeEventTimeout":"00:00:01.5000000","InIsolation":false,"KeepAlive":false,"AreTestCaseLevelEventsRequired":false,"IsDebug":false,"TestCaseFilter":null,"FilterOptions":null},"Package":null}}
TpTrace Verbose: 0 : 16036, 13, 2024/07/23, 21:09:01.443, 1886588908944, vstest.console.dll, TcpClientExtensions.MessageLoopAsync: NotifyDataAvailable remoteEndPoint: 127.0.0.1:50193 localEndPoint: 127.0.0.1:50192
TpTrace Verbose: 0 : 16036, 13, 2024/07/23, 21:09:01.444, 1886588910211, vstest.console.dll, TestRequestSender.OnExecutionMessageReceived: Received message: {"Version":7,"MessageType":"TestSession.Message","Payload":{"MessageLevel":0,"Message":"NUnit Adapter 4.4.0.0: Test execution started"}}
TpTrace Verbose: 0 : 16036, 13, 2024/07/23, 21:09:01.444, 1886588911617, vstest.console.dll, TestRunRequest:SendTestRunMessage: Starting.
TpTrace Verbose: 0 : 16036, 13, 2024/07/23, 21:09:01.444, 1886588912770, vstest.console.dll, MulticastDelegateUtilities.SafeInvoke: TestRun.LogMessages: Invoking callback 1/1 for Microsoft.VisualStudio.TestPlatform.CommandLine.TestRunResultAggregator.TestRunMessageHandler, took 0 ms.
TpTrace Information: 0 : 16036, 13, 2024/07/23, 21:09:01.444, 1886588913512, vstest.console.dll, TestRunRequest:SendTestRunMessage: Completed.
TpTrace Verbose: 0 : 16036, 13, 2024/07/23, 21:09:01.444, 1886588914076, vstest.console.dll, MulticastDelegateUtilities.SafeInvoke: LengthPrefixCommunicationChannel: MessageReceived: Invoking callback 1/1 for Microsoft.VisualStudio.TestPlatform.CommunicationUtilities.TestRequestSender+<>c__DisplayClass31_0.<StartTestRun>b__1, took 0 ms.
TpTrace Verbose: 0 : 16036, 4, 2024/07/23, 21:09:01.444, 1886588913005, vstest.console.dll, MulticastDelegateUtilities.SafeInvoke: InternalTestLoggerEvents.SendTestRunMessage: Invoking callback 1/1 for Microsoft.VisualStudio.TestPlatform.CommandLine.Internal.ConsoleLogger.TestMessageHandler, took 0 ms.
TpTrace Verbose: 0 : 16036, 13, 2024/07/23, 21:09:01.444, 1886588914644, vstest.console.dll, TcpClientExtensions.MessageLoopAsync: Polling on remoteEndPoint: 127.0.0.1:50193 localEndPoint: 127.0.0.1:50192
TpTrace Verbose: 0 : 16036, 13, 2024/07/23, 21:09:01.475, 1886589219215, vstest.console.dll, TcpClientExtensions.MessageLoopAsync: NotifyDataAvailable remoteEndPoint: 127.0.0.1:50193 localEndPoint: 127.0.0.1:50192
TpTrace Verbose: 0 : 16036, 13, 2024/07/23, 21:09:01.475, 1886589221163, vstest.console.dll, TestRequestSender.OnExecutionMessageReceived: Received message: {"Version":7,"MessageType":"TestSession.Message","Payload":{"MessageLevel":0,"Message":"Running all tests in D:\\SoftUni\\Front-End-Test-Automation-July-2024\\10.Appium-Exercise-1-POM\\AppiumTestsExercise1\\AppiumTestsExercise1\\bin\\Debug\\net6.0\\fine-code-coverage\\build-output\\AppiumTestsExercise1.dll"}}
TpTrace Verbose: 0 : 16036, 13, 2024/07/23, 21:09:01.475, 1886589222502, vstest.console.dll, TestRunRequest:SendTestRunMessage: Starting.
TpTrace Verbose: 0 : 16036, 13, 2024/07/23, 21:09:01.475, 1886589223345, vstest.console.dll, MulticastDelegateUtilities.SafeInvoke: TestRun.LogMessages: Invoking callback 1/1 for Microsoft.VisualStudio.TestPlatform.CommandLine.TestRunResultAggregator.TestRunMessageHandler, took 0 ms.
TpTrace Verbose: 0 : 16036, 4, 2024/07/23, 21:09:01.475, 1886589223816, vstest.console.dll, MulticastDelegateUtilities.SafeInvoke: InternalTestLoggerEvents.SendTestRunMessage: Invoking callback 1/1 for Microsoft.VisualStudio.TestPlatform.CommandLine.Internal.ConsoleLogger.TestMessageHandler, took 0 ms.
TpTrace Information: 0 : 16036, 13, 2024/07/23, 21:09:01.475, 1886589223928, vstest.console.dll, TestRunRequest:SendTestRunMessage: Completed.
TpTrace Verbose: 0 : 16036, 13, 2024/07/23, 21:09:01.475, 1886589225770, vstest.console.dll, MulticastDelegateUtilities.SafeInvoke: LengthPrefixCommunicationChannel: MessageReceived: Invoking callback 1/1 for Microsoft.VisualStudio.TestPlatform.CommunicationUtilities.TestRequestSender+<>c__DisplayClass31_0.<StartTestRun>b__1, took 0 ms.
TpTrace Verbose: 0 : 16036, 13, 2024/07/23, 21:09:01.475, 1886589226359, vstest.console.dll, TcpClientExtensions.MessageLoopAsync: Polling on remoteEndPoint: 127.0.0.1:50193 localEndPoint: 127.0.0.1:50192
TpTrace Verbose: 0 : 16036, 13, 2024/07/23, 21:09:01.600, 1886590474501, vstest.console.dll, TcpClientExtensions.MessageLoopAsync: NotifyDataAvailable remoteEndPoint: 127.0.0.1:50193 localEndPoint: 127.0.0.1:50192
TpTrace Verbose: 0 : 16036, 13, 2024/07/23, 21:09:01.600, 1886590475805, vstest.console.dll, TestRequestSender.OnExecutionMessageReceived: Received message: {"Version":7,"MessageType":"TestSession.Message","Payload":{"MessageLevel":0,"Message":"   NUnit3TestExecutor discovered 18 of 18 NUnit test cases using Current Discovery mode, Non-Explicit run"}}
TpTrace Verbose: 0 : 16036, 13, 2024/07/23, 21:09:01.600, 1886590476933, vstest.console.dll, TestRunRequest:SendTestRunMessage: Starting.
TpTrace Verbose: 0 : 16036, 13, 2024/07/23, 21:09:01.600, 1886590477753, vstest.console.dll, MulticastDelegateUtilities.SafeInvoke: TestRun.LogMessages: Invoking callback 1/1 for Microsoft.VisualStudio.TestPlatform.CommandLine.TestRunResultAggregator.TestRunMessageHandler, took 0 ms.
TpTrace Information: 0 : 16036, 13, 2024/07/23, 21:09:01.600, 1886590478322, vstest.console.dll, TestRunRequest:SendTestRunMessage: Completed.
TpTrace Verbose: 0 : 16036, 13, 2024/07/23, 21:09:01.600, 1886590478898, vstest.console.dll, MulticastDelegateUtilities.SafeInvoke: LengthPrefixCommunicationChannel: MessageReceived: Invoking callback 1/1 for Microsoft.VisualStudio.TestPlatform.CommunicationUtilities.TestRequestSender+<>c__DisplayClass31_0.<StartTestRun>b__1, took 0 ms.
TpTrace Verbose: 0 : 16036, 13, 2024/07/23, 21:09:01.601, 1886590479605, vstest.console.dll, TcpClientExtensions.MessageLoopAsync: Polling on remoteEndPoint: 127.0.0.1:50193 localEndPoint: 127.0.0.1:50192
TpTrace Verbose: 0 : 16036, 4, 2024/07/23, 21:09:01.600, 1886590478437, vstest.console.dll, MulticastDelegateUtilities.SafeInvoke: InternalTestLoggerEvents.SendTestRunMessage: Invoking callback 1/1 for Microsoft.VisualStudio.TestPlatform.CommandLine.Internal.ConsoleLogger.TestMessageHandler, took 0 ms.
TpTrace Verbose: 0 : 16036, 13, 2024/07/23, 21:09:02.615, 1886600626948, vstest.console.dll, TcpClientExtensions.MessageLoopAsync: Polling on remoteEndPoint: 127.0.0.1:50193 localEndPoint: 127.0.0.1:50192
TpTrace Verbose: 0 : 16036, 13, 2024/07/23, 21:09:03.630, 1886610774203, vstest.console.dll, TcpClientExtensions.MessageLoopAsync: Polling on remoteEndPoint: 127.0.0.1:50193 localEndPoint: 127.0.0.1:50192
TpTrace Verbose: 0 : 16036, 13, 2024/07/23, 21:09:04.642, 1886620897701, vstest.console.dll, TcpClientExtensions.MessageLoopAsync: Polling on remoteEndPoint: 127.0.0.1:50193 localEndPoint: 127.0.0.1:50192
