TpTrace Verbose: 0 : 7016, 1, 2024/07/23, 22:22:32.589, 1930700360030, vstest.console.dll, Version: 17.3.2 Current process architecture: X86
TpTrace Verbose: 0 : 7016, 1, 2024/07/23, 22:22:32.590, 1930700376663, vstest.console.dll, Runtime location: C:\Program Files (x86)\dotnet\shared\Microsoft.NETCore.App\6.0.32
TpTrace Information: 0 : 7016, 1, 2024/07/23, 22:22:32.595, 1930700425778, vstest.console.dll, FilePatternParser: The given file D:\SoftUni\Front-End-Test-Automation-July-2024\10.Appium-Exercise-1-POM\ColorNoteAppTestingPOM\ColorNoteAppTestingPOM\bin\Debug\net6.0\fine-code-coverage\build-output\ColorNoteAppTestingPOM.dll is a full path.
TpTrace Verbose: 0 : 7016, 1, 2024/07/23, 22:22:32.601, 1930700479936, vstest.console.dll, TestPluginCache.DiscoverTestExtensions: finding test extensions in assemblies ends with: RuntimeProvider.dll TPluginInfo: Microsoft.VisualStudio.TestPlatform.Common.ExtensionFramework.Utilities.TestRuntimePluginInformation TExtension: Microsoft.VisualStudio.TestPlatform.ObjectModel.Host.ITestRuntimeProvider
TpTrace Verbose: 0 : 7016, 1, 2024/07/23, 22:22:32.601, 1930700486798, vstest.console.dll, TestPluginCache.GetExtensionPaths: Filtered extension paths: 
TpTrace Verbose: 0 : 7016, 1, 2024/07/23, 22:22:32.601, 1930700487973, vstest.console.dll, TestPluginCache.GetExtensionPaths: Added default extension paths: C:\Program Files (x86)\dotnet\sdk\6.0.408\Extensions\Microsoft.Diagnostics.NETCore.Client.dll
C:\Program Files (x86)\dotnet\sdk\6.0.408\Extensions\Microsoft.TestPlatform.Extensions.BlameDataCollector.dll
C:\Program Files (x86)\dotnet\sdk\6.0.408\Extensions\Microsoft.TestPlatform.Extensions.EventLogCollector.dll
C:\Program Files (x86)\dotnet\sdk\6.0.408\Extensions\Microsoft.TestPlatform.TestHostRuntimeProvider.dll
C:\Program Files (x86)\dotnet\sdk\6.0.408\Extensions\Microsoft.VisualStudio.TestPlatform.Extensions.Html.TestLogger.dll
C:\Program Files (x86)\dotnet\sdk\6.0.408\Extensions\Microsoft.VisualStudio.TestPlatform.Extensions.Trx.TestLogger.dll
TpTrace Verbose: 0 : 7016, 1, 2024/07/23, 22:22:32.601, 1930700488640, vstest.console.dll, TestPluginCache.GetExtensionPaths: Added unfilterableExtensionPaths: 
TpTrace Information: 0 : 7016, 1, 2024/07/23, 22:22:32.602, 1930700494369, vstest.console.dll, AssemblyResolver.ctor: Creating AssemblyResolver with searchDirectories C:\Program Files (x86)\dotnet\sdk\6.0.408\Extensions,C:\Program Files (x86)\dotnet\sdk\6.0.408
TpTrace Verbose: 0 : 7016, 1, 2024/07/23, 22:22:32.603, 1930700502547, vstest.console.dll, TestPluginCache.DiscoverTestExtensions: Discovering the extensions using extension path.
TpTrace Verbose: 0 : 7016, 1, 2024/07/23, 22:22:32.603, 1930700503786, vstest.console.dll, TestPluginCache.GetExtensionPaths: Filtered extension paths: 
TpTrace Verbose: 0 : 7016, 1, 2024/07/23, 22:22:32.603, 1930700504463, vstest.console.dll, TestPluginCache.GetExtensionPaths: Added default extension paths: C:\Program Files (x86)\dotnet\sdk\6.0.408\Extensions\Microsoft.Diagnostics.NETCore.Client.dll
C:\Program Files (x86)\dotnet\sdk\6.0.408\Extensions\Microsoft.TestPlatform.Extensions.BlameDataCollector.dll
C:\Program Files (x86)\dotnet\sdk\6.0.408\Extensions\Microsoft.TestPlatform.Extensions.EventLogCollector.dll
C:\Program Files (x86)\dotnet\sdk\6.0.408\Extensions\Microsoft.TestPlatform.TestHostRuntimeProvider.dll
C:\Program Files (x86)\dotnet\sdk\6.0.408\Extensions\Microsoft.VisualStudio.TestPlatform.Extensions.Html.TestLogger.dll
C:\Program Files (x86)\dotnet\sdk\6.0.408\Extensions\Microsoft.VisualStudio.TestPlatform.Extensions.Trx.TestLogger.dll
TpTrace Verbose: 0 : 7016, 1, 2024/07/23, 22:22:32.603, 1930700505039, vstest.console.dll, TestPluginCache.GetExtensionPaths: Added unfilterableExtensionPaths: 
TpTrace Verbose: 0 : 7016, 1, 2024/07/23, 22:22:32.603, 1930700505813, vstest.console.dll, TestPluginCache.DiscoverTestExtensions: Discovering the extensions using allExtensionPaths: C:\Program Files (x86)\dotnet\sdk\6.0.408\Extensions\Microsoft.Diagnostics.NETCore.Client.dll
C:\Program Files (x86)\dotnet\sdk\6.0.408\Extensions\Microsoft.TestPlatform.Extensions.BlameDataCollector.dll
C:\Program Files (x86)\dotnet\sdk\6.0.408\Extensions\Microsoft.TestPlatform.Extensions.EventLogCollector.dll
C:\Program Files (x86)\dotnet\sdk\6.0.408\Extensions\Microsoft.TestPlatform.TestHostRuntimeProvider.dll
C:\Program Files (x86)\dotnet\sdk\6.0.408\Extensions\Microsoft.VisualStudio.TestPlatform.Extensions.Html.TestLogger.dll
C:\Program Files (x86)\dotnet\sdk\6.0.408\Extensions\Microsoft.VisualStudio.TestPlatform.Extensions.Trx.TestLogger.dll
TpTrace Information: 0 : 7016, 1, 2024/07/23, 22:22:32.603, 1930700507461, vstest.console.dll, AssemblyResolver.AddSearchDirectories: Adding more searchDirectories C:\Program Files (x86)\dotnet\sdk\6.0.408\Extensions,C:\Program Files (x86)\dotnet\sdk\6.0.408
TpTrace Information: 0 : 7016, 1, 2024/07/23, 22:22:32.603, 1930700508324, vstest.console.dll, AssemblyResolver.AddSearchDirectories: Adding more searchDirectories C:\Program Files (x86)\dotnet\sdk\6.0.408\Extensions,C:\Program Files (x86)\dotnet\sdk\6.0.408
TpTrace Information: 0 : 7016, 1, 2024/07/23, 22:22:32.603, 1930700508912, vstest.console.dll, AssemblyResolver.AddSearchDirectories: Adding more searchDirectories C:\Program Files (x86)\dotnet\sdk\6.0.408\Extensions,C:\Program Files (x86)\dotnet\sdk\6.0.408
TpTrace Information: 0 : 7016, 1, 2024/07/23, 22:22:32.604, 1930700509463, vstest.console.dll, AssemblyResolver.AddSearchDirectories: Adding more searchDirectories C:\Program Files (x86)\dotnet\sdk\6.0.408\Extensions,C:\Program Files (x86)\dotnet\sdk\6.0.408
TpTrace Information: 0 : 7016, 1, 2024/07/23, 22:22:32.604, 1930700510010, vstest.console.dll, AssemblyResolver.AddSearchDirectories: Adding more searchDirectories C:\Program Files (x86)\dotnet\sdk\6.0.408\Extensions,C:\Program Files (x86)\dotnet\sdk\6.0.408
TpTrace Information: 0 : 7016, 1, 2024/07/23, 22:22:32.604, 1930700510631, vstest.console.dll, AssemblyResolver.AddSearchDirectories: Adding more searchDirectories C:\Program Files (x86)\dotnet\sdk\6.0.408\Extensions,C:\Program Files (x86)\dotnet\sdk\6.0.408
TpTrace Information: 0 : 7016, 1, 2024/07/23, 22:22:32.604, 1930700513509, vstest.console.dll, AssemblyResolver.OnResolve: Microsoft.Diagnostics.NETCore.Client: Resolving assembly.
TpTrace Information: 0 : 7016, 1, 2024/07/23, 22:22:32.604, 1930700514342, vstest.console.dll, AssemblyResolver.OnResolve: Microsoft.Diagnostics.NETCore.Client: Searching in: 'C:\Program Files (x86)\dotnet\sdk\6.0.408\Extensions'.
TpTrace Information: 0 : 7016, 1, 2024/07/23, 22:22:32.604, 1930700517919, vstest.console.dll, AssemblyResolver.OnResolve: Microsoft.Diagnostics.NETCore.Client: Loading assembly 'C:\Program Files (x86)\dotnet\sdk\6.0.408\Extensions\Microsoft.Diagnostics.NETCore.Client.dll'.
TpTrace Information: 0 : 7016, 1, 2024/07/23, 22:22:32.605, 1930700523154, vstest.console.dll, AssemblyResolver.OnResolve: Resolved assembly: Microsoft.Diagnostics.NETCore.Client, from path: C:\Program Files (x86)\dotnet\sdk\6.0.408\Extensions\Microsoft.Diagnostics.NETCore.Client.dll
TpTrace Verbose: 0 : 7016, 1, 2024/07/23, 22:22:32.609, 1930700564105, vstest.console.dll, MetadataReaderExtensionsHelper: Discovering extensions inside assembly 'Microsoft.Diagnostics.NETCore.Client, Version=0.2.6.42401, Culture=neutral, PublicKeyToken=31bf3856ad364e35' file path 'C:\Program Files (x86)\dotnet\sdk\6.0.408\Extensions\Microsoft.Diagnostics.NETCore.Client.dll'
TpTrace Information: 0 : 7016, 1, 2024/07/23, 22:22:32.620, 1930700675823, vstest.console.dll, AssemblyResolver.OnResolve: Microsoft.Bcl.AsyncInterfaces: Resolving assembly.
TpTrace Information: 0 : 7016, 1, 2024/07/23, 22:22:32.620, 1930700677726, vstest.console.dll, AssemblyResolver.OnResolve: Microsoft.Bcl.AsyncInterfaces: Searching in: 'C:\Program Files (x86)\dotnet\sdk\6.0.408\Extensions'.
TpTrace Information: 0 : 7016, 1, 2024/07/23, 22:22:32.620, 1930700679013, vstest.console.dll, AssemblyResolver.OnResolve: Microsoft.Bcl.AsyncInterfaces: Assembly path does not exist: 'C:\Program Files (x86)\dotnet\sdk\6.0.408\Extensions\Microsoft.Bcl.AsyncInterfaces.dll', returning.
TpTrace Information: 0 : 7016, 1, 2024/07/23, 22:22:32.621, 1930700681150, vstest.console.dll, AssemblyResolver.OnResolve: Microsoft.Bcl.AsyncInterfaces: Assembly path does not exist: 'C:\Program Files (x86)\dotnet\sdk\6.0.408\Extensions\Microsoft.Bcl.AsyncInterfaces.exe', returning.
TpTrace Information: 0 : 7016, 1, 2024/07/23, 22:22:32.621, 1930700681858, vstest.console.dll, AssemblyResolver.OnResolve: Microsoft.Bcl.AsyncInterfaces: Searching in: 'C:\Program Files (x86)\dotnet\sdk\6.0.408'.
TpTrace Information: 0 : 7016, 1, 2024/07/23, 22:22:32.621, 1930700682844, vstest.console.dll, AssemblyResolver.OnResolve: Microsoft.Bcl.AsyncInterfaces: Assembly path does not exist: 'C:\Program Files (x86)\dotnet\sdk\6.0.408\Microsoft.Bcl.AsyncInterfaces.dll', returning.
TpTrace Information: 0 : 7016, 1, 2024/07/23, 22:22:32.621, 1930700683833, vstest.console.dll, AssemblyResolver.OnResolve: Microsoft.Bcl.AsyncInterfaces: Assembly path does not exist: 'C:\Program Files (x86)\dotnet\sdk\6.0.408\Microsoft.Bcl.AsyncInterfaces.exe', returning.
TpTrace Information: 0 : 7016, 1, 2024/07/23, 22:22:32.621, 1930700684609, vstest.console.dll, AssemblyResolver.OnResolve: Microsoft.Bcl.AsyncInterfaces: Failed to load assembly.
TpTrace Verbose: 0 : 7016, 1, 2024/07/23, 22:22:32.621, 1930700685703, vstest.console.dll, CurrentDomainAssemblyResolve: Resolving assembly 'Microsoft.Bcl.AsyncInterfaces'.
TpTrace Information: 0 : 7016, 1, 2024/07/23, 22:22:32.621, 1930700686901, vstest.console.dll, AssemblyResolver.OnResolve: Microsoft.Bcl.AsyncInterfaces: Resolving assembly.
TpTrace Information: 0 : 7016, 1, 2024/07/23, 22:22:32.621, 1930700687994, vstest.console.dll, AssemblyResolver.OnResolve: Microsoft.Bcl.AsyncInterfaces: Resolved from cache.
TpTrace Verbose: 0 : 7016, 1, 2024/07/23, 22:22:32.622, 1930700689979, vstest.console.dll, CurrentDomainAssemblyResolve: Resolving assembly 'Microsoft.Bcl.AsyncInterfaces'.
TpTrace Verbose: 0 : 7016, 1, 2024/07/23, 22:22:32.622, 1930700691476, vstest.console.dll, CurrentDomainAssemblyResolve: Failed to resolve assembly 'Microsoft.Bcl.AsyncInterfaces'.
TpTrace Verbose: 0 : 7016, 1, 2024/07/23, 22:22:32.623, 1930700700253, vstest.console.dll, CurrentDomainAssemblyResolve: Failed to resolve assembly 'Microsoft.Bcl.AsyncInterfaces'.
TpTrace Warning: 0 : 7016, 1, 2024/07/23, 22:22:32.634, 1930700810131, vstest.console.dll, TestPluginDiscoverer: Failed to get types from assembly 'Microsoft.Diagnostics.NETCore.Client, Version=0.2.6.42401, Culture=neutral, PublicKeyToken=31bf3856ad364e35'. Error: System.Reflection.ReflectionTypeLoadException: Unable to load one or more of the requested types.
Could not load file or assembly 'Microsoft.Bcl.AsyncInterfaces, Version=1.0.0.0, Culture=neutral, PublicKeyToken=cc7b13ffcd2ddd51'. The system cannot find the file specified.
   at System.Reflection.RuntimeModule.GetTypes(RuntimeModule module)
   at System.Reflection.Assembly.GetTypes()
   at Microsoft.VisualStudio.TestPlatform.Common.ExtensionFramework.TestPluginDiscoverer.GetTestExtensionsFromAssembly[TPluginInfo,TExtension](Assembly assembly, Dictionary`2 pluginInfos, String filePath)
System.IO.FileNotFoundException: Could not load file or assembly 'Microsoft.Bcl.AsyncInterfaces, Version=1.0.0.0, Culture=neutral, PublicKeyToken=cc7b13ffcd2ddd51'. The system cannot find the file specified.
File name: 'Microsoft.Bcl.AsyncInterfaces, Version=1.0.0.0, Culture=neutral, PublicKeyToken=cc7b13ffcd2ddd51'
 ---> System.IO.FileNotFoundException: Could not load file or assembly 'Microsoft.Bcl.AsyncInterfaces, Culture=neutral, PublicKeyToken=null'. The system cannot find the file specified.
File name: 'Microsoft.Bcl.AsyncInterfaces, Culture=neutral, PublicKeyToken=null'
   at System.Reflection.RuntimeAssembly.InternalLoad(ObjectHandleOnStack assemblyName, ObjectHandleOnStack requestingAssembly, StackCrawlMarkHandle stackMark, Boolean throwOnFileNotFound, ObjectHandleOnStack assemblyLoadContext, ObjectHandleOnStack retAssembly)
   at System.Reflection.RuntimeAssembly.InternalLoad(AssemblyName assemblyName, RuntimeAssembly requestingAssembly, StackCrawlMark& stackMark, Boolean throwOnFileNotFound, AssemblyLoadContext assemblyLoadContext)
   at System.Reflection.Assembly.Load(AssemblyName assemblyRef)
   at Microsoft.VisualStudio.TestPlatform.Common.ExtensionFramework.TestPluginCache.CurrentDomainAssemblyResolve(Object sender, AssemblyResolveEventArgs args)
   at Microsoft.VisualStudio.TestPlatform.PlatformAbstractions.PlatformAssemblyResolver.AssemblyResolverEvent(Object sender, Object eventArgs)
   at System.Runtime.Loader.AssemblyLoadContext.GetFirstResolvedAssemblyFromResolvingEvent(AssemblyName assemblyName)
   at System.Runtime.Loader.AssemblyLoadContext.ResolveUsingEvent(AssemblyName assemblyName)
   at System.Runtime.Loader.AssemblyLoadContext.ResolveUsingResolvingEvent(IntPtr gchManagedAssemblyLoadContext, AssemblyName assemblyName)
TpTrace Warning: 0 : 7016, 1, 2024/07/23, 22:22:32.634, 1930700815037, vstest.console.dll, LoaderExceptions: System.IO.FileNotFoundException: Could not load file or assembly 'Microsoft.Bcl.AsyncInterfaces, Version=1.0.0.0, Culture=neutral, PublicKeyToken=cc7b13ffcd2ddd51'. The system cannot find the file specified.
File name: 'Microsoft.Bcl.AsyncInterfaces, Version=1.0.0.0, Culture=neutral, PublicKeyToken=cc7b13ffcd2ddd51'
 ---> System.IO.FileNotFoundException: Could not load file or assembly 'Microsoft.Bcl.AsyncInterfaces, Culture=neutral, PublicKeyToken=null'. The system cannot find the file specified.
File name: 'Microsoft.Bcl.AsyncInterfaces, Culture=neutral, PublicKeyToken=null'
   at System.Reflection.RuntimeAssembly.InternalLoad(ObjectHandleOnStack assemblyName, ObjectHandleOnStack requestingAssembly, StackCrawlMarkHandle stackMark, Boolean throwOnFileNotFound, ObjectHandleOnStack assemblyLoadContext, ObjectHandleOnStack retAssembly)
   at System.Reflection.RuntimeAssembly.InternalLoad(AssemblyName assemblyName, RuntimeAssembly requestingAssembly, StackCrawlMark& stackMark, Boolean throwOnFileNotFound, AssemblyLoadContext assemblyLoadContext)
   at System.Reflection.Assembly.Load(AssemblyName assemblyRef)
   at Microsoft.VisualStudio.TestPlatform.Common.ExtensionFramework.TestPluginCache.CurrentDomainAssemblyResolve(Object sender, AssemblyResolveEventArgs args)
   at Microsoft.VisualStudio.TestPlatform.PlatformAbstractions.PlatformAssemblyResolver.AssemblyResolverEvent(Object sender, Object eventArgs)
   at System.Runtime.Loader.AssemblyLoadContext.GetFirstResolvedAssemblyFromResolvingEvent(AssemblyName assemblyName)
   at System.Runtime.Loader.AssemblyLoadContext.ResolveUsingEvent(AssemblyName assemblyName)
   at System.Runtime.Loader.AssemblyLoadContext.ResolveUsingResolvingEvent(IntPtr gchManagedAssemblyLoadContext, AssemblyName assemblyName)
TpTrace Information: 0 : 7016, 1, 2024/07/23, 22:22:32.634, 1930700817306, vstest.console.dll, AssemblyResolver.OnResolve: Microsoft.TestPlatform.Extensions.BlameDataCollector: Resolving assembly.
TpTrace Information: 0 : 7016, 1, 2024/07/23, 22:22:32.634, 1930700818082, vstest.console.dll, AssemblyResolver.OnResolve: Microsoft.TestPlatform.Extensions.BlameDataCollector: Searching in: 'C:\Program Files (x86)\dotnet\sdk\6.0.408\Extensions'.
TpTrace Information: 0 : 7016, 1, 2024/07/23, 22:22:32.635, 1930700821396, vstest.console.dll, AssemblyResolver.OnResolve: Microsoft.TestPlatform.Extensions.BlameDataCollector: Loading assembly 'C:\Program Files (x86)\dotnet\sdk\6.0.408\Extensions\Microsoft.TestPlatform.Extensions.BlameDataCollector.dll'.
TpTrace Information: 0 : 7016, 1, 2024/07/23, 22:22:32.635, 1930700828508, vstest.console.dll, AssemblyResolver.OnResolve: Resolved assembly: Microsoft.TestPlatform.Extensions.BlameDataCollector, from path: C:\Program Files (x86)\dotnet\sdk\6.0.408\Extensions\Microsoft.TestPlatform.Extensions.BlameDataCollector.dll
TpTrace Verbose: 0 : 7016, 1, 2024/07/23, 22:22:32.636, 1930700830360, vstest.console.dll, MetadataReaderExtensionsHelper: Discovering extensions inside assembly 'Microsoft.TestPlatform.Extensions.BlameDataCollector, Version=15.0.0.0, Culture=neutral, PublicKeyToken=b03f5f7f11d50a3a' file path 'C:\Program Files (x86)\dotnet\sdk\6.0.408\Extensions\Microsoft.TestPlatform.Extensions.BlameDataCollector.dll'
TpTrace Information: 0 : 7016, 1, 2024/07/23, 22:22:32.637, 1930700848171, vstest.console.dll, AssemblyResolver.OnResolve: Microsoft.TestPlatform.Extensions.EventLogCollector: Resolving assembly.
TpTrace Information: 0 : 7016, 1, 2024/07/23, 22:22:32.638, 1930700849561, vstest.console.dll, AssemblyResolver.OnResolve: Microsoft.TestPlatform.Extensions.EventLogCollector: Searching in: 'C:\Program Files (x86)\dotnet\sdk\6.0.408\Extensions'.
TpTrace Information: 0 : 7016, 1, 2024/07/23, 22:22:32.638, 1930700853842, vstest.console.dll, AssemblyResolver.OnResolve: Microsoft.TestPlatform.Extensions.EventLogCollector: Loading assembly 'C:\Program Files (x86)\dotnet\sdk\6.0.408\Extensions\Microsoft.TestPlatform.Extensions.EventLogCollector.dll'.
TpTrace Information: 0 : 7016, 1, 2024/07/23, 22:22:32.639, 1930700864578, vstest.console.dll, AssemblyResolver.OnResolve: Resolved assembly: Microsoft.TestPlatform.Extensions.EventLogCollector, from path: C:\Program Files (x86)\dotnet\sdk\6.0.408\Extensions\Microsoft.TestPlatform.Extensions.EventLogCollector.dll
TpTrace Verbose: 0 : 7016, 1, 2024/07/23, 22:22:32.639, 1930700866651, vstest.console.dll, MetadataReaderExtensionsHelper: Discovering extensions inside assembly 'Microsoft.TestPlatform.Extensions.EventLogCollector, Version=15.0.0.0, Culture=neutral, PublicKeyToken=b03f5f7f11d50a3a' file path 'C:\Program Files (x86)\dotnet\sdk\6.0.408\Extensions\Microsoft.TestPlatform.Extensions.EventLogCollector.dll'
TpTrace Information: 0 : 7016, 1, 2024/07/23, 22:22:32.642, 1930700898533, vstest.console.dll, AssemblyResolver.OnResolve: Microsoft.TestPlatform.TestHostRuntimeProvider: Resolving assembly.
TpTrace Information: 0 : 7016, 1, 2024/07/23, 22:22:32.643, 1930700899806, vstest.console.dll, AssemblyResolver.OnResolve: Microsoft.TestPlatform.TestHostRuntimeProvider: Searching in: 'C:\Program Files (x86)\dotnet\sdk\6.0.408\Extensions'.
TpTrace Information: 0 : 7016, 1, 2024/07/23, 22:22:32.643, 1930700902571, vstest.console.dll, AssemblyResolver.OnResolve: Microsoft.TestPlatform.TestHostRuntimeProvider: Loading assembly 'C:\Program Files (x86)\dotnet\sdk\6.0.408\Extensions\Microsoft.TestPlatform.TestHostRuntimeProvider.dll'.
TpTrace Information: 0 : 7016, 1, 2024/07/23, 22:22:32.643, 1930700906863, vstest.console.dll, AssemblyResolver.OnResolve: Resolved assembly: Microsoft.TestPlatform.TestHostRuntimeProvider, from path: C:\Program Files (x86)\dotnet\sdk\6.0.408\Extensions\Microsoft.TestPlatform.TestHostRuntimeProvider.dll
TpTrace Verbose: 0 : 7016, 1, 2024/07/23, 22:22:32.643, 1930700907780, vstest.console.dll, MetadataReaderExtensionsHelper: Discovering extensions inside assembly 'Microsoft.TestPlatform.TestHostRuntimeProvider, Version=15.0.0.0, Culture=neutral, PublicKeyToken=b03f5f7f11d50a3a' file path 'C:\Program Files (x86)\dotnet\sdk\6.0.408\Extensions\Microsoft.TestPlatform.TestHostRuntimeProvider.dll'
TpTrace Information: 0 : 7016, 1, 2024/07/23, 22:22:32.645, 1930700923897, vstest.console.dll, GetTestExtensionFromType: Register extension with identifier data 'HostProvider://DefaultTestHost' and type 'Microsoft.VisualStudio.TestPlatform.CrossPlatEngine.Hosting.DefaultTestHostManager, Microsoft.TestPlatform.TestHostRuntimeProvider, Version=15.0.0.0, Culture=neutral, PublicKeyToken=b03f5f7f11d50a3a' inside file 'C:\Program Files (x86)\dotnet\sdk\6.0.408\Extensions\Microsoft.TestPlatform.TestHostRuntimeProvider.dll'
TpTrace Information: 0 : 7016, 1, 2024/07/23, 22:22:32.645, 1930700924922, vstest.console.dll, GetTestExtensionFromType: Register extension with identifier data 'HostProvider://DotnetTestHost' and type 'Microsoft.VisualStudio.TestPlatform.CrossPlatEngine.Hosting.DotnetTestHostManager, Microsoft.TestPlatform.TestHostRuntimeProvider, Version=15.0.0.0, Culture=neutral, PublicKeyToken=b03f5f7f11d50a3a' inside file 'C:\Program Files (x86)\dotnet\sdk\6.0.408\Extensions\Microsoft.TestPlatform.TestHostRuntimeProvider.dll'
TpTrace Information: 0 : 7016, 1, 2024/07/23, 22:22:32.645, 1930700925915, vstest.console.dll, AssemblyResolver.OnResolve: Microsoft.VisualStudio.TestPlatform.Extensions.Html.TestLogger: Resolving assembly.
TpTrace Information: 0 : 7016, 1, 2024/07/23, 22:22:32.645, 1930700926886, vstest.console.dll, AssemblyResolver.OnResolve: Microsoft.VisualStudio.TestPlatform.Extensions.Html.TestLogger: Searching in: 'C:\Program Files (x86)\dotnet\sdk\6.0.408\Extensions'.
TpTrace Information: 0 : 7016, 1, 2024/07/23, 22:22:32.646, 1930700930026, vstest.console.dll, AssemblyResolver.OnResolve: Microsoft.VisualStudio.TestPlatform.Extensions.Html.TestLogger: Loading assembly 'C:\Program Files (x86)\dotnet\sdk\6.0.408\Extensions\Microsoft.VisualStudio.TestPlatform.Extensions.Html.TestLogger.dll'.
TpTrace Information: 0 : 7016, 1, 2024/07/23, 22:22:32.646, 1930700934543, vstest.console.dll, AssemblyResolver.OnResolve: Resolved assembly: Microsoft.VisualStudio.TestPlatform.Extensions.Html.TestLogger, from path: C:\Program Files (x86)\dotnet\sdk\6.0.408\Extensions\Microsoft.VisualStudio.TestPlatform.Extensions.Html.TestLogger.dll
TpTrace Verbose: 0 : 7016, 1, 2024/07/23, 22:22:32.646, 1930700935491, vstest.console.dll, MetadataReaderExtensionsHelper: Discovering extensions inside assembly 'Microsoft.VisualStudio.TestPlatform.Extensions.Html.TestLogger, Version=15.0.0.0, Culture=neutral, PublicKeyToken=b03f5f7f11d50a3a' file path 'C:\Program Files (x86)\dotnet\sdk\6.0.408\Extensions\Microsoft.VisualStudio.TestPlatform.Extensions.Html.TestLogger.dll'
TpTrace Information: 0 : 7016, 1, 2024/07/23, 22:22:32.647, 1930700941711, vstest.console.dll, AssemblyResolver.OnResolve: Microsoft.VisualStudio.TestPlatform.Extensions.Trx.TestLogger: Resolving assembly.
TpTrace Information: 0 : 7016, 1, 2024/07/23, 22:22:32.647, 1930700942529, vstest.console.dll, AssemblyResolver.OnResolve: Microsoft.VisualStudio.TestPlatform.Extensions.Trx.TestLogger: Searching in: 'C:\Program Files (x86)\dotnet\sdk\6.0.408\Extensions'.
TpTrace Information: 0 : 7016, 1, 2024/07/23, 22:22:32.647, 1930700945115, vstest.console.dll, AssemblyResolver.OnResolve: Microsoft.VisualStudio.TestPlatform.Extensions.Trx.TestLogger: Loading assembly 'C:\Program Files (x86)\dotnet\sdk\6.0.408\Extensions\Microsoft.VisualStudio.TestPlatform.Extensions.Trx.TestLogger.dll'.
TpTrace Information: 0 : 7016, 1, 2024/07/23, 22:22:32.648, 1930700949884, vstest.console.dll, AssemblyResolver.OnResolve: Resolved assembly: Microsoft.VisualStudio.TestPlatform.Extensions.Trx.TestLogger, from path: C:\Program Files (x86)\dotnet\sdk\6.0.408\Extensions\Microsoft.VisualStudio.TestPlatform.Extensions.Trx.TestLogger.dll
TpTrace Verbose: 0 : 7016, 1, 2024/07/23, 22:22:32.648, 1930700950880, vstest.console.dll, MetadataReaderExtensionsHelper: Discovering extensions inside assembly 'Microsoft.VisualStudio.TestPlatform.Extensions.Trx.TestLogger, Version=15.0.0.0, Culture=neutral, PublicKeyToken=b03f5f7f11d50a3a' file path 'C:\Program Files (x86)\dotnet\sdk\6.0.408\Extensions\Microsoft.VisualStudio.TestPlatform.Extensions.Trx.TestLogger.dll'
TpTrace Verbose: 0 : 7016, 1, 2024/07/23, 22:22:32.648, 1930700958417, vstest.console.dll, TestPluginCache: Discovered the extensions using extension path ''.
TpTrace Verbose: 0 : 7016, 1, 2024/07/23, 22:22:32.649, 1930700959251, vstest.console.dll, TestPluginCache: Discoverers are ''.
TpTrace Verbose: 0 : 7016, 1, 2024/07/23, 22:22:32.649, 1930700959831, vstest.console.dll, TestPluginCache: Executors are ''.
TpTrace Verbose: 0 : 7016, 1, 2024/07/23, 22:22:32.649, 1930700960417, vstest.console.dll, TestPluginCache: Executors2 are ''.
TpTrace Verbose: 0 : 7016, 1, 2024/07/23, 22:22:32.649, 1930700960950, vstest.console.dll, TestPluginCache: Setting providers are ''.
TpTrace Verbose: 0 : 7016, 1, 2024/07/23, 22:22:32.649, 1930700961478, vstest.console.dll, TestPluginCache: Loggers are ''.
TpTrace Verbose: 0 : 7016, 1, 2024/07/23, 22:22:32.649, 1930700962420, vstest.console.dll, TestPluginCache: TestHosts are 'HostProvider://DefaultTestHost,HostProvider://DotnetTestHost'.
TpTrace Verbose: 0 : 7016, 1, 2024/07/23, 22:22:32.649, 1930700963050, vstest.console.dll, TestPluginCache: DataCollectors are ''.
TpTrace Information: 0 : 7016, 1, 2024/07/23, 22:22:32.660, 1930701072249, vstest.console.dll, RunTestsArgumentProcessor:Execute: Test run is starting.
TpTrace Verbose: 0 : 7016, 1, 2024/07/23, 22:22:32.660, 1930701073432, vstest.console.dll, RunTestsArgumentProcessor:Execute: Queuing Test run.
TpTrace Information: 0 : 7016, 1, 2024/07/23, 22:22:32.660, 1930701076031, vstest.console.dll, TestRequestManager.RunTests: run tests started.
TpTrace Information: 0 : 7016, 1, 2024/07/23, 22:22:32.670, 1930701172370, vstest.console.dll, AssemblyMetadataProvider.GetFrameworkName: Determined framework:'.NETCoreApp,Version=v6.0' for source: 'D:\SoftUni\Front-End-Test-Automation-July-2024\10.Appium-Exercise-1-POM\ColorNoteAppTestingPOM\ColorNoteAppTestingPOM\bin\Debug\net6.0\fine-code-coverage\build-output\ColorNoteAppTestingPOM.dll'
TpTrace Information: 0 : 7016, 1, 2024/07/23, 22:22:32.670, 1930701174447, vstest.console.dll, Determined framework for all sources: .NETCoreApp,Version=v6.0
TpTrace Verbose: 0 : 7016, 1, 2024/07/23, 22:22:32.671, 1930701179776, vstest.console.dll, TestRequestManager.UpdateRunSettingsIfRequired: Default architecture: X86 IsDefaultTargetArchitecture: True, Current process architecture: X86 OperatingSystem: Windows.
TpTrace Information: 0 : 7016, 1, 2024/07/23, 22:22:32.673, 1930701203538, vstest.console.dll, AssemblyMetadataProvider.GetArchitecture: Determined architecture:AnyCPU info for assembly: D:\SoftUni\Front-End-Test-Automation-July-2024\10.Appium-Exercise-1-POM\ColorNoteAppTestingPOM\ColorNoteAppTestingPOM\bin\Debug\net6.0\fine-code-coverage\build-output\ColorNoteAppTestingPOM.dll
TpTrace Information: 0 : 7016, 1, 2024/07/23, 22:22:32.673, 1930701204413, vstest.console.dll, Determined platform for source 'D:\SoftUni\Front-End-Test-Automation-July-2024\10.Appium-Exercise-1-POM\ColorNoteAppTestingPOM\ColorNoteAppTestingPOM\bin\Debug\net6.0\fine-code-coverage\build-output\ColorNoteAppTestingPOM.dll' was AnyCPU and it will use the default plaform X86.
TpTrace Information: 0 : 7016, 1, 2024/07/23, 22:22:32.673, 1930701205015, vstest.console.dll, None of the sources provided any runnable platform, using the default platform: X86
TpTrace Information: 0 : 7016, 1, 2024/07/23, 22:22:32.673, 1930701206089, vstest.console.dll, Platform was updated to 'X86'.
TpTrace Information: 0 : 7016, 1, 2024/07/23, 22:22:32.677, 1930701239674, vstest.console.dll, InferRunSettingsHelper.IsTestSettingsEnabled: Unable to navigate to RunSettings/MSTest. Current node: RunSettings
TpTrace Information: 0 : 7016, 1, 2024/07/23, 22:22:32.677, 1930701245378, vstest.console.dll, AssemblyResolver.OnResolve: Microsoft.VisualStudio.TestPlatform.Fakes: Resolving assembly.
TpTrace Information: 0 : 7016, 1, 2024/07/23, 22:22:32.677, 1930701246239, vstest.console.dll, AssemblyResolver.OnResolve: Microsoft.VisualStudio.TestPlatform.Fakes: Searching in: 'C:\Program Files (x86)\dotnet\sdk\6.0.408\Extensions'.
TpTrace Information: 0 : 7016, 1, 2024/07/23, 22:22:32.677, 1930701247743, vstest.console.dll, AssemblyResolver.OnResolve: Microsoft.VisualStudio.TestPlatform.Fakes: Assembly path does not exist: 'C:\Program Files (x86)\dotnet\sdk\6.0.408\Extensions\Microsoft.VisualStudio.TestPlatform.Fakes.dll', returning.
TpTrace Information: 0 : 7016, 1, 2024/07/23, 22:22:32.677, 1930701248850, vstest.console.dll, AssemblyResolver.OnResolve: Microsoft.VisualStudio.TestPlatform.Fakes: Assembly path does not exist: 'C:\Program Files (x86)\dotnet\sdk\6.0.408\Extensions\Microsoft.VisualStudio.TestPlatform.Fakes.exe', returning.
TpTrace Information: 0 : 7016, 1, 2024/07/23, 22:22:32.678, 1930701249486, vstest.console.dll, AssemblyResolver.OnResolve: Microsoft.VisualStudio.TestPlatform.Fakes: Searching in: 'C:\Program Files (x86)\dotnet\sdk\6.0.408'.
TpTrace Information: 0 : 7016, 1, 2024/07/23, 22:22:32.678, 1930701250475, vstest.console.dll, AssemblyResolver.OnResolve: Microsoft.VisualStudio.TestPlatform.Fakes: Assembly path does not exist: 'C:\Program Files (x86)\dotnet\sdk\6.0.408\Microsoft.VisualStudio.TestPlatform.Fakes.dll', returning.
TpTrace Information: 0 : 7016, 1, 2024/07/23, 22:22:32.678, 1930701251525, vstest.console.dll, AssemblyResolver.OnResolve: Microsoft.VisualStudio.TestPlatform.Fakes: Assembly path does not exist: 'C:\Program Files (x86)\dotnet\sdk\6.0.408\Microsoft.VisualStudio.TestPlatform.Fakes.exe', returning.
TpTrace Information: 0 : 7016, 1, 2024/07/23, 22:22:32.678, 1930701252205, vstest.console.dll, AssemblyResolver.OnResolve: Microsoft.VisualStudio.TestPlatform.Fakes: Failed to load assembly.
TpTrace Information: 0 : 7016, 1, 2024/07/23, 22:22:32.678, 1930701254796, vstest.console.dll, Failed to load assembly Microsoft.VisualStudio.TestPlatform.Fakes, Version=17.0.0.0, Culture=neutral. Reason:System.IO.FileNotFoundException: Could not load file or assembly 'Microsoft.VisualStudio.TestPlatform.Fakes, Version=17.0.0.0, Culture=neutral, PublicKeyToken=null'. The system cannot find the file specified.
File name: 'Microsoft.VisualStudio.TestPlatform.Fakes, Version=17.0.0.0, Culture=neutral, PublicKeyToken=null'
   at System.Reflection.RuntimeAssembly.InternalLoad(ObjectHandleOnStack assemblyName, ObjectHandleOnStack requestingAssembly, StackCrawlMarkHandle stackMark, Boolean throwOnFileNotFound, ObjectHandleOnStack assemblyLoadContext, ObjectHandleOnStack retAssembly)
   at System.Reflection.RuntimeAssembly.InternalLoad(AssemblyName assemblyName, RuntimeAssembly requestingAssembly, StackCrawlMark& stackMark, Boolean throwOnFileNotFound, AssemblyLoadContext assemblyLoadContext)
   at System.Reflection.Assembly.Load(AssemblyName assemblyRef)
   at Microsoft.VisualStudio.TestPlatform.Common.Utilities.FakesUtilities.LoadTestPlatformAssembly()
TpTrace Verbose: 0 : 7016, 1, 2024/07/23, 22:22:32.682, 1930701290133, vstest.console.dll, TestPluginCache.DiscoverTestExtensions: finding test extensions in assemblies ends with: TestLogger.dll TPluginInfo: Microsoft.VisualStudio.TestPlatform.Common.ExtensionFramework.Utilities.TestLoggerPluginInformation TExtension: Microsoft.VisualStudio.TestPlatform.ObjectModel.Client.ITestLogger
TpTrace Verbose: 0 : 7016, 1, 2024/07/23, 22:22:32.682, 1930701291649, vstest.console.dll, TestPluginCache.GetExtensionPaths: Filtered extension paths: 
TpTrace Verbose: 0 : 7016, 1, 2024/07/23, 22:22:32.682, 1930701292333, vstest.console.dll, TestPluginCache.GetExtensionPaths: Added default extension paths: C:\Program Files (x86)\dotnet\sdk\6.0.408\Extensions\Microsoft.Diagnostics.NETCore.Client.dll
C:\Program Files (x86)\dotnet\sdk\6.0.408\Extensions\Microsoft.TestPlatform.Extensions.BlameDataCollector.dll
C:\Program Files (x86)\dotnet\sdk\6.0.408\Extensions\Microsoft.TestPlatform.Extensions.EventLogCollector.dll
C:\Program Files (x86)\dotnet\sdk\6.0.408\Extensions\Microsoft.TestPlatform.TestHostRuntimeProvider.dll
C:\Program Files (x86)\dotnet\sdk\6.0.408\Extensions\Microsoft.VisualStudio.TestPlatform.Extensions.Html.TestLogger.dll
C:\Program Files (x86)\dotnet\sdk\6.0.408\Extensions\Microsoft.VisualStudio.TestPlatform.Extensions.Trx.TestLogger.dll
TpTrace Verbose: 0 : 7016, 1, 2024/07/23, 22:22:32.682, 1930701293101, vstest.console.dll, TestPluginCache.GetExtensionPaths: Added unfilterableExtensionPaths: 
TpTrace Information: 0 : 7016, 1, 2024/07/23, 22:22:32.682, 1930701294896, vstest.console.dll, AssemblyResolver.AddSearchDirectories: Adding more searchDirectories C:\Program Files (x86)\dotnet\sdk\6.0.408\Extensions,C:\Program Files (x86)\dotnet\sdk\6.0.408
TpTrace Verbose: 0 : 7016, 1, 2024/07/23, 22:22:32.682, 1930701295636, vstest.console.dll, TestPluginCache.DiscoverTestExtensions: Discovering the extensions using extension path.
TpTrace Verbose: 0 : 7016, 1, 2024/07/23, 22:22:32.682, 1930701296311, vstest.console.dll, TestPluginCache.GetExtensionPaths: Filtered extension paths: 
TpTrace Verbose: 0 : 7016, 1, 2024/07/23, 22:22:32.682, 1930701297012, vstest.console.dll, TestPluginCache.GetExtensionPaths: Added default extension paths: C:\Program Files (x86)\dotnet\sdk\6.0.408\Extensions\Microsoft.Diagnostics.NETCore.Client.dll
C:\Program Files (x86)\dotnet\sdk\6.0.408\Extensions\Microsoft.TestPlatform.Extensions.BlameDataCollector.dll
C:\Program Files (x86)\dotnet\sdk\6.0.408\Extensions\Microsoft.TestPlatform.Extensions.EventLogCollector.dll
C:\Program Files (x86)\dotnet\sdk\6.0.408\Extensions\Microsoft.TestPlatform.TestHostRuntimeProvider.dll
C:\Program Files (x86)\dotnet\sdk\6.0.408\Extensions\Microsoft.VisualStudio.TestPlatform.Extensions.Html.TestLogger.dll
C:\Program Files (x86)\dotnet\sdk\6.0.408\Extensions\Microsoft.VisualStudio.TestPlatform.Extensions.Trx.TestLogger.dll
TpTrace Verbose: 0 : 7016, 1, 2024/07/23, 22:22:32.682, 1930701298472, vstest.console.dll, TestPluginCache.GetExtensionPaths: Added unfilterableExtensionPaths: 
TpTrace Verbose: 0 : 7016, 1, 2024/07/23, 22:22:32.683, 1930701299405, vstest.console.dll, TestPluginCache.DiscoverTestExtensions: Discovering the extensions using allExtensionPaths: C:\Program Files (x86)\dotnet\sdk\6.0.408\Extensions\Microsoft.Diagnostics.NETCore.Client.dll
C:\Program Files (x86)\dotnet\sdk\6.0.408\Extensions\Microsoft.TestPlatform.Extensions.BlameDataCollector.dll
C:\Program Files (x86)\dotnet\sdk\6.0.408\Extensions\Microsoft.TestPlatform.Extensions.EventLogCollector.dll
C:\Program Files (x86)\dotnet\sdk\6.0.408\Extensions\Microsoft.TestPlatform.TestHostRuntimeProvider.dll
C:\Program Files (x86)\dotnet\sdk\6.0.408\Extensions\Microsoft.VisualStudio.TestPlatform.Extensions.Html.TestLogger.dll
C:\Program Files (x86)\dotnet\sdk\6.0.408\Extensions\Microsoft.VisualStudio.TestPlatform.Extensions.Trx.TestLogger.dll
TpTrace Information: 0 : 7016, 1, 2024/07/23, 22:22:32.683, 1930701300190, vstest.console.dll, AssemblyResolver.AddSearchDirectories: Adding more searchDirectories C:\Program Files (x86)\dotnet\sdk\6.0.408\Extensions,C:\Program Files (x86)\dotnet\sdk\6.0.408
TpTrace Information: 0 : 7016, 1, 2024/07/23, 22:22:32.683, 1930701300894, vstest.console.dll, AssemblyResolver.AddSearchDirectories: Adding more searchDirectories C:\Program Files (x86)\dotnet\sdk\6.0.408\Extensions,C:\Program Files (x86)\dotnet\sdk\6.0.408
TpTrace Information: 0 : 7016, 1, 2024/07/23, 22:22:32.683, 1930701301518, vstest.console.dll, AssemblyResolver.AddSearchDirectories: Adding more searchDirectories C:\Program Files (x86)\dotnet\sdk\6.0.408\Extensions,C:\Program Files (x86)\dotnet\sdk\6.0.408
TpTrace Information: 0 : 7016, 1, 2024/07/23, 22:22:32.683, 1930701302122, vstest.console.dll, AssemblyResolver.AddSearchDirectories: Adding more searchDirectories C:\Program Files (x86)\dotnet\sdk\6.0.408\Extensions,C:\Program Files (x86)\dotnet\sdk\6.0.408
TpTrace Information: 0 : 7016, 1, 2024/07/23, 22:22:32.683, 1930701302726, vstest.console.dll, AssemblyResolver.AddSearchDirectories: Adding more searchDirectories C:\Program Files (x86)\dotnet\sdk\6.0.408\Extensions,C:\Program Files (x86)\dotnet\sdk\6.0.408
TpTrace Information: 0 : 7016, 1, 2024/07/23, 22:22:32.683, 1930701303740, vstest.console.dll, AssemblyResolver.AddSearchDirectories: Adding more searchDirectories C:\Program Files (x86)\dotnet\sdk\6.0.408\Extensions,C:\Program Files (x86)\dotnet\sdk\6.0.408
TpTrace Verbose: 0 : 7016, 1, 2024/07/23, 22:22:32.683, 1930701305725, vstest.console.dll, MetadataReaderExtensionsHelper: Discovering extensions inside assembly 'Microsoft.Diagnostics.NETCore.Client, Version=0.2.6.42401, Culture=neutral, PublicKeyToken=31bf3856ad364e35' file path 'C:\Program Files (x86)\dotnet\sdk\6.0.408\Extensions\Microsoft.Diagnostics.NETCore.Client.dll'
TpTrace Information: 0 : 7016, 1, 2024/07/23, 22:22:32.684, 1930701310661, vstest.console.dll, AssemblyResolver.OnResolve: Microsoft.Bcl.AsyncInterfaces: Resolving assembly.
TpTrace Information: 0 : 7016, 1, 2024/07/23, 22:22:32.684, 1930701311426, vstest.console.dll, AssemblyResolver.OnResolve: Microsoft.Bcl.AsyncInterfaces: Resolved from cache.
TpTrace Verbose: 0 : 7016, 1, 2024/07/23, 22:22:32.684, 1930701312057, vstest.console.dll, CurrentDomainAssemblyResolve: Resolving assembly 'Microsoft.Bcl.AsyncInterfaces'.
TpTrace Information: 0 : 7016, 1, 2024/07/23, 22:22:32.684, 1930701312844, vstest.console.dll, AssemblyResolver.OnResolve: Microsoft.Bcl.AsyncInterfaces: Resolving assembly.
TpTrace Information: 0 : 7016, 1, 2024/07/23, 22:22:32.684, 1930701313482, vstest.console.dll, AssemblyResolver.OnResolve: Microsoft.Bcl.AsyncInterfaces: Resolved from cache.
TpTrace Verbose: 0 : 7016, 1, 2024/07/23, 22:22:32.684, 1930701314151, vstest.console.dll, CurrentDomainAssemblyResolve: Resolving assembly 'Microsoft.Bcl.AsyncInterfaces'.
TpTrace Verbose: 0 : 7016, 1, 2024/07/23, 22:22:32.684, 1930701314735, vstest.console.dll, CurrentDomainAssemblyResolve: Failed to resolve assembly 'Microsoft.Bcl.AsyncInterfaces'.
TpTrace Verbose: 0 : 7016, 1, 2024/07/23, 22:22:32.684, 1930701316367, vstest.console.dll, CurrentDomainAssemblyResolve: Failed to resolve assembly 'Microsoft.Bcl.AsyncInterfaces'.
TpTrace Warning: 0 : 7016, 1, 2024/07/23, 22:22:32.685, 1930701320517, vstest.console.dll, TestPluginDiscoverer: Failed to get types from assembly 'Microsoft.Diagnostics.NETCore.Client, Version=0.2.6.42401, Culture=neutral, PublicKeyToken=31bf3856ad364e35'. Error: System.Reflection.ReflectionTypeLoadException: Unable to load one or more of the requested types.
Could not load file or assembly 'Microsoft.Bcl.AsyncInterfaces, Version=1.0.0.0, Culture=neutral, PublicKeyToken=cc7b13ffcd2ddd51'. The system cannot find the file specified.
   at System.Reflection.RuntimeModule.GetTypes(RuntimeModule module)
   at System.Reflection.Assembly.GetTypes()
   at Microsoft.VisualStudio.TestPlatform.Common.ExtensionFramework.TestPluginDiscoverer.GetTestExtensionsFromAssembly[TPluginInfo,TExtension](Assembly assembly, Dictionary`2 pluginInfos, String filePath)
System.IO.FileNotFoundException: Could not load file or assembly 'Microsoft.Bcl.AsyncInterfaces, Version=1.0.0.0, Culture=neutral, PublicKeyToken=cc7b13ffcd2ddd51'. The system cannot find the file specified.
File name: 'Microsoft.Bcl.AsyncInterfaces, Version=1.0.0.0, Culture=neutral, PublicKeyToken=cc7b13ffcd2ddd51'
 ---> System.IO.FileNotFoundException: Could not load file or assembly 'Microsoft.Bcl.AsyncInterfaces, Culture=neutral, PublicKeyToken=null'. The system cannot find the file specified.
File name: 'Microsoft.Bcl.AsyncInterfaces, Culture=neutral, PublicKeyToken=null'
   at System.Reflection.RuntimeAssembly.InternalLoad(ObjectHandleOnStack assemblyName, ObjectHandleOnStack requestingAssembly, StackCrawlMarkHandle stackMark, Boolean throwOnFileNotFound, ObjectHandleOnStack assemblyLoadContext, ObjectHandleOnStack retAssembly)
   at System.Reflection.RuntimeAssembly.InternalLoad(AssemblyName assemblyName, RuntimeAssembly requestingAssembly, StackCrawlMark& stackMark, Boolean throwOnFileNotFound, AssemblyLoadContext assemblyLoadContext)
   at System.Reflection.Assembly.Load(AssemblyName assemblyRef)
   at Microsoft.VisualStudio.TestPlatform.Common.ExtensionFramework.TestPluginCache.CurrentDomainAssemblyResolve(Object sender, AssemblyResolveEventArgs args)
   at Microsoft.VisualStudio.TestPlatform.PlatformAbstractions.PlatformAssemblyResolver.AssemblyResolverEvent(Object sender, Object eventArgs)
   at System.Runtime.Loader.AssemblyLoadContext.GetFirstResolvedAssemblyFromResolvingEvent(AssemblyName assemblyName)
   at System.Runtime.Loader.AssemblyLoadContext.ResolveUsingEvent(AssemblyName assemblyName)
   at System.Runtime.Loader.AssemblyLoadContext.ResolveUsingResolvingEvent(IntPtr gchManagedAssemblyLoadContext, AssemblyName assemblyName)
TpTrace Warning: 0 : 7016, 1, 2024/07/23, 22:22:32.685, 1930701323709, vstest.console.dll, LoaderExceptions: System.IO.FileNotFoundException: Could not load file or assembly 'Microsoft.Bcl.AsyncInterfaces, Version=1.0.0.0, Culture=neutral, PublicKeyToken=cc7b13ffcd2ddd51'. The system cannot find the file specified.
File name: 'Microsoft.Bcl.AsyncInterfaces, Version=1.0.0.0, Culture=neutral, PublicKeyToken=cc7b13ffcd2ddd51'
 ---> System.IO.FileNotFoundException: Could not load file or assembly 'Microsoft.Bcl.AsyncInterfaces, Culture=neutral, PublicKeyToken=null'. The system cannot find the file specified.
File name: 'Microsoft.Bcl.AsyncInterfaces, Culture=neutral, PublicKeyToken=null'
   at System.Reflection.RuntimeAssembly.InternalLoad(ObjectHandleOnStack assemblyName, ObjectHandleOnStack requestingAssembly, StackCrawlMarkHandle stackMark, Boolean throwOnFileNotFound, ObjectHandleOnStack assemblyLoadContext, ObjectHandleOnStack retAssembly)
   at System.Reflection.RuntimeAssembly.InternalLoad(AssemblyName assemblyName, RuntimeAssembly requestingAssembly, StackCrawlMark& stackMark, Boolean throwOnFileNotFound, AssemblyLoadContext assemblyLoadContext)
   at System.Reflection.Assembly.Load(AssemblyName assemblyRef)
   at Microsoft.VisualStudio.TestPlatform.Common.ExtensionFramework.TestPluginCache.CurrentDomainAssemblyResolve(Object sender, AssemblyResolveEventArgs args)
   at Microsoft.VisualStudio.TestPlatform.PlatformAbstractions.PlatformAssemblyResolver.AssemblyResolverEvent(Object sender, Object eventArgs)
   at System.Runtime.Loader.AssemblyLoadContext.GetFirstResolvedAssemblyFromResolvingEvent(AssemblyName assemblyName)
   at System.Runtime.Loader.AssemblyLoadContext.ResolveUsingEvent(AssemblyName assemblyName)
   at System.Runtime.Loader.AssemblyLoadContext.ResolveUsingResolvingEvent(IntPtr gchManagedAssemblyLoadContext, AssemblyName assemblyName)
TpTrace Verbose: 0 : 7016, 1, 2024/07/23, 22:22:32.685, 1930701324880, vstest.console.dll, MetadataReaderExtensionsHelper: Discovering extensions inside assembly 'Microsoft.TestPlatform.Extensions.BlameDataCollector, Version=15.0.0.0, Culture=neutral, PublicKeyToken=b03f5f7f11d50a3a' file path 'C:\Program Files (x86)\dotnet\sdk\6.0.408\Extensions\Microsoft.TestPlatform.Extensions.BlameDataCollector.dll'
TpTrace Information: 0 : 7016, 1, 2024/07/23, 22:22:32.686, 1930701330706, vstest.console.dll, GetTestExtensionFromType: Register extension with identifier data 'logger://Microsoft/TestPlatform/Extensions/Blame/v1' and type 'Microsoft.TestPlatform.Extensions.BlameDataCollector.BlameLogger, Microsoft.TestPlatform.Extensions.BlameDataCollector, Version=15.0.0.0, Culture=neutral, PublicKeyToken=b03f5f7f11d50a3a' inside file 'C:\Program Files (x86)\dotnet\sdk\6.0.408\Extensions\Microsoft.TestPlatform.Extensions.BlameDataCollector.dll'
TpTrace Verbose: 0 : 7016, 1, 2024/07/23, 22:22:32.686, 1930701331724, vstest.console.dll, MetadataReaderExtensionsHelper: Discovering extensions inside assembly 'Microsoft.TestPlatform.Extensions.EventLogCollector, Version=15.0.0.0, Culture=neutral, PublicKeyToken=b03f5f7f11d50a3a' file path 'C:\Program Files (x86)\dotnet\sdk\6.0.408\Extensions\Microsoft.TestPlatform.Extensions.EventLogCollector.dll'
TpTrace Verbose: 0 : 7016, 1, 2024/07/23, 22:22:32.686, 1930701334810, vstest.console.dll, MetadataReaderExtensionsHelper: Discovering extensions inside assembly 'Microsoft.TestPlatform.TestHostRuntimeProvider, Version=15.0.0.0, Culture=neutral, PublicKeyToken=b03f5f7f11d50a3a' file path 'C:\Program Files (x86)\dotnet\sdk\6.0.408\Extensions\Microsoft.TestPlatform.TestHostRuntimeProvider.dll'
TpTrace Verbose: 0 : 7016, 1, 2024/07/23, 22:22:32.686, 1930701337824, vstest.console.dll, MetadataReaderExtensionsHelper: Discovering extensions inside assembly 'Microsoft.VisualStudio.TestPlatform.Extensions.Html.TestLogger, Version=15.0.0.0, Culture=neutral, PublicKeyToken=b03f5f7f11d50a3a' file path 'C:\Program Files (x86)\dotnet\sdk\6.0.408\Extensions\Microsoft.VisualStudio.TestPlatform.Extensions.Html.TestLogger.dll'
TpTrace Information: 0 : 7016, 1, 2024/07/23, 22:22:32.687, 1930701341162, vstest.console.dll, GetTestExtensionFromType: Register extension with identifier data 'logger://Microsoft/TestPlatform/HtmlLogger/v1' and type 'Microsoft.VisualStudio.TestPlatform.Extensions.HtmlLogger.HtmlLogger, Microsoft.VisualStudio.TestPlatform.Extensions.Html.TestLogger, Version=15.0.0.0, Culture=neutral, PublicKeyToken=b03f5f7f11d50a3a' inside file 'C:\Program Files (x86)\dotnet\sdk\6.0.408\Extensions\Microsoft.VisualStudio.TestPlatform.Extensions.Html.TestLogger.dll'
TpTrace Verbose: 0 : 7016, 1, 2024/07/23, 22:22:32.687, 1930701342120, vstest.console.dll, MetadataReaderExtensionsHelper: Discovering extensions inside assembly 'Microsoft.VisualStudio.TestPlatform.Extensions.Trx.TestLogger, Version=15.0.0.0, Culture=neutral, PublicKeyToken=b03f5f7f11d50a3a' file path 'C:\Program Files (x86)\dotnet\sdk\6.0.408\Extensions\Microsoft.VisualStudio.TestPlatform.Extensions.Trx.TestLogger.dll'
TpTrace Information: 0 : 7016, 1, 2024/07/23, 22:22:32.687, 1930701345700, vstest.console.dll, GetTestExtensionFromType: Register extension with identifier data 'logger://Microsoft/TestPlatform/TrxLogger/v1' and type 'Microsoft.VisualStudio.TestPlatform.Extensions.TrxLogger.TrxLogger, Microsoft.VisualStudio.TestPlatform.Extensions.Trx.TestLogger, Version=15.0.0.0, Culture=neutral, PublicKeyToken=b03f5f7f11d50a3a' inside file 'C:\Program Files (x86)\dotnet\sdk\6.0.408\Extensions\Microsoft.VisualStudio.TestPlatform.Extensions.Trx.TestLogger.dll'
TpTrace Verbose: 0 : 7016, 1, 2024/07/23, 22:22:32.687, 1930701346790, vstest.console.dll, TestPluginCache: Discovered the extensions using extension path ''.
TpTrace Verbose: 0 : 7016, 1, 2024/07/23, 22:22:32.687, 1930701347542, vstest.console.dll, TestPluginCache: Discoverers are ''.
TpTrace Verbose: 0 : 7016, 1, 2024/07/23, 22:22:32.687, 1930701348128, vstest.console.dll, TestPluginCache: Executors are ''.
TpTrace Verbose: 0 : 7016, 1, 2024/07/23, 22:22:32.687, 1930701348682, vstest.console.dll, TestPluginCache: Executors2 are ''.
TpTrace Verbose: 0 : 7016, 1, 2024/07/23, 22:22:32.688, 1930701349230, vstest.console.dll, TestPluginCache: Setting providers are ''.
TpTrace Verbose: 0 : 7016, 1, 2024/07/23, 22:22:32.688, 1930701350218, vstest.console.dll, TestPluginCache: Loggers are 'logger://Microsoft/TestPlatform/Extensions/Blame/v1,logger://Microsoft/TestPlatform/HtmlLogger/v1,logger://Microsoft/TestPlatform/TrxLogger/v1'.
TpTrace Verbose: 0 : 7016, 1, 2024/07/23, 22:22:32.688, 1930701350888, vstest.console.dll, TestPluginCache: TestHosts are 'HostProvider://DefaultTestHost,HostProvider://DotnetTestHost'.
TpTrace Verbose: 0 : 7016, 1, 2024/07/23, 22:22:32.688, 1930701351605, vstest.console.dll, TestPluginCache: DataCollectors are ''.
TpTrace Information: 0 : 7016, 1, 2024/07/23, 22:22:32.688, 1930701357857, vstest.console.dll, TestPluginManager.CreateTestExtension: Attempting to load test extension: Microsoft.TestPlatform.Extensions.BlameDataCollector.BlameLogger
TpTrace Verbose: 0 : 7016, 1, 2024/07/23, 22:22:32.693, 1930701400964, vstest.console.dll, TestEngine: Initializing Parallel Execution as MaxCpuCount is set to: 1
TpTrace Information: 0 : 7016, 1, 2024/07/23, 22:22:32.694, 1930701413331, vstest.console.dll, TestPluginManager.CreateTestExtension: Attempting to load test extension: Microsoft.VisualStudio.TestPlatform.CrossPlatEngine.Hosting.DefaultTestHostManager
TpTrace Information: 0 : 7016, 1, 2024/07/23, 22:22:32.695, 1930701420819, vstest.console.dll, TestPluginManager.CreateTestExtension: Attempting to load test extension: Microsoft.VisualStudio.TestPlatform.CrossPlatEngine.Hosting.DotnetTestHostManager
TpTrace Information: 0 : 7016, 1, 2024/07/23, 22:22:32.695, 1930701425275, vstest.console.dll, InferRunSettingsHelper.IsTestSettingsEnabled: Unable to navigate to RunSettings/MSTest. Current node: RunSettings
TpTrace Verbose: 0 : 7016, 1, 2024/07/23, 22:22:32.700, 1930701469254, vstest.console.dll, TestEngine.GetExecutionManager: Chosen execution manager 'Microsoft.VisualStudio.TestPlatform.CrossPlatEngine.Client.Parallel.ParallelProxyExecutionManager, Microsoft.TestPlatform.CrossPlatEngine, Version=15.0.0.0, Culture=neutral, PublicKeyToken=b03f5f7f11d50a3a' ParallelLevel '1'.
TpTrace Verbose: 0 : 7016, 1, 2024/07/23, 22:22:32.700, 1930701470627, vstest.console.dll, TestRunRequest.ExecuteAsync: Creating test run request.
TpTrace Verbose: 0 : 7016, 1, 2024/07/23, 22:22:32.700, 1930701472735, vstest.console.dll, TestRunRequest.ExecuteAsync: Starting.
TpTrace Information: 0 : 7016, 1, 2024/07/23, 22:22:32.700, 1930701475798, vstest.console.dll, TestRunRequest.ExecuteAsync: Starting run with settings:TestRunCriteria:
   KeepAlive=False,FrequencyOfRunStatsChangeEvent=10,RunStatsChangeEventTimeout=00:00:01.5000000,TestCaseFilter=,TestExecutorLauncher=
   Settingsxml=<RunSettings>
  <RunConfiguration>
    <ResultsDirectory>D:\SoftUni\Front-End-Test-Automation-July-2024\10.Appium-Exercise-1-POM\ColorNoteAppTestingPOM\ColorNoteAppTestingPOM\bin\Debug\net6.0\fine-code-coverage\coverage-tool-output</ResultsDirectory>
    <TargetPlatform>X86</TargetPlatform>
    <TargetFrameworkVersion>.NETCoreApp,Version=v6.0</TargetFrameworkVersion>
    <DesignMode>False</DesignMode>
    <CollectSourceInformation>False</CollectSourceInformation>
  </RunConfiguration>
  <LoggerRunSettings>
    <Loggers>
      <Logger friendlyName="blame" enabled="True" />
      <Logger friendlyName="Console" uri="logger://microsoft/TestPlatform/ConsoleLogger/v1" assemblyQualifiedName="Microsoft.VisualStudio.TestPlatform.CommandLine.Internal.ConsoleLogger, vstest.console, Version=15.0.0.0, Culture=neutral, PublicKeyToken=b03f5f7f11d50a3a" codeBase="C:\Program Files (x86)\dotnet\sdk\6.0.408\vstest.console.dll" enabled="True" />
    </Loggers>
  </LoggerRunSettings>
  <DataCollectionRunSettings>
    <DataCollectors>
      <DataCollector friendlyName="blame" enabled="True">
        <Configuration>
          <ResultsDirectory>D:\SoftUni\Front-End-Test-Automation-July-2024\10.Appium-Exercise-1-POM\ColorNoteAppTestingPOM\ColorNoteAppTestingPOM\bin\Debug\net6.0\fine-code-coverage\coverage-tool-output</ResultsDirectory>
        </Configuration>
      </DataCollector>
    </DataCollectors>
  </DataCollectionRunSettings>
</RunSettings>

TpTrace Verbose: 0 : 7016, 1, 2024/07/23, 22:22:32.700, 1930701476791, vstest.console.dll, TestRunRequest.ExecuteAsync: Wait for the first run request is over.
TpTrace Verbose: 0 : 7016, 1, 2024/07/23, 22:22:32.701, 1930701479910, vstest.console.dll, MulticastDelegateUtilities.SafeInvoke: TestRun.TestRunStart: Invoking callbacks was skipped because there are no subscribers.
TpTrace Verbose: 0 : 7016, 4, 2024/07/23, 22:22:32.701, 1930701482350, vstest.console.dll, MulticastDelegateUtilities.SafeInvoke: InternalTestLoggerEvents.SendTestRunStart: Invoking callback 1/1 for Microsoft.VisualStudio.TestPlatform.CommandLine.Internal.ConsoleLogger.TestRunStartHandler, took 0 ms.
TpTrace Verbose: 0 : 7016, 1, 2024/07/23, 22:22:32.702, 1930701490822, vstest.console.dll, ParallelProxyExecutionManager: Start execution. Total sources: 1
TpTrace Verbose: 0 : 7016, 1, 2024/07/23, 22:22:32.703, 1930701505043, vstest.console.dll, TestRequestSender is acting as server.
TpTrace Verbose: 0 : 7016, 1, 2024/07/23, 22:22:32.704, 1930701516225, vstest.console.dll, DataCollectionRequestSender.InitializeCommunication : Initialize communication. 
TpTrace Information: 0 : 7016, 1, 2024/07/23, 22:22:32.712, 1930701590343, vstest.console.dll, Listening on Endpoint : 127.0.0.1:52588
TpTrace Verbose: 0 : 7016, 1, 2024/07/23, 22:22:32.720, 1930701674348, vstest.console.dll, DotnetDataCollectionLauncher: Adding  --runtimeconfig "C:\Program Files (x86)\dotnet\sdk\6.0.408\datacollector.runtimeconfig.json" in args
TpTrace Verbose: 0 : 7016, 1, 2024/07/23, 22:22:32.720, 1930701676463, vstest.console.dll, DotnetDataCollectionLauncher: Adding  --depsfile "C:\Program Files (x86)\dotnet\sdk\6.0.408\datacollector.deps.json" in args
TpTrace Verbose: 0 : 7016, 1, 2024/07/23, 22:22:32.721, 1930701679200, vstest.console.dll, DotnetDataCollectionLauncher: Full path of dotnet.exe is C:\Program Files (x86)\dotnet\dotnet.exe
TpTrace Information: 0 : 7016, 1, 2024/07/23, 22:22:32.732, 1930701797001, vstest.console.dll, ProxyDataCollectionManager.Initialize: Launched datacollector processId: 16520 port: 52588
TpTrace Information: 0 : 7016, 1, 2024/07/23, 22:22:32.732, 1930701798701, vstest.console.dll, ProxyDataCollectionManager.Initialize: waiting for connection with timeout: 90 seconds
TpTrace Verbose: 0 : 7016, 1, 2024/07/23, 22:22:32.733, 1930701799498, vstest.console.dll, DataCollectionRequestSender.WaitForRequestHandlerConnection : Waiting for connection with timeout: 90000
TpTrace Information: 0 : 7016, 5, 2024/07/23, 22:22:32.921, 1930703682920, vstest.console.dll, Using the buffer size of 16384 bytes
TpTrace Verbose: 0 : 7016, 1, 2024/07/23, 22:22:32.921, 1930703683085, vstest.console.dll, SocketCommunicationManager.WaitForClientConnection took: 188 ms, with 90000 ms timeout, and finished with True.
TpTrace Information: 0 : 7016, 5, 2024/07/23, 22:22:32.921, 1930703684576, vstest.console.dll, Accepted Client request and set the flag
TpTrace Verbose: 0 : 7016, 1, 2024/07/23, 22:22:32.921, 1930703686391, vstest.console.dll, ProxyDataCollectionManager.InvokeDataCollectionServiceAction: Starting.
TpTrace Information: 0 : 7016, 1, 2024/07/23, 22:22:32.921, 1930703688606, vstest.console.dll, ProxyDataCollectionManager.BeforeTestRunStart: Get environment variable and port for datacollector processId: 16520 port: 52588
TpTrace Verbose: 0 : 7016, 1, 2024/07/23, 22:22:32.922, 1930703690817, vstest.console.dll, DataCollectionRequestSender.SendBeforeTestRunStartAndGetResult: Send BeforeTestRunStart message with settingsXml <RunSettings><RunConfiguration><ResultsDirectory>D:\SoftUni\Front-End-Test-Automation-July-2024\10.Appium-Exercise-1-POM\ColorNoteAppTestingPOM\ColorNoteAppTestingPOM\bin\Debug\net6.0\fine-code-coverage\coverage-tool-output</ResultsDirectory><TargetPlatform>X86</TargetPlatform><TargetFrameworkVersion>.NETCoreApp,Version=v6.0</TargetFrameworkVersion><DesignMode>False</DesignMode><CollectSourceInformation>False</CollectSourceInformation><TestAdaptersPaths>C:\Program Files (x86)\dotnet\sdk\6.0.408\Extensions</TestAdaptersPaths></RunConfiguration><LoggerRunSettings><Loggers><Logger friendlyName="blame" enabled="True" /><Logger friendlyName="Console" uri="logger://microsoft/TestPlatform/ConsoleLogger/v1" assemblyQualifiedName="Microsoft.VisualStudio.TestPlatform.CommandLine.Internal.ConsoleLogger, vstest.console, Version=15.0.0.0, Culture=neutral, PublicKeyToken=b03f5f7f11d50a3a" codeBase="C:\Program Files (x86)\dotnet\sdk\6.0.408\vstest.console.dll" enabled="True" /></Loggers></LoggerRunSettings><DataCollectionRunSettings><DataCollectors><DataCollector friendlyName="blame" enabled="True"><Configuration><ResultsDirectory>D:\SoftUni\Front-End-Test-Automation-July-2024\10.Appium-Exercise-1-POM\ColorNoteAppTestingPOM\ColorNoteAppTestingPOM\bin\Debug\net6.0\fine-code-coverage\coverage-tool-output</ResultsDirectory></Configuration></DataCollector></DataCollectors></DataCollectionRunSettings></RunSettings> and sources System.Collections.Generic.List`1[System.String]: 
TpTrace Verbose: 0 : 7016, 1, 2024/07/23, 22:22:33.002, 1930704497952, vstest.console.dll, DataCollectionRequestSender.SendBeforeTestRunStartAndGetResult: Received message: (DataCollection.SendMessage) -> {"MessageType":"DataCollection.SendMessage","Payload":{"FriendlyName":null,"Uri":null,"TestCaseId":"00000000-0000-0000-0000-000000000000","Message":"Logging DataCollector Diagnostics in file: D:\\SoftUni\\Front-End-Test-Automation-July-2024\\10.Appium-Exercise-1-POM\\ColorNoteAppTestingPOM\\ColorNoteAppTestingPOM\\bin\\Debug\\net6.0\\fine-code-coverage\\coverage-tool-output\\diagnostics.datacollector.24-07-23_22-22-32_72019_1.log","Level":0}}
TpTrace Verbose: 0 : 7016, 1, 2024/07/23, 22:22:33.089, 1930705368369, vstest.console.dll, DataCollectionRequestSender.SendBeforeTestRunStartAndGetResult: Received message: (DataCollection.BeforeTestRunStartResult) -> {"MessageType":"DataCollection.BeforeTestRunStartResult","Payload":{"EnvironmentVariables":{},"DataCollectionEventsPort":52590}}
TpTrace Information: 0 : 7016, 1, 2024/07/23, 22:22:33.094, 1930705415951, vstest.console.dll, ProxyDataCollectionManager.BeforeTestRunStart: SendBeforeTestRunStartAndGetResult successful, env variable from datacollector:   and testhost port: 52590
TpTrace Information: 0 : 7016, 1, 2024/07/23, 22:22:33.094, 1930705417100, vstest.console.dll, ProxyDataCollectionManager.InvokeDataCollectionServiceAction: Completed.
TpTrace Verbose: 0 : 7016, 7, 2024/07/23, 22:22:33.094, 1930705418663, vstest.console.dll, ParallelProxyExecutionManager: Execution started. Started clients: 1
TpTrace Verbose: 0 : 7016, 1, 2024/07/23, 22:22:33.094, 1930705418801, vstest.console.dll, ProxyParallelExecutionManager: No sources available for execution.
TpTrace Information: 0 : 7016, 1, 2024/07/23, 22:22:33.095, 1930705421684, vstest.console.dll, TestRunRequest.ExecuteAsync: Started.
TpTrace Verbose: 0 : 7016, 7, 2024/07/23, 22:22:33.095, 1930705422043, vstest.console.dll, TestRunRequest:SendTestRunMessage: Starting.
TpTrace Verbose: 0 : 7016, 1, 2024/07/23, 22:22:33.095, 1930705423771, vstest.console.dll, TestRunRequest.WaitForCompletion: Waiting with timeout -1.
TpTrace Verbose: 0 : 7016, 7, 2024/07/23, 22:22:33.095, 1930705424762, vstest.console.dll, MulticastDelegateUtilities.SafeInvoke: TestRun.LogMessages: Invoking callback 1/1 for Microsoft.VisualStudio.TestPlatform.CommandLine.TestRunResultAggregator.TestRunMessageHandler, took 0 ms.
TpTrace Information: 0 : 7016, 7, 2024/07/23, 22:22:33.095, 1930705425636, vstest.console.dll, TestRunRequest:SendTestRunMessage: Completed.
TpTrace Verbose: 0 : 7016, 4, 2024/07/23, 22:22:33.095, 1930705424861, vstest.console.dll, MulticastDelegateUtilities.SafeInvoke: InternalTestLoggerEvents.SendTestRunMessage: Invoking callback 1/1 for Microsoft.VisualStudio.TestPlatform.CommandLine.Internal.ConsoleLogger.TestMessageHandler, took 0 ms.
TpTrace Verbose: 0 : 7016, 7, 2024/07/23, 22:22:33.095, 1930705427830, vstest.console.dll, ProxyExecutionManager: Test host is always Lazy initialize.
TpTrace Verbose: 0 : 7016, 7, 2024/07/23, 22:22:33.096, 1930705429892, vstest.console.dll, TestRequestSender.InitializeCommunication: initialize communication. 
TpTrace Information: 0 : 7016, 7, 2024/07/23, 22:22:33.096, 1930705435607, vstest.console.dll, SocketServer.Start: Listening on endpoint : 127.0.0.1:52591
TpTrace Verbose: 0 : 7016, 7, 2024/07/23, 22:22:33.097, 1930705441190, vstest.console.dll, DotnetTestHostmanager.GetTestHostProcessStartInfo: Platform environment 'X64' target architecture 'X86' framework '.NETCoreApp,Version=v6.0' OS 'Windows'
TpTrace Verbose: 0 : 7016, 7, 2024/07/23, 22:22:33.097, 1930705442857, vstest.console.dll, DotnetTestHostmanager: Adding  --runtimeconfig "D:\SoftUni\Front-End-Test-Automation-July-2024\10.Appium-Exercise-1-POM\ColorNoteAppTestingPOM\ColorNoteAppTestingPOM\bin\Debug\net6.0\fine-code-coverage\build-output\ColorNoteAppTestingPOM.runtimeconfig.json" in args
TpTrace Verbose: 0 : 7016, 7, 2024/07/23, 22:22:33.097, 1930705443781, vstest.console.dll, DotnetTestHostmanager: Adding  --depsfile "D:\SoftUni\Front-End-Test-Automation-July-2024\10.Appium-Exercise-1-POM\ColorNoteAppTestingPOM\ColorNoteAppTestingPOM\bin\Debug\net6.0\fine-code-coverage\build-output\ColorNoteAppTestingPOM.deps.json" in args
TpTrace Verbose: 0 : 7016, 7, 2024/07/23, 22:22:33.097, 1930705445681, vstest.console.dll, DotnetTestHostmanager.IsWinOnArm: Current PROCESSOR_ARCHITECTURE from environment variable 'AMD64'
TpTrace Verbose: 0 : 7016, 7, 2024/07/23, 22:22:33.097, 1930705446616, vstest.console.dll, DotnetTestHostmanager.IsWinOnArm: Is Windows on ARM 'False'
TpTrace Information: 0 : 7016, 7, 2024/07/23, 22:22:33.097, 1930705448295, vstest.console.dll, AssemblyResolver.OnResolve: Microsoft.Extensions.DependencyModel: Resolving assembly.
TpTrace Information: 0 : 7016, 7, 2024/07/23, 22:22:33.098, 1930705449080, vstest.console.dll, AssemblyResolver.OnResolve: Microsoft.Extensions.DependencyModel: Searching in: 'C:\Program Files (x86)\dotnet\sdk\6.0.408\Extensions'.
TpTrace Information: 0 : 7016, 7, 2024/07/23, 22:22:33.098, 1930705450371, vstest.console.dll, AssemblyResolver.OnResolve: Microsoft.Extensions.DependencyModel: Assembly path does not exist: 'C:\Program Files (x86)\dotnet\sdk\6.0.408\Extensions\Microsoft.Extensions.DependencyModel.dll', returning.
TpTrace Information: 0 : 7016, 7, 2024/07/23, 22:22:33.098, 1930705451426, vstest.console.dll, AssemblyResolver.OnResolve: Microsoft.Extensions.DependencyModel: Assembly path does not exist: 'C:\Program Files (x86)\dotnet\sdk\6.0.408\Extensions\Microsoft.Extensions.DependencyModel.exe', returning.
TpTrace Information: 0 : 7016, 7, 2024/07/23, 22:22:33.098, 1930705452145, vstest.console.dll, AssemblyResolver.OnResolve: Microsoft.Extensions.DependencyModel: Searching in: 'C:\Program Files (x86)\dotnet\sdk\6.0.408'.
TpTrace Information: 0 : 7016, 7, 2024/07/23, 22:22:33.098, 1930705455049, vstest.console.dll, AssemblyResolver.OnResolve: Microsoft.Extensions.DependencyModel: Loading assembly 'C:\Program Files (x86)\dotnet\sdk\6.0.408\Microsoft.Extensions.DependencyModel.dll'.
TpTrace Information: 0 : 7016, 7, 2024/07/23, 22:22:33.099, 1930705461932, vstest.console.dll, AssemblyResolver.OnResolve: Resolved assembly: Microsoft.Extensions.DependencyModel, from path: C:\Program Files (x86)\dotnet\sdk\6.0.408\Microsoft.Extensions.DependencyModel.dll
TpTrace Verbose: 0 : 7016, 7, 2024/07/23, 22:22:33.099, 1930705465203, vstest.console.dll, DotnetTestHostmanager: Runtimeconfig.dev.json D:\SoftUni\Front-End-Test-Automation-July-2024\10.Appium-Exercise-1-POM\ColorNoteAppTestingPOM\ColorNoteAppTestingPOM\bin\Debug\net6.0\fine-code-coverage\build-output\ColorNoteAppTestingPOM.runtimeconfig.dev.json does not exist.
TpTrace Verbose: 0 : 7016, 7, 2024/07/23, 22:22:33.099, 1930705466079, vstest.console.dll, DotnetTestHostManager: Found testhost.dll in source directory: D:\SoftUni\Front-End-Test-Automation-July-2024\10.Appium-Exercise-1-POM\ColorNoteAppTestingPOM\ColorNoteAppTestingPOM\bin\Debug\net6.0\fine-code-coverage\build-output\testhost.dll.
TpTrace Verbose: 0 : 7016, 7, 2024/07/23, 22:22:33.099, 1930705467213, vstest.console.dll, DotnetTestHostmanager: Current process architetcure 'X86'
TpTrace Verbose: 0 : 7016, 7, 2024/07/23, 22:22:33.100, 1930705470205, vstest.console.dll, DotnetTestHostmanager.LaunchTestHostAsync: Compatible muxer architecture of running process 'X86' and target architecture 'X86'
TpTrace Verbose: 0 : 7016, 7, 2024/07/23, 22:22:33.100, 1930705470884, vstest.console.dll, DotnetTestHostmanager: Full path of testhost.dll is D:\SoftUni\Front-End-Test-Automation-July-2024\10.Appium-Exercise-1-POM\ColorNoteAppTestingPOM\ColorNoteAppTestingPOM\bin\Debug\net6.0\fine-code-coverage\build-output\testhost.dll
TpTrace Verbose: 0 : 7016, 7, 2024/07/23, 22:22:33.100, 1930705471516, vstest.console.dll, DotnetTestHostmanager: Full path of host exe is C:\Program Files (x86)\dotnet\dotnet.exe
TpTrace Verbose: 0 : 7016, 7, 2024/07/23, 22:22:33.100, 1930705473412, vstest.console.dll, DotnetTestHostManager: Starting process 'C:\Program Files (x86)\dotnet\dotnet.exe' with command line 'exec --runtimeconfig "D:\SoftUni\Front-End-Test-Automation-July-2024\10.Appium-Exercise-1-POM\ColorNoteAppTestingPOM\ColorNoteAppTestingPOM\bin\Debug\net6.0\fine-code-coverage\build-output\ColorNoteAppTestingPOM.runtimeconfig.json" --depsfile "D:\SoftUni\Front-End-Test-Automation-July-2024\10.Appium-Exercise-1-POM\ColorNoteAppTestingPOM\ColorNoteAppTestingPOM\bin\Debug\net6.0\fine-code-coverage\build-output\ColorNoteAppTestingPOM.deps.json" "D:\SoftUni\Front-End-Test-Automation-July-2024\10.Appium-Exercise-1-POM\ColorNoteAppTestingPOM\ColorNoteAppTestingPOM\bin\Debug\net6.0\fine-code-coverage\build-output\testhost.dll" --port 52591 --endpoint 127.0.0.1:052591 --role client --parentprocessid 7016 --diag "D:\SoftUni\Front-End-Test-Automation-July-2024\10.Appium-Exercise-1-POM\ColorNoteAppTestingPOM\ColorNoteAppTestingPOM\bin\Debug\net6.0\fine-code-coverage\coverage-tool-output\diagnostics.host.24-07-23_22-22-33_09699_7.log" --tracelevel 4 --datacollectionport 52590 --telemetryoptedin false'
TpTrace Verbose: 0 : 7016, 7, 2024/07/23, 22:22:33.107, 1930705547447, vstest.console.dll, MulticastDelegateUtilities.SafeInvoke: HostProviderEvents.OnHostLaunched: Invoking callback 1/2 for Microsoft.VisualStudio.TestPlatform.CrossPlatEngine.Client.ProxyExecutionManagerWithDataCollection.TestHostLaunchedHandler, took 1 ms.
TpTrace Verbose: 0 : 7016, 7, 2024/07/23, 22:22:33.107, 1930705548783, vstest.console.dll, Test Runtime launched
TpTrace Verbose: 0 : 7016, 7, 2024/07/23, 22:22:33.108, 1930705550046, vstest.console.dll, MulticastDelegateUtilities.SafeInvoke: HostProviderEvents.OnHostLaunched: Invoking callback 2/2 for Microsoft.VisualStudio.TestPlatform.CrossPlatEngine.Client.ProxyOperationManager.TestHostManagerHostLaunched, took 0 ms.
TpTrace Verbose: 0 : 7016, 7, 2024/07/23, 22:22:33.108, 1930705551609, vstest.console.dll, TestRequestSender.WaitForRequestHandlerConnection: waiting for connection with timeout: 90000.
TpTrace Verbose: 0 : 7016, 7, 2024/07/23, 22:22:33.286, 1930707335108, vstest.console.dll, TestRequestSender.WaitForRequestHandlerConnection: waiting took 178 ms, with timeout 90000 ms, and result 0, which is success.
TpTrace Verbose: 0 : 7016, 13, 2024/07/23, 22:22:33.286, 1930707335046, vstest.console.dll, MulticastDelegateUtilities.SafeInvoke: SocketServer: ClientConnected: Invoking callback 1/1 for Microsoft.VisualStudio.TestPlatform.CommunicationUtilities.TestRequestSender.<InitializeCommunication>b__24_0, took 0 ms.
TpTrace Verbose: 0 : 7016, 13, 2024/07/23, 22:22:33.286, 1930707337566, vstest.console.dll, SocketServer.OnClientConnected: Client connected for endPoint: 127.0.0.1:52591, starting MessageLoopAsync:
TpTrace Verbose: 0 : 7016, 10, 2024/07/23, 22:22:33.287, 1930707341537, vstest.console.dll, TcpClientExtensions.MessageLoopAsync: Polling on remoteEndPoint: 127.0.0.1:52592 localEndPoint: 127.0.0.1:52591
TpTrace Verbose: 0 : 7016, 7, 2024/07/23, 22:22:33.287, 1930707343067, vstest.console.dll, TestRequestSender.CheckVersionWithTestHost: Sending check version message: {"MessageType":"ProtocolVersion","Payload":7}
TpTrace Verbose: 0 : 7016, 10, 2024/07/23, 22:22:33.436, 1930708831772, vstest.console.dll, TcpClientExtensions.MessageLoopAsync: NotifyDataAvailable remoteEndPoint: 127.0.0.1:52592 localEndPoint: 127.0.0.1:52591
TpTrace Verbose: 0 : 7016, 10, 2024/07/23, 22:22:33.436, 1930708834117, vstest.console.dll, TestRequestSender.CheckVersionWithTestHost: onMessageReceived received message: (ProtocolVersion) -> {"MessageType":"ProtocolVersion","Payload":7}
TpTrace Verbose: 0 : 7016, 10, 2024/07/23, 22:22:33.437, 1930708839674, vstest.console.dll, MulticastDelegateUtilities.SafeInvoke: LengthPrefixCommunicationChannel: MessageReceived: Invoking callback 1/1 for Microsoft.VisualStudio.TestPlatform.CommunicationUtilities.TestRequestSender+<>c__DisplayClass26_0.<CheckVersionWithTestHost>b__0, took 0 ms.
TpTrace Verbose: 0 : 7016, 7, 2024/07/23, 22:22:33.437, 1930708840179, vstest.console.dll, TestPluginCache.GetExtensionPaths: Filtered extension paths: 
TpTrace Verbose: 0 : 7016, 10, 2024/07/23, 22:22:33.437, 1930708840747, vstest.console.dll, TcpClientExtensions.MessageLoopAsync: Polling on remoteEndPoint: 127.0.0.1:52592 localEndPoint: 127.0.0.1:52591
TpTrace Verbose: 0 : 7016, 7, 2024/07/23, 22:22:33.437, 1930708841606, vstest.console.dll, TestPluginCache.GetExtensionPaths: Added default extension paths: C:\Program Files (x86)\dotnet\sdk\6.0.408\Extensions\Microsoft.Diagnostics.NETCore.Client.dll
C:\Program Files (x86)\dotnet\sdk\6.0.408\Extensions\Microsoft.TestPlatform.Extensions.BlameDataCollector.dll
C:\Program Files (x86)\dotnet\sdk\6.0.408\Extensions\Microsoft.TestPlatform.Extensions.EventLogCollector.dll
C:\Program Files (x86)\dotnet\sdk\6.0.408\Extensions\Microsoft.TestPlatform.TestHostRuntimeProvider.dll
C:\Program Files (x86)\dotnet\sdk\6.0.408\Extensions\Microsoft.VisualStudio.TestPlatform.Extensions.Html.TestLogger.dll
C:\Program Files (x86)\dotnet\sdk\6.0.408\Extensions\Microsoft.VisualStudio.TestPlatform.Extensions.Trx.TestLogger.dll
TpTrace Verbose: 0 : 7016, 7, 2024/07/23, 22:22:33.437, 1930708843006, vstest.console.dll, TestPluginCache.GetExtensionPaths: Added unfilterableExtensionPaths: 
TpTrace Verbose: 0 : 7016, 7, 2024/07/23, 22:22:33.440, 1930708872650, vstest.console.dll, TestRequestSender.InitializeExecution: Sending initialize execution with message: {"Version":7,"MessageType":"TestExecution.Initialize","Payload":["D:\\SoftUni\\Front-End-Test-Automation-July-2024\\10.Appium-Exercise-1-POM\\ColorNoteAppTestingPOM\\ColorNoteAppTestingPOM\\bin\\Debug\\net6.0\\fine-code-coverage\\build-output\\NUnit3.TestAdapter.dll"]}
TpTrace Warning: 0 : 7016, 7, 2024/07/23, 22:22:33.440, 1930708877067, vstest.console.dll, InferRunSettingsHelper.MakeRunsettingsCompatible: Removing the following settings: TargetPlatform from RunSettings file. To use those settings please move to latest version of Microsoft.NET.Test.Sdk
TpTrace Verbose: 0 : 7016, 10, 2024/07/23, 22:22:33.444, 1930708909984, vstest.console.dll, TcpClientExtensions.MessageLoopAsync: NotifyDataAvailable remoteEndPoint: 127.0.0.1:52592 localEndPoint: 127.0.0.1:52591
TpTrace Verbose: 0 : 7016, 10, 2024/07/23, 22:22:33.444, 1930708911673, vstest.console.dll, TestRequestSender.OnExecutionMessageReceived: Received message: {"Version":7,"MessageType":"TestSession.Message","Payload":{"MessageLevel":0,"Message":"Logging TestHost Diagnostics in file: D:\\SoftUni\\Front-End-Test-Automation-July-2024\\10.Appium-Exercise-1-POM\\ColorNoteAppTestingPOM\\ColorNoteAppTestingPOM\\bin\\Debug\\net6.0\\fine-code-coverage\\coverage-tool-output\\diagnostics.host.24-07-23_22-22-33_09699_7.log"}}
TpTrace Verbose: 0 : 7016, 10, 2024/07/23, 22:22:33.446, 1930708935160, vstest.console.dll, TestRunRequest:SendTestRunMessage: Starting.
TpTrace Verbose: 0 : 7016, 10, 2024/07/23, 22:22:33.446, 1930708936920, vstest.console.dll, MulticastDelegateUtilities.SafeInvoke: TestRun.LogMessages: Invoking callback 1/1 for Microsoft.VisualStudio.TestPlatform.CommandLine.TestRunResultAggregator.TestRunMessageHandler, took 0 ms.
TpTrace Verbose: 0 : 7016, 4, 2024/07/23, 22:22:33.446, 1930708937094, vstest.console.dll, MulticastDelegateUtilities.SafeInvoke: InternalTestLoggerEvents.SendTestRunMessage: Invoking callback 1/1 for Microsoft.VisualStudio.TestPlatform.CommandLine.Internal.ConsoleLogger.TestMessageHandler, took 0 ms.
TpTrace Information: 0 : 7016, 10, 2024/07/23, 22:22:33.446, 1930708938187, vstest.console.dll, TestRunRequest:SendTestRunMessage: Completed.
TpTrace Verbose: 0 : 7016, 10, 2024/07/23, 22:22:33.447, 1930708940236, vstest.console.dll, MulticastDelegateUtilities.SafeInvoke: LengthPrefixCommunicationChannel: MessageReceived: Invoking callback 1/1 for Microsoft.VisualStudio.TestPlatform.CommunicationUtilities.TestRequestSender+<>c__DisplayClass31_0.<StartTestRun>b__1, took 2 ms.
TpTrace Verbose: 0 : 7016, 10, 2024/07/23, 22:22:33.447, 1930708941051, vstest.console.dll, TcpClientExtensions.MessageLoopAsync: Polling on remoteEndPoint: 127.0.0.1:52592 localEndPoint: 127.0.0.1:52591
TpTrace Verbose: 0 : 7016, 7, 2024/07/23, 22:22:33.448, 1930708954427, vstest.console.dll, TestRequestSender.StartTestRun: Sending test run with message: {"Version":7,"MessageType":"TestExecution.StartWithSources","Payload":{"AdapterSourceMap":{"_none_":["D:\\SoftUni\\Front-End-Test-Automation-July-2024\\10.Appium-Exercise-1-POM\\ColorNoteAppTestingPOM\\ColorNoteAppTestingPOM\\bin\\Debug\\net6.0\\fine-code-coverage\\build-output\\ColorNoteAppTestingPOM.dll"]},"RunSettings":"<RunSettings>\r\n  <RunConfiguration>\r\n    <ResultsDirectory>D:\\SoftUni\\Front-End-Test-Automation-July-2024\\10.Appium-Exercise-1-POM\\ColorNoteAppTestingPOM\\ColorNoteAppTestingPOM\\bin\\Debug\\net6.0\\fine-code-coverage\\coverage-tool-output</ResultsDirectory>\r\n    <TargetFrameworkVersion>.NETCoreApp,Version=v6.0</TargetFrameworkVersion>\r\n    <DesignMode>False</DesignMode>\r\n    <CollectSourceInformation>False</CollectSourceInformation>\r\n  </RunConfiguration>\r\n  <LoggerRunSettings>\r\n    <Loggers>\r\n      <Logger friendlyName=\"blame\" enabled=\"True\" />\r\n      <Logger friendlyName=\"Console\" uri=\"logger://microsoft/TestPlatform/ConsoleLogger/v1\" assemblyQualifiedName=\"Microsoft.VisualStudio.TestPlatform.CommandLine.Internal.ConsoleLogger, vstest.console, Version=15.0.0.0, Culture=neutral, PublicKeyToken=b03f5f7f11d50a3a\" codeBase=\"C:\\Program Files (x86)\\dotnet\\sdk\\6.0.408\\vstest.console.dll\" enabled=\"True\" />\r\n    </Loggers>\r\n  </LoggerRunSettings>\r\n  <DataCollectionRunSettings>\r\n    <DataCollectors>\r\n      <DataCollector friendlyName=\"blame\" enabled=\"True\">\r\n        <Configuration>\r\n          <ResultsDirectory>D:\\SoftUni\\Front-End-Test-Automation-July-2024\\10.Appium-Exercise-1-POM\\ColorNoteAppTestingPOM\\ColorNoteAppTestingPOM\\bin\\Debug\\net6.0\\fine-code-coverage\\coverage-tool-output</ResultsDirectory>\r\n        </Configuration>\r\n      </DataCollector>\r\n    </DataCollectors>\r\n  </DataCollectionRunSettings>\r\n</RunSettings>","TestExecutionContext":{"FrequencyOfRunStatsChangeEvent":10,"RunStatsChangeEventTimeout":"00:00:01.5000000","InIsolation":false,"KeepAlive":false,"AreTestCaseLevelEventsRequired":false,"IsDebug":false,"TestCaseFilter":null,"FilterOptions":null},"Package":null}}
TpTrace Verbose: 0 : 7016, 10, 2024/07/23, 22:22:33.661, 1930711081105, vstest.console.dll, TcpClientExtensions.MessageLoopAsync: NotifyDataAvailable remoteEndPoint: 127.0.0.1:52592 localEndPoint: 127.0.0.1:52591
TpTrace Verbose: 0 : 7016, 10, 2024/07/23, 22:22:33.661, 1930711082634, vstest.console.dll, TestRequestSender.OnExecutionMessageReceived: Received message: {"Version":7,"MessageType":"TestSession.Message","Payload":{"MessageLevel":0,"Message":"NUnit Adapter 4.4.0.0: Test execution started"}}
TpTrace Verbose: 0 : 7016, 10, 2024/07/23, 22:22:33.661, 1930711084325, vstest.console.dll, TestRunRequest:SendTestRunMessage: Starting.
TpTrace Verbose: 0 : 7016, 10, 2024/07/23, 22:22:33.661, 1930711085208, vstest.console.dll, MulticastDelegateUtilities.SafeInvoke: TestRun.LogMessages: Invoking callback 1/1 for Microsoft.VisualStudio.TestPlatform.CommandLine.TestRunResultAggregator.TestRunMessageHandler, took 0 ms.
TpTrace Verbose: 0 : 7016, 4, 2024/07/23, 22:22:33.661, 1930711085538, vstest.console.dll, MulticastDelegateUtilities.SafeInvoke: InternalTestLoggerEvents.SendTestRunMessage: Invoking callback 1/1 for Microsoft.VisualStudio.TestPlatform.CommandLine.Internal.ConsoleLogger.TestMessageHandler, took 0 ms.
TpTrace Information: 0 : 7016, 10, 2024/07/23, 22:22:33.661, 1930711085847, vstest.console.dll, TestRunRequest:SendTestRunMessage: Completed.
TpTrace Verbose: 0 : 7016, 10, 2024/07/23, 22:22:33.661, 1930711087838, vstest.console.dll, MulticastDelegateUtilities.SafeInvoke: LengthPrefixCommunicationChannel: MessageReceived: Invoking callback 1/1 for Microsoft.VisualStudio.TestPlatform.CommunicationUtilities.TestRequestSender+<>c__DisplayClass31_0.<StartTestRun>b__1, took 0 ms.
TpTrace Verbose: 0 : 7016, 10, 2024/07/23, 22:22:33.661, 1930711088510, vstest.console.dll, TcpClientExtensions.MessageLoopAsync: Polling on remoteEndPoint: 127.0.0.1:52592 localEndPoint: 127.0.0.1:52591
TpTrace Verbose: 0 : 7016, 10, 2024/07/23, 22:22:33.690, 1930711376344, vstest.console.dll, TcpClientExtensions.MessageLoopAsync: NotifyDataAvailable remoteEndPoint: 127.0.0.1:52592 localEndPoint: 127.0.0.1:52591
TpTrace Verbose: 0 : 7016, 10, 2024/07/23, 22:22:33.690, 1930711377827, vstest.console.dll, TestRequestSender.OnExecutionMessageReceived: Received message: {"Version":7,"MessageType":"TestSession.Message","Payload":{"MessageLevel":0,"Message":"Running all tests in D:\\SoftUni\\Front-End-Test-Automation-July-2024\\10.Appium-Exercise-1-POM\\ColorNoteAppTestingPOM\\ColorNoteAppTestingPOM\\bin\\Debug\\net6.0\\fine-code-coverage\\build-output\\ColorNoteAppTestingPOM.dll"}}
TpTrace Verbose: 0 : 7016, 10, 2024/07/23, 22:22:33.691, 1930711379233, vstest.console.dll, TestRunRequest:SendTestRunMessage: Starting.
TpTrace Verbose: 0 : 7016, 10, 2024/07/23, 22:22:33.691, 1930711380026, vstest.console.dll, MulticastDelegateUtilities.SafeInvoke: TestRun.LogMessages: Invoking callback 1/1 for Microsoft.VisualStudio.TestPlatform.CommandLine.TestRunResultAggregator.TestRunMessageHandler, took 0 ms.
TpTrace Verbose: 0 : 7016, 4, 2024/07/23, 22:22:33.691, 1930711380231, vstest.console.dll, MulticastDelegateUtilities.SafeInvoke: InternalTestLoggerEvents.SendTestRunMessage: Invoking callback 1/1 for Microsoft.VisualStudio.TestPlatform.CommandLine.Internal.ConsoleLogger.TestMessageHandler, took 0 ms.
TpTrace Information: 0 : 7016, 10, 2024/07/23, 22:22:33.691, 1930711380638, vstest.console.dll, TestRunRequest:SendTestRunMessage: Completed.
TpTrace Verbose: 0 : 7016, 10, 2024/07/23, 22:22:33.691, 1930711382074, vstest.console.dll, MulticastDelegateUtilities.SafeInvoke: LengthPrefixCommunicationChannel: MessageReceived: Invoking callback 1/1 for Microsoft.VisualStudio.TestPlatform.CommunicationUtilities.TestRequestSender+<>c__DisplayClass31_0.<StartTestRun>b__1, took 0 ms.
TpTrace Verbose: 0 : 7016, 10, 2024/07/23, 22:22:33.691, 1930711382652, vstest.console.dll, TcpClientExtensions.MessageLoopAsync: Polling on remoteEndPoint: 127.0.0.1:52592 localEndPoint: 127.0.0.1:52591
TpTrace Verbose: 0 : 7016, 10, 2024/07/23, 22:22:33.824, 1930712712051, vstest.console.dll, TcpClientExtensions.MessageLoopAsync: NotifyDataAvailable remoteEndPoint: 127.0.0.1:52592 localEndPoint: 127.0.0.1:52591
TpTrace Verbose: 0 : 7016, 10, 2024/07/23, 22:22:33.824, 1930712713437, vstest.console.dll, TestRequestSender.OnExecutionMessageReceived: Received message: {"Version":7,"MessageType":"TestSession.Message","Payload":{"MessageLevel":0,"Message":"   NUnit3TestExecutor discovered 3 of 3 NUnit test cases using Current Discovery mode, Non-Explicit run"}}
TpTrace Verbose: 0 : 7016, 10, 2024/07/23, 22:22:33.824, 1930712714624, vstest.console.dll, TestRunRequest:SendTestRunMessage: Starting.
TpTrace Verbose: 0 : 7016, 10, 2024/07/23, 22:22:33.824, 1930712715412, vstest.console.dll, MulticastDelegateUtilities.SafeInvoke: TestRun.LogMessages: Invoking callback 1/1 for Microsoft.VisualStudio.TestPlatform.CommandLine.TestRunResultAggregator.TestRunMessageHandler, took 0 ms.
TpTrace Verbose: 0 : 7016, 4, 2024/07/23, 22:22:33.824, 1930712715650, vstest.console.dll, MulticastDelegateUtilities.SafeInvoke: InternalTestLoggerEvents.SendTestRunMessage: Invoking callback 1/1 for Microsoft.VisualStudio.TestPlatform.CommandLine.Internal.ConsoleLogger.TestMessageHandler, took 0 ms.
TpTrace Information: 0 : 7016, 10, 2024/07/23, 22:22:33.824, 1930712716032, vstest.console.dll, TestRunRequest:SendTestRunMessage: Completed.
TpTrace Verbose: 0 : 7016, 10, 2024/07/23, 22:22:33.824, 1930712717869, vstest.console.dll, MulticastDelegateUtilities.SafeInvoke: LengthPrefixCommunicationChannel: MessageReceived: Invoking callback 1/1 for Microsoft.VisualStudio.TestPlatform.CommunicationUtilities.TestRequestSender+<>c__DisplayClass31_0.<StartTestRun>b__1, took 0 ms.
TpTrace Verbose: 0 : 7016, 10, 2024/07/23, 22:22:33.824, 1930712718556, vstest.console.dll, TcpClientExtensions.MessageLoopAsync: Polling on remoteEndPoint: 127.0.0.1:52592 localEndPoint: 127.0.0.1:52591
TpTrace Verbose: 0 : 7016, 10, 2024/07/23, 22:22:34.830, 1930722770419, vstest.console.dll, TcpClientExtensions.MessageLoopAsync: Polling on remoteEndPoint: 127.0.0.1:52592 localEndPoint: 127.0.0.1:52591
TpTrace Verbose: 0 : 7016, 10, 2024/07/23, 22:22:35.835, 1930732821249, vstest.console.dll, TcpClientExtensions.MessageLoopAsync: Polling on remoteEndPoint: 127.0.0.1:52592 localEndPoint: 127.0.0.1:52591
TpTrace Verbose: 0 : 7016, 10, 2024/07/23, 22:22:36.835, 1930742824575, vstest.console.dll, TcpClientExtensions.MessageLoopAsync: Polling on remoteEndPoint: 127.0.0.1:52592 localEndPoint: 127.0.0.1:52591
TpTrace Verbose: 0 : 7016, 10, 2024/07/23, 22:22:37.850, 1930752971863, vstest.console.dll, TcpClientExtensions.MessageLoopAsync: Polling on remoteEndPoint: 127.0.0.1:52592 localEndPoint: 127.0.0.1:52591
TpTrace Verbose: 0 : 7016, 10, 2024/07/23, 22:22:38.862, 1930763093374, vstest.console.dll, TcpClientExtensions.MessageLoopAsync: Polling on remoteEndPoint: 127.0.0.1:52592 localEndPoint: 127.0.0.1:52591
TpTrace Verbose: 0 : 7016, 10, 2024/07/23, 22:22:39.875, 1930773224246, vstest.console.dll, TcpClientExtensions.MessageLoopAsync: Polling on remoteEndPoint: 127.0.0.1:52592 localEndPoint: 127.0.0.1:52591
TpTrace Verbose: 0 : 7016, 10, 2024/07/23, 22:22:40.888, 1930783353385, vstest.console.dll, TcpClientExtensions.MessageLoopAsync: Polling on remoteEndPoint: 127.0.0.1:52592 localEndPoint: 127.0.0.1:52591
TpTrace Verbose: 0 : 7016, 10, 2024/07/23, 22:22:41.896, 1930793433259, vstest.console.dll, TcpClientExtensions.MessageLoopAsync: Polling on remoteEndPoint: 127.0.0.1:52592 localEndPoint: 127.0.0.1:52591
TpTrace Verbose: 0 : 7016, 10, 2024/07/23, 22:22:42.906, 1930803530323, vstest.console.dll, TcpClientExtensions.MessageLoopAsync: Polling on remoteEndPoint: 127.0.0.1:52592 localEndPoint: 127.0.0.1:52591
TpTrace Verbose: 0 : 7016, 10, 2024/07/23, 22:22:43.907, 1930813543167, vstest.console.dll, TcpClientExtensions.MessageLoopAsync: Polling on remoteEndPoint: 127.0.0.1:52592 localEndPoint: 127.0.0.1:52591
TpTrace Verbose: 0 : 7016, 10, 2024/07/23, 22:22:44.823, 1930822705231, vstest.console.dll, TcpClientExtensions.MessageLoopAsync: NotifyDataAvailable remoteEndPoint: 127.0.0.1:52592 localEndPoint: 127.0.0.1:52591
TpTrace Verbose: 0 : 7016, 10, 2024/07/23, 22:22:44.823, 1930822708543, vstest.console.dll, TestRequestSender.OnExecutionMessageReceived: Received message: {"Version":7,"MessageType":"TestExecution.StatsChange","Payload":{"NewTestResults":[],"TestRunStatistics":{"ExecutedTests":0,"Stats":{}},"ActiveTests":[{"Id":"43efe52f-2a85-2594-d145-e9bbe7197226","FullyQualifiedName":"ColorNoteAppTestingPOM.ColorNoteAppTestingPOM.Test_CreateNewNote","DisplayName":"Test_CreateNewNote","ExecutorUri":"executor://NUnit3TestExecutor","Source":"D:\\SoftUni\\Front-End-Test-Automation-July-2024\\10.Appium-Exercise-1-POM\\ColorNoteAppTestingPOM\\ColorNoteAppTestingPOM\\bin\\Debug\\net6.0\\fine-code-coverage\\build-output\\ColorNoteAppTestingPOM.dll","CodeFilePath":null,"LineNumber":0,"Properties":[{"Key":{"Id":"NUnit.Seed","Label":"Seed","Category":"","Description":"","Attributes":0,"ValueType":"System.String"},"Value":"502895649"}]}]}}
TpTrace Verbose: 0 : 7016, 10, 2024/07/23, 22:22:44.846, 1930822938791, vstest.console.dll, TestRunRequest:SendTestRunStatsChange: Starting.
TpTrace Verbose: 0 : 7016, 10, 2024/07/23, 22:22:44.847, 1930822940918, vstest.console.dll, InProgress is Test_CreateNewNote
TpTrace Verbose: 0 : 7016, 10, 2024/07/23, 22:22:44.847, 1930822942777, vstest.console.dll, MulticastDelegateUtilities.SafeInvoke: TestRun.RunStatsChanged: Invoking callbacks was skipped because there are no subscribers.
TpTrace Information: 0 : 7016, 10, 2024/07/23, 22:22:44.847, 1930822943591, vstest.console.dll, TestRunRequest:SendTestRunStatsChange: Completed.
TpTrace Verbose: 0 : 7016, 10, 2024/07/23, 22:22:44.847, 1930822944367, vstest.console.dll, MulticastDelegateUtilities.SafeInvoke: LengthPrefixCommunicationChannel: MessageReceived: Invoking callback 1/1 for Microsoft.VisualStudio.TestPlatform.CommunicationUtilities.TestRequestSender+<>c__DisplayClass31_0.<StartTestRun>b__1, took 23 ms.
TpTrace Verbose: 0 : 7016, 10, 2024/07/23, 22:22:44.847, 1930822945374, vstest.console.dll, TcpClientExtensions.MessageLoopAsync: Polling on remoteEndPoint: 127.0.0.1:52592 localEndPoint: 127.0.0.1:52591
TpTrace Verbose: 0 : 7016, 10, 2024/07/23, 22:22:45.851, 1930832980747, vstest.console.dll, TcpClientExtensions.MessageLoopAsync: Polling on remoteEndPoint: 127.0.0.1:52592 localEndPoint: 127.0.0.1:52591
TpTrace Verbose: 0 : 7016, 10, 2024/07/23, 22:22:46.864, 1930843110541, vstest.console.dll, TcpClientExtensions.MessageLoopAsync: Polling on remoteEndPoint: 127.0.0.1:52592 localEndPoint: 127.0.0.1:52591
TpTrace Verbose: 0 : 7016, 10, 2024/07/23, 22:22:47.867, 1930853140604, vstest.console.dll, TcpClientExtensions.MessageLoopAsync: Polling on remoteEndPoint: 127.0.0.1:52592 localEndPoint: 127.0.0.1:52591
TpTrace Verbose: 0 : 7016, 10, 2024/07/23, 22:22:48.869, 1930863161305, vstest.console.dll, TcpClientExtensions.MessageLoopAsync: Polling on remoteEndPoint: 127.0.0.1:52592 localEndPoint: 127.0.0.1:52591
TpTrace Verbose: 0 : 7016, 10, 2024/07/23, 22:22:49.881, 1930873281424, vstest.console.dll, TcpClientExtensions.MessageLoopAsync: Polling on remoteEndPoint: 127.0.0.1:52592 localEndPoint: 127.0.0.1:52591
TpTrace Verbose: 0 : 7016, 10, 2024/07/23, 22:22:50.882, 1930883290428, vstest.console.dll, TcpClientExtensions.MessageLoopAsync: Polling on remoteEndPoint: 127.0.0.1:52592 localEndPoint: 127.0.0.1:52591
TpTrace Verbose: 0 : 7016, 10, 2024/07/23, 22:22:51.891, 1930893383329, vstest.console.dll, TcpClientExtensions.MessageLoopAsync: Polling on remoteEndPoint: 127.0.0.1:52592 localEndPoint: 127.0.0.1:52591
TpTrace Verbose: 0 : 7016, 10, 2024/07/23, 22:22:52.906, 1930903529129, vstest.console.dll, TcpClientExtensions.MessageLoopAsync: Polling on remoteEndPoint: 127.0.0.1:52592 localEndPoint: 127.0.0.1:52591
TpTrace Verbose: 0 : 7016, 10, 2024/07/23, 22:22:53.906, 1930913530282, vstest.console.dll, TcpClientExtensions.MessageLoopAsync: Polling on remoteEndPoint: 127.0.0.1:52592 localEndPoint: 127.0.0.1:52591
TpTrace Verbose: 0 : 7016, 10, 2024/07/23, 22:22:54.906, 1930923534555, vstest.console.dll, TcpClientExtensions.MessageLoopAsync: Polling on remoteEndPoint: 127.0.0.1:52592 localEndPoint: 127.0.0.1:52591
TpTrace Verbose: 0 : 7016, 10, 2024/07/23, 22:22:55.912, 1930933593010, vstest.console.dll, TcpClientExtensions.MessageLoopAsync: Polling on remoteEndPoint: 127.0.0.1:52592 localEndPoint: 127.0.0.1:52591
TpTrace Verbose: 0 : 7016, 10, 2024/07/23, 22:22:56.092, 1930935389194, vstest.console.dll, TcpClientExtensions.MessageLoopAsync: NotifyDataAvailable remoteEndPoint: 127.0.0.1:52592 localEndPoint: 127.0.0.1:52591
TpTrace Verbose: 0 : 7016, 10, 2024/07/23, 22:22:56.092, 1930935391089, vstest.console.dll, TestRequestSender.OnExecutionMessageReceived: Received message: {"Version":7,"MessageType":"TestExecution.StatsChange","Payload":{"NewTestResults":[{"TestCase":{"Id":"43efe52f-2a85-2594-d145-e9bbe7197226","FullyQualifiedName":"ColorNoteAppTestingPOM.ColorNoteAppTestingPOM.Test_CreateNewNote","DisplayName":"Test_CreateNewNote","ExecutorUri":"executor://NUnit3TestExecutor","Source":"D:\\SoftUni\\Front-End-Test-Automation-July-2024\\10.Appium-Exercise-1-POM\\ColorNoteAppTestingPOM\\ColorNoteAppTestingPOM\\bin\\Debug\\net6.0\\fine-code-coverage\\build-output\\ColorNoteAppTestingPOM.dll","CodeFilePath":null,"LineNumber":0,"Properties":[{"Key":{"Id":"NUnit.Seed","Label":"Seed","Category":"","Description":"","Attributes":0,"ValueType":"System.String"},"Value":"502895649"}]},"Attachments":[],"Outcome":1,"ErrorMessage":null,"ErrorStackTrace":null,"DisplayName":"Test_CreateNewNote","Messages":[],"ComputerName":"DESKTOP-UUB0D73","Duration":"00:00:11.2780080","StartTime":"2024-07-23T19:22:44.782239+00:00","EndTime":"2024-07-23T19:22:56.060154+00:00","Properties":[{"Key":{"Id":"NUnit.Seed","Label":"Seed","Category":"","Description":"","Attributes":0,"ValueType":"System.String"},"Value":"502895649"}]}],"TestRunStatistics":{"ExecutedTests":1,"Stats":{"Passed":1}},"ActiveTests":[{"Id":"a3675273-0562-22f1-48ab-1f0a3b602d51","FullyQualifiedName":"ColorNoteAppTestingPOM.ColorNoteAppTestingPOM.Test_EditNote","DisplayName":"Test_EditNote","ExecutorUri":"executor://NUnit3TestExecutor","Source":"D:\\SoftUni\\Front-End-Test-Automation-July-2024\\10.Appium-Exercise-1-POM\\ColorNoteAppTestingPOM\\ColorNoteAppTestingPOM\\bin\\Debug\\net6.0\\fine-code-coverage\\build-output\\ColorNoteAppTestingPOM.dll","CodeFilePath":null,"LineNumber":0,"Properties":[{"Key":{"Id":"NUnit.Seed","Label":"Seed","Category":"","Description":"","Attributes":0,"ValueType":"System.String"},"Value":"834470286"}]}]}}
TpTrace Verbose: 0 : 7016, 10, 2024/07/23, 22:22:56.098, 1930935458981, vstest.console.dll, TestRunRequest:SendTestRunStatsChange: Starting.
TpTrace Verbose: 0 : 7016, 10, 2024/07/23, 22:22:56.099, 1930935460226, vstest.console.dll, InProgress is Test_EditNote
TpTrace Verbose: 0 : 7016, 10, 2024/07/23, 22:22:56.099, 1930935461695, vstest.console.dll, MulticastDelegateUtilities.SafeInvoke: TestRun.RunStatsChanged: Invoking callbacks was skipped because there are no subscribers.
TpTrace Information: 0 : 7016, 10, 2024/07/23, 22:22:56.099, 1930935462334, vstest.console.dll, TestRunRequest:SendTestRunStatsChange: Completed.
TpTrace Verbose: 0 : 7016, 10, 2024/07/23, 22:22:56.099, 1930935462887, vstest.console.dll, MulticastDelegateUtilities.SafeInvoke: LengthPrefixCommunicationChannel: MessageReceived: Invoking callback 1/1 for Microsoft.VisualStudio.TestPlatform.CommunicationUtilities.TestRequestSender+<>c__DisplayClass31_0.<StartTestRun>b__1, took 7 ms.
TpTrace Verbose: 0 : 7016, 10, 2024/07/23, 22:22:56.099, 1930935463763, vstest.console.dll, TcpClientExtensions.MessageLoopAsync: Polling on remoteEndPoint: 127.0.0.1:52592 localEndPoint: 127.0.0.1:52591
TpTrace Verbose: 0 : 7016, 4, 2024/07/23, 22:22:56.102, 1930935492059, vstest.console.dll, MulticastDelegateUtilities.SafeInvoke: InternalTestLoggerEvents.SendTestResult: Invoking callback 1/1 for Microsoft.VisualStudio.TestPlatform.CommandLine.Internal.ConsoleLogger.TestResultHandler, took 2 ms.
TpTrace Verbose: 0 : 7016, 10, 2024/07/23, 22:22:57.103, 1930945500943, vstest.console.dll, TcpClientExtensions.MessageLoopAsync: Polling on remoteEndPoint: 127.0.0.1:52592 localEndPoint: 127.0.0.1:52591
TpTrace Verbose: 0 : 7016, 10, 2024/07/23, 22:22:58.118, 1930955654539, vstest.console.dll, TcpClientExtensions.MessageLoopAsync: Polling on remoteEndPoint: 127.0.0.1:52592 localEndPoint: 127.0.0.1:52591
TpTrace Verbose: 0 : 7016, 10, 2024/07/23, 22:22:59.119, 1930965664447, vstest.console.dll, TcpClientExtensions.MessageLoopAsync: Polling on remoteEndPoint: 127.0.0.1:52592 localEndPoint: 127.0.0.1:52591
TpTrace Verbose: 0 : 7016, 10, 2024/07/23, 22:23:00.132, 1930975793022, vstest.console.dll, TcpClientExtensions.MessageLoopAsync: Polling on remoteEndPoint: 127.0.0.1:52592 localEndPoint: 127.0.0.1:52591
TpTrace Verbose: 0 : 7016, 10, 2024/07/23, 22:23:01.139, 1930985859253, vstest.console.dll, TcpClientExtensions.MessageLoopAsync: Polling on remoteEndPoint: 127.0.0.1:52592 localEndPoint: 127.0.0.1:52591
TpTrace Verbose: 0 : 7016, 10, 2024/07/23, 22:23:02.152, 1930995990822, vstest.console.dll, TcpClientExtensions.MessageLoopAsync: Polling on remoteEndPoint: 127.0.0.1:52592 localEndPoint: 127.0.0.1:52591
TpTrace Verbose: 0 : 7016, 10, 2024/07/23, 22:23:02.876, 1931003229417, vstest.console.dll, TcpClientExtensions.MessageLoopAsync: NotifyDataAvailable remoteEndPoint: 127.0.0.1:52592 localEndPoint: 127.0.0.1:52591
TpTrace Verbose: 0 : 7016, 10, 2024/07/23, 22:23:02.876, 1931003232308, vstest.console.dll, TestRequestSender.OnExecutionMessageReceived: Received message: {"Version":7,"MessageType":"TestExecution.StatsChange","Payload":{"NewTestResults":[{"TestCase":{"Id":"a3675273-0562-22f1-48ab-1f0a3b602d51","FullyQualifiedName":"ColorNoteAppTestingPOM.ColorNoteAppTestingPOM.Test_EditNote","DisplayName":"Test_EditNote","ExecutorUri":"executor://NUnit3TestExecutor","Source":"D:\\SoftUni\\Front-End-Test-Automation-July-2024\\10.Appium-Exercise-1-POM\\ColorNoteAppTestingPOM\\ColorNoteAppTestingPOM\\bin\\Debug\\net6.0\\fine-code-coverage\\build-output\\ColorNoteAppTestingPOM.dll","CodeFilePath":null,"LineNumber":0,"Properties":[{"Key":{"Id":"NUnit.Seed","Label":"Seed","Category":"","Description":"","Attributes":0,"ValueType":"System.String"},"Value":"834470286"}]},"Attachments":[],"Outcome":2,"ErrorMessage":"OpenQA.Selenium.StaleElementReferenceException : The element 'By.id: com.socialnmobile.dictapps.notepad.color.note:id/back_btn' does not exist in DOM anymore; For documentation on this error, please visit: https://www.selenium.dev/documentation/webdriver/troubleshooting/errors#stale-element-reference-exception","ErrorStackTrace":"   at OpenQA.Selenium.WebDriver.UnpackAndThrowOnError(Response errorResponse, String commandToExecute)\r\n   at OpenQA.Selenium.WebDriver.Execute(String driverCommandToExecute, Dictionary`2 parameters)\r\n   at OpenQA.Selenium.Appium.AppiumDriver.Execute(String driverCommandToExecute, Dictionary`2 parameters)\r\n   at OpenQA.Selenium.WebDriver.InternalExecute(String driverCommandToExecute, Dictionary`2 parameters)\r\n   at OpenQA.Selenium.WebElement.Execute(String commandToExecute, Dictionary`2 parameters)\r\n   at OpenQA.Selenium.WebElement.Click()\r\n   at ColorNoteAppTestingPOM.ColorNoteAppTestingPOM.Test_EditNote() in D:\\SoftUni\\Front-End-Test-Automation-July-2024\\10.Appium-Exercise-1-POM\\ColorNoteAppTestingPOM\\ColorNoteAppTestingPOM\\ColorNoteAppTestingPOM.cs:line 97\n","DisplayName":"Test_EditNote","Messages":[],"ComputerName":"DESKTOP-UUB0D73","Duration":"00:00:06.7886630","StartTime":"2024-07-23T19:22:56.0616889+00:00","EndTime":"2024-07-23T19:23:02.8503515+00:00","Properties":[{"Key":{"Id":"NUnit.Seed","Label":"Seed","Category":"","Description":"","Attributes":0,"ValueType":"System.String"},"Value":"834470286"}]}],"TestRunStatistics":{"ExecutedTests":2,"Stats":{"Passed":1,"Failed":1}},"ActiveTests":[{"Id":"46137acc-2d4b-8659-a707-14e46695ca56","FullyQualifiedName":"ColorNoteAppTestingPOM.ColorNoteAppTestingPOM.Test_DeleteNote","DisplayName":"Test_DeleteNote","ExecutorUri":"executor://NUnit3TestExecutor","Source":"D:\\SoftUni\\Front-End-Test-Automation-July-2024\\10.Appium-Exercise-1-POM\\ColorNoteAppTestingPOM\\ColorNoteAppTestingPOM\\bin\\Debug\\net6.0\\fine-code-coverage\\build-output\\ColorNoteAppTestingPOM.dll","CodeFilePath":null,"LineNumber":0,"Properties":[{"Key":{"Id":"NUnit.Seed","Label":"Seed","Category":"","Description":"","Attributes":0,"ValueType":"System.String"},"Value":"1553210912"}]}]}}
TpTrace Verbose: 0 : 7016, 10, 2024/07/23, 22:23:02.877, 1931003241284, vstest.console.dll, TestRunRequest:SendTestRunStatsChange: Starting.
TpTrace Verbose: 0 : 7016, 10, 2024/07/23, 22:23:02.877, 1931003242526, vstest.console.dll, InProgress is Test_DeleteNote
TpTrace Verbose: 0 : 7016, 10, 2024/07/23, 22:23:02.877, 1931003243667, vstest.console.dll, MulticastDelegateUtilities.SafeInvoke: TestRun.RunStatsChanged: Invoking callbacks was skipped because there are no subscribers.
TpTrace Information: 0 : 7016, 10, 2024/07/23, 22:23:02.877, 1931003244599, vstest.console.dll, TestRunRequest:SendTestRunStatsChange: Completed.
TpTrace Verbose: 0 : 7016, 10, 2024/07/23, 22:23:02.877, 1931003245551, vstest.console.dll, MulticastDelegateUtilities.SafeInvoke: LengthPrefixCommunicationChannel: MessageReceived: Invoking callback 1/1 for Microsoft.VisualStudio.TestPlatform.CommunicationUtilities.TestRequestSender+<>c__DisplayClass31_0.<StartTestRun>b__1, took 1 ms.
TpTrace Verbose: 0 : 7016, 10, 2024/07/23, 22:23:02.877, 1931003246611, vstest.console.dll, TcpClientExtensions.MessageLoopAsync: Polling on remoteEndPoint: 127.0.0.1:52592 localEndPoint: 127.0.0.1:52591
TpTrace Verbose: 0 : 7016, 4, 2024/07/23, 22:23:02.878, 1931003251085, vstest.console.dll, MulticastDelegateUtilities.SafeInvoke: InternalTestLoggerEvents.SendTestResult: Invoking callback 1/1 for Microsoft.VisualStudio.TestPlatform.CommandLine.Internal.ConsoleLogger.TestResultHandler, took 0 ms.
TpTrace Verbose: 0 : 7016, 10, 2024/07/23, 22:23:03.888, 1931013351903, vstest.console.dll, TcpClientExtensions.MessageLoopAsync: Polling on remoteEndPoint: 127.0.0.1:52592 localEndPoint: 127.0.0.1:52591
TpTrace Verbose: 0 : 7016, 10, 2024/07/23, 22:23:04.893, 1931023401167, vstest.console.dll, TcpClientExtensions.MessageLoopAsync: Polling on remoteEndPoint: 127.0.0.1:52592 localEndPoint: 127.0.0.1:52591
TpTrace Verbose: 0 : 7016, 10, 2024/07/23, 22:23:05.900, 1931033471878, vstest.console.dll, TcpClientExtensions.MessageLoopAsync: Polling on remoteEndPoint: 127.0.0.1:52592 localEndPoint: 127.0.0.1:52591
TpTrace Verbose: 0 : 7016, 10, 2024/07/23, 22:23:06.904, 1931043511042, vstest.console.dll, TcpClientExtensions.MessageLoopAsync: Polling on remoteEndPoint: 127.0.0.1:52592 localEndPoint: 127.0.0.1:52591
TpTrace Verbose: 0 : 7016, 10, 2024/07/23, 22:23:07.907, 1931053543917, vstest.console.dll, TcpClientExtensions.MessageLoopAsync: Polling on remoteEndPoint: 127.0.0.1:52592 localEndPoint: 127.0.0.1:52591
TpTrace Verbose: 0 : 7016, 10, 2024/07/23, 22:23:08.910, 1931063571522, vstest.console.dll, TcpClientExtensions.MessageLoopAsync: Polling on remoteEndPoint: 127.0.0.1:52592 localEndPoint: 127.0.0.1:52591
TpTrace Verbose: 0 : 7016, 10, 2024/07/23, 22:23:09.920, 1931073671492, vstest.console.dll, TcpClientExtensions.MessageLoopAsync: Polling on remoteEndPoint: 127.0.0.1:52592 localEndPoint: 127.0.0.1:52591
TpTrace Verbose: 0 : 7016, 10, 2024/07/23, 22:23:10.922, 1931083689974, vstest.console.dll, TcpClientExtensions.MessageLoopAsync: Polling on remoteEndPoint: 127.0.0.1:52592 localEndPoint: 127.0.0.1:52591
TpTrace Verbose: 0 : 7016, 10, 2024/07/23, 22:23:11.922, 1931093698081, vstest.console.dll, TcpClientExtensions.MessageLoopAsync: Polling on remoteEndPoint: 127.0.0.1:52592 localEndPoint: 127.0.0.1:52591
TpTrace Verbose: 0 : 7016, 10, 2024/07/23, 22:23:12.932, 1931103793359, vstest.console.dll, TcpClientExtensions.MessageLoopAsync: Polling on remoteEndPoint: 127.0.0.1:52592 localEndPoint: 127.0.0.1:52591
TpTrace Verbose: 0 : 7016, 10, 2024/07/23, 22:23:13.308, 1931107556807, vstest.console.dll, TcpClientExtensions.MessageLoopAsync: NotifyDataAvailable remoteEndPoint: 127.0.0.1:52592 localEndPoint: 127.0.0.1:52591
TpTrace Verbose: 0 : 7016, 10, 2024/07/23, 22:23:13.308, 1931107558365, vstest.console.dll, TestRequestSender.OnExecutionMessageReceived: Received message: {"Version":7,"MessageType":"TestSession.Message","Payload":{"MessageLevel":0,"Message":"NUnit Adapter 4.4.0.0: Test execution complete"}}
TpTrace Verbose: 0 : 7016, 10, 2024/07/23, 22:23:13.309, 1931107561081, vstest.console.dll, TestRunRequest:SendTestRunMessage: Starting.
TpTrace Verbose: 0 : 7016, 10, 2024/07/23, 22:23:13.309, 1931107562538, vstest.console.dll, MulticastDelegateUtilities.SafeInvoke: TestRun.LogMessages: Invoking callback 1/1 for Microsoft.VisualStudio.TestPlatform.CommandLine.TestRunResultAggregator.TestRunMessageHandler, took 0 ms.
TpTrace Information: 0 : 7016, 10, 2024/07/23, 22:23:13.309, 1931107567086, vstest.console.dll, TestRunRequest:SendTestRunMessage: Completed.
TpTrace Verbose: 0 : 7016, 4, 2024/07/23, 22:23:13.309, 1931107562735, vstest.console.dll, MulticastDelegateUtilities.SafeInvoke: InternalTestLoggerEvents.SendTestRunMessage: Invoking callback 1/1 for Microsoft.VisualStudio.TestPlatform.CommandLine.Internal.ConsoleLogger.TestMessageHandler, took 0 ms.
TpTrace Verbose: 0 : 7016, 10, 2024/07/23, 22:23:13.309, 1931107567944, vstest.console.dll, MulticastDelegateUtilities.SafeInvoke: LengthPrefixCommunicationChannel: MessageReceived: Invoking callback 1/1 for Microsoft.VisualStudio.TestPlatform.CommunicationUtilities.TestRequestSender+<>c__DisplayClass31_0.<StartTestRun>b__1, took 0 ms.
TpTrace Verbose: 0 : 7016, 10, 2024/07/23, 22:23:13.310, 1931107569457, vstest.console.dll, TcpClientExtensions.MessageLoopAsync: Polling on remoteEndPoint: 127.0.0.1:52592 localEndPoint: 127.0.0.1:52591
TpTrace Verbose: 0 : 7016, 10, 2024/07/23, 22:23:13.328, 1931107752273, vstest.console.dll, TcpClientExtensions.MessageLoopAsync: NotifyDataAvailable remoteEndPoint: 127.0.0.1:52592 localEndPoint: 127.0.0.1:52591
TpTrace Verbose: 0 : 7016, 10, 2024/07/23, 22:23:13.332, 1931107797267, vstest.console.dll, TestRequestSender.OnExecutionMessageReceived: Received message: {"Version":7,"MessageType":"TestExecution.Completed","Payload":{"TestRunCompleteArgs":{"TestRunStatistics":{"ExecutedTests":3,"Stats":{"Passed":1,"Failed":2}},"IsCanceled":false,"IsAborted":false,"Error":null,"AttachmentSets":[],"InvokedDataCollectors":[],"ElapsedTimeInRunningTests":"00:00:39.6871622","Metrics":{},"DiscoveredExtensions":{"TestDiscoverers":["NUnit.VisualStudio.TestAdapter.NUnit3TestDiscoverer, NUnit3.TestAdapter, Version=4.4.0.0, Culture=neutral, PublicKeyToken=4cb40d35494691ac"],"TestExecutors":["executor://NUnit3TestExecutor"],"TestExecutors2":[],"TestSettingsProviders":[]}},"LastRunTests":{"NewTestResults":[{"TestCase":{"Id":"46137acc-2d4b-8659-a707-14e46695ca56","FullyQualifiedName":"ColorNoteAppTestingPOM.ColorNoteAppTestingPOM.Test_DeleteNote","DisplayName":"Test_DeleteNote","ExecutorUri":"executor://NUnit3TestExecutor","Source":"D:\\SoftUni\\Front-End-Test-Automation-July-2024\\10.Appium-Exercise-1-POM\\ColorNoteAppTestingPOM\\ColorNoteAppTestingPOM\\bin\\Debug\\net6.0\\fine-code-coverage\\build-output\\ColorNoteAppTestingPOM.dll","CodeFilePath":null,"LineNumber":0,"Properties":[{"Key":{"Id":"NUnit.Seed","Label":"Seed","Category":"","Description":"","Attributes":0,"ValueType":"System.String"},"Value":"1553210912"}]},"Attachments":[],"Outcome":2,"ErrorMessage":"OpenQA.Selenium.NoSuchElementException : An element could not be located on the page using the given search parameters.; For documentation on this error, please visit: https://www.selenium.dev/documentation/webdriver/troubleshooting/errors#no-such-element-exception","ErrorStackTrace":"   at OpenQA.Selenium.WebDriver.UnpackAndThrowOnError(Response errorResponse, String commandToExecute)\r\n   at OpenQA.Selenium.WebDriver.Execute(String driverCommandToExecute, Dictionary`2 parameters)\r\n   at OpenQA.Selenium.Appium.AppiumDriver.Execute(String driverCommandToExecute, Dictionary`2 parameters)\r\n   at OpenQA.Selenium.WebDriver.FindElement(String mechanism, String value)\r\n   at OpenQA.Selenium.Appium.AppiumDriver.FindElement(String by, String value)\r\n   at OpenQA.Selenium.Appium.MobileBy.FindElement(ISearchContext context)\r\n   at OpenQA.Selenium.WebDriver.FindElement(By by)\r\n   at OpenQA.Selenium.Appium.AppiumDriver.FindElement(By by)\r\n   at ColorNoteAppTestingPOM.ColorNoteAppTestingPOM.Test_DeleteNote() in D:\\SoftUni\\Front-End-Test-Automation-July-2024\\10.Appium-Exercise-1-POM\\ColorNoteAppTestingPOM\\ColorNoteAppTestingPOM\\ColorNoteAppTestingPOM.cs:line 122\n","DisplayName":"Test_DeleteNote","Messages":[],"ComputerName":"DESKTOP-UUB0D73","Duration":"00:00:10.0709579","StartTime":"2024-07-23T19:23:02.8504993+00:00","EndTime":"2024-07-23T19:23:12.9214569+00:00","Properties":[{"Key":{"Id":"NUnit.Seed","Label":"Seed","Category":"","Description":"","Attributes":0,"ValueType":"System.String"},"Value":"1553210912"}]}],"TestRunStatistics":{"ExecutedTests":3,"Stats":{"Passed":1,"Failed":2}},"ActiveTests":[]},"RunAttachments":[],"ExecutorUris":["executor://nunit3testexecutor/"]}}
TpTrace Verbose: 0 : 7016, 10, 2024/07/23, 22:23:13.332, 1931107798484, vstest.console.dll, TestRequestSender.EndSession: Sending end session.
TpTrace Verbose: 0 : 7016, 10, 2024/07/23, 22:23:13.333, 1931107800381, vstest.console.dll, ProxyOperationManager.Close: waiting for test host to exit for 100 ms
TpTrace Warning: 0 : 7016, 12, 2024/07/23, 22:23:13.345, 1931107927301, vstest.console.dll, TestHostManagerCallbacks.ErrorReceivedCallback Test host standard error line: 
TpTrace Verbose: 0 : 7016, 5, 2024/07/23, 22:23:13.354, 1931108016532, vstest.console.dll, TestHostProvider.ExitCallBack: Host exited starting callback.
TpTrace Information: 0 : 7016, 5, 2024/07/23, 22:23:13.355, 1931108024797, vstest.console.dll, TestHostManagerCallbacks.ExitCallBack: Testhost processId: 7328 exited with exitcode: 0 error: ''
TpTrace Verbose: 0 : 7016, 5, 2024/07/23, 22:23:13.355, 1931108025886, vstest.console.dll, DotnetTestHostManager.OnHostExited: invoking OnHostExited callback
TpTrace Verbose: 0 : 7016, 5, 2024/07/23, 22:23:13.355, 1931108026914, vstest.console.dll, CrossPlatEngine.TestHostManagerHostExited: calling on client process exit callback.
TpTrace Information: 0 : 7016, 5, 2024/07/23, 22:23:13.355, 1931108028340, vstest.console.dll, TestRequestSender.OnClientProcessExit: Test host process exited. Standard error: 
TpTrace Information: 0 : 7016, 10, 2024/07/23, 22:23:13.355, 1931108028587, vstest.console.dll, SocketServer.Stop: Stop server endPoint: 127.0.0.1:52591
TpTrace Information: 0 : 7016, 5, 2024/07/23, 22:23:13.356, 1931108029320, vstest.console.dll, SocketServer.Stop: Stop server endPoint: 127.0.0.1:52591
TpTrace Information: 0 : 7016, 10, 2024/07/23, 22:23:13.356, 1931108030037, vstest.console.dll, SocketServer.Stop: Cancellation requested. Stopping message loop.
TpTrace Information: 0 : 7016, 5, 2024/07/23, 22:23:13.356, 1931108030906, vstest.console.dll, SocketServer.Stop: Cancellation requested. Stopping message loop.
TpTrace Information: 0 : 7016, 10, 2024/07/23, 22:23:13.356, 1931108032319, vstest.console.dll, Closing the connection
TpTrace Verbose: 0 : 7016, 5, 2024/07/23, 22:23:13.356, 1931108032586, vstest.console.dll, MulticastDelegateUtilities.SafeInvoke: HostProviderEvents.OnHostExited: Invoking callback 1/1 for Microsoft.VisualStudio.TestPlatform.CrossPlatEngine.Client.ProxyOperationManager.TestHostManagerHostExited, took 0 ms.
TpTrace Verbose: 0 : 7016, 10, 2024/07/23, 22:23:13.356, 1931108036738, vstest.console.dll, ProxyDataCollectionManager.InvokeDataCollectionServiceAction: Starting.
TpTrace Information: 0 : 7016, 10, 2024/07/23, 22:23:13.356, 1931108037545, vstest.console.dll, ProxyDataCollectionManager.AfterTestRunEnd: Get attachment set and invoked data collectors processId: 16520 port: 52588
TpTrace Verbose: 0 : 7016, 10, 2024/07/23, 22:23:13.356, 1931108038348, vstest.console.dll, DataCollectionRequestSender.SendAfterTestRunStartAndGetResult: Send AfterTestRunEnd message with isCancelled: False
TpTrace Verbose: 0 : 7016, 10, 2024/07/23, 22:23:13.363, 1931108102188, vstest.console.dll, DataCollectionRequestSender.SendAfterTestRunStartAndGetResult: Received message: (DataCollection.AfterTestRunEndResult) -> {"MessageType":"DataCollection.AfterTestRunEndResult","Payload":{"AttachmentSets":[],"InvokedDataCollectors":[{"Uri":"datacollector://Microsoft/TestPlatform/Extensions/Blame/v1","FriendlyName":"Blame","AssemblyQualifiedName":"Microsoft.TestPlatform.Extensions.BlameDataCollector.BlameCollector, Microsoft.TestPlatform.Extensions.BlameDataCollector, Version=15.0.0.0, Culture=neutral, PublicKeyToken=b03f5f7f11d50a3a","FilePath":"C:\\Program Files (x86)\\dotnet\\sdk\\6.0.408\\Extensions\\Microsoft.TestPlatform.Extensions.BlameDataCollector.dll","HasAttachmentProcessor":false}],"Metrics":{}}}
TpTrace Information: 0 : 7016, 10, 2024/07/23, 22:23:13.367, 1931108147260, vstest.console.dll, ProxyDataCollectionManager.InvokeDataCollectionServiceAction: Completed.
TpTrace Warning: 0 : 7016, 9, 2024/07/23, 22:23:13.368, 1931108155581, vstest.console.dll, DataCollectionLauncher.ErrorReceivedCallback datacollector standard error line: 
TpTrace Information: 0 : 7016, 5, 2024/07/23, 22:23:13.374, 1931108209910, vstest.console.dll, DataCollectionLauncher.ExitCallBack: Data collector exited with exitcode: 0 error: ''
TpTrace Verbose: 0 : 7016, 10, 2024/07/23, 22:23:13.402, 1931108495729, vstest.console.dll, TestRunRequest:SendTestRunStatsChange: Starting.
TpTrace Verbose: 0 : 7016, 10, 2024/07/23, 22:23:13.402, 1931108497162, vstest.console.dll, MulticastDelegateUtilities.SafeInvoke: TestRun.RunStatsChanged: Invoking callbacks was skipped because there are no subscribers.
TpTrace Information: 0 : 7016, 10, 2024/07/23, 22:23:13.402, 1931108497875, vstest.console.dll, TestRunRequest:SendTestRunStatsChange: Completed.
TpTrace Verbose: 0 : 7016, 4, 2024/07/23, 22:23:13.403, 1931108499818, vstest.console.dll, MulticastDelegateUtilities.SafeInvoke: InternalTestLoggerEvents.SendTestResult: Invoking callback 1/1 for Microsoft.VisualStudio.TestPlatform.CommandLine.Internal.ConsoleLogger.TestResultHandler, took 0 ms.
TpTrace Verbose: 0 : 7016, 10, 2024/07/23, 22:23:13.403, 1931108501983, vstest.console.dll, ParallelProxyExecutionManager: HandlePartialRunComplete: Total completed clients = 1, Run complete = True, Run canceled: False.
TpTrace Verbose: 0 : 7016, 4, 2024/07/23, 22:23:13.410, 1931108577341, vstest.console.dll, MulticastDelegateUtilities.SafeInvoke: InternalTestLoggerEvents.SendTestRunComplete: Invoking callback 1/2 for Microsoft.TestPlatform.Extensions.BlameDataCollector.BlameLogger.TestRunCompleteHandler, took 0 ms.
TpTrace Verbose: 0 : 7016, 4, 2024/07/23, 22:23:13.417, 1931108649028, vstest.console.dll, MulticastDelegateUtilities.SafeInvoke: InternalTestLoggerEvents.SendTestRunComplete: Invoking callback 2/2 for Microsoft.VisualStudio.TestPlatform.CommandLine.Internal.ConsoleLogger.TestRunCompleteHandler, took 7 ms.
TpTrace Verbose: 0 : 7016, 10, 2024/07/23, 22:23:13.418, 1931108652110, vstest.console.dll, TestRunRequest:TestRunComplete: Starting. IsAborted:False IsCanceled:False.
TpTrace Verbose: 0 : 7016, 10, 2024/07/23, 22:23:13.419, 1931108663075, vstest.console.dll, TestLoggerManager.HandleTestRunComplete: Ignoring as the object is disposed.
TpTrace Verbose: 0 : 7016, 10, 2024/07/23, 22:23:13.419, 1931108666395, vstest.console.dll, MulticastDelegateUtilities.SafeInvoke: TestRun.TestRunComplete: Invoking callback 1/2 for Microsoft.VisualStudio.TestPlatform.CommandLine.TestRunResultAggregator.TestRunCompletionHandler, took 0 ms.
TpTrace Verbose: 0 : 7016, 10, 2024/07/23, 22:23:13.419, 1931108667986, vstest.console.dll, MulticastDelegateUtilities.SafeInvoke: TestRun.TestRunComplete: Invoking callback 2/2 for Microsoft.VisualStudio.TestPlatform.CommandLine.Processors.RunTestsArgumentExecutor+TestRunRequestEventsRegistrar.TestRunRequest_OnRunCompletion, took 0 ms.
TpTrace Information: 0 : 7016, 10, 2024/07/23, 22:23:13.420, 1931108669430, vstest.console.dll, TestRunRequest:TestRunComplete: Completed.
TpTrace Verbose: 0 : 7016, 1, 2024/07/23, 22:23:13.420, 1931108669436, vstest.console.dll, TestRunRequest.Dispose: Starting.
TpTrace Verbose: 0 : 7016, 10, 2024/07/23, 22:23:13.420, 1931108670351, vstest.console.dll, TestRequestSender.SetOperationComplete: Setting operation complete.
TpTrace Information: 0 : 7016, 1, 2024/07/23, 22:23:13.420, 1931108671433, vstest.console.dll, TestRunRequest.Dispose: Completed.
TpTrace Information: 0 : 7016, 10, 2024/07/23, 22:23:13.420, 1931108672354, vstest.console.dll, SocketServer.Stop: Stop server endPoint: 127.0.0.1:52591
TpTrace Information: 0 : 7016, 1, 2024/07/23, 22:23:13.420, 1931108673214, vstest.console.dll, TestRequestManager.RunTests: run tests completed.
TpTrace Information: 0 : 7016, 10, 2024/07/23, 22:23:13.420, 1931108673760, vstest.console.dll, SocketServer.Stop: Cancellation requested. Stopping message loop.
TpTrace Information: 0 : 7016, 1, 2024/07/23, 22:23:13.420, 1931108674809, vstest.console.dll, RunTestsArgumentProcessor:Execute: Test run is completed.
TpTrace Verbose: 0 : 7016, 10, 2024/07/23, 22:23:13.420, 1931108675125, vstest.console.dll, MulticastDelegateUtilities.SafeInvoke: LengthPrefixCommunicationChannel: MessageReceived: Invoking callback 1/1 for Microsoft.VisualStudio.TestPlatform.CommunicationUtilities.TestRequestSender+<>c__DisplayClass31_0.<StartTestRun>b__1, took 87 ms.
TpTrace Information: 0 : 7016, 10, 2024/07/23, 22:23:13.420, 1931108676534, vstest.console.dll, SocketServer.PrivateStop: Stopping server endPoint: 127.0.0.1:52591 error: 
TpTrace Verbose: 0 : 7016, 1, 2024/07/23, 22:23:13.420, 1931108676949, vstest.console.dll, Executor.Execute: Exiting with exit code of 1
TpTrace Verbose: 0 : 7016, 10, 2024/07/23, 22:23:13.421, 1931108681593, vstest.console.dll, LengthPrefixCommunicationChannel.Dispose: Dispose reader and writer.
TpTrace Information: 0 : 7016, 10, 2024/07/23, 22:23:13.421, 1931108682742, vstest.console.dll, SocketServer.Stop: Raise disconnected event endPoint: 127.0.0.1:52591 error: 
TpTrace Verbose: 0 : 7016, 10, 2024/07/23, 22:23:13.421, 1931108683615, vstest.console.dll, TestRequestSender: OnTestRunAbort: Operation is already complete. Skip error message.
TpTrace Verbose: 0 : 7016, 10, 2024/07/23, 22:23:13.421, 1931108684378, vstest.console.dll, MulticastDelegateUtilities.SafeInvoke: SocketServer: ClientDisconnected: Invoking callback 1/1 for Microsoft.VisualStudio.TestPlatform.CommunicationUtilities.TestRequestSender.<InitializeCommunication>b__24_1, took 0 ms.
TpTrace Verbose: 0 : 7016, 10, 2024/07/23, 22:23:13.421, 1931108684962, vstest.console.dll, TcpClientExtensions.MessageLoopAsync: exiting MessageLoopAsync remoteEndPoint: 127.0.0.1:52592 localEndPoint: 127.0.0.1:52591
