TpTrace Verbose: 0 : 27600, 1, 2024/07/21, 16:07:40.796, 2536286770940, vstest.console.dll, Version: 17.3.2 Current process architecture: X86
TpTrace Verbose: 0 : 27600, 1, 2024/07/21, 16:07:40.798, 2536286791237, vstest.console.dll, Runtime location: C:\Program Files (x86)\dotnet\shared\Microsoft.NETCore.App\6.0.29
TpTrace Information: 0 : 27600, 1, 2024/07/21, 16:07:40.803, 2536286849009, vstest.console.dll, FilePatternParser: The given file D:\SoftUni\Front-End-Test-Automation-July-2024\09.Appium-Lab\AppiumTesting\AppiumTesting\bin\Debug\net6.0\fine-code-coverage\build-output\AppiumTesting.dll is a full path.
TpTrace Verbose: 0 : 27600, 1, 2024/07/21, 16:07:40.809, 2536286900621, vstest.console.dll, TestPluginCache.DiscoverTestExtensions: finding test extensions in assemblies ends with: RuntimeProvider.dll TPluginInfo: Microsoft.VisualStudio.TestPlatform.Common.ExtensionFramework.Utilities.TestRuntimePluginInformation TExtension: Microsoft.VisualStudio.TestPlatform.ObjectModel.Host.ITestRuntimeProvider
TpTrace Verbose: 0 : 27600, 1, 2024/07/21, 16:07:40.809, 2536286909364, vstest.console.dll, TestPluginCache.GetExtensionPaths: Filtered extension paths: 
TpTrace Verbose: 0 : 27600, 1, 2024/07/21, 16:07:40.810, 2536286910817, vstest.console.dll, TestPluginCache.GetExtensionPaths: Added default extension paths: C:\Program Files (x86)\dotnet\sdk\6.0.408\Extensions\Microsoft.Diagnostics.NETCore.Client.dll
C:\Program Files (x86)\dotnet\sdk\6.0.408\Extensions\Microsoft.TestPlatform.Extensions.BlameDataCollector.dll
C:\Program Files (x86)\dotnet\sdk\6.0.408\Extensions\Microsoft.TestPlatform.Extensions.EventLogCollector.dll
C:\Program Files (x86)\dotnet\sdk\6.0.408\Extensions\Microsoft.TestPlatform.TestHostRuntimeProvider.dll
C:\Program Files (x86)\dotnet\sdk\6.0.408\Extensions\Microsoft.VisualStudio.TestPlatform.Extensions.Html.TestLogger.dll
C:\Program Files (x86)\dotnet\sdk\6.0.408\Extensions\Microsoft.VisualStudio.TestPlatform.Extensions.Trx.TestLogger.dll
TpTrace Verbose: 0 : 27600, 1, 2024/07/21, 16:07:40.810, 2536286911510, vstest.console.dll, TestPluginCache.GetExtensionPaths: Added unfilterableExtensionPaths: 
TpTrace Information: 0 : 27600, 1, 2024/07/21, 16:07:40.810, 2536286917636, vstest.console.dll, AssemblyResolver.ctor: Creating AssemblyResolver with searchDirectories C:\Program Files (x86)\dotnet\sdk\6.0.408\Extensions,C:\Program Files (x86)\dotnet\sdk\6.0.408
TpTrace Verbose: 0 : 27600, 1, 2024/07/21, 16:07:40.811, 2536286928293, vstest.console.dll, TestPluginCache.DiscoverTestExtensions: Discovering the extensions using extension path.
TpTrace Verbose: 0 : 27600, 1, 2024/07/21, 16:07:40.812, 2536286929867, vstest.console.dll, TestPluginCache.GetExtensionPaths: Filtered extension paths: 
TpTrace Verbose: 0 : 27600, 1, 2024/07/21, 16:07:40.812, 2536286930534, vstest.console.dll, TestPluginCache.GetExtensionPaths: Added default extension paths: C:\Program Files (x86)\dotnet\sdk\6.0.408\Extensions\Microsoft.Diagnostics.NETCore.Client.dll
C:\Program Files (x86)\dotnet\sdk\6.0.408\Extensions\Microsoft.TestPlatform.Extensions.BlameDataCollector.dll
C:\Program Files (x86)\dotnet\sdk\6.0.408\Extensions\Microsoft.TestPlatform.Extensions.EventLogCollector.dll
C:\Program Files (x86)\dotnet\sdk\6.0.408\Extensions\Microsoft.TestPlatform.TestHostRuntimeProvider.dll
C:\Program Files (x86)\dotnet\sdk\6.0.408\Extensions\Microsoft.VisualStudio.TestPlatform.Extensions.Html.TestLogger.dll
C:\Program Files (x86)\dotnet\sdk\6.0.408\Extensions\Microsoft.VisualStudio.TestPlatform.Extensions.Trx.TestLogger.dll
TpTrace Verbose: 0 : 27600, 1, 2024/07/21, 16:07:40.812, 2536286931159, vstest.console.dll, TestPluginCache.GetExtensionPaths: Added unfilterableExtensionPaths: 
TpTrace Verbose: 0 : 27600, 1, 2024/07/21, 16:07:40.812, 2536286931944, vstest.console.dll, TestPluginCache.DiscoverTestExtensions: Discovering the extensions using allExtensionPaths: C:\Program Files (x86)\dotnet\sdk\6.0.408\Extensions\Microsoft.Diagnostics.NETCore.Client.dll
C:\Program Files (x86)\dotnet\sdk\6.0.408\Extensions\Microsoft.TestPlatform.Extensions.BlameDataCollector.dll
C:\Program Files (x86)\dotnet\sdk\6.0.408\Extensions\Microsoft.TestPlatform.Extensions.EventLogCollector.dll
C:\Program Files (x86)\dotnet\sdk\6.0.408\Extensions\Microsoft.TestPlatform.TestHostRuntimeProvider.dll
C:\Program Files (x86)\dotnet\sdk\6.0.408\Extensions\Microsoft.VisualStudio.TestPlatform.Extensions.Html.TestLogger.dll
C:\Program Files (x86)\dotnet\sdk\6.0.408\Extensions\Microsoft.VisualStudio.TestPlatform.Extensions.Trx.TestLogger.dll
TpTrace Information: 0 : 27600, 1, 2024/07/21, 16:07:40.812, 2536286933725, vstest.console.dll, AssemblyResolver.AddSearchDirectories: Adding more searchDirectories C:\Program Files (x86)\dotnet\sdk\6.0.408\Extensions,C:\Program Files (x86)\dotnet\sdk\6.0.408
TpTrace Information: 0 : 27600, 1, 2024/07/21, 16:07:40.812, 2536286934479, vstest.console.dll, AssemblyResolver.AddSearchDirectories: Adding more searchDirectories C:\Program Files (x86)\dotnet\sdk\6.0.408\Extensions,C:\Program Files (x86)\dotnet\sdk\6.0.408
TpTrace Information: 0 : 27600, 1, 2024/07/21, 16:07:40.812, 2536286935186, vstest.console.dll, AssemblyResolver.AddSearchDirectories: Adding more searchDirectories C:\Program Files (x86)\dotnet\sdk\6.0.408\Extensions,C:\Program Files (x86)\dotnet\sdk\6.0.408
TpTrace Information: 0 : 27600, 1, 2024/07/21, 16:07:40.812, 2536286935775, vstest.console.dll, AssemblyResolver.AddSearchDirectories: Adding more searchDirectories C:\Program Files (x86)\dotnet\sdk\6.0.408\Extensions,C:\Program Files (x86)\dotnet\sdk\6.0.408
TpTrace Information: 0 : 27600, 1, 2024/07/21, 16:07:40.812, 2536286936335, vstest.console.dll, AssemblyResolver.AddSearchDirectories: Adding more searchDirectories C:\Program Files (x86)\dotnet\sdk\6.0.408\Extensions,C:\Program Files (x86)\dotnet\sdk\6.0.408
TpTrace Information: 0 : 27600, 1, 2024/07/21, 16:07:40.812, 2536286936893, vstest.console.dll, AssemblyResolver.AddSearchDirectories: Adding more searchDirectories C:\Program Files (x86)\dotnet\sdk\6.0.408\Extensions,C:\Program Files (x86)\dotnet\sdk\6.0.408
TpTrace Information: 0 : 27600, 1, 2024/07/21, 16:07:40.813, 2536286939988, vstest.console.dll, AssemblyResolver.OnResolve: Microsoft.Diagnostics.NETCore.Client: Resolving assembly.
TpTrace Information: 0 : 27600, 1, 2024/07/21, 16:07:40.813, 2536286940826, vstest.console.dll, AssemblyResolver.OnResolve: Microsoft.Diagnostics.NETCore.Client: Searching in: 'C:\Program Files (x86)\dotnet\sdk\6.0.408\Extensions'.
TpTrace Information: 0 : 27600, 1, 2024/07/21, 16:07:40.813, 2536286944430, vstest.console.dll, AssemblyResolver.OnResolve: Microsoft.Diagnostics.NETCore.Client: Loading assembly 'C:\Program Files (x86)\dotnet\sdk\6.0.408\Extensions\Microsoft.Diagnostics.NETCore.Client.dll'.
TpTrace Information: 0 : 27600, 1, 2024/07/21, 16:07:40.814, 2536286950643, vstest.console.dll, AssemblyResolver.OnResolve: Resolved assembly: Microsoft.Diagnostics.NETCore.Client, from path: C:\Program Files (x86)\dotnet\sdk\6.0.408\Extensions\Microsoft.Diagnostics.NETCore.Client.dll
TpTrace Verbose: 0 : 27600, 1, 2024/07/21, 16:07:40.818, 2536286992304, vstest.console.dll, MetadataReaderExtensionsHelper: Discovering extensions inside assembly 'Microsoft.Diagnostics.NETCore.Client, Version=0.2.6.42401, Culture=neutral, PublicKeyToken=31bf3856ad364e35' file path 'C:\Program Files (x86)\dotnet\sdk\6.0.408\Extensions\Microsoft.Diagnostics.NETCore.Client.dll'
TpTrace Information: 0 : 27600, 1, 2024/07/21, 16:07:40.828, 2536287097863, vstest.console.dll, AssemblyResolver.OnResolve: Microsoft.Bcl.AsyncInterfaces: Resolving assembly.
TpTrace Information: 0 : 27600, 1, 2024/07/21, 16:07:40.828, 2536287099307, vstest.console.dll, AssemblyResolver.OnResolve: Microsoft.Bcl.AsyncInterfaces: Searching in: 'C:\Program Files (x86)\dotnet\sdk\6.0.408\Extensions'.
TpTrace Information: 0 : 27600, 1, 2024/07/21, 16:07:40.829, 2536287100604, vstest.console.dll, AssemblyResolver.OnResolve: Microsoft.Bcl.AsyncInterfaces: Assembly path does not exist: 'C:\Program Files (x86)\dotnet\sdk\6.0.408\Extensions\Microsoft.Bcl.AsyncInterfaces.dll', returning.
TpTrace Information: 0 : 27600, 1, 2024/07/21, 16:07:40.829, 2536287102038, vstest.console.dll, AssemblyResolver.OnResolve: Microsoft.Bcl.AsyncInterfaces: Assembly path does not exist: 'C:\Program Files (x86)\dotnet\sdk\6.0.408\Extensions\Microsoft.Bcl.AsyncInterfaces.exe', returning.
TpTrace Information: 0 : 27600, 1, 2024/07/21, 16:07:40.829, 2536287102686, vstest.console.dll, AssemblyResolver.OnResolve: Microsoft.Bcl.AsyncInterfaces: Searching in: 'C:\Program Files (x86)\dotnet\sdk\6.0.408'.
TpTrace Information: 0 : 27600, 1, 2024/07/21, 16:07:40.829, 2536287103633, vstest.console.dll, AssemblyResolver.OnResolve: Microsoft.Bcl.AsyncInterfaces: Assembly path does not exist: 'C:\Program Files (x86)\dotnet\sdk\6.0.408\Microsoft.Bcl.AsyncInterfaces.dll', returning.
TpTrace Information: 0 : 27600, 1, 2024/07/21, 16:07:40.829, 2536287104602, vstest.console.dll, AssemblyResolver.OnResolve: Microsoft.Bcl.AsyncInterfaces: Assembly path does not exist: 'C:\Program Files (x86)\dotnet\sdk\6.0.408\Microsoft.Bcl.AsyncInterfaces.exe', returning.
TpTrace Information: 0 : 27600, 1, 2024/07/21, 16:07:40.829, 2536287105191, vstest.console.dll, AssemblyResolver.OnResolve: Microsoft.Bcl.AsyncInterfaces: Failed to load assembly.
TpTrace Verbose: 0 : 27600, 1, 2024/07/21, 16:07:40.829, 2536287105821, vstest.console.dll, CurrentDomainAssemblyResolve: Resolving assembly 'Microsoft.Bcl.AsyncInterfaces'.
TpTrace Information: 0 : 27600, 1, 2024/07/21, 16:07:40.829, 2536287106623, vstest.console.dll, AssemblyResolver.OnResolve: Microsoft.Bcl.AsyncInterfaces: Resolving assembly.
TpTrace Information: 0 : 27600, 1, 2024/07/21, 16:07:40.829, 2536287107363, vstest.console.dll, AssemblyResolver.OnResolve: Microsoft.Bcl.AsyncInterfaces: Resolved from cache.
TpTrace Verbose: 0 : 27600, 1, 2024/07/21, 16:07:40.829, 2536287107948, vstest.console.dll, CurrentDomainAssemblyResolve: Resolving assembly 'Microsoft.Bcl.AsyncInterfaces'.
TpTrace Verbose: 0 : 27600, 1, 2024/07/21, 16:07:40.829, 2536287108563, vstest.console.dll, CurrentDomainAssemblyResolve: Failed to resolve assembly 'Microsoft.Bcl.AsyncInterfaces'.
TpTrace Verbose: 0 : 27600, 1, 2024/07/21, 16:07:40.830, 2536287112740, vstest.console.dll, CurrentDomainAssemblyResolve: Failed to resolve assembly 'Microsoft.Bcl.AsyncInterfaces'.
TpTrace Warning: 0 : 27600, 1, 2024/07/21, 16:07:40.839, 2536287202912, vstest.console.dll, TestPluginDiscoverer: Failed to get types from assembly 'Microsoft.Diagnostics.NETCore.Client, Version=0.2.6.42401, Culture=neutral, PublicKeyToken=31bf3856ad364e35'. Error: System.Reflection.ReflectionTypeLoadException: Unable to load one or more of the requested types.
Could not load file or assembly 'Microsoft.Bcl.AsyncInterfaces, Version=1.0.0.0, Culture=neutral, PublicKeyToken=cc7b13ffcd2ddd51'. The system cannot find the file specified.
   at System.Reflection.RuntimeModule.GetTypes(RuntimeModule module)
   at System.Reflection.Assembly.GetTypes()
   at Microsoft.VisualStudio.TestPlatform.Common.ExtensionFramework.TestPluginDiscoverer.GetTestExtensionsFromAssembly[TPluginInfo,TExtension](Assembly assembly, Dictionary`2 pluginInfos, String filePath)
System.IO.FileNotFoundException: Could not load file or assembly 'Microsoft.Bcl.AsyncInterfaces, Version=1.0.0.0, Culture=neutral, PublicKeyToken=cc7b13ffcd2ddd51'. The system cannot find the file specified.
File name: 'Microsoft.Bcl.AsyncInterfaces, Version=1.0.0.0, Culture=neutral, PublicKeyToken=cc7b13ffcd2ddd51'
 ---> System.IO.FileNotFoundException: Could not load file or assembly 'Microsoft.Bcl.AsyncInterfaces, Culture=neutral, PublicKeyToken=null'. The system cannot find the file specified.
File name: 'Microsoft.Bcl.AsyncInterfaces, Culture=neutral, PublicKeyToken=null'
   at System.Reflection.RuntimeAssembly.InternalLoad(ObjectHandleOnStack assemblyName, ObjectHandleOnStack requestingAssembly, StackCrawlMarkHandle stackMark, Boolean throwOnFileNotFound, ObjectHandleOnStack assemblyLoadContext, ObjectHandleOnStack retAssembly)
   at System.Reflection.RuntimeAssembly.InternalLoad(AssemblyName assemblyName, RuntimeAssembly requestingAssembly, StackCrawlMark& stackMark, Boolean throwOnFileNotFound, AssemblyLoadContext assemblyLoadContext)
   at System.Reflection.Assembly.Load(AssemblyName assemblyRef)
   at Microsoft.VisualStudio.TestPlatform.Common.ExtensionFramework.TestPluginCache.CurrentDomainAssemblyResolve(Object sender, AssemblyResolveEventArgs args)
   at Microsoft.VisualStudio.TestPlatform.PlatformAbstractions.PlatformAssemblyResolver.AssemblyResolverEvent(Object sender, Object eventArgs)
   at System.Runtime.Loader.AssemblyLoadContext.GetFirstResolvedAssemblyFromResolvingEvent(AssemblyName assemblyName)
   at System.Runtime.Loader.AssemblyLoadContext.ResolveUsingEvent(AssemblyName assemblyName)
   at System.Runtime.Loader.AssemblyLoadContext.ResolveUsingResolvingEvent(IntPtr gchManagedAssemblyLoadContext, AssemblyName assemblyName)
TpTrace Warning: 0 : 27600, 1, 2024/07/21, 16:07:40.839, 2536287206880, vstest.console.dll, LoaderExceptions: System.IO.FileNotFoundException: Could not load file or assembly 'Microsoft.Bcl.AsyncInterfaces, Version=1.0.0.0, Culture=neutral, PublicKeyToken=cc7b13ffcd2ddd51'. The system cannot find the file specified.
File name: 'Microsoft.Bcl.AsyncInterfaces, Version=1.0.0.0, Culture=neutral, PublicKeyToken=cc7b13ffcd2ddd51'
 ---> System.IO.FileNotFoundException: Could not load file or assembly 'Microsoft.Bcl.AsyncInterfaces, Culture=neutral, PublicKeyToken=null'. The system cannot find the file specified.
File name: 'Microsoft.Bcl.AsyncInterfaces, Culture=neutral, PublicKeyToken=null'
   at System.Reflection.RuntimeAssembly.InternalLoad(ObjectHandleOnStack assemblyName, ObjectHandleOnStack requestingAssembly, StackCrawlMarkHandle stackMark, Boolean throwOnFileNotFound, ObjectHandleOnStack assemblyLoadContext, ObjectHandleOnStack retAssembly)
   at System.Reflection.RuntimeAssembly.InternalLoad(AssemblyName assemblyName, RuntimeAssembly requestingAssembly, StackCrawlMark& stackMark, Boolean throwOnFileNotFound, AssemblyLoadContext assemblyLoadContext)
   at System.Reflection.Assembly.Load(AssemblyName assemblyRef)
   at Microsoft.VisualStudio.TestPlatform.Common.ExtensionFramework.TestPluginCache.CurrentDomainAssemblyResolve(Object sender, AssemblyResolveEventArgs args)
   at Microsoft.VisualStudio.TestPlatform.PlatformAbstractions.PlatformAssemblyResolver.AssemblyResolverEvent(Object sender, Object eventArgs)
   at System.Runtime.Loader.AssemblyLoadContext.GetFirstResolvedAssemblyFromResolvingEvent(AssemblyName assemblyName)
   at System.Runtime.Loader.AssemblyLoadContext.ResolveUsingEvent(AssemblyName assemblyName)
   at System.Runtime.Loader.AssemblyLoadContext.ResolveUsingResolvingEvent(IntPtr gchManagedAssemblyLoadContext, AssemblyName assemblyName)
TpTrace Information: 0 : 27600, 1, 2024/07/21, 16:07:40.839, 2536287208511, vstest.console.dll, AssemblyResolver.OnResolve: Microsoft.TestPlatform.Extensions.BlameDataCollector: Resolving assembly.
TpTrace Information: 0 : 27600, 1, 2024/07/21, 16:07:40.839, 2536287209186, vstest.console.dll, AssemblyResolver.OnResolve: Microsoft.TestPlatform.Extensions.BlameDataCollector: Searching in: 'C:\Program Files (x86)\dotnet\sdk\6.0.408\Extensions'.
TpTrace Information: 0 : 27600, 1, 2024/07/21, 16:07:40.840, 2536287211908, vstest.console.dll, AssemblyResolver.OnResolve: Microsoft.TestPlatform.Extensions.BlameDataCollector: Loading assembly 'C:\Program Files (x86)\dotnet\sdk\6.0.408\Extensions\Microsoft.TestPlatform.Extensions.BlameDataCollector.dll'.
TpTrace Information: 0 : 27600, 1, 2024/07/21, 16:07:40.840, 2536287217694, vstest.console.dll, AssemblyResolver.OnResolve: Resolved assembly: Microsoft.TestPlatform.Extensions.BlameDataCollector, from path: C:\Program Files (x86)\dotnet\sdk\6.0.408\Extensions\Microsoft.TestPlatform.Extensions.BlameDataCollector.dll
TpTrace Verbose: 0 : 27600, 1, 2024/07/21, 16:07:40.840, 2536287218685, vstest.console.dll, MetadataReaderExtensionsHelper: Discovering extensions inside assembly 'Microsoft.TestPlatform.Extensions.BlameDataCollector, Version=15.0.0.0, Culture=neutral, PublicKeyToken=b03f5f7f11d50a3a' file path 'C:\Program Files (x86)\dotnet\sdk\6.0.408\Extensions\Microsoft.TestPlatform.Extensions.BlameDataCollector.dll'
TpTrace Information: 0 : 27600, 1, 2024/07/21, 16:07:40.841, 2536287229184, vstest.console.dll, AssemblyResolver.OnResolve: Microsoft.TestPlatform.Extensions.EventLogCollector: Resolving assembly.
TpTrace Information: 0 : 27600, 1, 2024/07/21, 16:07:40.842, 2536287229996, vstest.console.dll, AssemblyResolver.OnResolve: Microsoft.TestPlatform.Extensions.EventLogCollector: Searching in: 'C:\Program Files (x86)\dotnet\sdk\6.0.408\Extensions'.
TpTrace Information: 0 : 27600, 1, 2024/07/21, 16:07:40.842, 2536287232568, vstest.console.dll, AssemblyResolver.OnResolve: Microsoft.TestPlatform.Extensions.EventLogCollector: Loading assembly 'C:\Program Files (x86)\dotnet\sdk\6.0.408\Extensions\Microsoft.TestPlatform.Extensions.EventLogCollector.dll'.
TpTrace Information: 0 : 27600, 1, 2024/07/21, 16:07:40.843, 2536287240335, vstest.console.dll, AssemblyResolver.OnResolve: Resolved assembly: Microsoft.TestPlatform.Extensions.EventLogCollector, from path: C:\Program Files (x86)\dotnet\sdk\6.0.408\Extensions\Microsoft.TestPlatform.Extensions.EventLogCollector.dll
TpTrace Verbose: 0 : 27600, 1, 2024/07/21, 16:07:40.843, 2536287242031, vstest.console.dll, MetadataReaderExtensionsHelper: Discovering extensions inside assembly 'Microsoft.TestPlatform.Extensions.EventLogCollector, Version=15.0.0.0, Culture=neutral, PublicKeyToken=b03f5f7f11d50a3a' file path 'C:\Program Files (x86)\dotnet\sdk\6.0.408\Extensions\Microsoft.TestPlatform.Extensions.EventLogCollector.dll'
TpTrace Information: 0 : 27600, 1, 2024/07/21, 16:07:40.845, 2536287266652, vstest.console.dll, AssemblyResolver.OnResolve: Microsoft.TestPlatform.TestHostRuntimeProvider: Resolving assembly.
TpTrace Information: 0 : 27600, 1, 2024/07/21, 16:07:40.845, 2536287268086, vstest.console.dll, AssemblyResolver.OnResolve: Microsoft.TestPlatform.TestHostRuntimeProvider: Searching in: 'C:\Program Files (x86)\dotnet\sdk\6.0.408\Extensions'.
TpTrace Information: 0 : 27600, 1, 2024/07/21, 16:07:40.846, 2536287271497, vstest.console.dll, AssemblyResolver.OnResolve: Microsoft.TestPlatform.TestHostRuntimeProvider: Loading assembly 'C:\Program Files (x86)\dotnet\sdk\6.0.408\Extensions\Microsoft.TestPlatform.TestHostRuntimeProvider.dll'.
TpTrace Information: 0 : 27600, 1, 2024/07/21, 16:07:40.846, 2536287276533, vstest.console.dll, AssemblyResolver.OnResolve: Resolved assembly: Microsoft.TestPlatform.TestHostRuntimeProvider, from path: C:\Program Files (x86)\dotnet\sdk\6.0.408\Extensions\Microsoft.TestPlatform.TestHostRuntimeProvider.dll
TpTrace Verbose: 0 : 27600, 1, 2024/07/21, 16:07:40.846, 2536287277505, vstest.console.dll, MetadataReaderExtensionsHelper: Discovering extensions inside assembly 'Microsoft.TestPlatform.TestHostRuntimeProvider, Version=15.0.0.0, Culture=neutral, PublicKeyToken=b03f5f7f11d50a3a' file path 'C:\Program Files (x86)\dotnet\sdk\6.0.408\Extensions\Microsoft.TestPlatform.TestHostRuntimeProvider.dll'
TpTrace Information: 0 : 27600, 1, 2024/07/21, 16:07:40.848, 2536287294912, vstest.console.dll, GetTestExtensionFromType: Register extension with identifier data 'HostProvider://DefaultTestHost' and type 'Microsoft.VisualStudio.TestPlatform.CrossPlatEngine.Hosting.DefaultTestHostManager, Microsoft.TestPlatform.TestHostRuntimeProvider, Version=15.0.0.0, Culture=neutral, PublicKeyToken=b03f5f7f11d50a3a' inside file 'C:\Program Files (x86)\dotnet\sdk\6.0.408\Extensions\Microsoft.TestPlatform.TestHostRuntimeProvider.dll'
TpTrace Information: 0 : 27600, 1, 2024/07/21, 16:07:40.848, 2536287296041, vstest.console.dll, GetTestExtensionFromType: Register extension with identifier data 'HostProvider://DotnetTestHost' and type 'Microsoft.VisualStudio.TestPlatform.CrossPlatEngine.Hosting.DotnetTestHostManager, Microsoft.TestPlatform.TestHostRuntimeProvider, Version=15.0.0.0, Culture=neutral, PublicKeyToken=b03f5f7f11d50a3a' inside file 'C:\Program Files (x86)\dotnet\sdk\6.0.408\Extensions\Microsoft.TestPlatform.TestHostRuntimeProvider.dll'
TpTrace Information: 0 : 27600, 1, 2024/07/21, 16:07:40.848, 2536287297222, vstest.console.dll, AssemblyResolver.OnResolve: Microsoft.VisualStudio.TestPlatform.Extensions.Html.TestLogger: Resolving assembly.
TpTrace Information: 0 : 27600, 1, 2024/07/21, 16:07:40.848, 2536287298333, vstest.console.dll, AssemblyResolver.OnResolve: Microsoft.VisualStudio.TestPlatform.Extensions.Html.TestLogger: Searching in: 'C:\Program Files (x86)\dotnet\sdk\6.0.408\Extensions'.
TpTrace Information: 0 : 27600, 1, 2024/07/21, 16:07:40.849, 2536287301573, vstest.console.dll, AssemblyResolver.OnResolve: Microsoft.VisualStudio.TestPlatform.Extensions.Html.TestLogger: Loading assembly 'C:\Program Files (x86)\dotnet\sdk\6.0.408\Extensions\Microsoft.VisualStudio.TestPlatform.Extensions.Html.TestLogger.dll'.
TpTrace Information: 0 : 27600, 1, 2024/07/21, 16:07:40.849, 2536287307112, vstest.console.dll, AssemblyResolver.OnResolve: Resolved assembly: Microsoft.VisualStudio.TestPlatform.Extensions.Html.TestLogger, from path: C:\Program Files (x86)\dotnet\sdk\6.0.408\Extensions\Microsoft.VisualStudio.TestPlatform.Extensions.Html.TestLogger.dll
TpTrace Verbose: 0 : 27600, 1, 2024/07/21, 16:07:40.849, 2536287308103, vstest.console.dll, MetadataReaderExtensionsHelper: Discovering extensions inside assembly 'Microsoft.VisualStudio.TestPlatform.Extensions.Html.TestLogger, Version=15.0.0.0, Culture=neutral, PublicKeyToken=b03f5f7f11d50a3a' file path 'C:\Program Files (x86)\dotnet\sdk\6.0.408\Extensions\Microsoft.VisualStudio.TestPlatform.Extensions.Html.TestLogger.dll'
TpTrace Information: 0 : 27600, 1, 2024/07/21, 16:07:40.850, 2536287313730, vstest.console.dll, AssemblyResolver.OnResolve: Microsoft.VisualStudio.TestPlatform.Extensions.Trx.TestLogger: Resolving assembly.
TpTrace Information: 0 : 27600, 1, 2024/07/21, 16:07:40.850, 2536287314513, vstest.console.dll, AssemblyResolver.OnResolve: Microsoft.VisualStudio.TestPlatform.Extensions.Trx.TestLogger: Searching in: 'C:\Program Files (x86)\dotnet\sdk\6.0.408\Extensions'.
TpTrace Information: 0 : 27600, 1, 2024/07/21, 16:07:40.850, 2536287317098, vstest.console.dll, AssemblyResolver.OnResolve: Microsoft.VisualStudio.TestPlatform.Extensions.Trx.TestLogger: Loading assembly 'C:\Program Files (x86)\dotnet\sdk\6.0.408\Extensions\Microsoft.VisualStudio.TestPlatform.Extensions.Trx.TestLogger.dll'.
TpTrace Information: 0 : 27600, 1, 2024/07/21, 16:07:40.851, 2536287322393, vstest.console.dll, AssemblyResolver.OnResolve: Resolved assembly: Microsoft.VisualStudio.TestPlatform.Extensions.Trx.TestLogger, from path: C:\Program Files (x86)\dotnet\sdk\6.0.408\Extensions\Microsoft.VisualStudio.TestPlatform.Extensions.Trx.TestLogger.dll
TpTrace Verbose: 0 : 27600, 1, 2024/07/21, 16:07:40.851, 2536287323317, vstest.console.dll, MetadataReaderExtensionsHelper: Discovering extensions inside assembly 'Microsoft.VisualStudio.TestPlatform.Extensions.Trx.TestLogger, Version=15.0.0.0, Culture=neutral, PublicKeyToken=b03f5f7f11d50a3a' file path 'C:\Program Files (x86)\dotnet\sdk\6.0.408\Extensions\Microsoft.VisualStudio.TestPlatform.Extensions.Trx.TestLogger.dll'
TpTrace Verbose: 0 : 27600, 1, 2024/07/21, 16:07:40.852, 2536287331820, vstest.console.dll, TestPluginCache: Discovered the extensions using extension path ''.
TpTrace Verbose: 0 : 27600, 1, 2024/07/21, 16:07:40.852, 2536287332646, vstest.console.dll, TestPluginCache: Discoverers are ''.
TpTrace Verbose: 0 : 27600, 1, 2024/07/21, 16:07:40.852, 2536287333210, vstest.console.dll, TestPluginCache: Executors are ''.
TpTrace Verbose: 0 : 27600, 1, 2024/07/21, 16:07:40.852, 2536287333727, vstest.console.dll, TestPluginCache: Executors2 are ''.
TpTrace Verbose: 0 : 27600, 1, 2024/07/21, 16:07:40.852, 2536287334234, vstest.console.dll, TestPluginCache: Setting providers are ''.
TpTrace Verbose: 0 : 27600, 1, 2024/07/21, 16:07:40.852, 2536287334777, vstest.console.dll, TestPluginCache: Loggers are ''.
TpTrace Verbose: 0 : 27600, 1, 2024/07/21, 16:07:40.852, 2536287335724, vstest.console.dll, TestPluginCache: TestHosts are 'HostProvider://DefaultTestHost,HostProvider://DotnetTestHost'.
TpTrace Verbose: 0 : 27600, 1, 2024/07/21, 16:07:40.852, 2536287336334, vstest.console.dll, TestPluginCache: DataCollectors are ''.
TpTrace Information: 0 : 27600, 1, 2024/07/21, 16:07:40.862, 2536287435048, vstest.console.dll, RunTestsArgumentProcessor:Execute: Test run is starting.
TpTrace Verbose: 0 : 27600, 1, 2024/07/21, 16:07:40.862, 2536287436164, vstest.console.dll, RunTestsArgumentProcessor:Execute: Queuing Test run.
TpTrace Information: 0 : 27600, 1, 2024/07/21, 16:07:40.862, 2536287438798, vstest.console.dll, TestRequestManager.RunTests: run tests started.
TpTrace Information: 0 : 27600, 1, 2024/07/21, 16:07:40.871, 2536287525813, vstest.console.dll, AssemblyMetadataProvider.GetFrameworkName: Determined framework:'.NETCoreApp,Version=v6.0' for source: 'D:\SoftUni\Front-End-Test-Automation-July-2024\09.Appium-Lab\AppiumTesting\AppiumTesting\bin\Debug\net6.0\fine-code-coverage\build-output\AppiumTesting.dll'
TpTrace Information: 0 : 27600, 1, 2024/07/21, 16:07:40.871, 2536287527950, vstest.console.dll, Determined framework for all sources: .NETCoreApp,Version=v6.0
TpTrace Verbose: 0 : 27600, 1, 2024/07/21, 16:07:40.872, 2536287532500, vstest.console.dll, TestRequestManager.UpdateRunSettingsIfRequired: Default architecture: X86 IsDefaultTargetArchitecture: True, Current process architecture: X86 OperatingSystem: Windows.
TpTrace Information: 0 : 27600, 1, 2024/07/21, 16:07:40.874, 2536287555713, vstest.console.dll, AssemblyMetadataProvider.GetArchitecture: Determined architecture:AnyCPU info for assembly: D:\SoftUni\Front-End-Test-Automation-July-2024\09.Appium-Lab\AppiumTesting\AppiumTesting\bin\Debug\net6.0\fine-code-coverage\build-output\AppiumTesting.dll
TpTrace Information: 0 : 27600, 1, 2024/07/21, 16:07:40.874, 2536287556470, vstest.console.dll, Determined platform for source 'D:\SoftUni\Front-End-Test-Automation-July-2024\09.Appium-Lab\AppiumTesting\AppiumTesting\bin\Debug\net6.0\fine-code-coverage\build-output\AppiumTesting.dll' was AnyCPU and it will use the default plaform X86.
TpTrace Information: 0 : 27600, 1, 2024/07/21, 16:07:40.874, 2536287557043, vstest.console.dll, None of the sources provided any runnable platform, using the default platform: X86
TpTrace Information: 0 : 27600, 1, 2024/07/21, 16:07:40.874, 2536287558089, vstest.console.dll, Platform was updated to 'X86'.
TpTrace Information: 0 : 27600, 1, 2024/07/21, 16:07:40.878, 2536287591982, vstest.console.dll, InferRunSettingsHelper.IsTestSettingsEnabled: Unable to navigate to RunSettings/MSTest. Current node: RunSettings
TpTrace Information: 0 : 27600, 1, 2024/07/21, 16:07:40.878, 2536287597610, vstest.console.dll, AssemblyResolver.OnResolve: Microsoft.VisualStudio.TestPlatform.Fakes: Resolving assembly.
TpTrace Information: 0 : 27600, 1, 2024/07/21, 16:07:40.878, 2536287598424, vstest.console.dll, AssemblyResolver.OnResolve: Microsoft.VisualStudio.TestPlatform.Fakes: Searching in: 'C:\Program Files (x86)\dotnet\sdk\6.0.408\Extensions'.
TpTrace Information: 0 : 27600, 1, 2024/07/21, 16:07:40.878, 2536287599791, vstest.console.dll, AssemblyResolver.OnResolve: Microsoft.VisualStudio.TestPlatform.Fakes: Assembly path does not exist: 'C:\Program Files (x86)\dotnet\sdk\6.0.408\Extensions\Microsoft.VisualStudio.TestPlatform.Fakes.dll', returning.
TpTrace Information: 0 : 27600, 1, 2024/07/21, 16:07:40.879, 2536287600784, vstest.console.dll, AssemblyResolver.OnResolve: Microsoft.VisualStudio.TestPlatform.Fakes: Assembly path does not exist: 'C:\Program Files (x86)\dotnet\sdk\6.0.408\Extensions\Microsoft.VisualStudio.TestPlatform.Fakes.exe', returning.
TpTrace Information: 0 : 27600, 1, 2024/07/21, 16:07:40.879, 2536287601366, vstest.console.dll, AssemblyResolver.OnResolve: Microsoft.VisualStudio.TestPlatform.Fakes: Searching in: 'C:\Program Files (x86)\dotnet\sdk\6.0.408'.
TpTrace Information: 0 : 27600, 1, 2024/07/21, 16:07:40.879, 2536287602296, vstest.console.dll, AssemblyResolver.OnResolve: Microsoft.VisualStudio.TestPlatform.Fakes: Assembly path does not exist: 'C:\Program Files (x86)\dotnet\sdk\6.0.408\Microsoft.VisualStudio.TestPlatform.Fakes.dll', returning.
TpTrace Information: 0 : 27600, 1, 2024/07/21, 16:07:40.879, 2536287603287, vstest.console.dll, AssemblyResolver.OnResolve: Microsoft.VisualStudio.TestPlatform.Fakes: Assembly path does not exist: 'C:\Program Files (x86)\dotnet\sdk\6.0.408\Microsoft.VisualStudio.TestPlatform.Fakes.exe', returning.
TpTrace Information: 0 : 27600, 1, 2024/07/21, 16:07:40.879, 2536287603985, vstest.console.dll, AssemblyResolver.OnResolve: Microsoft.VisualStudio.TestPlatform.Fakes: Failed to load assembly.
TpTrace Information: 0 : 27600, 1, 2024/07/21, 16:07:40.879, 2536287606289, vstest.console.dll, Failed to load assembly Microsoft.VisualStudio.TestPlatform.Fakes, Version=17.0.0.0, Culture=neutral. Reason:System.IO.FileNotFoundException: Could not load file or assembly 'Microsoft.VisualStudio.TestPlatform.Fakes, Version=17.0.0.0, Culture=neutral, PublicKeyToken=null'. The system cannot find the file specified.
File name: 'Microsoft.VisualStudio.TestPlatform.Fakes, Version=17.0.0.0, Culture=neutral, PublicKeyToken=null'
   at System.Reflection.RuntimeAssembly.InternalLoad(ObjectHandleOnStack assemblyName, ObjectHandleOnStack requestingAssembly, StackCrawlMarkHandle stackMark, Boolean throwOnFileNotFound, ObjectHandleOnStack assemblyLoadContext, ObjectHandleOnStack retAssembly)
   at System.Reflection.RuntimeAssembly.InternalLoad(AssemblyName assemblyName, RuntimeAssembly requestingAssembly, StackCrawlMark& stackMark, Boolean throwOnFileNotFound, AssemblyLoadContext assemblyLoadContext)
   at System.Reflection.Assembly.Load(AssemblyName assemblyRef)
   at Microsoft.VisualStudio.TestPlatform.Common.Utilities.FakesUtilities.LoadTestPlatformAssembly()
TpTrace Verbose: 0 : 27600, 1, 2024/07/21, 16:07:40.882, 2536287635357, vstest.console.dll, TestPluginCache.DiscoverTestExtensions: finding test extensions in assemblies ends with: TestLogger.dll TPluginInfo: Microsoft.VisualStudio.TestPlatform.Common.ExtensionFramework.Utilities.TestLoggerPluginInformation TExtension: Microsoft.VisualStudio.TestPlatform.ObjectModel.Client.ITestLogger
TpTrace Verbose: 0 : 27600, 1, 2024/07/21, 16:07:40.882, 2536287636390, vstest.console.dll, TestPluginCache.GetExtensionPaths: Filtered extension paths: 
TpTrace Verbose: 0 : 27600, 1, 2024/07/21, 16:07:40.882, 2536287636993, vstest.console.dll, TestPluginCache.GetExtensionPaths: Added default extension paths: C:\Program Files (x86)\dotnet\sdk\6.0.408\Extensions\Microsoft.Diagnostics.NETCore.Client.dll
C:\Program Files (x86)\dotnet\sdk\6.0.408\Extensions\Microsoft.TestPlatform.Extensions.BlameDataCollector.dll
C:\Program Files (x86)\dotnet\sdk\6.0.408\Extensions\Microsoft.TestPlatform.Extensions.EventLogCollector.dll
C:\Program Files (x86)\dotnet\sdk\6.0.408\Extensions\Microsoft.TestPlatform.TestHostRuntimeProvider.dll
C:\Program Files (x86)\dotnet\sdk\6.0.408\Extensions\Microsoft.VisualStudio.TestPlatform.Extensions.Html.TestLogger.dll
C:\Program Files (x86)\dotnet\sdk\6.0.408\Extensions\Microsoft.VisualStudio.TestPlatform.Extensions.Trx.TestLogger.dll
TpTrace Verbose: 0 : 27600, 1, 2024/07/21, 16:07:40.882, 2536287637691, vstest.console.dll, TestPluginCache.GetExtensionPaths: Added unfilterableExtensionPaths: 
TpTrace Information: 0 : 27600, 1, 2024/07/21, 16:07:40.882, 2536287639481, vstest.console.dll, AssemblyResolver.AddSearchDirectories: Adding more searchDirectories C:\Program Files (x86)\dotnet\sdk\6.0.408\Extensions,C:\Program Files (x86)\dotnet\sdk\6.0.408
TpTrace Verbose: 0 : 27600, 1, 2024/07/21, 16:07:40.883, 2536287640308, vstest.console.dll, TestPluginCache.DiscoverTestExtensions: Discovering the extensions using extension path.
TpTrace Verbose: 0 : 27600, 1, 2024/07/21, 16:07:40.883, 2536287640934, vstest.console.dll, TestPluginCache.GetExtensionPaths: Filtered extension paths: 
TpTrace Verbose: 0 : 27600, 1, 2024/07/21, 16:07:40.883, 2536287641534, vstest.console.dll, TestPluginCache.GetExtensionPaths: Added default extension paths: C:\Program Files (x86)\dotnet\sdk\6.0.408\Extensions\Microsoft.Diagnostics.NETCore.Client.dll
C:\Program Files (x86)\dotnet\sdk\6.0.408\Extensions\Microsoft.TestPlatform.Extensions.BlameDataCollector.dll
C:\Program Files (x86)\dotnet\sdk\6.0.408\Extensions\Microsoft.TestPlatform.Extensions.EventLogCollector.dll
C:\Program Files (x86)\dotnet\sdk\6.0.408\Extensions\Microsoft.TestPlatform.TestHostRuntimeProvider.dll
C:\Program Files (x86)\dotnet\sdk\6.0.408\Extensions\Microsoft.VisualStudio.TestPlatform.Extensions.Html.TestLogger.dll
C:\Program Files (x86)\dotnet\sdk\6.0.408\Extensions\Microsoft.VisualStudio.TestPlatform.Extensions.Trx.TestLogger.dll
TpTrace Verbose: 0 : 27600, 1, 2024/07/21, 16:07:40.883, 2536287642571, vstest.console.dll, TestPluginCache.GetExtensionPaths: Added unfilterableExtensionPaths: 
TpTrace Verbose: 0 : 27600, 1, 2024/07/21, 16:07:40.883, 2536287643249, vstest.console.dll, TestPluginCache.DiscoverTestExtensions: Discovering the extensions using allExtensionPaths: C:\Program Files (x86)\dotnet\sdk\6.0.408\Extensions\Microsoft.Diagnostics.NETCore.Client.dll
C:\Program Files (x86)\dotnet\sdk\6.0.408\Extensions\Microsoft.TestPlatform.Extensions.BlameDataCollector.dll
C:\Program Files (x86)\dotnet\sdk\6.0.408\Extensions\Microsoft.TestPlatform.Extensions.EventLogCollector.dll
C:\Program Files (x86)\dotnet\sdk\6.0.408\Extensions\Microsoft.TestPlatform.TestHostRuntimeProvider.dll
C:\Program Files (x86)\dotnet\sdk\6.0.408\Extensions\Microsoft.VisualStudio.TestPlatform.Extensions.Html.TestLogger.dll
C:\Program Files (x86)\dotnet\sdk\6.0.408\Extensions\Microsoft.VisualStudio.TestPlatform.Extensions.Trx.TestLogger.dll
TpTrace Information: 0 : 27600, 1, 2024/07/21, 16:07:40.883, 2536287643937, vstest.console.dll, AssemblyResolver.AddSearchDirectories: Adding more searchDirectories C:\Program Files (x86)\dotnet\sdk\6.0.408\Extensions,C:\Program Files (x86)\dotnet\sdk\6.0.408
TpTrace Information: 0 : 27600, 1, 2024/07/21, 16:07:40.883, 2536287644577, vstest.console.dll, AssemblyResolver.AddSearchDirectories: Adding more searchDirectories C:\Program Files (x86)\dotnet\sdk\6.0.408\Extensions,C:\Program Files (x86)\dotnet\sdk\6.0.408
TpTrace Information: 0 : 27600, 1, 2024/07/21, 16:07:40.883, 2536287645148, vstest.console.dll, AssemblyResolver.AddSearchDirectories: Adding more searchDirectories C:\Program Files (x86)\dotnet\sdk\6.0.408\Extensions,C:\Program Files (x86)\dotnet\sdk\6.0.408
TpTrace Information: 0 : 27600, 1, 2024/07/21, 16:07:40.883, 2536287645711, vstest.console.dll, AssemblyResolver.AddSearchDirectories: Adding more searchDirectories C:\Program Files (x86)\dotnet\sdk\6.0.408\Extensions,C:\Program Files (x86)\dotnet\sdk\6.0.408
TpTrace Information: 0 : 27600, 1, 2024/07/21, 16:07:40.883, 2536287646268, vstest.console.dll, AssemblyResolver.AddSearchDirectories: Adding more searchDirectories C:\Program Files (x86)\dotnet\sdk\6.0.408\Extensions,C:\Program Files (x86)\dotnet\sdk\6.0.408
TpTrace Information: 0 : 27600, 1, 2024/07/21, 16:07:40.883, 2536287646871, vstest.console.dll, AssemblyResolver.AddSearchDirectories: Adding more searchDirectories C:\Program Files (x86)\dotnet\sdk\6.0.408\Extensions,C:\Program Files (x86)\dotnet\sdk\6.0.408
TpTrace Verbose: 0 : 27600, 1, 2024/07/21, 16:07:40.883, 2536287648785, vstest.console.dll, MetadataReaderExtensionsHelper: Discovering extensions inside assembly 'Microsoft.Diagnostics.NETCore.Client, Version=0.2.6.42401, Culture=neutral, PublicKeyToken=31bf3856ad364e35' file path 'C:\Program Files (x86)\dotnet\sdk\6.0.408\Extensions\Microsoft.Diagnostics.NETCore.Client.dll'
TpTrace Information: 0 : 27600, 1, 2024/07/21, 16:07:40.884, 2536287652724, vstest.console.dll, AssemblyResolver.OnResolve: Microsoft.Bcl.AsyncInterfaces: Resolving assembly.
TpTrace Information: 0 : 27600, 1, 2024/07/21, 16:07:40.884, 2536287653424, vstest.console.dll, AssemblyResolver.OnResolve: Microsoft.Bcl.AsyncInterfaces: Resolved from cache.
TpTrace Verbose: 0 : 27600, 1, 2024/07/21, 16:07:40.884, 2536287654410, vstest.console.dll, CurrentDomainAssemblyResolve: Resolving assembly 'Microsoft.Bcl.AsyncInterfaces'.
TpTrace Information: 0 : 27600, 1, 2024/07/21, 16:07:40.884, 2536287655136, vstest.console.dll, AssemblyResolver.OnResolve: Microsoft.Bcl.AsyncInterfaces: Resolving assembly.
TpTrace Information: 0 : 27600, 1, 2024/07/21, 16:07:40.884, 2536287656008, vstest.console.dll, AssemblyResolver.OnResolve: Microsoft.Bcl.AsyncInterfaces: Resolved from cache.
TpTrace Verbose: 0 : 27600, 1, 2024/07/21, 16:07:40.884, 2536287656742, vstest.console.dll, CurrentDomainAssemblyResolve: Resolving assembly 'Microsoft.Bcl.AsyncInterfaces'.
TpTrace Verbose: 0 : 27600, 1, 2024/07/21, 16:07:40.884, 2536287657663, vstest.console.dll, CurrentDomainAssemblyResolve: Failed to resolve assembly 'Microsoft.Bcl.AsyncInterfaces'.
TpTrace Verbose: 0 : 27600, 1, 2024/07/21, 16:07:40.885, 2536287660415, vstest.console.dll, CurrentDomainAssemblyResolve: Failed to resolve assembly 'Microsoft.Bcl.AsyncInterfaces'.
TpTrace Warning: 0 : 27600, 1, 2024/07/21, 16:07:40.885, 2536287664724, vstest.console.dll, TestPluginDiscoverer: Failed to get types from assembly 'Microsoft.Diagnostics.NETCore.Client, Version=0.2.6.42401, Culture=neutral, PublicKeyToken=31bf3856ad364e35'. Error: System.Reflection.ReflectionTypeLoadException: Unable to load one or more of the requested types.
Could not load file or assembly 'Microsoft.Bcl.AsyncInterfaces, Version=1.0.0.0, Culture=neutral, PublicKeyToken=cc7b13ffcd2ddd51'. The system cannot find the file specified.
   at System.Reflection.RuntimeModule.GetTypes(RuntimeModule module)
   at System.Reflection.Assembly.GetTypes()
   at Microsoft.VisualStudio.TestPlatform.Common.ExtensionFramework.TestPluginDiscoverer.GetTestExtensionsFromAssembly[TPluginInfo,TExtension](Assembly assembly, Dictionary`2 pluginInfos, String filePath)
System.IO.FileNotFoundException: Could not load file or assembly 'Microsoft.Bcl.AsyncInterfaces, Version=1.0.0.0, Culture=neutral, PublicKeyToken=cc7b13ffcd2ddd51'. The system cannot find the file specified.
File name: 'Microsoft.Bcl.AsyncInterfaces, Version=1.0.0.0, Culture=neutral, PublicKeyToken=cc7b13ffcd2ddd51'
 ---> System.IO.FileNotFoundException: Could not load file or assembly 'Microsoft.Bcl.AsyncInterfaces, Culture=neutral, PublicKeyToken=null'. The system cannot find the file specified.
File name: 'Microsoft.Bcl.AsyncInterfaces, Culture=neutral, PublicKeyToken=null'
   at System.Reflection.RuntimeAssembly.InternalLoad(ObjectHandleOnStack assemblyName, ObjectHandleOnStack requestingAssembly, StackCrawlMarkHandle stackMark, Boolean throwOnFileNotFound, ObjectHandleOnStack assemblyLoadContext, ObjectHandleOnStack retAssembly)
   at System.Reflection.RuntimeAssembly.InternalLoad(AssemblyName assemblyName, RuntimeAssembly requestingAssembly, StackCrawlMark& stackMark, Boolean throwOnFileNotFound, AssemblyLoadContext assemblyLoadContext)
   at System.Reflection.Assembly.Load(AssemblyName assemblyRef)
   at Microsoft.VisualStudio.TestPlatform.Common.ExtensionFramework.TestPluginCache.CurrentDomainAssemblyResolve(Object sender, AssemblyResolveEventArgs args)
   at Microsoft.VisualStudio.TestPlatform.PlatformAbstractions.PlatformAssemblyResolver.AssemblyResolverEvent(Object sender, Object eventArgs)
   at System.Runtime.Loader.AssemblyLoadContext.GetFirstResolvedAssemblyFromResolvingEvent(AssemblyName assemblyName)
   at System.Runtime.Loader.AssemblyLoadContext.ResolveUsingEvent(AssemblyName assemblyName)
   at System.Runtime.Loader.AssemblyLoadContext.ResolveUsingResolvingEvent(IntPtr gchManagedAssemblyLoadContext, AssemblyName assemblyName)
TpTrace Warning: 0 : 27600, 1, 2024/07/21, 16:07:40.885, 2536287666719, vstest.console.dll, LoaderExceptions: System.IO.FileNotFoundException: Could not load file or assembly 'Microsoft.Bcl.AsyncInterfaces, Version=1.0.0.0, Culture=neutral, PublicKeyToken=cc7b13ffcd2ddd51'. The system cannot find the file specified.
File name: 'Microsoft.Bcl.AsyncInterfaces, Version=1.0.0.0, Culture=neutral, PublicKeyToken=cc7b13ffcd2ddd51'
 ---> System.IO.FileNotFoundException: Could not load file or assembly 'Microsoft.Bcl.AsyncInterfaces, Culture=neutral, PublicKeyToken=null'. The system cannot find the file specified.
File name: 'Microsoft.Bcl.AsyncInterfaces, Culture=neutral, PublicKeyToken=null'
   at System.Reflection.RuntimeAssembly.InternalLoad(ObjectHandleOnStack assemblyName, ObjectHandleOnStack requestingAssembly, StackCrawlMarkHandle stackMark, Boolean throwOnFileNotFound, ObjectHandleOnStack assemblyLoadContext, ObjectHandleOnStack retAssembly)
   at System.Reflection.RuntimeAssembly.InternalLoad(AssemblyName assemblyName, RuntimeAssembly requestingAssembly, StackCrawlMark& stackMark, Boolean throwOnFileNotFound, AssemblyLoadContext assemblyLoadContext)
   at System.Reflection.Assembly.Load(AssemblyName assemblyRef)
   at Microsoft.VisualStudio.TestPlatform.Common.ExtensionFramework.TestPluginCache.CurrentDomainAssemblyResolve(Object sender, AssemblyResolveEventArgs args)
   at Microsoft.VisualStudio.TestPlatform.PlatformAbstractions.PlatformAssemblyResolver.AssemblyResolverEvent(Object sender, Object eventArgs)
   at System.Runtime.Loader.AssemblyLoadContext.GetFirstResolvedAssemblyFromResolvingEvent(AssemblyName assemblyName)
   at System.Runtime.Loader.AssemblyLoadContext.ResolveUsingEvent(AssemblyName assemblyName)
   at System.Runtime.Loader.AssemblyLoadContext.ResolveUsingResolvingEvent(IntPtr gchManagedAssemblyLoadContext, AssemblyName assemblyName)
TpTrace Verbose: 0 : 27600, 1, 2024/07/21, 16:07:40.885, 2536287667719, vstest.console.dll, MetadataReaderExtensionsHelper: Discovering extensions inside assembly 'Microsoft.TestPlatform.Extensions.BlameDataCollector, Version=15.0.0.0, Culture=neutral, PublicKeyToken=b03f5f7f11d50a3a' file path 'C:\Program Files (x86)\dotnet\sdk\6.0.408\Extensions\Microsoft.TestPlatform.Extensions.BlameDataCollector.dll'
TpTrace Information: 0 : 27600, 1, 2024/07/21, 16:07:40.886, 2536287672208, vstest.console.dll, GetTestExtensionFromType: Register extension with identifier data 'logger://Microsoft/TestPlatform/Extensions/Blame/v1' and type 'Microsoft.TestPlatform.Extensions.BlameDataCollector.BlameLogger, Microsoft.TestPlatform.Extensions.BlameDataCollector, Version=15.0.0.0, Culture=neutral, PublicKeyToken=b03f5f7f11d50a3a' inside file 'C:\Program Files (x86)\dotnet\sdk\6.0.408\Extensions\Microsoft.TestPlatform.Extensions.BlameDataCollector.dll'
TpTrace Verbose: 0 : 27600, 1, 2024/07/21, 16:07:40.886, 2536287673046, vstest.console.dll, MetadataReaderExtensionsHelper: Discovering extensions inside assembly 'Microsoft.TestPlatform.Extensions.EventLogCollector, Version=15.0.0.0, Culture=neutral, PublicKeyToken=b03f5f7f11d50a3a' file path 'C:\Program Files (x86)\dotnet\sdk\6.0.408\Extensions\Microsoft.TestPlatform.Extensions.EventLogCollector.dll'
TpTrace Verbose: 0 : 27600, 1, 2024/07/21, 16:07:40.886, 2536287675803, vstest.console.dll, MetadataReaderExtensionsHelper: Discovering extensions inside assembly 'Microsoft.TestPlatform.TestHostRuntimeProvider, Version=15.0.0.0, Culture=neutral, PublicKeyToken=b03f5f7f11d50a3a' file path 'C:\Program Files (x86)\dotnet\sdk\6.0.408\Extensions\Microsoft.TestPlatform.TestHostRuntimeProvider.dll'
TpTrace Verbose: 0 : 27600, 1, 2024/07/21, 16:07:40.886, 2536287678576, vstest.console.dll, MetadataReaderExtensionsHelper: Discovering extensions inside assembly 'Microsoft.VisualStudio.TestPlatform.Extensions.Html.TestLogger, Version=15.0.0.0, Culture=neutral, PublicKeyToken=b03f5f7f11d50a3a' file path 'C:\Program Files (x86)\dotnet\sdk\6.0.408\Extensions\Microsoft.VisualStudio.TestPlatform.Extensions.Html.TestLogger.dll'
TpTrace Information: 0 : 27600, 1, 2024/07/21, 16:07:40.887, 2536287681982, vstest.console.dll, GetTestExtensionFromType: Register extension with identifier data 'logger://Microsoft/TestPlatform/HtmlLogger/v1' and type 'Microsoft.VisualStudio.TestPlatform.Extensions.HtmlLogger.HtmlLogger, Microsoft.VisualStudio.TestPlatform.Extensions.Html.TestLogger, Version=15.0.0.0, Culture=neutral, PublicKeyToken=b03f5f7f11d50a3a' inside file 'C:\Program Files (x86)\dotnet\sdk\6.0.408\Extensions\Microsoft.VisualStudio.TestPlatform.Extensions.Html.TestLogger.dll'
TpTrace Verbose: 0 : 27600, 1, 2024/07/21, 16:07:40.887, 2536287682833, vstest.console.dll, MetadataReaderExtensionsHelper: Discovering extensions inside assembly 'Microsoft.VisualStudio.TestPlatform.Extensions.Trx.TestLogger, Version=15.0.0.0, Culture=neutral, PublicKeyToken=b03f5f7f11d50a3a' file path 'C:\Program Files (x86)\dotnet\sdk\6.0.408\Extensions\Microsoft.VisualStudio.TestPlatform.Extensions.Trx.TestLogger.dll'
TpTrace Information: 0 : 27600, 1, 2024/07/21, 16:07:40.887, 2536287685918, vstest.console.dll, GetTestExtensionFromType: Register extension with identifier data 'logger://Microsoft/TestPlatform/TrxLogger/v1' and type 'Microsoft.VisualStudio.TestPlatform.Extensions.TrxLogger.TrxLogger, Microsoft.VisualStudio.TestPlatform.Extensions.Trx.TestLogger, Version=15.0.0.0, Culture=neutral, PublicKeyToken=b03f5f7f11d50a3a' inside file 'C:\Program Files (x86)\dotnet\sdk\6.0.408\Extensions\Microsoft.VisualStudio.TestPlatform.Extensions.Trx.TestLogger.dll'
TpTrace Verbose: 0 : 27600, 1, 2024/07/21, 16:07:40.887, 2536287686836, vstest.console.dll, TestPluginCache: Discovered the extensions using extension path ''.
TpTrace Verbose: 0 : 27600, 1, 2024/07/21, 16:07:40.887, 2536287687419, vstest.console.dll, TestPluginCache: Discoverers are ''.
TpTrace Verbose: 0 : 27600, 1, 2024/07/21, 16:07:40.887, 2536287687988, vstest.console.dll, TestPluginCache: Executors are ''.
TpTrace Verbose: 0 : 27600, 1, 2024/07/21, 16:07:40.887, 2536287688863, vstest.console.dll, TestPluginCache: Executors2 are ''.
TpTrace Verbose: 0 : 27600, 1, 2024/07/21, 16:07:40.888, 2536287689997, vstest.console.dll, TestPluginCache: Setting providers are ''.
TpTrace Verbose: 0 : 27600, 1, 2024/07/21, 16:07:40.888, 2536287691099, vstest.console.dll, TestPluginCache: Loggers are 'logger://Microsoft/TestPlatform/Extensions/Blame/v1,logger://Microsoft/TestPlatform/HtmlLogger/v1,logger://Microsoft/TestPlatform/TrxLogger/v1'.
TpTrace Verbose: 0 : 27600, 1, 2024/07/21, 16:07:40.888, 2536287691723, vstest.console.dll, TestPluginCache: TestHosts are 'HostProvider://DefaultTestHost,HostProvider://DotnetTestHost'.
TpTrace Verbose: 0 : 27600, 1, 2024/07/21, 16:07:40.888, 2536287692294, vstest.console.dll, TestPluginCache: DataCollectors are ''.
TpTrace Information: 0 : 27600, 1, 2024/07/21, 16:07:40.888, 2536287698216, vstest.console.dll, TestPluginManager.CreateTestExtension: Attempting to load test extension: Microsoft.TestPlatform.Extensions.BlameDataCollector.BlameLogger
TpTrace Verbose: 0 : 27600, 1, 2024/07/21, 16:07:40.892, 2536287739738, vstest.console.dll, TestEngine: Initializing Parallel Execution as MaxCpuCount is set to: 1
TpTrace Information: 0 : 27600, 1, 2024/07/21, 16:07:40.894, 2536287752705, vstest.console.dll, TestPluginManager.CreateTestExtension: Attempting to load test extension: Microsoft.VisualStudio.TestPlatform.CrossPlatEngine.Hosting.DefaultTestHostManager
TpTrace Information: 0 : 27600, 1, 2024/07/21, 16:07:40.895, 2536287761553, vstest.console.dll, TestPluginManager.CreateTestExtension: Attempting to load test extension: Microsoft.VisualStudio.TestPlatform.CrossPlatEngine.Hosting.DotnetTestHostManager
TpTrace Information: 0 : 27600, 1, 2024/07/21, 16:07:40.895, 2536287766186, vstest.console.dll, InferRunSettingsHelper.IsTestSettingsEnabled: Unable to navigate to RunSettings/MSTest. Current node: RunSettings
TpTrace Verbose: 0 : 27600, 1, 2024/07/21, 16:07:40.900, 2536287810577, vstest.console.dll, TestEngine.GetExecutionManager: Chosen execution manager 'Microsoft.VisualStudio.TestPlatform.CrossPlatEngine.Client.Parallel.ParallelProxyExecutionManager, Microsoft.TestPlatform.CrossPlatEngine, Version=15.0.0.0, Culture=neutral, PublicKeyToken=b03f5f7f11d50a3a' ParallelLevel '1'.
TpTrace Verbose: 0 : 27600, 1, 2024/07/21, 16:07:40.900, 2536287812861, vstest.console.dll, TestRunRequest.ExecuteAsync: Creating test run request.
TpTrace Verbose: 0 : 27600, 1, 2024/07/21, 16:07:40.900, 2536287815847, vstest.console.dll, TestRunRequest.ExecuteAsync: Starting.
TpTrace Information: 0 : 27600, 1, 2024/07/21, 16:07:40.901, 2536287820346, vstest.console.dll, TestRunRequest.ExecuteAsync: Starting run with settings:TestRunCriteria:
   KeepAlive=False,FrequencyOfRunStatsChangeEvent=10,RunStatsChangeEventTimeout=00:00:01.5000000,TestCaseFilter=,TestExecutorLauncher=
   Settingsxml=<RunSettings>
  <RunConfiguration>
    <ResultsDirectory>D:\SoftUni\Front-End-Test-Automation-July-2024\09.Appium-Lab\AppiumTesting\AppiumTesting\bin\Debug\net6.0\fine-code-coverage\coverage-tool-output</ResultsDirectory>
    <TargetPlatform>X86</TargetPlatform>
    <TargetFrameworkVersion>.NETCoreApp,Version=v6.0</TargetFrameworkVersion>
    <DesignMode>False</DesignMode>
    <CollectSourceInformation>False</CollectSourceInformation>
  </RunConfiguration>
  <LoggerRunSettings>
    <Loggers>
      <Logger friendlyName="blame" enabled="True" />
      <Logger friendlyName="Console" uri="logger://microsoft/TestPlatform/ConsoleLogger/v1" assemblyQualifiedName="Microsoft.VisualStudio.TestPlatform.CommandLine.Internal.ConsoleLogger, vstest.console, Version=15.0.0.0, Culture=neutral, PublicKeyToken=b03f5f7f11d50a3a" codeBase="C:\Program Files (x86)\dotnet\sdk\6.0.408\vstest.console.dll" enabled="True" />
    </Loggers>
  </LoggerRunSettings>
  <DataCollectionRunSettings>
    <DataCollectors>
      <DataCollector friendlyName="blame" enabled="True">
        <Configuration>
          <ResultsDirectory>D:\SoftUni\Front-End-Test-Automation-July-2024\09.Appium-Lab\AppiumTesting\AppiumTesting\bin\Debug\net6.0\fine-code-coverage\coverage-tool-output</ResultsDirectory>
        </Configuration>
      </DataCollector>
    </DataCollectors>
  </DataCollectionRunSettings>
</RunSettings>

TpTrace Verbose: 0 : 27600, 1, 2024/07/21, 16:07:40.901, 2536287821577, vstest.console.dll, TestRunRequest.ExecuteAsync: Wait for the first run request is over.
TpTrace Verbose: 0 : 27600, 1, 2024/07/21, 16:07:40.901, 2536287825170, vstest.console.dll, MulticastDelegateUtilities.SafeInvoke: TestRun.TestRunStart: Invoking callbacks was skipped because there are no subscribers.
TpTrace Verbose: 0 : 27600, 4, 2024/07/21, 16:07:40.901, 2536287827246, vstest.console.dll, MulticastDelegateUtilities.SafeInvoke: InternalTestLoggerEvents.SendTestRunStart: Invoking callback 1/1 for Microsoft.VisualStudio.TestPlatform.CommandLine.Internal.ConsoleLogger.TestRunStartHandler, took 0 ms.
TpTrace Verbose: 0 : 27600, 1, 2024/07/21, 16:07:40.902, 2536287836140, vstest.console.dll, ParallelProxyExecutionManager: Start execution. Total sources: 1
TpTrace Verbose: 0 : 27600, 1, 2024/07/21, 16:07:40.903, 2536287848910, vstest.console.dll, TestRequestSender is acting as server.
TpTrace Verbose: 0 : 27600, 1, 2024/07/21, 16:07:40.905, 2536287860439, vstest.console.dll, DataCollectionRequestSender.InitializeCommunication : Initialize communication. 
TpTrace Information: 0 : 27600, 1, 2024/07/21, 16:07:40.913, 2536287945977, vstest.console.dll, Listening on Endpoint : 127.0.0.1:64733
TpTrace Verbose: 0 : 27600, 1, 2024/07/21, 16:07:40.922, 2536288031912, vstest.console.dll, DotnetDataCollectionLauncher: Adding  --runtimeconfig "C:\Program Files (x86)\dotnet\sdk\6.0.408\datacollector.runtimeconfig.json" in args
TpTrace Verbose: 0 : 27600, 1, 2024/07/21, 16:07:40.922, 2536288033827, vstest.console.dll, DotnetDataCollectionLauncher: Adding  --depsfile "C:\Program Files (x86)\dotnet\sdk\6.0.408\datacollector.deps.json" in args
TpTrace Verbose: 0 : 27600, 1, 2024/07/21, 16:07:40.922, 2536288036176, vstest.console.dll, DotnetDataCollectionLauncher: Full path of dotnet.exe is C:\Program Files (x86)\dotnet\dotnet.exe
TpTrace Information: 0 : 27600, 1, 2024/07/21, 16:07:40.934, 2536288157363, vstest.console.dll, ProxyDataCollectionManager.Initialize: Launched datacollector processId: 29080 port: 64733
TpTrace Information: 0 : 27600, 1, 2024/07/21, 16:07:40.934, 2536288159383, vstest.console.dll, ProxyDataCollectionManager.Initialize: waiting for connection with timeout: 90 seconds
TpTrace Verbose: 0 : 27600, 1, 2024/07/21, 16:07:40.935, 2536288160620, vstest.console.dll, DataCollectionRequestSender.WaitForRequestHandlerConnection : Waiting for connection with timeout: 90000
TpTrace Information: 0 : 27600, 5, 2024/07/21, 16:07:41.097, 2536289784660, vstest.console.dll, Using the buffer size of 16384 bytes
TpTrace Verbose: 0 : 27600, 1, 2024/07/21, 16:07:41.097, 2536289785293, vstest.console.dll, SocketCommunicationManager.WaitForClientConnection took: 162 ms, with 90000 ms timeout, and finished with True.
TpTrace Information: 0 : 27600, 5, 2024/07/21, 16:07:41.097, 2536289786599, vstest.console.dll, Accepted Client request and set the flag
TpTrace Verbose: 0 : 27600, 1, 2024/07/21, 16:07:41.097, 2536289786652, vstest.console.dll, ProxyDataCollectionManager.InvokeDataCollectionServiceAction: Starting.
TpTrace Information: 0 : 27600, 1, 2024/07/21, 16:07:41.097, 2536289788998, vstest.console.dll, ProxyDataCollectionManager.BeforeTestRunStart: Get environment variable and port for datacollector processId: 29080 port: 64733
TpTrace Verbose: 0 : 27600, 1, 2024/07/21, 16:07:41.098, 2536289790148, vstest.console.dll, DataCollectionRequestSender.SendBeforeTestRunStartAndGetResult: Send BeforeTestRunStart message with settingsXml <RunSettings><RunConfiguration><ResultsDirectory>D:\SoftUni\Front-End-Test-Automation-July-2024\09.Appium-Lab\AppiumTesting\AppiumTesting\bin\Debug\net6.0\fine-code-coverage\coverage-tool-output</ResultsDirectory><TargetPlatform>X86</TargetPlatform><TargetFrameworkVersion>.NETCoreApp,Version=v6.0</TargetFrameworkVersion><DesignMode>False</DesignMode><CollectSourceInformation>False</CollectSourceInformation><TestAdaptersPaths>C:\Program Files (x86)\dotnet\sdk\6.0.408\Extensions</TestAdaptersPaths></RunConfiguration><LoggerRunSettings><Loggers><Logger friendlyName="blame" enabled="True" /><Logger friendlyName="Console" uri="logger://microsoft/TestPlatform/ConsoleLogger/v1" assemblyQualifiedName="Microsoft.VisualStudio.TestPlatform.CommandLine.Internal.ConsoleLogger, vstest.console, Version=15.0.0.0, Culture=neutral, PublicKeyToken=b03f5f7f11d50a3a" codeBase="C:\Program Files (x86)\dotnet\sdk\6.0.408\vstest.console.dll" enabled="True" /></Loggers></LoggerRunSettings><DataCollectionRunSettings><DataCollectors><DataCollector friendlyName="blame" enabled="True"><Configuration><ResultsDirectory>D:\SoftUni\Front-End-Test-Automation-July-2024\09.Appium-Lab\AppiumTesting\AppiumTesting\bin\Debug\net6.0\fine-code-coverage\coverage-tool-output</ResultsDirectory></Configuration></DataCollector></DataCollectors></DataCollectionRunSettings></RunSettings> and sources System.Collections.Generic.List`1[System.String]: 
TpTrace Verbose: 0 : 27600, 1, 2024/07/21, 16:07:41.158, 2536290395543, vstest.console.dll, DataCollectionRequestSender.SendBeforeTestRunStartAndGetResult: Received message: (DataCollection.SendMessage) -> {"MessageType":"DataCollection.SendMessage","Payload":{"FriendlyName":null,"Uri":null,"TestCaseId":"00000000-0000-0000-0000-000000000000","Message":"Logging DataCollector Diagnostics in file: D:\\SoftUni\\Front-End-Test-Automation-July-2024\\09.Appium-Lab\\AppiumTesting\\AppiumTesting\\bin\\Debug\\net6.0\\fine-code-coverage\\coverage-tool-output\\diagnostics.datacollector.24-07-21_16-07-40_92197_1.log","Level":0}}
TpTrace Verbose: 0 : 27600, 1, 2024/07/21, 16:07:41.234, 2536291153804, vstest.console.dll, DataCollectionRequestSender.SendBeforeTestRunStartAndGetResult: Received message: (DataCollection.BeforeTestRunStartResult) -> {"MessageType":"DataCollection.BeforeTestRunStartResult","Payload":{"EnvironmentVariables":{},"DataCollectionEventsPort":64735}}
TpTrace Information: 0 : 27600, 1, 2024/07/21, 16:07:41.238, 2536291198470, vstest.console.dll, ProxyDataCollectionManager.BeforeTestRunStart: SendBeforeTestRunStartAndGetResult successful, env variable from datacollector:   and testhost port: 64735
TpTrace Information: 0 : 27600, 1, 2024/07/21, 16:07:41.239, 2536291199853, vstest.console.dll, ProxyDataCollectionManager.InvokeDataCollectionServiceAction: Completed.
TpTrace Verbose: 0 : 27600, 7, 2024/07/21, 16:07:41.239, 2536291201093, vstest.console.dll, ParallelProxyExecutionManager: Execution started. Started clients: 1
TpTrace Verbose: 0 : 27600, 1, 2024/07/21, 16:07:41.239, 2536291201374, vstest.console.dll, ProxyParallelExecutionManager: No sources available for execution.
TpTrace Information: 0 : 27600, 1, 2024/07/21, 16:07:41.239, 2536291203020, vstest.console.dll, TestRunRequest.ExecuteAsync: Started.
TpTrace Verbose: 0 : 27600, 7, 2024/07/21, 16:07:41.239, 2536291204010, vstest.console.dll, TestRunRequest:SendTestRunMessage: Starting.
TpTrace Verbose: 0 : 27600, 1, 2024/07/21, 16:07:41.239, 2536291204134, vstest.console.dll, TestRunRequest.WaitForCompletion: Waiting with timeout -1.
TpTrace Verbose: 0 : 27600, 7, 2024/07/21, 16:07:41.239, 2536291205560, vstest.console.dll, MulticastDelegateUtilities.SafeInvoke: TestRun.LogMessages: Invoking callback 1/1 for Microsoft.VisualStudio.TestPlatform.CommandLine.TestRunResultAggregator.TestRunMessageHandler, took 0 ms.
TpTrace Information: 0 : 27600, 7, 2024/07/21, 16:07:41.239, 2536291206228, vstest.console.dll, TestRunRequest:SendTestRunMessage: Completed.
TpTrace Verbose: 0 : 27600, 4, 2024/07/21, 16:07:41.239, 2536291206325, vstest.console.dll, MulticastDelegateUtilities.SafeInvoke: InternalTestLoggerEvents.SendTestRunMessage: Invoking callback 1/1 for Microsoft.VisualStudio.TestPlatform.CommandLine.Internal.ConsoleLogger.TestMessageHandler, took 0 ms.
TpTrace Verbose: 0 : 27600, 7, 2024/07/21, 16:07:41.239, 2536291207959, vstest.console.dll, ProxyExecutionManager: Test host is always Lazy initialize.
TpTrace Verbose: 0 : 27600, 7, 2024/07/21, 16:07:41.240, 2536291210089, vstest.console.dll, TestRequestSender.InitializeCommunication: initialize communication. 
TpTrace Information: 0 : 27600, 7, 2024/07/21, 16:07:41.240, 2536291215698, vstest.console.dll, SocketServer.Start: Listening on endpoint : 127.0.0.1:64736
TpTrace Verbose: 0 : 27600, 7, 2024/07/21, 16:07:41.241, 2536291220594, vstest.console.dll, DotnetTestHostmanager.GetTestHostProcessStartInfo: Platform environment 'X64' target architecture 'X86' framework '.NETCoreApp,Version=v6.0' OS 'Windows'
TpTrace Verbose: 0 : 27600, 7, 2024/07/21, 16:07:41.241, 2536291222128, vstest.console.dll, DotnetTestHostmanager: Adding  --runtimeconfig "D:\SoftUni\Front-End-Test-Automation-July-2024\09.Appium-Lab\AppiumTesting\AppiumTesting\bin\Debug\net6.0\fine-code-coverage\build-output\AppiumTesting.runtimeconfig.json" in args
TpTrace Verbose: 0 : 27600, 7, 2024/07/21, 16:07:41.241, 2536291222928, vstest.console.dll, DotnetTestHostmanager: Adding  --depsfile "D:\SoftUni\Front-End-Test-Automation-July-2024\09.Appium-Lab\AppiumTesting\AppiumTesting\bin\Debug\net6.0\fine-code-coverage\build-output\AppiumTesting.deps.json" in args
TpTrace Verbose: 0 : 27600, 7, 2024/07/21, 16:07:41.241, 2536291224783, vstest.console.dll, DotnetTestHostmanager.IsWinOnArm: Current PROCESSOR_ARCHITECTURE from environment variable 'AMD64'
TpTrace Verbose: 0 : 27600, 7, 2024/07/21, 16:07:41.241, 2536291225580, vstest.console.dll, DotnetTestHostmanager.IsWinOnArm: Is Windows on ARM 'False'
TpTrace Information: 0 : 27600, 7, 2024/07/21, 16:07:41.241, 2536291226845, vstest.console.dll, AssemblyResolver.OnResolve: Microsoft.Extensions.DependencyModel: Resolving assembly.
TpTrace Information: 0 : 27600, 7, 2024/07/21, 16:07:41.241, 2536291227553, vstest.console.dll, AssemblyResolver.OnResolve: Microsoft.Extensions.DependencyModel: Searching in: 'C:\Program Files (x86)\dotnet\sdk\6.0.408\Extensions'.
TpTrace Information: 0 : 27600, 7, 2024/07/21, 16:07:41.241, 2536291228750, vstest.console.dll, AssemblyResolver.OnResolve: Microsoft.Extensions.DependencyModel: Assembly path does not exist: 'C:\Program Files (x86)\dotnet\sdk\6.0.408\Extensions\Microsoft.Extensions.DependencyModel.dll', returning.
TpTrace Information: 0 : 27600, 7, 2024/07/21, 16:07:41.241, 2536291229756, vstest.console.dll, AssemblyResolver.OnResolve: Microsoft.Extensions.DependencyModel: Assembly path does not exist: 'C:\Program Files (x86)\dotnet\sdk\6.0.408\Extensions\Microsoft.Extensions.DependencyModel.exe', returning.
TpTrace Information: 0 : 27600, 7, 2024/07/21, 16:07:41.242, 2536291230381, vstest.console.dll, AssemblyResolver.OnResolve: Microsoft.Extensions.DependencyModel: Searching in: 'C:\Program Files (x86)\dotnet\sdk\6.0.408'.
TpTrace Information: 0 : 27600, 7, 2024/07/21, 16:07:41.242, 2536291233075, vstest.console.dll, AssemblyResolver.OnResolve: Microsoft.Extensions.DependencyModel: Loading assembly 'C:\Program Files (x86)\dotnet\sdk\6.0.408\Microsoft.Extensions.DependencyModel.dll'.
TpTrace Information: 0 : 27600, 7, 2024/07/21, 16:07:41.242, 2536291238930, vstest.console.dll, AssemblyResolver.OnResolve: Resolved assembly: Microsoft.Extensions.DependencyModel, from path: C:\Program Files (x86)\dotnet\sdk\6.0.408\Microsoft.Extensions.DependencyModel.dll
TpTrace Verbose: 0 : 27600, 7, 2024/07/21, 16:07:41.243, 2536291242373, vstest.console.dll, DotnetTestHostmanager: Runtimeconfig.dev.json D:\SoftUni\Front-End-Test-Automation-July-2024\09.Appium-Lab\AppiumTesting\AppiumTesting\bin\Debug\net6.0\fine-code-coverage\build-output\AppiumTesting.runtimeconfig.dev.json does not exist.
TpTrace Verbose: 0 : 27600, 7, 2024/07/21, 16:07:41.243, 2536291243245, vstest.console.dll, DotnetTestHostManager: Found testhost.dll in source directory: D:\SoftUni\Front-End-Test-Automation-July-2024\09.Appium-Lab\AppiumTesting\AppiumTesting\bin\Debug\net6.0\fine-code-coverage\build-output\testhost.dll.
TpTrace Verbose: 0 : 27600, 7, 2024/07/21, 16:07:41.243, 2536291244312, vstest.console.dll, DotnetTestHostmanager: Current process architetcure 'X86'
TpTrace Verbose: 0 : 27600, 7, 2024/07/21, 16:07:41.243, 2536291247132, vstest.console.dll, DotnetTestHostmanager.LaunchTestHostAsync: Compatible muxer architecture of running process 'X86' and target architecture 'X86'
TpTrace Verbose: 0 : 27600, 7, 2024/07/21, 16:07:41.243, 2536291247825, vstest.console.dll, DotnetTestHostmanager: Full path of testhost.dll is D:\SoftUni\Front-End-Test-Automation-July-2024\09.Appium-Lab\AppiumTesting\AppiumTesting\bin\Debug\net6.0\fine-code-coverage\build-output\testhost.dll
TpTrace Verbose: 0 : 27600, 7, 2024/07/21, 16:07:41.243, 2536291248399, vstest.console.dll, DotnetTestHostmanager: Full path of host exe is C:\Program Files (x86)\dotnet\dotnet.exe
TpTrace Verbose: 0 : 27600, 7, 2024/07/21, 16:07:41.244, 2536291250141, vstest.console.dll, DotnetTestHostManager: Starting process 'C:\Program Files (x86)\dotnet\dotnet.exe' with command line 'exec --runtimeconfig "D:\SoftUni\Front-End-Test-Automation-July-2024\09.Appium-Lab\AppiumTesting\AppiumTesting\bin\Debug\net6.0\fine-code-coverage\build-output\AppiumTesting.runtimeconfig.json" --depsfile "D:\SoftUni\Front-End-Test-Automation-July-2024\09.Appium-Lab\AppiumTesting\AppiumTesting\bin\Debug\net6.0\fine-code-coverage\build-output\AppiumTesting.deps.json" "D:\SoftUni\Front-End-Test-Automation-July-2024\09.Appium-Lab\AppiumTesting\AppiumTesting\bin\Debug\net6.0\fine-code-coverage\build-output\testhost.dll" --port 64736 --endpoint 127.0.0.1:064736 --role client --parentprocessid 27600 --diag "D:\SoftUni\Front-End-Test-Automation-July-2024\09.Appium-Lab\AppiumTesting\AppiumTesting\bin\Debug\net6.0\fine-code-coverage\coverage-tool-output\diagnostics.host.24-07-21_16-07-41_24087_7.log" --tracelevel 4 --datacollectionport 64735 --telemetryoptedin false'
TpTrace Verbose: 0 : 27600, 7, 2024/07/21, 16:07:41.250, 2536291319586, vstest.console.dll, MulticastDelegateUtilities.SafeInvoke: HostProviderEvents.OnHostLaunched: Invoking callback 1/2 for Microsoft.VisualStudio.TestPlatform.CrossPlatEngine.Client.ProxyExecutionManagerWithDataCollection.TestHostLaunchedHandler, took 0 ms.
TpTrace Verbose: 0 : 27600, 7, 2024/07/21, 16:07:41.251, 2536291320789, vstest.console.dll, Test Runtime launched
TpTrace Verbose: 0 : 27600, 7, 2024/07/21, 16:07:41.251, 2536291321535, vstest.console.dll, MulticastDelegateUtilities.SafeInvoke: HostProviderEvents.OnHostLaunched: Invoking callback 2/2 for Microsoft.VisualStudio.TestPlatform.CrossPlatEngine.Client.ProxyOperationManager.TestHostManagerHostLaunched, took 0 ms.
TpTrace Verbose: 0 : 27600, 7, 2024/07/21, 16:07:41.251, 2536291322946, vstest.console.dll, TestRequestSender.WaitForRequestHandlerConnection: waiting for connection with timeout: 90000.
TpTrace Verbose: 0 : 27600, 7, 2024/07/21, 16:07:41.428, 2536293099437, vstest.console.dll, TestRequestSender.WaitForRequestHandlerConnection: waiting took 177 ms, with timeout 90000 ms, and result 0, which is success.
TpTrace Verbose: 0 : 27600, 13, 2024/07/21, 16:07:41.428, 2536293099436, vstest.console.dll, MulticastDelegateUtilities.SafeInvoke: SocketServer: ClientConnected: Invoking callback 1/1 for Microsoft.VisualStudio.TestPlatform.CommunicationUtilities.TestRequestSender.<InitializeCommunication>b__24_0, took 0 ms.
TpTrace Verbose: 0 : 27600, 13, 2024/07/21, 16:07:41.429, 2536293102804, vstest.console.dll, SocketServer.OnClientConnected: Client connected for endPoint: 127.0.0.1:64736, starting MessageLoopAsync:
TpTrace Verbose: 0 : 27600, 10, 2024/07/21, 16:07:41.429, 2536293107489, vstest.console.dll, TcpClientExtensions.MessageLoopAsync: Polling on remoteEndPoint: 127.0.0.1:64737 localEndPoint: 127.0.0.1:64736
TpTrace Verbose: 0 : 27600, 7, 2024/07/21, 16:07:41.429, 2536293109028, vstest.console.dll, TestRequestSender.CheckVersionWithTestHost: Sending check version message: {"MessageType":"ProtocolVersion","Payload":7}
TpTrace Verbose: 0 : 27600, 10, 2024/07/21, 16:07:41.558, 2536294395433, vstest.console.dll, TcpClientExtensions.MessageLoopAsync: NotifyDataAvailable remoteEndPoint: 127.0.0.1:64737 localEndPoint: 127.0.0.1:64736
TpTrace Verbose: 0 : 27600, 10, 2024/07/21, 16:07:41.558, 2536294397447, vstest.console.dll, TestRequestSender.CheckVersionWithTestHost: onMessageReceived received message: (ProtocolVersion) -> {"MessageType":"ProtocolVersion","Payload":7}
TpTrace Verbose: 0 : 27600, 10, 2024/07/21, 16:07:41.559, 2536294403604, vstest.console.dll, MulticastDelegateUtilities.SafeInvoke: LengthPrefixCommunicationChannel: MessageReceived: Invoking callback 1/1 for Microsoft.VisualStudio.TestPlatform.CommunicationUtilities.TestRequestSender+<>c__DisplayClass26_0.<CheckVersionWithTestHost>b__0, took 0 ms.
TpTrace Verbose: 0 : 27600, 7, 2024/07/21, 16:07:41.559, 2536294405220, vstest.console.dll, TestPluginCache.GetExtensionPaths: Filtered extension paths: 
TpTrace Verbose: 0 : 27600, 10, 2024/07/21, 16:07:41.559, 2536294405509, vstest.console.dll, TcpClientExtensions.MessageLoopAsync: Polling on remoteEndPoint: 127.0.0.1:64737 localEndPoint: 127.0.0.1:64736
TpTrace Verbose: 0 : 27600, 7, 2024/07/21, 16:07:41.559, 2536294407179, vstest.console.dll, TestPluginCache.GetExtensionPaths: Added default extension paths: C:\Program Files (x86)\dotnet\sdk\6.0.408\Extensions\Microsoft.Diagnostics.NETCore.Client.dll
C:\Program Files (x86)\dotnet\sdk\6.0.408\Extensions\Microsoft.TestPlatform.Extensions.BlameDataCollector.dll
C:\Program Files (x86)\dotnet\sdk\6.0.408\Extensions\Microsoft.TestPlatform.Extensions.EventLogCollector.dll
C:\Program Files (x86)\dotnet\sdk\6.0.408\Extensions\Microsoft.TestPlatform.TestHostRuntimeProvider.dll
C:\Program Files (x86)\dotnet\sdk\6.0.408\Extensions\Microsoft.VisualStudio.TestPlatform.Extensions.Html.TestLogger.dll
C:\Program Files (x86)\dotnet\sdk\6.0.408\Extensions\Microsoft.VisualStudio.TestPlatform.Extensions.Trx.TestLogger.dll
TpTrace Verbose: 0 : 27600, 7, 2024/07/21, 16:07:41.559, 2536294409425, vstest.console.dll, TestPluginCache.GetExtensionPaths: Added unfilterableExtensionPaths: 
TpTrace Verbose: 0 : 27600, 7, 2024/07/21, 16:07:41.562, 2536294436813, vstest.console.dll, TestRequestSender.InitializeExecution: Sending initialize execution with message: {"Version":7,"MessageType":"TestExecution.Initialize","Payload":["D:\\SoftUni\\Front-End-Test-Automation-July-2024\\09.Appium-Lab\\AppiumTesting\\AppiumTesting\\bin\\Debug\\net6.0\\fine-code-coverage\\build-output\\NUnit3.TestAdapter.dll"]}
TpTrace Warning: 0 : 27600, 7, 2024/07/21, 16:07:41.563, 2536294440255, vstest.console.dll, InferRunSettingsHelper.MakeRunsettingsCompatible: Removing the following settings: TargetPlatform from RunSettings file. To use those settings please move to latest version of Microsoft.NET.Test.Sdk
TpTrace Verbose: 0 : 27600, 10, 2024/07/21, 16:07:41.564, 2536294451546, vstest.console.dll, TcpClientExtensions.MessageLoopAsync: NotifyDataAvailable remoteEndPoint: 127.0.0.1:64737 localEndPoint: 127.0.0.1:64736
TpTrace Verbose: 0 : 27600, 10, 2024/07/21, 16:07:41.564, 2536294453208, vstest.console.dll, TestRequestSender.OnExecutionMessageReceived: Received message: {"Version":7,"MessageType":"TestSession.Message","Payload":{"MessageLevel":0,"Message":"Logging TestHost Diagnostics in file: D:\\SoftUni\\Front-End-Test-Automation-July-2024\\09.Appium-Lab\\AppiumTesting\\AppiumTesting\\bin\\Debug\\net6.0\\fine-code-coverage\\coverage-tool-output\\diagnostics.host.24-07-21_16-07-41_24087_7.log"}}
TpTrace Verbose: 0 : 27600, 10, 2024/07/21, 16:07:41.566, 2536294472881, vstest.console.dll, TestRunRequest:SendTestRunMessage: Starting.
TpTrace Verbose: 0 : 27600, 10, 2024/07/21, 16:07:41.566, 2536294473964, vstest.console.dll, MulticastDelegateUtilities.SafeInvoke: TestRun.LogMessages: Invoking callback 1/1 for Microsoft.VisualStudio.TestPlatform.CommandLine.TestRunResultAggregator.TestRunMessageHandler, took 0 ms.
TpTrace Information: 0 : 27600, 10, 2024/07/21, 16:07:41.566, 2536294474562, vstest.console.dll, TestRunRequest:SendTestRunMessage: Completed.
TpTrace Verbose: 0 : 27600, 4, 2024/07/21, 16:07:41.566, 2536294474573, vstest.console.dll, MulticastDelegateUtilities.SafeInvoke: InternalTestLoggerEvents.SendTestRunMessage: Invoking callback 1/1 for Microsoft.VisualStudio.TestPlatform.CommandLine.Internal.ConsoleLogger.TestMessageHandler, took 0 ms.
TpTrace Verbose: 0 : 27600, 10, 2024/07/21, 16:07:41.566, 2536294475796, vstest.console.dll, MulticastDelegateUtilities.SafeInvoke: LengthPrefixCommunicationChannel: MessageReceived: Invoking callback 1/1 for Microsoft.VisualStudio.TestPlatform.CommunicationUtilities.TestRequestSender+<>c__DisplayClass31_0.<StartTestRun>b__1, took 2 ms.
TpTrace Verbose: 0 : 27600, 10, 2024/07/21, 16:07:41.566, 2536294478031, vstest.console.dll, TcpClientExtensions.MessageLoopAsync: Polling on remoteEndPoint: 127.0.0.1:64737 localEndPoint: 127.0.0.1:64736
TpTrace Verbose: 0 : 27600, 7, 2024/07/21, 16:07:41.569, 2536294509000, vstest.console.dll, TestRequestSender.StartTestRun: Sending test run with message: {"Version":7,"MessageType":"TestExecution.StartWithSources","Payload":{"AdapterSourceMap":{"_none_":["D:\\SoftUni\\Front-End-Test-Automation-July-2024\\09.Appium-Lab\\AppiumTesting\\AppiumTesting\\bin\\Debug\\net6.0\\fine-code-coverage\\build-output\\AppiumTesting.dll"]},"RunSettings":"<RunSettings>\r\n  <RunConfiguration>\r\n    <ResultsDirectory>D:\\SoftUni\\Front-End-Test-Automation-July-2024\\09.Appium-Lab\\AppiumTesting\\AppiumTesting\\bin\\Debug\\net6.0\\fine-code-coverage\\coverage-tool-output</ResultsDirectory>\r\n    <TargetFrameworkVersion>.NETCoreApp,Version=v6.0</TargetFrameworkVersion>\r\n    <DesignMode>False</DesignMode>\r\n    <CollectSourceInformation>False</CollectSourceInformation>\r\n  </RunConfiguration>\r\n  <LoggerRunSettings>\r\n    <Loggers>\r\n      <Logger friendlyName=\"blame\" enabled=\"True\" />\r\n      <Logger friendlyName=\"Console\" uri=\"logger://microsoft/TestPlatform/ConsoleLogger/v1\" assemblyQualifiedName=\"Microsoft.VisualStudio.TestPlatform.CommandLine.Internal.ConsoleLogger, vstest.console, Version=15.0.0.0, Culture=neutral, PublicKeyToken=b03f5f7f11d50a3a\" codeBase=\"C:\\Program Files (x86)\\dotnet\\sdk\\6.0.408\\vstest.console.dll\" enabled=\"True\" />\r\n    </Loggers>\r\n  </LoggerRunSettings>\r\n  <DataCollectionRunSettings>\r\n    <DataCollectors>\r\n      <DataCollector friendlyName=\"blame\" enabled=\"True\">\r\n        <Configuration>\r\n          <ResultsDirectory>D:\\SoftUni\\Front-End-Test-Automation-July-2024\\09.Appium-Lab\\AppiumTesting\\AppiumTesting\\bin\\Debug\\net6.0\\fine-code-coverage\\coverage-tool-output</ResultsDirectory>\r\n        </Configuration>\r\n      </DataCollector>\r\n    </DataCollectors>\r\n  </DataCollectionRunSettings>\r\n</RunSettings>","TestExecutionContext":{"FrequencyOfRunStatsChangeEvent":10,"RunStatsChangeEventTimeout":"00:00:01.5000000","InIsolation":false,"KeepAlive":false,"AreTestCaseLevelEventsRequired":false,"IsDebug":false,"TestCaseFilter":null,"FilterOptions":null},"Package":null}}
TpTrace Verbose: 0 : 27600, 10, 2024/07/21, 16:07:41.740, 2536296219456, vstest.console.dll, TcpClientExtensions.MessageLoopAsync: NotifyDataAvailable remoteEndPoint: 127.0.0.1:64737 localEndPoint: 127.0.0.1:64736
TpTrace Verbose: 0 : 27600, 10, 2024/07/21, 16:07:41.741, 2536296220829, vstest.console.dll, TestRequestSender.OnExecutionMessageReceived: Received message: {"Version":7,"MessageType":"TestSession.Message","Payload":{"MessageLevel":0,"Message":"NUnit Adapter 4.4.0.0: Test execution started"}}
TpTrace Verbose: 0 : 27600, 10, 2024/07/21, 16:07:41.741, 2536296222257, vstest.console.dll, TestRunRequest:SendTestRunMessage: Starting.
TpTrace Verbose: 0 : 27600, 10, 2024/07/21, 16:07:41.741, 2536296223050, vstest.console.dll, MulticastDelegateUtilities.SafeInvoke: TestRun.LogMessages: Invoking callback 1/1 for Microsoft.VisualStudio.TestPlatform.CommandLine.TestRunResultAggregator.TestRunMessageHandler, took 0 ms.
TpTrace Verbose: 0 : 27600, 4, 2024/07/21, 16:07:41.741, 2536296223692, vstest.console.dll, MulticastDelegateUtilities.SafeInvoke: InternalTestLoggerEvents.SendTestRunMessage: Invoking callback 1/1 for Microsoft.VisualStudio.TestPlatform.CommandLine.Internal.ConsoleLogger.TestMessageHandler, took 0 ms.
TpTrace Information: 0 : 27600, 10, 2024/07/21, 16:07:41.741, 2536296223753, vstest.console.dll, TestRunRequest:SendTestRunMessage: Completed.
TpTrace Verbose: 0 : 27600, 10, 2024/07/21, 16:07:41.741, 2536296225651, vstest.console.dll, MulticastDelegateUtilities.SafeInvoke: LengthPrefixCommunicationChannel: MessageReceived: Invoking callback 1/1 for Microsoft.VisualStudio.TestPlatform.CommunicationUtilities.TestRequestSender+<>c__DisplayClass31_0.<StartTestRun>b__1, took 0 ms.
TpTrace Verbose: 0 : 27600, 10, 2024/07/21, 16:07:41.741, 2536296226334, vstest.console.dll, TcpClientExtensions.MessageLoopAsync: Polling on remoteEndPoint: 127.0.0.1:64737 localEndPoint: 127.0.0.1:64736
TpTrace Verbose: 0 : 27600, 10, 2024/07/21, 16:07:41.771, 2536296529430, vstest.console.dll, TcpClientExtensions.MessageLoopAsync: NotifyDataAvailable remoteEndPoint: 127.0.0.1:64737 localEndPoint: 127.0.0.1:64736
TpTrace Verbose: 0 : 27600, 10, 2024/07/21, 16:07:41.772, 2536296530946, vstest.console.dll, TestRequestSender.OnExecutionMessageReceived: Received message: {"Version":7,"MessageType":"TestSession.Message","Payload":{"MessageLevel":0,"Message":"Running all tests in D:\\SoftUni\\Front-End-Test-Automation-July-2024\\09.Appium-Lab\\AppiumTesting\\AppiumTesting\\bin\\Debug\\net6.0\\fine-code-coverage\\build-output\\AppiumTesting.dll"}}
TpTrace Verbose: 0 : 27600, 10, 2024/07/21, 16:07:41.772, 2536296532317, vstest.console.dll, TestRunRequest:SendTestRunMessage: Starting.
TpTrace Verbose: 0 : 27600, 10, 2024/07/21, 16:07:41.772, 2536296533130, vstest.console.dll, MulticastDelegateUtilities.SafeInvoke: TestRun.LogMessages: Invoking callback 1/1 for Microsoft.VisualStudio.TestPlatform.CommandLine.TestRunResultAggregator.TestRunMessageHandler, took 0 ms.
TpTrace Information: 0 : 27600, 10, 2024/07/21, 16:07:41.772, 2536296533747, vstest.console.dll, TestRunRequest:SendTestRunMessage: Completed.
TpTrace Verbose: 0 : 27600, 10, 2024/07/21, 16:07:41.772, 2536296534384, vstest.console.dll, MulticastDelegateUtilities.SafeInvoke: LengthPrefixCommunicationChannel: MessageReceived: Invoking callback 1/1 for Microsoft.VisualStudio.TestPlatform.CommunicationUtilities.TestRequestSender+<>c__DisplayClass31_0.<StartTestRun>b__1, took 0 ms.
TpTrace Verbose: 0 : 27600, 4, 2024/07/21, 16:07:41.772, 2536296533713, vstest.console.dll, MulticastDelegateUtilities.SafeInvoke: InternalTestLoggerEvents.SendTestRunMessage: Invoking callback 1/1 for Microsoft.VisualStudio.TestPlatform.CommandLine.Internal.ConsoleLogger.TestMessageHandler, took 0 ms.
TpTrace Verbose: 0 : 27600, 10, 2024/07/21, 16:07:41.772, 2536296535032, vstest.console.dll, TcpClientExtensions.MessageLoopAsync: Polling on remoteEndPoint: 127.0.0.1:64737 localEndPoint: 127.0.0.1:64736
TpTrace Verbose: 0 : 27600, 10, 2024/07/21, 16:07:41.889, 2536297707488, vstest.console.dll, TcpClientExtensions.MessageLoopAsync: NotifyDataAvailable remoteEndPoint: 127.0.0.1:64737 localEndPoint: 127.0.0.1:64736
TpTrace Verbose: 0 : 27600, 10, 2024/07/21, 16:07:41.889, 2536297708935, vstest.console.dll, TestRequestSender.OnExecutionMessageReceived: Received message: {"Version":7,"MessageType":"TestSession.Message","Payload":{"MessageLevel":0,"Message":"   NUnit3TestExecutor discovered 3 of 3 NUnit test cases using Current Discovery mode, Non-Explicit run"}}
TpTrace Verbose: 0 : 27600, 10, 2024/07/21, 16:07:41.890, 2536297710136, vstest.console.dll, TestRunRequest:SendTestRunMessage: Starting.
TpTrace Verbose: 0 : 27600, 10, 2024/07/21, 16:07:41.890, 2536297710920, vstest.console.dll, MulticastDelegateUtilities.SafeInvoke: TestRun.LogMessages: Invoking callback 1/1 for Microsoft.VisualStudio.TestPlatform.CommandLine.TestRunResultAggregator.TestRunMessageHandler, took 0 ms.
TpTrace Verbose: 0 : 27600, 4, 2024/07/21, 16:07:41.890, 2536297711157, vstest.console.dll, MulticastDelegateUtilities.SafeInvoke: InternalTestLoggerEvents.SendTestRunMessage: Invoking callback 1/1 for Microsoft.VisualStudio.TestPlatform.CommandLine.Internal.ConsoleLogger.TestMessageHandler, took 0 ms.
TpTrace Information: 0 : 27600, 10, 2024/07/21, 16:07:41.890, 2536297711522, vstest.console.dll, TestRunRequest:SendTestRunMessage: Completed.
TpTrace Verbose: 0 : 27600, 10, 2024/07/21, 16:07:41.890, 2536297713041, vstest.console.dll, MulticastDelegateUtilities.SafeInvoke: LengthPrefixCommunicationChannel: MessageReceived: Invoking callback 1/1 for Microsoft.VisualStudio.TestPlatform.CommunicationUtilities.TestRequestSender+<>c__DisplayClass31_0.<StartTestRun>b__1, took 0 ms.
TpTrace Verbose: 0 : 27600, 10, 2024/07/21, 16:07:41.890, 2536297713710, vstest.console.dll, TcpClientExtensions.MessageLoopAsync: Polling on remoteEndPoint: 127.0.0.1:64737 localEndPoint: 127.0.0.1:64736
TpTrace Verbose: 0 : 27600, 10, 2024/07/21, 16:07:42.891, 2536307724939, vstest.console.dll, TcpClientExtensions.MessageLoopAsync: Polling on remoteEndPoint: 127.0.0.1:64737 localEndPoint: 127.0.0.1:64736
TpTrace Verbose: 0 : 27600, 10, 2024/07/21, 16:07:43.189, 2536310708005, vstest.console.dll, TcpClientExtensions.MessageLoopAsync: NotifyDataAvailable remoteEndPoint: 127.0.0.1:64737 localEndPoint: 127.0.0.1:64736
TpTrace Verbose: 0 : 27600, 10, 2024/07/21, 16:07:43.189, 2536310709464, vstest.console.dll, TestRequestSender.OnExecutionMessageReceived: Received message: {"Version":7,"MessageType":"TestExecution.StatsChange","Payload":{"NewTestResults":[],"TestRunStatistics":{"ExecutedTests":0,"Stats":{}},"ActiveTests":[{"Id":"c0884629-46b2-bffe-d16e-83bf0aea98f1","FullyQualifiedName":"AppiumTesting.Tests.TestInvalidSummation","DisplayName":"TestInvalidSummation","ExecutorUri":"executor://NUnit3TestExecutor","Source":"D:\\SoftUni\\Front-End-Test-Automation-July-2024\\09.Appium-Lab\\AppiumTesting\\AppiumTesting\\bin\\Debug\\net6.0\\fine-code-coverage\\build-output\\AppiumTesting.dll","CodeFilePath":null,"LineNumber":0,"Properties":[{"Key":{"Id":"NUnit.Seed","Label":"Seed","Category":"","Description":"","Attributes":0,"ValueType":"System.String"},"Value":"1478921511"}]}]}}
TpTrace Verbose: 0 : 27600, 10, 2024/07/21, 16:07:43.206, 2536310878909, vstest.console.dll, TestRunRequest:SendTestRunStatsChange: Starting.
TpTrace Verbose: 0 : 27600, 10, 2024/07/21, 16:07:43.207, 2536310880476, vstest.console.dll, InProgress is TestInvalidSummation
TpTrace Verbose: 0 : 27600, 10, 2024/07/21, 16:07:43.207, 2536310881648, vstest.console.dll, MulticastDelegateUtilities.SafeInvoke: TestRun.RunStatsChanged: Invoking callbacks was skipped because there are no subscribers.
TpTrace Information: 0 : 27600, 10, 2024/07/21, 16:07:43.207, 2536310882227, vstest.console.dll, TestRunRequest:SendTestRunStatsChange: Completed.
TpTrace Verbose: 0 : 27600, 10, 2024/07/21, 16:07:43.207, 2536310882776, vstest.console.dll, MulticastDelegateUtilities.SafeInvoke: LengthPrefixCommunicationChannel: MessageReceived: Invoking callback 1/1 for Microsoft.VisualStudio.TestPlatform.CommunicationUtilities.TestRequestSender+<>c__DisplayClass31_0.<StartTestRun>b__1, took 17 ms.
TpTrace Verbose: 0 : 27600, 10, 2024/07/21, 16:07:43.207, 2536310883360, vstest.console.dll, TcpClientExtensions.MessageLoopAsync: Polling on remoteEndPoint: 127.0.0.1:64737 localEndPoint: 127.0.0.1:64736
TpTrace Verbose: 0 : 27600, 10, 2024/07/21, 16:07:44.222, 2536321039653, vstest.console.dll, TcpClientExtensions.MessageLoopAsync: Polling on remoteEndPoint: 127.0.0.1:64737 localEndPoint: 127.0.0.1:64736
TpTrace Verbose: 0 : 27600, 10, 2024/07/21, 16:07:45.230, 2536331118811, vstest.console.dll, TcpClientExtensions.MessageLoopAsync: Polling on remoteEndPoint: 127.0.0.1:64737 localEndPoint: 127.0.0.1:64736
TpTrace Verbose: 0 : 27600, 10, 2024/07/21, 16:07:46.241, 2536341221916, vstest.console.dll, TcpClientExtensions.MessageLoopAsync: Polling on remoteEndPoint: 127.0.0.1:64737 localEndPoint: 127.0.0.1:64736
TpTrace Verbose: 0 : 27600, 10, 2024/07/21, 16:07:47.254, 2536351350625, vstest.console.dll, TcpClientExtensions.MessageLoopAsync: Polling on remoteEndPoint: 127.0.0.1:64737 localEndPoint: 127.0.0.1:64736
TpTrace Verbose: 0 : 27600, 10, 2024/07/21, 16:07:48.266, 2536361472122, vstest.console.dll, TcpClientExtensions.MessageLoopAsync: Polling on remoteEndPoint: 127.0.0.1:64737 localEndPoint: 127.0.0.1:64736
TpTrace Verbose: 0 : 27600, 10, 2024/07/21, 16:07:49.273, 2536371540963, vstest.console.dll, TcpClientExtensions.MessageLoopAsync: Polling on remoteEndPoint: 127.0.0.1:64737 localEndPoint: 127.0.0.1:64736
TpTrace Verbose: 0 : 27600, 10, 2024/07/21, 16:07:50.279, 2536381601549, vstest.console.dll, TcpClientExtensions.MessageLoopAsync: Polling on remoteEndPoint: 127.0.0.1:64737 localEndPoint: 127.0.0.1:64736
TpTrace Verbose: 0 : 27600, 10, 2024/07/21, 16:07:51.294, 2536391750929, vstest.console.dll, TcpClientExtensions.MessageLoopAsync: Polling on remoteEndPoint: 127.0.0.1:64737 localEndPoint: 127.0.0.1:64736
TpTrace Verbose: 0 : 27600, 10, 2024/07/21, 16:07:52.308, 2536401899204, vstest.console.dll, TcpClientExtensions.MessageLoopAsync: Polling on remoteEndPoint: 127.0.0.1:64737 localEndPoint: 127.0.0.1:64736
TpTrace Verbose: 0 : 27600, 10, 2024/07/21, 16:07:53.322, 2536412039044, vstest.console.dll, TcpClientExtensions.MessageLoopAsync: Polling on remoteEndPoint: 127.0.0.1:64737 localEndPoint: 127.0.0.1:64736
TpTrace Verbose: 0 : 27600, 10, 2024/07/21, 16:07:53.855, 2536417369612, vstest.console.dll, TcpClientExtensions.MessageLoopAsync: NotifyDataAvailable remoteEndPoint: 127.0.0.1:64737 localEndPoint: 127.0.0.1:64736
TpTrace Verbose: 0 : 27600, 10, 2024/07/21, 16:07:53.856, 2536417371856, vstest.console.dll, TestRequestSender.OnExecutionMessageReceived: Received message: {"Version":7,"MessageType":"TestExecution.StatsChange","Payload":{"NewTestResults":[{"TestCase":{"Id":"c0884629-46b2-bffe-d16e-83bf0aea98f1","FullyQualifiedName":"AppiumTesting.Tests.TestInvalidSummation","DisplayName":"TestInvalidSummation","ExecutorUri":"executor://NUnit3TestExecutor","Source":"D:\\SoftUni\\Front-End-Test-Automation-July-2024\\09.Appium-Lab\\AppiumTesting\\AppiumTesting\\bin\\Debug\\net6.0\\fine-code-coverage\\build-output\\AppiumTesting.dll","CodeFilePath":null,"LineNumber":0,"Properties":[{"Key":{"Id":"NUnit.Seed","Label":"Seed","Category":"","Description":"","Attributes":0,"ValueType":"System.String"},"Value":"1478921511"}]},"Attachments":[],"Outcome":1,"ErrorMessage":null,"ErrorStackTrace":null,"DisplayName":"TestInvalidSummation","Messages":[],"ComputerName":"DESKTOP-UUB0D73","Duration":"00:00:11.9059190","StartTime":"2024-07-21T13:07:41.9141873+00:00","EndTime":"2024-07-21T13:07:53.8199794+00:00","Properties":[{"Key":{"Id":"NUnit.Seed","Label":"Seed","Category":"","Description":"","Attributes":0,"ValueType":"System.String"},"Value":"1478921511"}]}],"TestRunStatistics":{"ExecutedTests":1,"Stats":{"Passed":1}},"ActiveTests":[{"Id":"e6e47e3d-3207-c0aa-fbc2-17455583d0e0","FullyQualifiedName":"AppiumTesting.Tests.TestValidSummation","DisplayName":"TestValidSummation","ExecutorUri":"executor://NUnit3TestExecutor","Source":"D:\\SoftUni\\Front-End-Test-Automation-July-2024\\09.Appium-Lab\\AppiumTesting\\AppiumTesting\\bin\\Debug\\net6.0\\fine-code-coverage\\build-output\\AppiumTesting.dll","CodeFilePath":null,"LineNumber":0,"Properties":[{"Key":{"Id":"NUnit.Seed","Label":"Seed","Category":"","Description":"","Attributes":0,"ValueType":"System.String"},"Value":"1668576233"}]}]}}
TpTrace Verbose: 0 : 27600, 10, 2024/07/21, 16:07:53.864, 2536417455895, vstest.console.dll, TestRunRequest:SendTestRunStatsChange: Starting.
TpTrace Verbose: 0 : 27600, 10, 2024/07/21, 16:07:53.864, 2536417457093, vstest.console.dll, InProgress is TestValidSummation
TpTrace Verbose: 0 : 27600, 10, 2024/07/21, 16:07:53.864, 2536417458989, vstest.console.dll, MulticastDelegateUtilities.SafeInvoke: TestRun.RunStatsChanged: Invoking callbacks was skipped because there are no subscribers.
TpTrace Information: 0 : 27600, 10, 2024/07/21, 16:07:53.864, 2536417459612, vstest.console.dll, TestRunRequest:SendTestRunStatsChange: Completed.
TpTrace Verbose: 0 : 27600, 10, 2024/07/21, 16:07:53.865, 2536417460249, vstest.console.dll, MulticastDelegateUtilities.SafeInvoke: LengthPrefixCommunicationChannel: MessageReceived: Invoking callback 1/1 for Microsoft.VisualStudio.TestPlatform.CommunicationUtilities.TestRequestSender+<>c__DisplayClass31_0.<StartTestRun>b__1, took 8 ms.
TpTrace Verbose: 0 : 27600, 10, 2024/07/21, 16:07:53.865, 2536417460813, vstest.console.dll, TcpClientExtensions.MessageLoopAsync: Polling on remoteEndPoint: 127.0.0.1:64737 localEndPoint: 127.0.0.1:64736
TpTrace Verbose: 0 : 27600, 4, 2024/07/21, 16:07:53.868, 2536417499291, vstest.console.dll, MulticastDelegateUtilities.SafeInvoke: InternalTestLoggerEvents.SendTestResult: Invoking callback 1/1 for Microsoft.VisualStudio.TestPlatform.CommandLine.Internal.ConsoleLogger.TestResultHandler, took 3 ms.
TpTrace Verbose: 0 : 27600, 10, 2024/07/21, 16:07:54.872, 2536427539610, vstest.console.dll, TcpClientExtensions.MessageLoopAsync: Polling on remoteEndPoint: 127.0.0.1:64737 localEndPoint: 127.0.0.1:64736
TpTrace Verbose: 0 : 27600, 10, 2024/07/21, 16:07:55.873, 2536437549210, vstest.console.dll, TcpClientExtensions.MessageLoopAsync: Polling on remoteEndPoint: 127.0.0.1:64737 localEndPoint: 127.0.0.1:64736
TpTrace Verbose: 0 : 27600, 10, 2024/07/21, 16:07:56.886, 2536447678854, vstest.console.dll, TcpClientExtensions.MessageLoopAsync: Polling on remoteEndPoint: 127.0.0.1:64737 localEndPoint: 127.0.0.1:64736
TpTrace Verbose: 0 : 27600, 10, 2024/07/21, 16:07:57.892, 2536457730259, vstest.console.dll, TcpClientExtensions.MessageLoopAsync: Polling on remoteEndPoint: 127.0.0.1:64737 localEndPoint: 127.0.0.1:64736
TpTrace Verbose: 0 : 27600, 10, 2024/07/21, 16:07:58.893, 2536467740487, vstest.console.dll, TcpClientExtensions.MessageLoopAsync: Polling on remoteEndPoint: 127.0.0.1:64737 localEndPoint: 127.0.0.1:64736
TpTrace Verbose: 0 : 27600, 10, 2024/07/21, 16:07:59.907, 2536477881213, vstest.console.dll, TcpClientExtensions.MessageLoopAsync: Polling on remoteEndPoint: 127.0.0.1:64737 localEndPoint: 127.0.0.1:64736
TpTrace Verbose: 0 : 27600, 10, 2024/07/21, 16:08:00.919, 2536488007783, vstest.console.dll, TcpClientExtensions.MessageLoopAsync: Polling on remoteEndPoint: 127.0.0.1:64737 localEndPoint: 127.0.0.1:64736
TpTrace Verbose: 0 : 27600, 10, 2024/07/21, 16:08:01.931, 2536498128406, vstest.console.dll, TcpClientExtensions.MessageLoopAsync: Polling on remoteEndPoint: 127.0.0.1:64737 localEndPoint: 127.0.0.1:64736
TpTrace Verbose: 0 : 27600, 10, 2024/07/21, 16:08:02.946, 2536508272740, vstest.console.dll, TcpClientExtensions.MessageLoopAsync: Polling on remoteEndPoint: 127.0.0.1:64737 localEndPoint: 127.0.0.1:64736
TpTrace Verbose: 0 : 27600, 10, 2024/07/21, 16:08:03.959, 2536518408303, vstest.console.dll, TcpClientExtensions.MessageLoopAsync: Polling on remoteEndPoint: 127.0.0.1:64737 localEndPoint: 127.0.0.1:64736
TpTrace Verbose: 0 : 27600, 10, 2024/07/21, 16:08:04.970, 2536528518178, vstest.console.dll, TcpClientExtensions.MessageLoopAsync: Polling on remoteEndPoint: 127.0.0.1:64737 localEndPoint: 127.0.0.1:64736
TpTrace Verbose: 0 : 27600, 10, 2024/07/21, 16:08:05.679, 2536535604869, vstest.console.dll, TcpClientExtensions.MessageLoopAsync: NotifyDataAvailable remoteEndPoint: 127.0.0.1:64737 localEndPoint: 127.0.0.1:64736
TpTrace Verbose: 0 : 27600, 10, 2024/07/21, 16:08:05.679, 2536535608419, vstest.console.dll, TestRequestSender.OnExecutionMessageReceived: Received message: {"Version":7,"MessageType":"TestExecution.StatsChange","Payload":{"NewTestResults":[{"TestCase":{"Id":"e6e47e3d-3207-c0aa-fbc2-17455583d0e0","FullyQualifiedName":"AppiumTesting.Tests.TestValidSummation","DisplayName":"TestValidSummation","ExecutorUri":"executor://NUnit3TestExecutor","Source":"D:\\SoftUni\\Front-End-Test-Automation-July-2024\\09.Appium-Lab\\AppiumTesting\\AppiumTesting\\bin\\Debug\\net6.0\\fine-code-coverage\\build-output\\AppiumTesting.dll","CodeFilePath":null,"LineNumber":0,"Properties":[{"Key":{"Id":"NUnit.Seed","Label":"Seed","Category":"","Description":"","Attributes":0,"ValueType":"System.String"},"Value":"1668576233"}]},"Attachments":[],"Outcome":1,"ErrorMessage":null,"ErrorStackTrace":null,"DisplayName":"TestValidSummation","Messages":[],"ComputerName":"DESKTOP-UUB0D73","Duration":"00:00:11.8534760","StartTime":"2024-07-21T13:07:53.822005+00:00","EndTime":"2024-07-21T13:08:05.6754816+00:00","Properties":[{"Key":{"Id":"NUnit.Seed","Label":"Seed","Category":"","Description":"","Attributes":0,"ValueType":"System.String"},"Value":"1668576233"}]}],"TestRunStatistics":{"ExecutedTests":2,"Stats":{"Passed":2}},"ActiveTests":[{"Id":"4b65630d-54d3-4471-0a3c-0101388bc698","FullyQualifiedName":"AppiumTesting.Tests.TestValidSummationTenTimes","DisplayName":"TestValidSummationTenTimes","ExecutorUri":"executor://NUnit3TestExecutor","Source":"D:\\SoftUni\\Front-End-Test-Automation-July-2024\\09.Appium-Lab\\AppiumTesting\\AppiumTesting\\bin\\Debug\\net6.0\\fine-code-coverage\\build-output\\AppiumTesting.dll","CodeFilePath":null,"LineNumber":0,"Properties":[{"Key":{"Id":"NUnit.Seed","Label":"Seed","Category":"","Description":"","Attributes":0,"ValueType":"System.String"},"Value":"389322213"}]}]}}
TpTrace Verbose: 0 : 27600, 10, 2024/07/21, 16:08:05.680, 2536535616555, vstest.console.dll, TestRunRequest:SendTestRunStatsChange: Starting.
TpTrace Verbose: 0 : 27600, 10, 2024/07/21, 16:08:05.680, 2536535617782, vstest.console.dll, InProgress is TestValidSummationTenTimes
TpTrace Verbose: 0 : 27600, 10, 2024/07/21, 16:08:05.680, 2536535618994, vstest.console.dll, MulticastDelegateUtilities.SafeInvoke: TestRun.RunStatsChanged: Invoking callbacks was skipped because there are no subscribers.
TpTrace Verbose: 0 : 27600, 4, 2024/07/21, 16:08:05.680, 2536535619823, vstest.console.dll, MulticastDelegateUtilities.SafeInvoke: InternalTestLoggerEvents.SendTestResult: Invoking callback 1/1 for Microsoft.VisualStudio.TestPlatform.CommandLine.Internal.ConsoleLogger.TestResultHandler, took 0 ms.
TpTrace Information: 0 : 27600, 10, 2024/07/21, 16:08:05.681, 2536535621071, vstest.console.dll, TestRunRequest:SendTestRunStatsChange: Completed.
TpTrace Verbose: 0 : 27600, 10, 2024/07/21, 16:08:05.681, 2536535622350, vstest.console.dll, MulticastDelegateUtilities.SafeInvoke: LengthPrefixCommunicationChannel: MessageReceived: Invoking callback 1/1 for Microsoft.VisualStudio.TestPlatform.CommunicationUtilities.TestRequestSender+<>c__DisplayClass31_0.<StartTestRun>b__1, took 1 ms.
TpTrace Verbose: 0 : 27600, 10, 2024/07/21, 16:08:05.681, 2536535623656, vstest.console.dll, TcpClientExtensions.MessageLoopAsync: Polling on remoteEndPoint: 127.0.0.1:64737 localEndPoint: 127.0.0.1:64736
TpTrace Verbose: 0 : 27600, 10, 2024/07/21, 16:08:06.686, 2536545675634, vstest.console.dll, TcpClientExtensions.MessageLoopAsync: Polling on remoteEndPoint: 127.0.0.1:64737 localEndPoint: 127.0.0.1:64736
TpTrace Verbose: 0 : 27600, 10, 2024/07/21, 16:08:07.691, 2536555727413, vstest.console.dll, TcpClientExtensions.MessageLoopAsync: Polling on remoteEndPoint: 127.0.0.1:64737 localEndPoint: 127.0.0.1:64736
TpTrace Verbose: 0 : 27600, 10, 2024/07/21, 16:08:08.705, 2536565867693, vstest.console.dll, TcpClientExtensions.MessageLoopAsync: Polling on remoteEndPoint: 127.0.0.1:64737 localEndPoint: 127.0.0.1:64736
TpTrace Verbose: 0 : 27600, 10, 2024/07/21, 16:08:09.716, 2536575978152, vstest.console.dll, TcpClientExtensions.MessageLoopAsync: Polling on remoteEndPoint: 127.0.0.1:64737 localEndPoint: 127.0.0.1:64736
TpTrace Verbose: 0 : 27600, 10, 2024/07/21, 16:08:10.722, 2536586032728, vstest.console.dll, TcpClientExtensions.MessageLoopAsync: Polling on remoteEndPoint: 127.0.0.1:64737 localEndPoint: 127.0.0.1:64736
TpTrace Verbose: 0 : 27600, 10, 2024/07/21, 16:08:11.723, 2536596040561, vstest.console.dll, TcpClientExtensions.MessageLoopAsync: Polling on remoteEndPoint: 127.0.0.1:64737 localEndPoint: 127.0.0.1:64736
TpTrace Verbose: 0 : 27600, 10, 2024/07/21, 16:08:12.733, 2536606149286, vstest.console.dll, TcpClientExtensions.MessageLoopAsync: Polling on remoteEndPoint: 127.0.0.1:64737 localEndPoint: 127.0.0.1:64736
TpTrace Verbose: 0 : 27600, 10, 2024/07/21, 16:08:13.735, 2536616160254, vstest.console.dll, TcpClientExtensions.MessageLoopAsync: Polling on remoteEndPoint: 127.0.0.1:64737 localEndPoint: 127.0.0.1:64736
TpTrace Verbose: 0 : 27600, 10, 2024/07/21, 16:08:14.748, 2536626293001, vstest.console.dll, TcpClientExtensions.MessageLoopAsync: Polling on remoteEndPoint: 127.0.0.1:64737 localEndPoint: 127.0.0.1:64736
TpTrace Verbose: 0 : 27600, 10, 2024/07/21, 16:08:15.749, 2536636305714, vstest.console.dll, TcpClientExtensions.MessageLoopAsync: Polling on remoteEndPoint: 127.0.0.1:64737 localEndPoint: 127.0.0.1:64736
TpTrace Verbose: 0 : 27600, 10, 2024/07/21, 16:08:16.762, 2536646438450, vstest.console.dll, TcpClientExtensions.MessageLoopAsync: Polling on remoteEndPoint: 127.0.0.1:64737 localEndPoint: 127.0.0.1:64736
TpTrace Verbose: 0 : 27600, 10, 2024/07/21, 16:08:17.764, 2536656457967, vstest.console.dll, TcpClientExtensions.MessageLoopAsync: Polling on remoteEndPoint: 127.0.0.1:64737 localEndPoint: 127.0.0.1:64736
TpTrace Verbose: 0 : 27600, 10, 2024/07/21, 16:08:18.777, 2536666582501, vstest.console.dll, TcpClientExtensions.MessageLoopAsync: Polling on remoteEndPoint: 127.0.0.1:64737 localEndPoint: 127.0.0.1:64736
TpTrace Verbose: 0 : 27600, 10, 2024/07/21, 16:08:19.783, 2536676644319, vstest.console.dll, TcpClientExtensions.MessageLoopAsync: Polling on remoteEndPoint: 127.0.0.1:64737 localEndPoint: 127.0.0.1:64736
TpTrace Verbose: 0 : 27600, 10, 2024/07/21, 16:08:20.796, 2536686774567, vstest.console.dll, TcpClientExtensions.MessageLoopAsync: Polling on remoteEndPoint: 127.0.0.1:64737 localEndPoint: 127.0.0.1:64736
TpTrace Verbose: 0 : 27600, 10, 2024/07/21, 16:08:21.797, 2536696786474, vstest.console.dll, TcpClientExtensions.MessageLoopAsync: Polling on remoteEndPoint: 127.0.0.1:64737 localEndPoint: 127.0.0.1:64736
TpTrace Verbose: 0 : 27600, 10, 2024/07/21, 16:08:22.808, 2536706897580, vstest.console.dll, TcpClientExtensions.MessageLoopAsync: Polling on remoteEndPoint: 127.0.0.1:64737 localEndPoint: 127.0.0.1:64736
TpTrace Verbose: 0 : 27600, 10, 2024/07/21, 16:08:23.814, 2536716956523, vstest.console.dll, TcpClientExtensions.MessageLoopAsync: Polling on remoteEndPoint: 127.0.0.1:64737 localEndPoint: 127.0.0.1:64736
TpTrace Verbose: 0 : 27600, 10, 2024/07/21, 16:08:24.829, 2536727104688, vstest.console.dll, TcpClientExtensions.MessageLoopAsync: Polling on remoteEndPoint: 127.0.0.1:64737 localEndPoint: 127.0.0.1:64736
TpTrace Verbose: 0 : 27600, 10, 2024/07/21, 16:08:25.842, 2536737232231, vstest.console.dll, TcpClientExtensions.MessageLoopAsync: Polling on remoteEndPoint: 127.0.0.1:64737 localEndPoint: 127.0.0.1:64736
TpTrace Verbose: 0 : 27600, 10, 2024/07/21, 16:08:26.855, 2536747365853, vstest.console.dll, TcpClientExtensions.MessageLoopAsync: Polling on remoteEndPoint: 127.0.0.1:64737 localEndPoint: 127.0.0.1:64736
TpTrace Verbose: 0 : 27600, 10, 2024/07/21, 16:08:27.856, 2536757373245, vstest.console.dll, TcpClientExtensions.MessageLoopAsync: Polling on remoteEndPoint: 127.0.0.1:64737 localEndPoint: 127.0.0.1:64736
TpTrace Verbose: 0 : 27600, 10, 2024/07/21, 16:08:28.865, 2536767467200, vstest.console.dll, TcpClientExtensions.MessageLoopAsync: Polling on remoteEndPoint: 127.0.0.1:64737 localEndPoint: 127.0.0.1:64736
TpTrace Verbose: 0 : 27600, 10, 2024/07/21, 16:08:29.880, 2536777610799, vstest.console.dll, TcpClientExtensions.MessageLoopAsync: Polling on remoteEndPoint: 127.0.0.1:64737 localEndPoint: 127.0.0.1:64736
TpTrace Verbose: 0 : 27600, 10, 2024/07/21, 16:08:30.891, 2536787725383, vstest.console.dll, TcpClientExtensions.MessageLoopAsync: Polling on remoteEndPoint: 127.0.0.1:64737 localEndPoint: 127.0.0.1:64736
TpTrace Verbose: 0 : 27600, 10, 2024/07/21, 16:08:31.892, 2536797737458, vstest.console.dll, TcpClientExtensions.MessageLoopAsync: Polling on remoteEndPoint: 127.0.0.1:64737 localEndPoint: 127.0.0.1:64736
TpTrace Verbose: 0 : 27600, 10, 2024/07/21, 16:08:32.896, 2536807773292, vstest.console.dll, TcpClientExtensions.MessageLoopAsync: Polling on remoteEndPoint: 127.0.0.1:64737 localEndPoint: 127.0.0.1:64736
TpTrace Verbose: 0 : 27600, 10, 2024/07/21, 16:08:33.909, 2536817901753, vstest.console.dll, TcpClientExtensions.MessageLoopAsync: Polling on remoteEndPoint: 127.0.0.1:64737 localEndPoint: 127.0.0.1:64736
TpTrace Verbose: 0 : 27600, 10, 2024/07/21, 16:08:34.918, 2536827991948, vstest.console.dll, TcpClientExtensions.MessageLoopAsync: Polling on remoteEndPoint: 127.0.0.1:64737 localEndPoint: 127.0.0.1:64736
TpTrace Verbose: 0 : 27600, 10, 2024/07/21, 16:08:35.932, 2536838131989, vstest.console.dll, TcpClientExtensions.MessageLoopAsync: Polling on remoteEndPoint: 127.0.0.1:64737 localEndPoint: 127.0.0.1:64736
TpTrace Verbose: 0 : 27600, 10, 2024/07/21, 16:08:36.941, 2536848227138, vstest.console.dll, TcpClientExtensions.MessageLoopAsync: Polling on remoteEndPoint: 127.0.0.1:64737 localEndPoint: 127.0.0.1:64736
TpTrace Verbose: 0 : 27600, 10, 2024/07/21, 16:08:37.952, 2536858335999, vstest.console.dll, TcpClientExtensions.MessageLoopAsync: Polling on remoteEndPoint: 127.0.0.1:64737 localEndPoint: 127.0.0.1:64736
TpTrace Verbose: 0 : 27600, 10, 2024/07/21, 16:08:38.293, 2536861748177, vstest.console.dll, TcpClientExtensions.MessageLoopAsync: NotifyDataAvailable remoteEndPoint: 127.0.0.1:64737 localEndPoint: 127.0.0.1:64736
TpTrace Verbose: 0 : 27600, 10, 2024/07/21, 16:08:38.294, 2536861752174, vstest.console.dll, TestRequestSender.OnExecutionMessageReceived: Received message: {"Version":7,"MessageType":"TestSession.Message","Payload":{"MessageLevel":0,"Message":"NUnit Adapter 4.4.0.0: Test execution complete"}}
TpTrace Verbose: 0 : 27600, 10, 2024/07/21, 16:08:38.294, 2536861757503, vstest.console.dll, TestRunRequest:SendTestRunMessage: Starting.
TpTrace Verbose: 0 : 27600, 10, 2024/07/21, 16:08:38.295, 2536861760702, vstest.console.dll, MulticastDelegateUtilities.SafeInvoke: TestRun.LogMessages: Invoking callback 1/1 for Microsoft.VisualStudio.TestPlatform.CommandLine.TestRunResultAggregator.TestRunMessageHandler, took 0 ms.
TpTrace Verbose: 0 : 27600, 4, 2024/07/21, 16:08:38.295, 2536861760768, vstest.console.dll, MulticastDelegateUtilities.SafeInvoke: InternalTestLoggerEvents.SendTestRunMessage: Invoking callback 1/1 for Microsoft.VisualStudio.TestPlatform.CommandLine.Internal.ConsoleLogger.TestMessageHandler, took 0 ms.
TpTrace Information: 0 : 27600, 10, 2024/07/21, 16:08:38.295, 2536861763548, vstest.console.dll, TestRunRequest:SendTestRunMessage: Completed.
TpTrace Verbose: 0 : 27600, 10, 2024/07/21, 16:08:38.295, 2536861767069, vstest.console.dll, MulticastDelegateUtilities.SafeInvoke: LengthPrefixCommunicationChannel: MessageReceived: Invoking callback 1/1 for Microsoft.VisualStudio.TestPlatform.CommunicationUtilities.TestRequestSender+<>c__DisplayClass31_0.<StartTestRun>b__1, took 1 ms.
TpTrace Verbose: 0 : 27600, 10, 2024/07/21, 16:08:38.295, 2536861769391, vstest.console.dll, TcpClientExtensions.MessageLoopAsync: Polling on remoteEndPoint: 127.0.0.1:64737 localEndPoint: 127.0.0.1:64736
TpTrace Verbose: 0 : 27600, 10, 2024/07/21, 16:08:38.311, 2536861921715, vstest.console.dll, TcpClientExtensions.MessageLoopAsync: NotifyDataAvailable remoteEndPoint: 127.0.0.1:64737 localEndPoint: 127.0.0.1:64736
TpTrace Verbose: 0 : 27600, 10, 2024/07/21, 16:08:38.311, 2536861923713, vstest.console.dll, TestRequestSender.OnExecutionMessageReceived: Received message: {"Version":7,"MessageType":"TestExecution.Completed","Payload":{"TestRunCompleteArgs":{"TestRunStatistics":{"ExecutedTests":3,"Stats":{"Passed":3}},"IsCanceled":false,"IsAborted":false,"Error":null,"AttachmentSets":[],"InvokedDataCollectors":[],"ElapsedTimeInRunningTests":"00:00:56.5843820","Metrics":{},"DiscoveredExtensions":{"TestDiscoverers":["NUnit.VisualStudio.TestAdapter.NUnit3TestDiscoverer, NUnit3.TestAdapter, Version=4.4.0.0, Culture=neutral, PublicKeyToken=4cb40d35494691ac"],"TestExecutors":["executor://NUnit3TestExecutor"],"TestExecutors2":[],"TestSettingsProviders":[]}},"LastRunTests":{"NewTestResults":[{"TestCase":{"Id":"4b65630d-54d3-4471-0a3c-0101388bc698","FullyQualifiedName":"AppiumTesting.Tests.TestValidSummationTenTimes","DisplayName":"TestValidSummationTenTimes","ExecutorUri":"executor://NUnit3TestExecutor","Source":"D:\\SoftUni\\Front-End-Test-Automation-July-2024\\09.Appium-Lab\\AppiumTesting\\AppiumTesting\\bin\\Debug\\net6.0\\fine-code-coverage\\build-output\\AppiumTesting.dll","CodeFilePath":null,"LineNumber":0,"Properties":[{"Key":{"Id":"NUnit.Seed","Label":"Seed","Category":"","Description":"","Attributes":0,"ValueType":"System.String"},"Value":"389322213"}]},"Attachments":[],"Outcome":1,"ErrorMessage":null,"ErrorStackTrace":null,"DisplayName":"TestValidSummationTenTimes","Messages":[],"ComputerName":"DESKTOP-UUB0D73","Duration":"00:00:32.6112940","StartTime":"2024-07-21T13:08:05.6755262+00:00","EndTime":"2024-07-21T13:08:38.2868195+00:00","Properties":[{"Key":{"Id":"NUnit.Seed","Label":"Seed","Category":"","Description":"","Attributes":0,"ValueType":"System.String"},"Value":"389322213"}]}],"TestRunStatistics":{"ExecutedTests":3,"Stats":{"Passed":3}},"ActiveTests":[]},"RunAttachments":[],"ExecutorUris":["executor://nunit3testexecutor/"]}}
TpTrace Verbose: 0 : 27600, 10, 2024/07/21, 16:08:38.311, 2536861924824, vstest.console.dll, TestRequestSender.EndSession: Sending end session.
TpTrace Verbose: 0 : 27600, 10, 2024/07/21, 16:08:38.311, 2536861926895, vstest.console.dll, ProxyOperationManager.Close: waiting for test host to exit for 100 ms
TpTrace Warning: 0 : 27600, 12, 2024/07/21, 16:08:38.320, 2536862013057, vstest.console.dll, TestHostManagerCallbacks.ErrorReceivedCallback Test host standard error line: 
TpTrace Verbose: 0 : 27600, 5, 2024/07/21, 16:08:38.326, 2536862074162, vstest.console.dll, TestHostProvider.ExitCallBack: Host exited starting callback.
TpTrace Information: 0 : 27600, 5, 2024/07/21, 16:08:38.327, 2536862080121, vstest.console.dll, TestHostManagerCallbacks.ExitCallBack: Testhost processId: 15380 exited with exitcode: 0 error: ''
TpTrace Verbose: 0 : 27600, 5, 2024/07/21, 16:08:38.327, 2536862081044, vstest.console.dll, DotnetTestHostManager.OnHostExited: invoking OnHostExited callback
TpTrace Verbose: 0 : 27600, 5, 2024/07/21, 16:08:38.327, 2536862081743, vstest.console.dll, CrossPlatEngine.TestHostManagerHostExited: calling on client process exit callback.
TpTrace Information: 0 : 27600, 5, 2024/07/21, 16:08:38.327, 2536862082479, vstest.console.dll, TestRequestSender.OnClientProcessExit: Test host process exited. Standard error: 
TpTrace Information: 0 : 27600, 10, 2024/07/21, 16:08:38.327, 2536862082759, vstest.console.dll, SocketServer.Stop: Stop server endPoint: 127.0.0.1:64736
TpTrace Information: 0 : 27600, 5, 2024/07/21, 16:08:38.327, 2536862083112, vstest.console.dll, SocketServer.Stop: Stop server endPoint: 127.0.0.1:64736
TpTrace Information: 0 : 27600, 10, 2024/07/21, 16:08:38.327, 2536862083757, vstest.console.dll, SocketServer.Stop: Cancellation requested. Stopping message loop.
TpTrace Information: 0 : 27600, 5, 2024/07/21, 16:08:38.327, 2536862084376, vstest.console.dll, SocketServer.Stop: Cancellation requested. Stopping message loop.
TpTrace Information: 0 : 27600, 10, 2024/07/21, 16:08:38.327, 2536862085699, vstest.console.dll, Closing the connection
TpTrace Verbose: 0 : 27600, 5, 2024/07/21, 16:08:38.327, 2536862085820, vstest.console.dll, MulticastDelegateUtilities.SafeInvoke: HostProviderEvents.OnHostExited: Invoking callback 1/1 for Microsoft.VisualStudio.TestPlatform.CrossPlatEngine.Client.ProxyOperationManager.TestHostManagerHostExited, took 0 ms.
TpTrace Verbose: 0 : 27600, 10, 2024/07/21, 16:08:38.327, 2536862088649, vstest.console.dll, ProxyDataCollectionManager.InvokeDataCollectionServiceAction: Starting.
TpTrace Information: 0 : 27600, 10, 2024/07/21, 16:08:38.327, 2536862089409, vstest.console.dll, ProxyDataCollectionManager.AfterTestRunEnd: Get attachment set and invoked data collectors processId: 29080 port: 64733
TpTrace Verbose: 0 : 27600, 10, 2024/07/21, 16:08:38.328, 2536862090267, vstest.console.dll, DataCollectionRequestSender.SendAfterTestRunStartAndGetResult: Send AfterTestRunEnd message with isCancelled: False
TpTrace Verbose: 0 : 27600, 10, 2024/07/21, 16:08:38.333, 2536862149088, vstest.console.dll, DataCollectionRequestSender.SendAfterTestRunStartAndGetResult: Received message: (DataCollection.AfterTestRunEndResult) -> {"MessageType":"DataCollection.AfterTestRunEndResult","Payload":{"AttachmentSets":[],"InvokedDataCollectors":[{"Uri":"datacollector://Microsoft/TestPlatform/Extensions/Blame/v1","FriendlyName":"Blame","AssemblyQualifiedName":"Microsoft.TestPlatform.Extensions.BlameDataCollector.BlameCollector, Microsoft.TestPlatform.Extensions.BlameDataCollector, Version=15.0.0.0, Culture=neutral, PublicKeyToken=b03f5f7f11d50a3a","FilePath":"C:\\Program Files (x86)\\dotnet\\sdk\\6.0.408\\Extensions\\Microsoft.TestPlatform.Extensions.BlameDataCollector.dll","HasAttachmentProcessor":false}],"Metrics":{}}}
TpTrace Warning: 0 : 27600, 9, 2024/07/21, 16:08:38.339, 2536862204916, vstest.console.dll, DataCollectionLauncher.ErrorReceivedCallback datacollector standard error line: 
TpTrace Information: 0 : 27600, 5, 2024/07/21, 16:08:38.342, 2536862238941, vstest.console.dll, DataCollectionLauncher.ExitCallBack: Data collector exited with exitcode: 0 error: ''
TpTrace Information: 0 : 27600, 10, 2024/07/21, 16:08:38.342, 2536862239603, vstest.console.dll, ProxyDataCollectionManager.InvokeDataCollectionServiceAction: Completed.
TpTrace Verbose: 0 : 27600, 10, 2024/07/21, 16:08:38.372, 2536862533357, vstest.console.dll, TestRunRequest:SendTestRunStatsChange: Starting.
TpTrace Verbose: 0 : 27600, 10, 2024/07/21, 16:08:38.372, 2536862534614, vstest.console.dll, MulticastDelegateUtilities.SafeInvoke: TestRun.RunStatsChanged: Invoking callbacks was skipped because there are no subscribers.
TpTrace Information: 0 : 27600, 10, 2024/07/21, 16:08:38.372, 2536862535159, vstest.console.dll, TestRunRequest:SendTestRunStatsChange: Completed.
TpTrace Verbose: 0 : 27600, 4, 2024/07/21, 16:08:38.372, 2536862535360, vstest.console.dll, MulticastDelegateUtilities.SafeInvoke: InternalTestLoggerEvents.SendTestResult: Invoking callback 1/1 for Microsoft.VisualStudio.TestPlatform.CommandLine.Internal.ConsoleLogger.TestResultHandler, took 0 ms.
TpTrace Verbose: 0 : 27600, 10, 2024/07/21, 16:08:38.372, 2536862537952, vstest.console.dll, ParallelProxyExecutionManager: HandlePartialRunComplete: Total completed clients = 1, Run complete = True, Run canceled: False.
TpTrace Verbose: 0 : 27600, 4, 2024/07/21, 16:08:38.380, 2536862618277, vstest.console.dll, MulticastDelegateUtilities.SafeInvoke: InternalTestLoggerEvents.SendTestRunComplete: Invoking callback 1/2 for Microsoft.TestPlatform.Extensions.BlameDataCollector.BlameLogger.TestRunCompleteHandler, took 0 ms.
TpTrace Verbose: 0 : 27600, 4, 2024/07/21, 16:08:38.387, 2536862683832, vstest.console.dll, MulticastDelegateUtilities.SafeInvoke: InternalTestLoggerEvents.SendTestRunComplete: Invoking callback 2/2 for Microsoft.VisualStudio.TestPlatform.CommandLine.Internal.ConsoleLogger.TestRunCompleteHandler, took 6 ms.
TpTrace Verbose: 0 : 27600, 10, 2024/07/21, 16:08:38.387, 2536862687435, vstest.console.dll, TestRunRequest:TestRunComplete: Starting. IsAborted:False IsCanceled:False.
TpTrace Verbose: 0 : 27600, 10, 2024/07/21, 16:08:38.388, 2536862698292, vstest.console.dll, TestLoggerManager.HandleTestRunComplete: Ignoring as the object is disposed.
TpTrace Verbose: 0 : 27600, 10, 2024/07/21, 16:08:38.389, 2536862701164, vstest.console.dll, MulticastDelegateUtilities.SafeInvoke: TestRun.TestRunComplete: Invoking callback 1/2 for Microsoft.VisualStudio.TestPlatform.CommandLine.TestRunResultAggregator.TestRunCompletionHandler, took 0 ms.
TpTrace Verbose: 0 : 27600, 10, 2024/07/21, 16:08:38.389, 2536862702548, vstest.console.dll, MulticastDelegateUtilities.SafeInvoke: TestRun.TestRunComplete: Invoking callback 2/2 for Microsoft.VisualStudio.TestPlatform.CommandLine.Processors.RunTestsArgumentExecutor+TestRunRequestEventsRegistrar.TestRunRequest_OnRunCompletion, took 0 ms.
TpTrace Information: 0 : 27600, 10, 2024/07/21, 16:08:38.389, 2536862704347, vstest.console.dll, TestRunRequest:TestRunComplete: Completed.
TpTrace Verbose: 0 : 27600, 1, 2024/07/21, 16:08:38.389, 2536862704348, vstest.console.dll, TestRunRequest.Dispose: Starting.
TpTrace Verbose: 0 : 27600, 10, 2024/07/21, 16:08:38.389, 2536862705221, vstest.console.dll, TestRequestSender.SetOperationComplete: Setting operation complete.
TpTrace Information: 0 : 27600, 1, 2024/07/21, 16:08:38.389, 2536862706008, vstest.console.dll, TestRunRequest.Dispose: Completed.
TpTrace Information: 0 : 27600, 10, 2024/07/21, 16:08:38.389, 2536862706881, vstest.console.dll, SocketServer.Stop: Stop server endPoint: 127.0.0.1:64736
TpTrace Information: 0 : 27600, 1, 2024/07/21, 16:08:38.389, 2536862707766, vstest.console.dll, TestRequestManager.RunTests: run tests completed.
TpTrace Information: 0 : 27600, 10, 2024/07/21, 16:08:38.389, 2536862708645, vstest.console.dll, SocketServer.Stop: Cancellation requested. Stopping message loop.
TpTrace Information: 0 : 27600, 1, 2024/07/21, 16:08:38.389, 2536862709772, vstest.console.dll, RunTestsArgumentProcessor:Execute: Test run is completed.
TpTrace Verbose: 0 : 27600, 10, 2024/07/21, 16:08:38.390, 2536862710472, vstest.console.dll, MulticastDelegateUtilities.SafeInvoke: LengthPrefixCommunicationChannel: MessageReceived: Invoking callback 1/1 for Microsoft.VisualStudio.TestPlatform.CommunicationUtilities.TestRequestSender+<>c__DisplayClass31_0.<StartTestRun>b__1, took 78 ms.
TpTrace Information: 0 : 27600, 10, 2024/07/21, 16:08:38.390, 2536862711189, vstest.console.dll, SocketServer.PrivateStop: Stopping server endPoint: 127.0.0.1:64736 error: 
TpTrace Verbose: 0 : 27600, 1, 2024/07/21, 16:08:38.390, 2536862711439, vstest.console.dll, Executor.Execute: Exiting with exit code of 0
TpTrace Verbose: 0 : 27600, 10, 2024/07/21, 16:08:38.390, 2536862715368, vstest.console.dll, LengthPrefixCommunicationChannel.Dispose: Dispose reader and writer.
TpTrace Information: 0 : 27600, 10, 2024/07/21, 16:08:38.390, 2536862716209, vstest.console.dll, SocketServer.Stop: Raise disconnected event endPoint: 127.0.0.1:64736 error: 
TpTrace Verbose: 0 : 27600, 10, 2024/07/21, 16:08:38.390, 2536862716933, vstest.console.dll, TestRequestSender: OnTestRunAbort: Operation is already complete. Skip error message.
TpTrace Verbose: 0 : 27600, 10, 2024/07/21, 16:08:38.390, 2536862717518, vstest.console.dll, MulticastDelegateUtilities.SafeInvoke: SocketServer: ClientDisconnected: Invoking callback 1/1 for Microsoft.VisualStudio.TestPlatform.CommunicationUtilities.TestRequestSender.<InitializeCommunication>b__24_1, took 0 ms.
TpTrace Verbose: 0 : 27600, 10, 2024/07/21, 16:08:38.390, 2536862718102, vstest.console.dll, TcpClientExtensions.MessageLoopAsync: exiting MessageLoopAsync remoteEndPoint: 127.0.0.1:64737 localEndPoint: 127.0.0.1:64736
