TpTrace Verbose: 0 : 12524, 1, 2024/07/28, 22:29:24.277, 6254936724134, vstest.console.dll, Version: 17.10.0-release-24272-11 Current process architecture: X86
TpTrace Verbose: 0 : 12524, 1, 2024/07/28, 22:29:24.281, 6254936762599, vstest.console.dll, Runtime location: C:\Program Files (x86)\dotnet\shared\Microsoft.NETCore.App\8.0.7
TpTrace Verbose: 0 : 12524, 1, 2024/07/28, 22:29:24.282, 6254936777919, vstest.console.dll, ArtifactProcessingPostProcessModeProcessorExecutor.Initialize: ArtifactProcessingMode.Collect
TpTrace Verbose: 0 : 12524, 1, 2024/07/28, 22:29:24.283, 6254936779214, vstest.console.dll, TestSessionCorrelationIdProcessorModeProcessorExecutor.Initialize: TestSessionCorrelationId '7784_b51bdd46-b7c0-4fad-a22c-91bfed2506e2'
TpTrace Information: 0 : 12524, 1, 2024/07/28, 22:29:24.289, 6254936844612, vstest.console.dll, FilePatternParser: The given file D:\SoftUni\Front-End-Test-Automation-July-2024\11.Appium-Mobile-Exercise-2\TestGestures-My\TestGestures-My\bin\Debug\net6.0\fine-code-coverage\build-output\TestGestures-My.dll is a full path.
TpTrace Verbose: 0 : 12524, 1, 2024/07/28, 22:29:24.293, 6254936880909, vstest.console.dll, TestPluginCache.DiscoverTestExtensions: finding test extensions in assemblies ends with: RuntimeProvider.dll TPluginInfo: Microsoft.VisualStudio.TestPlatform.Common.ExtensionFramework.Utilities.TestRuntimePluginInformation TExtension: Microsoft.VisualStudio.TestPlatform.ObjectModel.Host.ITestRuntimeProvider
TpTrace Verbose: 0 : 12524, 1, 2024/07/28, 22:29:24.293, 6254936883796, vstest.console.dll, TestPluginCache.GetExtensionPaths: Filtered extension paths: 
TpTrace Verbose: 0 : 12524, 1, 2024/07/28, 22:29:24.293, 6254936884777, vstest.console.dll, TestPluginCache.GetExtensionPaths: Added default extension paths: C:\Program Files (x86)\dotnet\sdk\8.0.303\Extensions\Microsoft.Diagnostics.NETCore.Client.dll
C:\Program Files (x86)\dotnet\sdk\8.0.303\Extensions\Microsoft.TestPlatform.Extensions.BlameDataCollector.dll
C:\Program Files (x86)\dotnet\sdk\8.0.303\Extensions\Microsoft.TestPlatform.Extensions.EventLogCollector.dll
C:\Program Files (x86)\dotnet\sdk\8.0.303\Extensions\Microsoft.TestPlatform.TestHostRuntimeProvider.dll
C:\Program Files (x86)\dotnet\sdk\8.0.303\Extensions\Microsoft.VisualStudio.TestPlatform.Extensions.Html.TestLogger.dll
C:\Program Files (x86)\dotnet\sdk\8.0.303\Extensions\Microsoft.VisualStudio.TestPlatform.Extensions.Trx.TestLogger.dll
TpTrace Verbose: 0 : 12524, 1, 2024/07/28, 22:29:24.293, 6254936885442, vstest.console.dll, TestPluginCache.GetExtensionPaths: Added unfilterableExtensionPaths: 
TpTrace Information: 0 : 12524, 1, 2024/07/28, 22:29:24.294, 6254936890116, vstest.console.dll, AssemblyResolver.ctor: Creating AssemblyResolver with searchDirectories C:\Program Files (x86)\dotnet\sdk\8.0.303\Extensions,C:\Program Files (x86)\dotnet\sdk\8.0.303
TpTrace Verbose: 0 : 12524, 1, 2024/07/28, 22:29:24.295, 6254936902462, vstest.console.dll, TestPluginCache.DiscoverTestExtensions: Discovering the extensions using extension path.
TpTrace Verbose: 0 : 12524, 1, 2024/07/28, 22:29:24.295, 6254936903858, vstest.console.dll, TestPluginCache.GetExtensionPaths: Filtered extension paths: 
TpTrace Verbose: 0 : 12524, 1, 2024/07/28, 22:29:24.295, 6254936904640, vstest.console.dll, TestPluginCache.GetExtensionPaths: Added default extension paths: C:\Program Files (x86)\dotnet\sdk\8.0.303\Extensions\Microsoft.Diagnostics.NETCore.Client.dll
C:\Program Files (x86)\dotnet\sdk\8.0.303\Extensions\Microsoft.TestPlatform.Extensions.BlameDataCollector.dll
C:\Program Files (x86)\dotnet\sdk\8.0.303\Extensions\Microsoft.TestPlatform.Extensions.EventLogCollector.dll
C:\Program Files (x86)\dotnet\sdk\8.0.303\Extensions\Microsoft.TestPlatform.TestHostRuntimeProvider.dll
C:\Program Files (x86)\dotnet\sdk\8.0.303\Extensions\Microsoft.VisualStudio.TestPlatform.Extensions.Html.TestLogger.dll
C:\Program Files (x86)\dotnet\sdk\8.0.303\Extensions\Microsoft.VisualStudio.TestPlatform.Extensions.Trx.TestLogger.dll
TpTrace Verbose: 0 : 12524, 1, 2024/07/28, 22:29:24.295, 6254936905211, vstest.console.dll, TestPluginCache.GetExtensionPaths: Added unfilterableExtensionPaths: 
TpTrace Verbose: 0 : 12524, 1, 2024/07/28, 22:29:24.295, 6254936906635, vstest.console.dll, TestPluginCache.DiscoverTestExtensions: Discovering the extensions using allExtensionPaths: C:\Program Files (x86)\dotnet\sdk\8.0.303\Extensions\Microsoft.Diagnostics.NETCore.Client.dll
C:\Program Files (x86)\dotnet\sdk\8.0.303\Extensions\Microsoft.TestPlatform.Extensions.BlameDataCollector.dll
C:\Program Files (x86)\dotnet\sdk\8.0.303\Extensions\Microsoft.TestPlatform.Extensions.EventLogCollector.dll
C:\Program Files (x86)\dotnet\sdk\8.0.303\Extensions\Microsoft.TestPlatform.TestHostRuntimeProvider.dll
C:\Program Files (x86)\dotnet\sdk\8.0.303\Extensions\Microsoft.VisualStudio.TestPlatform.Extensions.Html.TestLogger.dll
C:\Program Files (x86)\dotnet\sdk\8.0.303\Extensions\Microsoft.VisualStudio.TestPlatform.Extensions.Trx.TestLogger.dll
TpTrace Information: 0 : 12524, 1, 2024/07/28, 22:29:24.295, 6254936907753, vstest.console.dll, AssemblyResolver.AddSearchDirectories: Adding more searchDirectories C:\Program Files (x86)\dotnet\sdk\8.0.303\Extensions,C:\Program Files (x86)\dotnet\sdk\8.0.303
TpTrace Information: 0 : 12524, 1, 2024/07/28, 22:29:24.296, 6254936908551, vstest.console.dll, AssemblyResolver.AddSearchDirectories: Adding more searchDirectories C:\Program Files (x86)\dotnet\sdk\8.0.303\Extensions,C:\Program Files (x86)\dotnet\sdk\8.0.303
TpTrace Information: 0 : 12524, 1, 2024/07/28, 22:29:24.296, 6254936909167, vstest.console.dll, AssemblyResolver.AddSearchDirectories: Adding more searchDirectories C:\Program Files (x86)\dotnet\sdk\8.0.303\Extensions,C:\Program Files (x86)\dotnet\sdk\8.0.303
TpTrace Information: 0 : 12524, 1, 2024/07/28, 22:29:24.296, 6254936909761, vstest.console.dll, AssemblyResolver.AddSearchDirectories: Adding more searchDirectories C:\Program Files (x86)\dotnet\sdk\8.0.303\Extensions,C:\Program Files (x86)\dotnet\sdk\8.0.303
TpTrace Information: 0 : 12524, 1, 2024/07/28, 22:29:24.296, 6254936910326, vstest.console.dll, AssemblyResolver.AddSearchDirectories: Adding more searchDirectories C:\Program Files (x86)\dotnet\sdk\8.0.303\Extensions,C:\Program Files (x86)\dotnet\sdk\8.0.303
TpTrace Information: 0 : 12524, 1, 2024/07/28, 22:29:24.296, 6254936910945, vstest.console.dll, AssemblyResolver.AddSearchDirectories: Adding more searchDirectories C:\Program Files (x86)\dotnet\sdk\8.0.303\Extensions,C:\Program Files (x86)\dotnet\sdk\8.0.303
TpTrace Information: 0 : 12524, 1, 2024/07/28, 22:29:24.296, 6254936915112, vstest.console.dll, AssemblyResolver.OnResolve: Microsoft.Diagnostics.NETCore.Client: Resolving assembly.
TpTrace Information: 0 : 12524, 1, 2024/07/28, 22:29:24.296, 6254936916064, vstest.console.dll, AssemblyResolver.OnResolve: Microsoft.Diagnostics.NETCore.Client: Searching in: 'C:\Program Files (x86)\dotnet\sdk\8.0.303\Extensions'.
TpTrace Information: 0 : 12524, 1, 2024/07/28, 22:29:24.302, 6254936972131, vstest.console.dll, AssemblyResolver.OnResolve: Microsoft.Diagnostics.NETCore.Client: Loading assembly 'C:\Program Files (x86)\dotnet\sdk\8.0.303\Extensions\Microsoft.Diagnostics.NETCore.Client.dll'.
TpTrace Information: 0 : 12524, 1, 2024/07/28, 22:29:24.302, 6254936977702, vstest.console.dll, AssemblyResolver.OnResolve: Resolved assembly: Microsoft.Diagnostics.NETCore.Client, from path: C:\Program Files (x86)\dotnet\sdk\8.0.303\Extensions\Microsoft.Diagnostics.NETCore.Client.dll
TpTrace Verbose: 0 : 12524, 1, 2024/07/28, 22:29:24.306, 6254937016638, vstest.console.dll, MetadataReaderExtensionsHelper: Discovering extensions inside assembly 'Microsoft.Diagnostics.NETCore.Client, Version=0.2.10.15101, Culture=neutral, PublicKeyToken=31bf3856ad364e35' file path 'C:\Program Files (x86)\dotnet\sdk\8.0.303\Extensions\Microsoft.Diagnostics.NETCore.Client.dll'
TpTrace Information: 0 : 12524, 1, 2024/07/28, 22:29:24.310, 6254937050190, vstest.console.dll, AssemblyResolver.OnResolve: Microsoft.Bcl.AsyncInterfaces: Resolving assembly.
TpTrace Information: 0 : 12524, 1, 2024/07/28, 22:29:24.310, 6254937051122, vstest.console.dll, AssemblyResolver.OnResolve: Microsoft.Bcl.AsyncInterfaces: Searching in: 'C:\Program Files (x86)\dotnet\sdk\8.0.303\Extensions'.
TpTrace Information: 0 : 12524, 1, 2024/07/28, 22:29:24.310, 6254937052705, vstest.console.dll, AssemblyResolver.OnResolve: Microsoft.Bcl.AsyncInterfaces: Assembly path does not exist: 'C:\Program Files (x86)\dotnet\sdk\8.0.303\Extensions\Microsoft.Bcl.AsyncInterfaces.dll', returning.
TpTrace Information: 0 : 12524, 1, 2024/07/28, 22:29:24.310, 6254937053738, vstest.console.dll, AssemblyResolver.OnResolve: Microsoft.Bcl.AsyncInterfaces: Assembly path does not exist: 'C:\Program Files (x86)\dotnet\sdk\8.0.303\Extensions\Microsoft.Bcl.AsyncInterfaces.exe', returning.
TpTrace Information: 0 : 12524, 1, 2024/07/28, 22:29:24.310, 6254937054330, vstest.console.dll, AssemblyResolver.OnResolve: Microsoft.Bcl.AsyncInterfaces: Searching in: 'C:\Program Files (x86)\dotnet\sdk\8.0.303'.
TpTrace Information: 0 : 12524, 1, 2024/07/28, 22:29:24.310, 6254937055333, vstest.console.dll, AssemblyResolver.OnResolve: Microsoft.Bcl.AsyncInterfaces: Assembly path does not exist: 'C:\Program Files (x86)\dotnet\sdk\8.0.303\Microsoft.Bcl.AsyncInterfaces.dll', returning.
TpTrace Information: 0 : 12524, 1, 2024/07/28, 22:29:24.310, 6254937056285, vstest.console.dll, AssemblyResolver.OnResolve: Microsoft.Bcl.AsyncInterfaces: Assembly path does not exist: 'C:\Program Files (x86)\dotnet\sdk\8.0.303\Microsoft.Bcl.AsyncInterfaces.exe', returning.
TpTrace Information: 0 : 12524, 1, 2024/07/28, 22:29:24.310, 6254937056864, vstest.console.dll, AssemblyResolver.OnResolve: Microsoft.Bcl.AsyncInterfaces: Failed to load assembly.
TpTrace Verbose: 0 : 12524, 1, 2024/07/28, 22:29:24.310, 6254937057454, vstest.console.dll, CurrentDomainAssemblyResolve: Resolving assembly 'Microsoft.Bcl.AsyncInterfaces'.
TpTrace Information: 0 : 12524, 1, 2024/07/28, 22:29:24.310, 6254937058229, vstest.console.dll, AssemblyResolver.OnResolve: Microsoft.Bcl.AsyncInterfaces: Resolving assembly.
TpTrace Information: 0 : 12524, 1, 2024/07/28, 22:29:24.311, 6254937058896, vstest.console.dll, AssemblyResolver.OnResolve: Microsoft.Bcl.AsyncInterfaces: Resolved from cache.
TpTrace Verbose: 0 : 12524, 1, 2024/07/28, 22:29:24.311, 6254937059441, vstest.console.dll, CurrentDomainAssemblyResolve: Resolving assembly 'Microsoft.Bcl.AsyncInterfaces'.
TpTrace Verbose: 0 : 12524, 1, 2024/07/28, 22:29:24.311, 6254937060019, vstest.console.dll, CurrentDomainAssemblyResolve: Failed to resolve assembly 'Microsoft.Bcl.AsyncInterfaces'.
TpTrace Verbose: 0 : 12524, 1, 2024/07/28, 22:29:24.311, 6254937067140, vstest.console.dll, CurrentDomainAssemblyResolve: Failed to resolve assembly 'Microsoft.Bcl.AsyncInterfaces'.
TpTrace Warning: 0 : 12524, 1, 2024/07/28, 22:29:24.323, 6254937180674, vstest.console.dll, TestPluginDiscoverer: Failed to get types from assembly 'Microsoft.Diagnostics.NETCore.Client, Version=0.2.10.15101, Culture=neutral, PublicKeyToken=31bf3856ad364e35'. Error: System.Reflection.ReflectionTypeLoadException: Unable to load one or more of the requested types.
Could not load file or assembly 'Microsoft.Bcl.AsyncInterfaces, Version=6.0.0.0, Culture=neutral, PublicKeyToken=cc7b13ffcd2ddd51'. The system cannot find the file specified.
   at System.Reflection.RuntimeModule.GetTypes(RuntimeModule module)
   at System.Reflection.RuntimeModule.GetTypes()
   at System.Reflection.Assembly.GetTypes()
   at Microsoft.VisualStudio.TestPlatform.Common.ExtensionFramework.TestPluginDiscoverer.GetTestExtensionsFromAssembly[TPluginInfo,TExtension](Assembly assembly, Dictionary`2 pluginInfos, String filePath) in /_/src/Microsoft.TestPlatform.Common/ExtensionFramework/TestPluginDiscoverer.cs:line 158
System.IO.FileNotFoundException: Could not load file or assembly 'Microsoft.Bcl.AsyncInterfaces, Version=6.0.0.0, Culture=neutral, PublicKeyToken=cc7b13ffcd2ddd51'. The system cannot find the file specified.
File name: 'Microsoft.Bcl.AsyncInterfaces, Version=6.0.0.0, Culture=neutral, PublicKeyToken=cc7b13ffcd2ddd51'
 ---> System.IO.FileNotFoundException: Could not load file or assembly 'Microsoft.Bcl.AsyncInterfaces, Culture=neutral, PublicKeyToken=null'. The system cannot find the file specified.
File name: 'Microsoft.Bcl.AsyncInterfaces, Culture=neutral, PublicKeyToken=null'
   at System.Reflection.RuntimeAssembly.InternalLoad(AssemblyName assemblyName, StackCrawlMark& stackMark, AssemblyLoadContext assemblyLoadContext, RuntimeAssembly requestingAssembly, Boolean throwOnFileNotFound)
   at System.Reflection.Assembly.Load(AssemblyName assemblyRef)
   at Microsoft.VisualStudio.TestPlatform.Common.ExtensionFramework.TestPluginCache.CurrentDomainAssemblyResolve(Object sender, AssemblyResolveEventArgs args) in /_/src/Microsoft.TestPlatform.Common/ExtensionFramework/TestPluginCache.cs:line 513
   at Microsoft.VisualStudio.TestPlatform.PlatformAbstractions.PlatformAssemblyResolver.AssemblyResolverEvent(Object sender, Object eventArgs) in /_/src/Microsoft.TestPlatform.PlatformAbstractions/netcore/Runtime/PlatformAssemblyResolver.cs:line 74
   at System.Runtime.Loader.AssemblyLoadContext.GetFirstResolvedAssemblyFromResolvingEvent(AssemblyName assemblyName)
   at System.Runtime.Loader.AssemblyLoadContext.ResolveUsingEvent(AssemblyName assemblyName)
   at System.Runtime.Loader.AssemblyLoadContext.ResolveUsingResolvingEvent(IntPtr gchManagedAssemblyLoadContext, AssemblyName assemblyName)
TpTrace Warning: 0 : 12524, 1, 2024/07/28, 22:29:24.323, 6254937183844, vstest.console.dll, LoaderExceptions: System.IO.FileNotFoundException: Could not load file or assembly 'Microsoft.Bcl.AsyncInterfaces, Version=6.0.0.0, Culture=neutral, PublicKeyToken=cc7b13ffcd2ddd51'. The system cannot find the file specified.
File name: 'Microsoft.Bcl.AsyncInterfaces, Version=6.0.0.0, Culture=neutral, PublicKeyToken=cc7b13ffcd2ddd51'
 ---> System.IO.FileNotFoundException: Could not load file or assembly 'Microsoft.Bcl.AsyncInterfaces, Culture=neutral, PublicKeyToken=null'. The system cannot find the file specified.
File name: 'Microsoft.Bcl.AsyncInterfaces, Culture=neutral, PublicKeyToken=null'
   at System.Reflection.RuntimeAssembly.InternalLoad(AssemblyName assemblyName, StackCrawlMark& stackMark, AssemblyLoadContext assemblyLoadContext, RuntimeAssembly requestingAssembly, Boolean throwOnFileNotFound)
   at System.Reflection.Assembly.Load(AssemblyName assemblyRef)
   at Microsoft.VisualStudio.TestPlatform.Common.ExtensionFramework.TestPluginCache.CurrentDomainAssemblyResolve(Object sender, AssemblyResolveEventArgs args) in /_/src/Microsoft.TestPlatform.Common/ExtensionFramework/TestPluginCache.cs:line 513
   at Microsoft.VisualStudio.TestPlatform.PlatformAbstractions.PlatformAssemblyResolver.AssemblyResolverEvent(Object sender, Object eventArgs) in /_/src/Microsoft.TestPlatform.PlatformAbstractions/netcore/Runtime/PlatformAssemblyResolver.cs:line 74
   at System.Runtime.Loader.AssemblyLoadContext.GetFirstResolvedAssemblyFromResolvingEvent(AssemblyName assemblyName)
   at System.Runtime.Loader.AssemblyLoadContext.ResolveUsingEvent(AssemblyName assemblyName)
   at System.Runtime.Loader.AssemblyLoadContext.ResolveUsingResolvingEvent(IntPtr gchManagedAssemblyLoadContext, AssemblyName assemblyName)
TpTrace Information: 0 : 12524, 1, 2024/07/28, 22:29:24.323, 6254937185251, vstest.console.dll, AssemblyResolver.OnResolve: Microsoft.TestPlatform.Extensions.BlameDataCollector: Resolving assembly.
TpTrace Information: 0 : 12524, 1, 2024/07/28, 22:29:24.323, 6254937185947, vstest.console.dll, AssemblyResolver.OnResolve: Microsoft.TestPlatform.Extensions.BlameDataCollector: Searching in: 'C:\Program Files (x86)\dotnet\sdk\8.0.303\Extensions'.
TpTrace Information: 0 : 12524, 1, 2024/07/28, 22:29:24.324, 6254937188833, vstest.console.dll, AssemblyResolver.OnResolve: Microsoft.TestPlatform.Extensions.BlameDataCollector: Loading assembly 'C:\Program Files (x86)\dotnet\sdk\8.0.303\Extensions\Microsoft.TestPlatform.Extensions.BlameDataCollector.dll'.
TpTrace Information: 0 : 12524, 1, 2024/07/28, 22:29:24.324, 6254937193117, vstest.console.dll, AssemblyResolver.OnResolve: Resolved assembly: Microsoft.TestPlatform.Extensions.BlameDataCollector, from path: C:\Program Files (x86)\dotnet\sdk\8.0.303\Extensions\Microsoft.TestPlatform.Extensions.BlameDataCollector.dll
TpTrace Verbose: 0 : 12524, 1, 2024/07/28, 22:29:24.324, 6254937194567, vstest.console.dll, MetadataReaderExtensionsHelper: Discovering extensions inside assembly 'Microsoft.TestPlatform.Extensions.BlameDataCollector, Version=15.0.0.0, Culture=neutral, PublicKeyToken=b03f5f7f11d50a3a' file path 'C:\Program Files (x86)\dotnet\sdk\8.0.303\Extensions\Microsoft.TestPlatform.Extensions.BlameDataCollector.dll'
TpTrace Information: 0 : 12524, 1, 2024/07/28, 22:29:24.325, 6254937204098, vstest.console.dll, AssemblyResolver.OnResolve: Microsoft.TestPlatform.Extensions.EventLogCollector: Resolving assembly.
TpTrace Information: 0 : 12524, 1, 2024/07/28, 22:29:24.325, 6254937204928, vstest.console.dll, AssemblyResolver.OnResolve: Microsoft.TestPlatform.Extensions.EventLogCollector: Searching in: 'C:\Program Files (x86)\dotnet\sdk\8.0.303\Extensions'.
TpTrace Information: 0 : 12524, 1, 2024/07/28, 22:29:24.325, 6254937208076, vstest.console.dll, AssemblyResolver.OnResolve: Microsoft.TestPlatform.Extensions.EventLogCollector: Loading assembly 'C:\Program Files (x86)\dotnet\sdk\8.0.303\Extensions\Microsoft.TestPlatform.Extensions.EventLogCollector.dll'.
TpTrace Information: 0 : 12524, 1, 2024/07/28, 22:29:24.326, 6254937215559, vstest.console.dll, AssemblyResolver.OnResolve: Resolved assembly: Microsoft.TestPlatform.Extensions.EventLogCollector, from path: C:\Program Files (x86)\dotnet\sdk\8.0.303\Extensions\Microsoft.TestPlatform.Extensions.EventLogCollector.dll
TpTrace Verbose: 0 : 12524, 1, 2024/07/28, 22:29:24.326, 6254937216483, vstest.console.dll, MetadataReaderExtensionsHelper: Discovering extensions inside assembly 'Microsoft.TestPlatform.Extensions.EventLogCollector, Version=15.0.0.0, Culture=neutral, PublicKeyToken=b03f5f7f11d50a3a' file path 'C:\Program Files (x86)\dotnet\sdk\8.0.303\Extensions\Microsoft.TestPlatform.Extensions.EventLogCollector.dll'
TpTrace Information: 0 : 12524, 1, 2024/07/28, 22:29:24.328, 6254937236385, vstest.console.dll, AssemblyResolver.OnResolve: Microsoft.TestPlatform.TestHostRuntimeProvider: Resolving assembly.
TpTrace Information: 0 : 12524, 1, 2024/07/28, 22:29:24.328, 6254937237198, vstest.console.dll, AssemblyResolver.OnResolve: Microsoft.TestPlatform.TestHostRuntimeProvider: Searching in: 'C:\Program Files (x86)\dotnet\sdk\8.0.303\Extensions'.
TpTrace Information: 0 : 12524, 1, 2024/07/28, 22:29:24.329, 6254937239676, vstest.console.dll, AssemblyResolver.OnResolve: Microsoft.TestPlatform.TestHostRuntimeProvider: Loading assembly 'C:\Program Files (x86)\dotnet\sdk\8.0.303\Extensions\Microsoft.TestPlatform.TestHostRuntimeProvider.dll'.
TpTrace Information: 0 : 12524, 1, 2024/07/28, 22:29:24.329, 6254937244072, vstest.console.dll, AssemblyResolver.OnResolve: Resolved assembly: Microsoft.TestPlatform.TestHostRuntimeProvider, from path: C:\Program Files (x86)\dotnet\sdk\8.0.303\Extensions\Microsoft.TestPlatform.TestHostRuntimeProvider.dll
TpTrace Verbose: 0 : 12524, 1, 2024/07/28, 22:29:24.329, 6254937244937, vstest.console.dll, MetadataReaderExtensionsHelper: Discovering extensions inside assembly 'Microsoft.TestPlatform.TestHostRuntimeProvider, Version=15.0.0.0, Culture=neutral, PublicKeyToken=b03f5f7f11d50a3a' file path 'C:\Program Files (x86)\dotnet\sdk\8.0.303\Extensions\Microsoft.TestPlatform.TestHostRuntimeProvider.dll'
TpTrace Information: 0 : 12524, 1, 2024/07/28, 22:29:24.330, 6254937255900, vstest.console.dll, GetTestExtensionFromType: Register extension with identifier data 'HostProvider://DefaultTestHost' and type 'Microsoft.VisualStudio.TestPlatform.CrossPlatEngine.Hosting.DefaultTestHostManager, Microsoft.TestPlatform.TestHostRuntimeProvider, Version=15.0.0.0, Culture=neutral, PublicKeyToken=b03f5f7f11d50a3a' inside file 'C:\Program Files (x86)\dotnet\sdk\8.0.303\Extensions\Microsoft.TestPlatform.TestHostRuntimeProvider.dll'
TpTrace Information: 0 : 12524, 1, 2024/07/28, 22:29:24.330, 6254937258110, vstest.console.dll, GetTestExtensionFromType: Register extension with identifier data 'HostProvider://DotnetTestHost' and type 'Microsoft.VisualStudio.TestPlatform.CrossPlatEngine.Hosting.DotnetTestHostManager, Microsoft.TestPlatform.TestHostRuntimeProvider, Version=15.0.0.0, Culture=neutral, PublicKeyToken=b03f5f7f11d50a3a' inside file 'C:\Program Files (x86)\dotnet\sdk\8.0.303\Extensions\Microsoft.TestPlatform.TestHostRuntimeProvider.dll'
TpTrace Information: 0 : 12524, 1, 2024/07/28, 22:29:24.331, 6254937259061, vstest.console.dll, AssemblyResolver.OnResolve: Microsoft.VisualStudio.TestPlatform.Extensions.Html.TestLogger: Resolving assembly.
TpTrace Information: 0 : 12524, 1, 2024/07/28, 22:29:24.331, 6254937259673, vstest.console.dll, AssemblyResolver.OnResolve: Microsoft.VisualStudio.TestPlatform.Extensions.Html.TestLogger: Searching in: 'C:\Program Files (x86)\dotnet\sdk\8.0.303\Extensions'.
TpTrace Information: 0 : 12524, 1, 2024/07/28, 22:29:24.331, 6254937262160, vstest.console.dll, AssemblyResolver.OnResolve: Microsoft.VisualStudio.TestPlatform.Extensions.Html.TestLogger: Loading assembly 'C:\Program Files (x86)\dotnet\sdk\8.0.303\Extensions\Microsoft.VisualStudio.TestPlatform.Extensions.Html.TestLogger.dll'.
TpTrace Information: 0 : 12524, 1, 2024/07/28, 22:29:24.331, 6254937266526, vstest.console.dll, AssemblyResolver.OnResolve: Resolved assembly: Microsoft.VisualStudio.TestPlatform.Extensions.Html.TestLogger, from path: C:\Program Files (x86)\dotnet\sdk\8.0.303\Extensions\Microsoft.VisualStudio.TestPlatform.Extensions.Html.TestLogger.dll
TpTrace Verbose: 0 : 12524, 1, 2024/07/28, 22:29:24.331, 6254937267394, vstest.console.dll, MetadataReaderExtensionsHelper: Discovering extensions inside assembly 'Microsoft.VisualStudio.TestPlatform.Extensions.Html.TestLogger, Version=15.0.0.0, Culture=neutral, PublicKeyToken=b03f5f7f11d50a3a' file path 'C:\Program Files (x86)\dotnet\sdk\8.0.303\Extensions\Microsoft.VisualStudio.TestPlatform.Extensions.Html.TestLogger.dll'
TpTrace Information: 0 : 12524, 1, 2024/07/28, 22:29:24.332, 6254937272811, vstest.console.dll, AssemblyResolver.OnResolve: Microsoft.VisualStudio.TestPlatform.Extensions.Trx.TestLogger: Resolving assembly.
TpTrace Information: 0 : 12524, 1, 2024/07/28, 22:29:24.332, 6254937273590, vstest.console.dll, AssemblyResolver.OnResolve: Microsoft.VisualStudio.TestPlatform.Extensions.Trx.TestLogger: Searching in: 'C:\Program Files (x86)\dotnet\sdk\8.0.303\Extensions'.
TpTrace Information: 0 : 12524, 1, 2024/07/28, 22:29:24.332, 6254937276062, vstest.console.dll, AssemblyResolver.OnResolve: Microsoft.VisualStudio.TestPlatform.Extensions.Trx.TestLogger: Loading assembly 'C:\Program Files (x86)\dotnet\sdk\8.0.303\Extensions\Microsoft.VisualStudio.TestPlatform.Extensions.Trx.TestLogger.dll'.
TpTrace Information: 0 : 12524, 1, 2024/07/28, 22:29:24.333, 6254937281185, vstest.console.dll, AssemblyResolver.OnResolve: Resolved assembly: Microsoft.VisualStudio.TestPlatform.Extensions.Trx.TestLogger, from path: C:\Program Files (x86)\dotnet\sdk\8.0.303\Extensions\Microsoft.VisualStudio.TestPlatform.Extensions.Trx.TestLogger.dll
TpTrace Verbose: 0 : 12524, 1, 2024/07/28, 22:29:24.333, 6254937282010, vstest.console.dll, MetadataReaderExtensionsHelper: Discovering extensions inside assembly 'Microsoft.VisualStudio.TestPlatform.Extensions.Trx.TestLogger, Version=15.0.0.0, Culture=neutral, PublicKeyToken=b03f5f7f11d50a3a' file path 'C:\Program Files (x86)\dotnet\sdk\8.0.303\Extensions\Microsoft.VisualStudio.TestPlatform.Extensions.Trx.TestLogger.dll'
TpTrace Verbose: 0 : 12524, 1, 2024/07/28, 22:29:24.334, 6254937288921, vstest.console.dll, TestPluginCache: Discovered the extensions using extension path ''.
TpTrace Verbose: 0 : 12524, 1, 2024/07/28, 22:29:24.334, 6254937289709, vstest.console.dll, TestPluginCache: Discoverers are ''.
TpTrace Verbose: 0 : 12524, 1, 2024/07/28, 22:29:24.334, 6254937290248, vstest.console.dll, TestPluginCache: Executors are ''.
TpTrace Verbose: 0 : 12524, 1, 2024/07/28, 22:29:24.334, 6254937290792, vstest.console.dll, TestPluginCache: Executors2 are ''.
TpTrace Verbose: 0 : 12524, 1, 2024/07/28, 22:29:24.334, 6254937291314, vstest.console.dll, TestPluginCache: Setting providers are ''.
TpTrace Verbose: 0 : 12524, 1, 2024/07/28, 22:29:24.334, 6254937291837, vstest.console.dll, TestPluginCache: Loggers are ''.
TpTrace Verbose: 0 : 12524, 1, 2024/07/28, 22:29:24.334, 6254937292668, vstest.console.dll, TestPluginCache: TestHosts are 'HostProvider://DefaultTestHost,HostProvider://DotnetTestHost'.
TpTrace Verbose: 0 : 12524, 1, 2024/07/28, 22:29:24.334, 6254937293232, vstest.console.dll, TestPluginCache: DataCollectors are ''.
TpTrace Information: 0 : 12524, 1, 2024/07/28, 22:29:24.345, 6254937403433, vstest.console.dll, RunTestsArgumentProcessor:Execute: Test run is starting.
TpTrace Verbose: 0 : 12524, 1, 2024/07/28, 22:29:24.345, 6254937404483, vstest.console.dll, RunTestsArgumentProcessor:Execute: Queuing Test run.
TpTrace Information: 0 : 12524, 1, 2024/07/28, 22:29:24.345, 6254937406210, vstest.console.dll, TestRequestManager.RunTests: run tests started.
TpTrace Information: 0 : 12524, 1, 2024/07/28, 22:29:24.355, 6254937499809, vstest.console.dll, AssemblyMetadataProvider.GetFrameworkName: Determined framework:'.NETCoreApp,Version=v6.0' for source: 'D:\SoftUni\Front-End-Test-Automation-July-2024\11.Appium-Mobile-Exercise-2\TestGestures-My\TestGestures-My\bin\Debug\net6.0\fine-code-coverage\build-output\TestGestures-My.dll'
TpTrace Information: 0 : 12524, 1, 2024/07/28, 22:29:24.355, 6254937501796, vstest.console.dll, Determined framework for all sources: .NETCoreApp,Version=v6.0
TpTrace Verbose: 0 : 12524, 1, 2024/07/28, 22:29:24.355, 6254937505385, vstest.console.dll, TestRequestManager.UpdateRunSettingsIfRequired: Default architecture: X86 IsDefaultTargetArchitecture: True, Current process architecture: X86 OperatingSystem: Windows.
TpTrace Information: 0 : 12524, 1, 2024/07/28, 22:29:24.357, 6254937525328, vstest.console.dll, AssemblyMetadataProvider.GetArchitecture: Determined architecture:AnyCPU info for assembly: D:\SoftUni\Front-End-Test-Automation-July-2024\11.Appium-Mobile-Exercise-2\TestGestures-My\TestGestures-My\bin\Debug\net6.0\fine-code-coverage\build-output\TestGestures-My.dll
TpTrace Information: 0 : 12524, 1, 2024/07/28, 22:29:24.357, 6254937526214, vstest.console.dll, Determined platform for source 'D:\SoftUni\Front-End-Test-Automation-July-2024\11.Appium-Mobile-Exercise-2\TestGestures-My\TestGestures-My\bin\Debug\net6.0\fine-code-coverage\build-output\TestGestures-My.dll' was AnyCPU and it will use the default plaform X86.
TpTrace Information: 0 : 12524, 1, 2024/07/28, 22:29:24.357, 6254937526780, vstest.console.dll, None of the sources provided any runnable platform, using the default platform: X86
TpTrace Information: 0 : 12524, 1, 2024/07/28, 22:29:24.357, 6254937527665, vstest.console.dll, Platform was updated to 'X86'.
TpTrace Information: 0 : 12524, 1, 2024/07/28, 22:29:24.360, 6254937550833, vstest.console.dll, InferRunSettingsHelper.IsTestSettingsEnabled: Unable to navigate to RunSettings/MSTest. Current node: RunSettings
TpTrace Information: 0 : 12524, 1, 2024/07/28, 22:29:24.360, 6254937555666, vstest.console.dll, AssemblyResolver.OnResolve: Microsoft.VisualStudio.TestPlatform.Fakes: Resolving assembly.
TpTrace Information: 0 : 12524, 1, 2024/07/28, 22:29:24.360, 6254937556426, vstest.console.dll, AssemblyResolver.OnResolve: Microsoft.VisualStudio.TestPlatform.Fakes: Searching in: 'C:\Program Files (x86)\dotnet\sdk\8.0.303\Extensions'.
TpTrace Information: 0 : 12524, 1, 2024/07/28, 22:29:24.360, 6254937557679, vstest.console.dll, AssemblyResolver.OnResolve: Microsoft.VisualStudio.TestPlatform.Fakes: Assembly path does not exist: 'C:\Program Files (x86)\dotnet\sdk\8.0.303\Extensions\Microsoft.VisualStudio.TestPlatform.Fakes.dll', returning.
TpTrace Information: 0 : 12524, 1, 2024/07/28, 22:29:24.361, 6254937558714, vstest.console.dll, AssemblyResolver.OnResolve: Microsoft.VisualStudio.TestPlatform.Fakes: Assembly path does not exist: 'C:\Program Files (x86)\dotnet\sdk\8.0.303\Extensions\Microsoft.VisualStudio.TestPlatform.Fakes.exe', returning.
TpTrace Information: 0 : 12524, 1, 2024/07/28, 22:29:24.361, 6254937559335, vstest.console.dll, AssemblyResolver.OnResolve: Microsoft.VisualStudio.TestPlatform.Fakes: Searching in: 'C:\Program Files (x86)\dotnet\sdk\8.0.303'.
TpTrace Information: 0 : 12524, 1, 2024/07/28, 22:29:24.361, 6254937560317, vstest.console.dll, AssemblyResolver.OnResolve: Microsoft.VisualStudio.TestPlatform.Fakes: Assembly path does not exist: 'C:\Program Files (x86)\dotnet\sdk\8.0.303\Microsoft.VisualStudio.TestPlatform.Fakes.dll', returning.
TpTrace Information: 0 : 12524, 1, 2024/07/28, 22:29:24.361, 6254937561272, vstest.console.dll, AssemblyResolver.OnResolve: Microsoft.VisualStudio.TestPlatform.Fakes: Assembly path does not exist: 'C:\Program Files (x86)\dotnet\sdk\8.0.303\Microsoft.VisualStudio.TestPlatform.Fakes.exe', returning.
TpTrace Information: 0 : 12524, 1, 2024/07/28, 22:29:24.361, 6254937561895, vstest.console.dll, AssemblyResolver.OnResolve: Microsoft.VisualStudio.TestPlatform.Fakes: Failed to load assembly.
TpTrace Information: 0 : 12524, 1, 2024/07/28, 22:29:24.361, 6254937564097, vstest.console.dll, Failed to load assembly Microsoft.VisualStudio.TestPlatform.Fakes, Version=17.0.0.0, Culture=neutral. Reason:System.IO.FileNotFoundException: Could not load file or assembly 'Microsoft.VisualStudio.TestPlatform.Fakes, Version=17.0.0.0, Culture=neutral, PublicKeyToken=null'. The system cannot find the file specified.
File name: 'Microsoft.VisualStudio.TestPlatform.Fakes, Version=17.0.0.0, Culture=neutral, PublicKeyToken=null'
   at System.Reflection.RuntimeAssembly.InternalLoad(AssemblyName assemblyName, StackCrawlMark& stackMark, AssemblyLoadContext assemblyLoadContext, RuntimeAssembly requestingAssembly, Boolean throwOnFileNotFound)
   at System.Reflection.Assembly.Load(AssemblyName assemblyRef)
   at Microsoft.VisualStudio.TestPlatform.Common.Utilities.FakesUtilities.LoadTestPlatformAssembly() in /_/src/Microsoft.TestPlatform.Common/Utilities/FakesUtilities.cs:line 272
TpTrace Verbose: 0 : 12524, 1, 2024/07/28, 22:29:24.363, 6254937587841, vstest.console.dll, TestPluginCache.DiscoverTestExtensions: finding test extensions in assemblies ends with: TestLogger.dll TPluginInfo: Microsoft.VisualStudio.TestPlatform.Common.ExtensionFramework.Utilities.TestLoggerPluginInformation TExtension: Microsoft.VisualStudio.TestPlatform.ObjectModel.Client.ITestLogger
TpTrace Verbose: 0 : 12524, 1, 2024/07/28, 22:29:24.364, 6254937588819, vstest.console.dll, TestPluginCache.GetExtensionPaths: Filtered extension paths: 
TpTrace Verbose: 0 : 12524, 1, 2024/07/28, 22:29:24.364, 6254937589414, vstest.console.dll, TestPluginCache.GetExtensionPaths: Added default extension paths: C:\Program Files (x86)\dotnet\sdk\8.0.303\Extensions\Microsoft.Diagnostics.NETCore.Client.dll
C:\Program Files (x86)\dotnet\sdk\8.0.303\Extensions\Microsoft.TestPlatform.Extensions.BlameDataCollector.dll
C:\Program Files (x86)\dotnet\sdk\8.0.303\Extensions\Microsoft.TestPlatform.Extensions.EventLogCollector.dll
C:\Program Files (x86)\dotnet\sdk\8.0.303\Extensions\Microsoft.TestPlatform.TestHostRuntimeProvider.dll
C:\Program Files (x86)\dotnet\sdk\8.0.303\Extensions\Microsoft.VisualStudio.TestPlatform.Extensions.Html.TestLogger.dll
C:\Program Files (x86)\dotnet\sdk\8.0.303\Extensions\Microsoft.VisualStudio.TestPlatform.Extensions.Trx.TestLogger.dll
TpTrace Verbose: 0 : 12524, 1, 2024/07/28, 22:29:24.364, 6254937590012, vstest.console.dll, TestPluginCache.GetExtensionPaths: Added unfilterableExtensionPaths: 
TpTrace Information: 0 : 12524, 1, 2024/07/28, 22:29:24.364, 6254937591304, vstest.console.dll, AssemblyResolver.AddSearchDirectories: Adding more searchDirectories C:\Program Files (x86)\dotnet\sdk\8.0.303\Extensions,C:\Program Files (x86)\dotnet\sdk\8.0.303
TpTrace Verbose: 0 : 12524, 1, 2024/07/28, 22:29:24.364, 6254937591962, vstest.console.dll, TestPluginCache.DiscoverTestExtensions: Discovering the extensions using extension path.
TpTrace Verbose: 0 : 12524, 1, 2024/07/28, 22:29:24.364, 6254937592534, vstest.console.dll, TestPluginCache.GetExtensionPaths: Filtered extension paths: 
TpTrace Verbose: 0 : 12524, 1, 2024/07/28, 22:29:24.364, 6254937593558, vstest.console.dll, TestPluginCache.GetExtensionPaths: Added default extension paths: C:\Program Files (x86)\dotnet\sdk\8.0.303\Extensions\Microsoft.Diagnostics.NETCore.Client.dll
C:\Program Files (x86)\dotnet\sdk\8.0.303\Extensions\Microsoft.TestPlatform.Extensions.BlameDataCollector.dll
C:\Program Files (x86)\dotnet\sdk\8.0.303\Extensions\Microsoft.TestPlatform.Extensions.EventLogCollector.dll
C:\Program Files (x86)\dotnet\sdk\8.0.303\Extensions\Microsoft.TestPlatform.TestHostRuntimeProvider.dll
C:\Program Files (x86)\dotnet\sdk\8.0.303\Extensions\Microsoft.VisualStudio.TestPlatform.Extensions.Html.TestLogger.dll
C:\Program Files (x86)\dotnet\sdk\8.0.303\Extensions\Microsoft.VisualStudio.TestPlatform.Extensions.Trx.TestLogger.dll
TpTrace Verbose: 0 : 12524, 1, 2024/07/28, 22:29:24.364, 6254937594182, vstest.console.dll, TestPluginCache.GetExtensionPaths: Added unfilterableExtensionPaths: 
TpTrace Verbose: 0 : 12524, 1, 2024/07/28, 22:29:24.364, 6254937594771, vstest.console.dll, TestPluginCache.DiscoverTestExtensions: Discovering the extensions using allExtensionPaths: C:\Program Files (x86)\dotnet\sdk\8.0.303\Extensions\Microsoft.Diagnostics.NETCore.Client.dll
C:\Program Files (x86)\dotnet\sdk\8.0.303\Extensions\Microsoft.TestPlatform.Extensions.BlameDataCollector.dll
C:\Program Files (x86)\dotnet\sdk\8.0.303\Extensions\Microsoft.TestPlatform.Extensions.EventLogCollector.dll
C:\Program Files (x86)\dotnet\sdk\8.0.303\Extensions\Microsoft.TestPlatform.TestHostRuntimeProvider.dll
C:\Program Files (x86)\dotnet\sdk\8.0.303\Extensions\Microsoft.VisualStudio.TestPlatform.Extensions.Html.TestLogger.dll
C:\Program Files (x86)\dotnet\sdk\8.0.303\Extensions\Microsoft.VisualStudio.TestPlatform.Extensions.Trx.TestLogger.dll
TpTrace Information: 0 : 12524, 1, 2024/07/28, 22:29:24.364, 6254937595473, vstest.console.dll, AssemblyResolver.AddSearchDirectories: Adding more searchDirectories C:\Program Files (x86)\dotnet\sdk\8.0.303\Extensions,C:\Program Files (x86)\dotnet\sdk\8.0.303
TpTrace Information: 0 : 12524, 1, 2024/07/28, 22:29:24.364, 6254937596066, vstest.console.dll, AssemblyResolver.AddSearchDirectories: Adding more searchDirectories C:\Program Files (x86)\dotnet\sdk\8.0.303\Extensions,C:\Program Files (x86)\dotnet\sdk\8.0.303
TpTrace Information: 0 : 12524, 1, 2024/07/28, 22:29:24.364, 6254937596673, vstest.console.dll, AssemblyResolver.AddSearchDirectories: Adding more searchDirectories C:\Program Files (x86)\dotnet\sdk\8.0.303\Extensions,C:\Program Files (x86)\dotnet\sdk\8.0.303
TpTrace Information: 0 : 12524, 1, 2024/07/28, 22:29:24.364, 6254937597227, vstest.console.dll, AssemblyResolver.AddSearchDirectories: Adding more searchDirectories C:\Program Files (x86)\dotnet\sdk\8.0.303\Extensions,C:\Program Files (x86)\dotnet\sdk\8.0.303
TpTrace Information: 0 : 12524, 1, 2024/07/28, 22:29:24.364, 6254937597781, vstest.console.dll, AssemblyResolver.AddSearchDirectories: Adding more searchDirectories C:\Program Files (x86)\dotnet\sdk\8.0.303\Extensions,C:\Program Files (x86)\dotnet\sdk\8.0.303
TpTrace Information: 0 : 12524, 1, 2024/07/28, 22:29:24.365, 6254937598374, vstest.console.dll, AssemblyResolver.AddSearchDirectories: Adding more searchDirectories C:\Program Files (x86)\dotnet\sdk\8.0.303\Extensions,C:\Program Files (x86)\dotnet\sdk\8.0.303
TpTrace Verbose: 0 : 12524, 1, 2024/07/28, 22:29:24.365, 6254937599470, vstest.console.dll, MetadataReaderExtensionsHelper: Discovering extensions inside assembly 'Microsoft.Diagnostics.NETCore.Client, Version=0.2.10.15101, Culture=neutral, PublicKeyToken=31bf3856ad364e35' file path 'C:\Program Files (x86)\dotnet\sdk\8.0.303\Extensions\Microsoft.Diagnostics.NETCore.Client.dll'
TpTrace Information: 0 : 12524, 1, 2024/07/28, 22:29:24.365, 6254937604953, vstest.console.dll, AssemblyResolver.OnResolve: Microsoft.Bcl.AsyncInterfaces: Resolving assembly.
TpTrace Information: 0 : 12524, 1, 2024/07/28, 22:29:24.365, 6254937605672, vstest.console.dll, AssemblyResolver.OnResolve: Microsoft.Bcl.AsyncInterfaces: Resolved from cache.
TpTrace Verbose: 0 : 12524, 1, 2024/07/28, 22:29:24.365, 6254937606761, vstest.console.dll, CurrentDomainAssemblyResolve: Resolving assembly 'Microsoft.Bcl.AsyncInterfaces'.
TpTrace Information: 0 : 12524, 1, 2024/07/28, 22:29:24.365, 6254937607870, vstest.console.dll, AssemblyResolver.OnResolve: Microsoft.Bcl.AsyncInterfaces: Resolving assembly.
TpTrace Information: 0 : 12524, 1, 2024/07/28, 22:29:24.366, 6254937608499, vstest.console.dll, AssemblyResolver.OnResolve: Microsoft.Bcl.AsyncInterfaces: Resolved from cache.
TpTrace Verbose: 0 : 12524, 1, 2024/07/28, 22:29:24.366, 6254937609030, vstest.console.dll, CurrentDomainAssemblyResolve: Resolving assembly 'Microsoft.Bcl.AsyncInterfaces'.
TpTrace Verbose: 0 : 12524, 1, 2024/07/28, 22:29:24.366, 6254937609566, vstest.console.dll, CurrentDomainAssemblyResolve: Failed to resolve assembly 'Microsoft.Bcl.AsyncInterfaces'.
TpTrace Verbose: 0 : 12524, 1, 2024/07/28, 22:29:24.366, 6254937611060, vstest.console.dll, CurrentDomainAssemblyResolve: Failed to resolve assembly 'Microsoft.Bcl.AsyncInterfaces'.
TpTrace Warning: 0 : 12524, 1, 2024/07/28, 22:29:24.366, 6254937614652, vstest.console.dll, TestPluginDiscoverer: Failed to get types from assembly 'Microsoft.Diagnostics.NETCore.Client, Version=0.2.10.15101, Culture=neutral, PublicKeyToken=31bf3856ad364e35'. Error: System.Reflection.ReflectionTypeLoadException: Unable to load one or more of the requested types.
Could not load file or assembly 'Microsoft.Bcl.AsyncInterfaces, Version=6.0.0.0, Culture=neutral, PublicKeyToken=cc7b13ffcd2ddd51'. The system cannot find the file specified.
   at System.Reflection.RuntimeModule.GetTypes(RuntimeModule module)
   at System.Reflection.RuntimeModule.GetTypes()
   at System.Reflection.Assembly.GetTypes()
   at Microsoft.VisualStudio.TestPlatform.Common.ExtensionFramework.TestPluginDiscoverer.GetTestExtensionsFromAssembly[TPluginInfo,TExtension](Assembly assembly, Dictionary`2 pluginInfos, String filePath) in /_/src/Microsoft.TestPlatform.Common/ExtensionFramework/TestPluginDiscoverer.cs:line 158
System.IO.FileNotFoundException: Could not load file or assembly 'Microsoft.Bcl.AsyncInterfaces, Version=6.0.0.0, Culture=neutral, PublicKeyToken=cc7b13ffcd2ddd51'. The system cannot find the file specified.
File name: 'Microsoft.Bcl.AsyncInterfaces, Version=6.0.0.0, Culture=neutral, PublicKeyToken=cc7b13ffcd2ddd51'
 ---> System.IO.FileNotFoundException: Could not load file or assembly 'Microsoft.Bcl.AsyncInterfaces, Culture=neutral, PublicKeyToken=null'. The system cannot find the file specified.
File name: 'Microsoft.Bcl.AsyncInterfaces, Culture=neutral, PublicKeyToken=null'
   at System.Reflection.RuntimeAssembly.InternalLoad(AssemblyName assemblyName, StackCrawlMark& stackMark, AssemblyLoadContext assemblyLoadContext, RuntimeAssembly requestingAssembly, Boolean throwOnFileNotFound)
   at System.Reflection.Assembly.Load(AssemblyName assemblyRef)
   at Microsoft.VisualStudio.TestPlatform.Common.ExtensionFramework.TestPluginCache.CurrentDomainAssemblyResolve(Object sender, AssemblyResolveEventArgs args) in /_/src/Microsoft.TestPlatform.Common/ExtensionFramework/TestPluginCache.cs:line 513
   at Microsoft.VisualStudio.TestPlatform.PlatformAbstractions.PlatformAssemblyResolver.AssemblyResolverEvent(Object sender, Object eventArgs) in /_/src/Microsoft.TestPlatform.PlatformAbstractions/netcore/Runtime/PlatformAssemblyResolver.cs:line 74
   at System.Runtime.Loader.AssemblyLoadContext.GetFirstResolvedAssemblyFromResolvingEvent(AssemblyName assemblyName)
   at System.Runtime.Loader.AssemblyLoadContext.ResolveUsingEvent(AssemblyName assemblyName)
   at System.Runtime.Loader.AssemblyLoadContext.ResolveUsingResolvingEvent(IntPtr gchManagedAssemblyLoadContext, AssemblyName assemblyName)
TpTrace Warning: 0 : 12524, 1, 2024/07/28, 22:29:24.366, 6254937617246, vstest.console.dll, LoaderExceptions: System.IO.FileNotFoundException: Could not load file or assembly 'Microsoft.Bcl.AsyncInterfaces, Version=6.0.0.0, Culture=neutral, PublicKeyToken=cc7b13ffcd2ddd51'. The system cannot find the file specified.
File name: 'Microsoft.Bcl.AsyncInterfaces, Version=6.0.0.0, Culture=neutral, PublicKeyToken=cc7b13ffcd2ddd51'
 ---> System.IO.FileNotFoundException: Could not load file or assembly 'Microsoft.Bcl.AsyncInterfaces, Culture=neutral, PublicKeyToken=null'. The system cannot find the file specified.
File name: 'Microsoft.Bcl.AsyncInterfaces, Culture=neutral, PublicKeyToken=null'
   at System.Reflection.RuntimeAssembly.InternalLoad(AssemblyName assemblyName, StackCrawlMark& stackMark, AssemblyLoadContext assemblyLoadContext, RuntimeAssembly requestingAssembly, Boolean throwOnFileNotFound)
   at System.Reflection.Assembly.Load(AssemblyName assemblyRef)
   at Microsoft.VisualStudio.TestPlatform.Common.ExtensionFramework.TestPluginCache.CurrentDomainAssemblyResolve(Object sender, AssemblyResolveEventArgs args) in /_/src/Microsoft.TestPlatform.Common/ExtensionFramework/TestPluginCache.cs:line 513
   at Microsoft.VisualStudio.TestPlatform.PlatformAbstractions.PlatformAssemblyResolver.AssemblyResolverEvent(Object sender, Object eventArgs) in /_/src/Microsoft.TestPlatform.PlatformAbstractions/netcore/Runtime/PlatformAssemblyResolver.cs:line 74
   at System.Runtime.Loader.AssemblyLoadContext.GetFirstResolvedAssemblyFromResolvingEvent(AssemblyName assemblyName)
   at System.Runtime.Loader.AssemblyLoadContext.ResolveUsingEvent(AssemblyName assemblyName)
   at System.Runtime.Loader.AssemblyLoadContext.ResolveUsingResolvingEvent(IntPtr gchManagedAssemblyLoadContext, AssemblyName assemblyName)
TpTrace Verbose: 0 : 12524, 1, 2024/07/28, 22:29:24.367, 6254937618826, vstest.console.dll, MetadataReaderExtensionsHelper: Discovering extensions inside assembly 'Microsoft.TestPlatform.Extensions.BlameDataCollector, Version=15.0.0.0, Culture=neutral, PublicKeyToken=b03f5f7f11d50a3a' file path 'C:\Program Files (x86)\dotnet\sdk\8.0.303\Extensions\Microsoft.TestPlatform.Extensions.BlameDataCollector.dll'
TpTrace Information: 0 : 12524, 1, 2024/07/28, 22:29:24.367, 6254937624104, vstest.console.dll, GetTestExtensionFromType: Register extension with identifier data 'logger://Microsoft/TestPlatform/Extensions/Blame/v1' and type 'Microsoft.TestPlatform.Extensions.BlameDataCollector.BlameLogger, Microsoft.TestPlatform.Extensions.BlameDataCollector, Version=15.0.0.0, Culture=neutral, PublicKeyToken=b03f5f7f11d50a3a' inside file 'C:\Program Files (x86)\dotnet\sdk\8.0.303\Extensions\Microsoft.TestPlatform.Extensions.BlameDataCollector.dll'
TpTrace Verbose: 0 : 12524, 1, 2024/07/28, 22:29:24.367, 6254937625030, vstest.console.dll, MetadataReaderExtensionsHelper: Discovering extensions inside assembly 'Microsoft.TestPlatform.Extensions.EventLogCollector, Version=15.0.0.0, Culture=neutral, PublicKeyToken=b03f5f7f11d50a3a' file path 'C:\Program Files (x86)\dotnet\sdk\8.0.303\Extensions\Microsoft.TestPlatform.Extensions.EventLogCollector.dll'
TpTrace Verbose: 0 : 12524, 1, 2024/07/28, 22:29:24.367, 6254937627981, vstest.console.dll, MetadataReaderExtensionsHelper: Discovering extensions inside assembly 'Microsoft.TestPlatform.TestHostRuntimeProvider, Version=15.0.0.0, Culture=neutral, PublicKeyToken=b03f5f7f11d50a3a' file path 'C:\Program Files (x86)\dotnet\sdk\8.0.303\Extensions\Microsoft.TestPlatform.TestHostRuntimeProvider.dll'
TpTrace Verbose: 0 : 12524, 1, 2024/07/28, 22:29:24.368, 6254937630702, vstest.console.dll, MetadataReaderExtensionsHelper: Discovering extensions inside assembly 'Microsoft.VisualStudio.TestPlatform.Extensions.Html.TestLogger, Version=15.0.0.0, Culture=neutral, PublicKeyToken=b03f5f7f11d50a3a' file path 'C:\Program Files (x86)\dotnet\sdk\8.0.303\Extensions\Microsoft.VisualStudio.TestPlatform.Extensions.Html.TestLogger.dll'
TpTrace Information: 0 : 12524, 1, 2024/07/28, 22:29:24.368, 6254937636212, vstest.console.dll, GetTestExtensionFromType: Register extension with identifier data 'logger://Microsoft/TestPlatform/HtmlLogger/v1' and type 'Microsoft.VisualStudio.TestPlatform.Extensions.HtmlLogger.HtmlLogger, Microsoft.VisualStudio.TestPlatform.Extensions.Html.TestLogger, Version=15.0.0.0, Culture=neutral, PublicKeyToken=b03f5f7f11d50a3a' inside file 'C:\Program Files (x86)\dotnet\sdk\8.0.303\Extensions\Microsoft.VisualStudio.TestPlatform.Extensions.Html.TestLogger.dll'
TpTrace Verbose: 0 : 12524, 1, 2024/07/28, 22:29:24.368, 6254937637102, vstest.console.dll, MetadataReaderExtensionsHelper: Discovering extensions inside assembly 'Microsoft.VisualStudio.TestPlatform.Extensions.Trx.TestLogger, Version=15.0.0.0, Culture=neutral, PublicKeyToken=b03f5f7f11d50a3a' file path 'C:\Program Files (x86)\dotnet\sdk\8.0.303\Extensions\Microsoft.VisualStudio.TestPlatform.Extensions.Trx.TestLogger.dll'
TpTrace Information: 0 : 12524, 1, 2024/07/28, 22:29:24.369, 6254937640542, vstest.console.dll, GetTestExtensionFromType: Register extension with identifier data 'logger://Microsoft/TestPlatform/TrxLogger/v1' and type 'Microsoft.VisualStudio.TestPlatform.Extensions.TrxLogger.TrxLogger, Microsoft.VisualStudio.TestPlatform.Extensions.Trx.TestLogger, Version=15.0.0.0, Culture=neutral, PublicKeyToken=b03f5f7f11d50a3a' inside file 'C:\Program Files (x86)\dotnet\sdk\8.0.303\Extensions\Microsoft.VisualStudio.TestPlatform.Extensions.Trx.TestLogger.dll'
TpTrace Verbose: 0 : 12524, 1, 2024/07/28, 22:29:24.369, 6254937641419, vstest.console.dll, TestPluginCache: Discovered the extensions using extension path ''.
TpTrace Verbose: 0 : 12524, 1, 2024/07/28, 22:29:24.369, 6254937641986, vstest.console.dll, TestPluginCache: Discoverers are ''.
TpTrace Verbose: 0 : 12524, 1, 2024/07/28, 22:29:24.369, 6254937642497, vstest.console.dll, TestPluginCache: Executors are ''.
TpTrace Verbose: 0 : 12524, 1, 2024/07/28, 22:29:24.369, 6254937642999, vstest.console.dll, TestPluginCache: Executors2 are ''.
TpTrace Verbose: 0 : 12524, 1, 2024/07/28, 22:29:24.369, 6254937643496, vstest.console.dll, TestPluginCache: Setting providers are ''.
TpTrace Verbose: 0 : 12524, 1, 2024/07/28, 22:29:24.369, 6254937644311, vstest.console.dll, TestPluginCache: Loggers are 'logger://Microsoft/TestPlatform/Extensions/Blame/v1,logger://Microsoft/TestPlatform/HtmlLogger/v1,logger://Microsoft/TestPlatform/TrxLogger/v1'.
TpTrace Verbose: 0 : 12524, 1, 2024/07/28, 22:29:24.369, 6254937644972, vstest.console.dll, TestPluginCache: TestHosts are 'HostProvider://DefaultTestHost,HostProvider://DotnetTestHost'.
TpTrace Verbose: 0 : 12524, 1, 2024/07/28, 22:29:24.369, 6254937645781, vstest.console.dll, TestPluginCache: DataCollectors are ''.
TpTrace Information: 0 : 12524, 1, 2024/07/28, 22:29:24.370, 6254937657108, vstest.console.dll, TestPluginManager.CreateTestExtension: Attempting to load test extension: Microsoft.TestPlatform.Extensions.BlameDataCollector.BlameLogger
TpTrace Verbose: 0 : 12524, 1, 2024/07/28, 22:29:24.378, 6254937731952, vstest.console.dll, TestEngine: Initializing Parallel Execution as MaxCpuCount is set to: 1
TpTrace Information: 0 : 12524, 1, 2024/07/28, 22:29:24.379, 6254937743172, vstest.console.dll, TestPluginManager.CreateTestExtension: Attempting to load test extension: Microsoft.VisualStudio.TestPlatform.CrossPlatEngine.Hosting.DefaultTestHostManager
TpTrace Information: 0 : 12524, 1, 2024/07/28, 22:29:24.380, 6254937750065, vstest.console.dll, TestPluginManager.CreateTestExtension: Attempting to load test extension: Microsoft.VisualStudio.TestPlatform.CrossPlatEngine.Hosting.DotnetTestHostManager
TpTrace Information: 0 : 12524, 1, 2024/07/28, 22:29:24.380, 6254937754050, vstest.console.dll, InferRunSettingsHelper.IsTestSettingsEnabled: Unable to navigate to RunSettings/MSTest. Current node: RunSettings
TpTrace Verbose: 0 : 12524, 1, 2024/07/28, 22:29:24.381, 6254937759187, vstest.console.dll, ParallelOperationManager.ClearSlots: Clearing all slots. Slots should accept more work: True
TpTrace Verbose: 0 : 12524, 1, 2024/07/28, 22:29:24.381, 6254937764636, vstest.console.dll, ParallelOperationManager.SetOccupiedSlotCount: Setting slot counts AvailableSlotCount = 1, OccupiedSlotCount = 0.
TpTrace Verbose: 0 : 12524, 1, 2024/07/28, 22:29:24.381, 6254937767710, vstest.console.dll, Occupied slots:

TpTrace Verbose: 0 : 12524, 1, 2024/07/28, 22:29:24.385, 6254937805567, vstest.console.dll, TestEngine.GetExecutionManager: Chosen execution manager 'Microsoft.VisualStudio.TestPlatform.CrossPlatEngine.Client.Parallel.ParallelProxyExecutionManager, Microsoft.TestPlatform.CrossPlatEngine, Version=15.0.0.0, Culture=neutral, PublicKeyToken=b03f5f7f11d50a3a' ParallelLevel '1'.
TpTrace Verbose: 0 : 12524, 1, 2024/07/28, 22:29:24.385, 6254937807569, vstest.console.dll, TestRunRequest.ExecuteAsync: Creating test run request.
TpTrace Verbose: 0 : 12524, 1, 2024/07/28, 22:29:24.386, 6254937809892, vstest.console.dll, TestRunRequest.ExecuteAsync: Starting.
TpTrace Information: 0 : 12524, 1, 2024/07/28, 22:29:24.387, 6254937821164, vstest.console.dll, TestRunRequest.ExecuteAsync: Starting run with settings:TestRunCriteria:
   KeepAlive=False,FrequencyOfRunStatsChangeEvent=10,RunStatsChangeEventTimeout=00:00:01.5000000,TestCaseFilter=,TestExecutorLauncher=
   Settingsxml=<RunSettings>
  <RunConfiguration>
    <ResultsDirectory>D:\SoftUni\Front-End-Test-Automation-July-2024\11.Appium-Mobile-Exercise-2\TestGestures-My\TestGestures-My\bin\Debug\net6.0\fine-code-coverage\coverage-tool-output</ResultsDirectory>
    <TargetPlatform>X86</TargetPlatform>
    <TargetFrameworkVersion>.NETCoreApp,Version=v6.0</TargetFrameworkVersion>
    <DesignMode>False</DesignMode>
    <CollectSourceInformation>False</CollectSourceInformation>
  </RunConfiguration>
  <LoggerRunSettings>
    <Loggers>
      <Logger friendlyName="blame" enabled="True" />
      <Logger friendlyName="Console" uri="logger://microsoft/TestPlatform/ConsoleLogger/v1" assemblyQualifiedName="Microsoft.VisualStudio.TestPlatform.CommandLine.Internal.ConsoleLogger, vstest.console, Version=15.0.0.0, Culture=neutral, PublicKeyToken=b03f5f7f11d50a3a" codeBase="C:\Program Files (x86)\dotnet\sdk\8.0.303\vstest.console.dll" enabled="True" />
    </Loggers>
  </LoggerRunSettings>
  <DataCollectionRunSettings>
    <DataCollectors>
      <DataCollector friendlyName="blame" enabled="True">
        <Configuration>
          <ResultsDirectory>D:\SoftUni\Front-End-Test-Automation-July-2024\11.Appium-Mobile-Exercise-2\TestGestures-My\TestGestures-My\bin\Debug\net6.0\fine-code-coverage\coverage-tool-output</ResultsDirectory>
        </Configuration>
      </DataCollector>
    </DataCollectors>
  </DataCollectionRunSettings>
</RunSettings>

TpTrace Verbose: 0 : 12524, 1, 2024/07/28, 22:29:24.387, 6254937821988, vstest.console.dll, TestRunRequest.ExecuteAsync: Wait for the first run request is over.
TpTrace Verbose: 0 : 12524, 1, 2024/07/28, 22:29:24.387, 6254937824813, vstest.console.dll, MulticastDelegateUtilities.SafeInvoke: TestRun.TestRunStart: Invoking callbacks was skipped because there are no subscribers.
TpTrace Verbose: 0 : 12524, 4, 2024/07/28, 22:29:24.387, 6254937827128, vstest.console.dll, MulticastDelegateUtilities.SafeInvoke: InternalTestLoggerEvents.SendTestRunStart: Invoking callback 1/1 for Microsoft.VisualStudio.TestPlatform.CommandLine.Internal.ConsoleLogger., took 0 ms.
TpTrace Verbose: 0 : 12524, 1, 2024/07/28, 22:29:24.388, 6254937833173, vstest.console.dll, ParallelProxyExecutionManager: Start execution. Total sources: 1
TpTrace Verbose: 0 : 12524, 1, 2024/07/28, 22:29:24.388, 6254937837645, vstest.console.dll, ParallelOperationManager.StartWork: Starting adding 1 workloads.
TpTrace Verbose: 0 : 12524, 1, 2024/07/28, 22:29:24.389, 6254937838929, vstest.console.dll, ParallelOperationManager.ClearSlots: Clearing all slots. Slots should accept more work: True
TpTrace Verbose: 0 : 12524, 1, 2024/07/28, 22:29:24.389, 6254937840246, vstest.console.dll, ParallelOperationManager.SetOccupiedSlotCount: Setting slot counts AvailableSlotCount = 1, OccupiedSlotCount = 0.
TpTrace Verbose: 0 : 12524, 1, 2024/07/28, 22:29:24.389, 6254937841158, vstest.console.dll, Occupied slots:

TpTrace Verbose: 0 : 12524, 1, 2024/07/28, 22:29:24.390, 6254937855419, vstest.console.dll, TestRequestSender is acting as server.
TpTrace Verbose: 0 : 12524, 1, 2024/07/28, 22:29:24.391, 6254937864776, vstest.console.dll, ParallelOperationManager.RunWorkInParallel: Adding 1 workload to slot, remaining workloads 0.
TpTrace Verbose: 0 : 12524, 1, 2024/07/28, 22:29:24.391, 6254937865637, vstest.console.dll, ParallelOperationManager.SetOccupiedSlotCount: Setting slot counts AvailableSlotCount = 0, OccupiedSlotCount = 1.
TpTrace Verbose: 0 : 12524, 1, 2024/07/28, 22:29:24.391, 6254937866791, vstest.console.dll, Occupied slots:
0: D:\SoftUni\Front-End-Test-Automation-July-2024\11.Appium-Mobile-Exercise-2\TestGestures-My\TestGestures-My\bin\Debug\net6.0\fine-code-coverage\build-output\TestGestures-My.dll
TpTrace Verbose: 0 : 12524, 1, 2024/07/28, 22:29:24.392, 6254937875900, vstest.console.dll, ParallelOperationManager.RunWorkInParallel: Started host in slot number 0 for work (source): D:\SoftUni\Front-End-Test-Automation-July-2024\11.Appium-Mobile-Exercise-2\TestGestures-My\TestGestures-My\bin\Debug\net6.0\fine-code-coverage\build-output\TestGestures-My.dll.
TpTrace Verbose: 0 : 12524, 1, 2024/07/28, 22:29:24.393, 6254937885500, vstest.console.dll, ParallelOperationManager.RunWorkInParallel: We started 1 work items, which is the max parallel level. Won't start more work.
TpTrace Verbose: 0 : 12524, 1, 2024/07/28, 22:29:24.393, 6254937886565, vstest.console.dll, ParallelOperationManager.RunWorkInParallel: We started 1 work items in here, returning True.
TpTrace Information: 0 : 12524, 1, 2024/07/28, 22:29:24.393, 6254937887558, vstest.console.dll, TestRunRequest.ExecuteAsync: Started.
TpTrace Verbose: 0 : 12524, 5, 2024/07/28, 22:29:24.393, 6254937886645, vstest.console.dll, ParallelProxyExecutionManager.StartTestRunOnConcurrentManager: Initializing uninitialized client. Started clients: 0
TpTrace Verbose: 0 : 12524, 5, 2024/07/28, 22:29:24.394, 6254937889997, vstest.console.dll, DataCollectionRequestSender.InitializeCommunication : Initialize communication. 
TpTrace Verbose: 0 : 12524, 1, 2024/07/28, 22:29:24.394, 6254937893791, vstest.console.dll, TestRunRequest.WaitForCompletion: Waiting with timeout -1.
TpTrace Information: 0 : 12524, 5, 2024/07/28, 22:29:24.402, 6254937968802, vstest.console.dll, Listening on Endpoint : 127.0.0.1:53628
TpTrace Verbose: 0 : 12524, 5, 2024/07/28, 22:29:24.407, 6254938023823, vstest.console.dll, DotnetDataCollectionLauncher: Adding  --runtimeconfig "C:\Program Files (x86)\dotnet\sdk\8.0.303\datacollector.runtimeconfig.json" in args
TpTrace Verbose: 0 : 12524, 5, 2024/07/28, 22:29:24.407, 6254938025343, vstest.console.dll, DotnetDataCollectionLauncher: Adding  --depsfile "C:\Program Files (x86)\dotnet\sdk\8.0.303\datacollector.deps.json" in args
TpTrace Verbose: 0 : 12524, 5, 2024/07/28, 22:29:24.407, 6254938027953, vstest.console.dll, DotnetDataCollectionLauncher: Full path of dotnet.exe is C:\Program Files (x86)\dotnet\dotnet.exe
TpTrace Information: 0 : 12524, 5, 2024/07/28, 22:29:24.415, 6254938105081, vstest.console.dll, ProxyDataCollectionManager.Initialize: Launched datacollector processId: 22816 port: 53628
TpTrace Information: 0 : 12524, 5, 2024/07/28, 22:29:24.415, 6254938106547, vstest.console.dll, ProxyDataCollectionManager.Initialize: waiting for connection with timeout: 90 seconds
TpTrace Verbose: 0 : 12524, 5, 2024/07/28, 22:29:24.415, 6254938107284, vstest.console.dll, DataCollectionRequestSender.WaitForRequestHandlerConnection : Waiting for connection with timeout: 90000
TpTrace Information: 0 : 12524, 7, 2024/07/28, 22:29:24.574, 6254939691198, vstest.console.dll, Using the buffer size of 16384 bytes
TpTrace Information: 0 : 12524, 7, 2024/07/28, 22:29:24.574, 6254939692397, vstest.console.dll, Accepted Client request and set the flag
TpTrace Verbose: 0 : 12524, 5, 2024/07/28, 22:29:24.574, 6254939691824, vstest.console.dll, SocketCommunicationManager.WaitForClientConnection took: 158 ms, with 90000 ms timeout, and finished with True.
TpTrace Verbose: 0 : 12524, 5, 2024/07/28, 22:29:24.574, 6254939694175, vstest.console.dll, ProxyDataCollectionManager.InvokeDataCollectionServiceAction: Starting.
TpTrace Information: 0 : 12524, 5, 2024/07/28, 22:29:24.574, 6254939695065, vstest.console.dll, ProxyDataCollectionManager.BeforeTestRunStart: Get environment variable and port for datacollector processId: 22816 port: 53628
TpTrace Verbose: 0 : 12524, 5, 2024/07/28, 22:29:24.574, 6254939696173, vstest.console.dll, DataCollectionRequestSender.SendBeforeTestRunStartAndGetResult: Send BeforeTestRunStart message with settingsXml <RunSettings><RunConfiguration><ResultsDirectory>D:\SoftUni\Front-End-Test-Automation-July-2024\11.Appium-Mobile-Exercise-2\TestGestures-My\TestGestures-My\bin\Debug\net6.0\fine-code-coverage\coverage-tool-output</ResultsDirectory><TargetPlatform>X86</TargetPlatform><TargetFrameworkVersion>.NETCoreApp,Version=v6.0</TargetFrameworkVersion><DesignMode>False</DesignMode><CollectSourceInformation>False</CollectSourceInformation><TestAdaptersPaths>C:\Program Files (x86)\dotnet\sdk\8.0.303\Extensions</TestAdaptersPaths></RunConfiguration><LoggerRunSettings><Loggers><Logger friendlyName="blame" enabled="True" /><Logger friendlyName="Console" uri="logger://microsoft/TestPlatform/ConsoleLogger/v1" assemblyQualifiedName="Microsoft.VisualStudio.TestPlatform.CommandLine.Internal.ConsoleLogger, vstest.console, Version=15.0.0.0, Culture=neutral, PublicKeyToken=b03f5f7f11d50a3a" codeBase="C:\Program Files (x86)\dotnet\sdk\8.0.303\vstest.console.dll" enabled="True" /></Loggers></LoggerRunSettings><DataCollectionRunSettings><DataCollectors><DataCollector friendlyName="blame" enabled="True"><Configuration><ResultsDirectory>D:\SoftUni\Front-End-Test-Automation-July-2024\11.Appium-Mobile-Exercise-2\TestGestures-My\TestGestures-My\bin\Debug\net6.0\fine-code-coverage\coverage-tool-output</ResultsDirectory></Configuration></DataCollector></DataCollectors></DataCollectionRunSettings></RunSettings> and sources System.Collections.Generic.List`1[System.String]: 
TpTrace Verbose: 0 : 12524, 5, 2024/07/28, 22:29:24.618, 6254940137781, vstest.console.dll, DataCollectionRequestSender.SendBeforeTestRunStartAndGetResult: Received message: (DataCollection.SendMessage) -> {"MessageType":"DataCollection.SendMessage","Payload":{"FriendlyName":null,"Uri":null,"TestCaseId":"00000000-0000-0000-0000-000000000000","Message":"Logging DataCollector Diagnostics in file: D:\\SoftUni\\Front-End-Test-Automation-July-2024\\11.Appium-Mobile-Exercise-2\\TestGestures-My\\TestGestures-My\\bin\\Debug\\net6.0\\fine-code-coverage\\coverage-tool-output\\diagnostics.datacollector.24-07-28_22-29-24_40729_5.log","Level":0}}
TpTrace Verbose: 0 : 12524, 5, 2024/07/28, 22:29:24.689, 6254940842651, vstest.console.dll, DataCollectionRequestSender.SendBeforeTestRunStartAndGetResult: Received message: (DataCollection.BeforeTestRunStartResult) -> {"MessageType":"DataCollection.BeforeTestRunStartResult","Payload":{"EnvironmentVariables":{},"DataCollectionEventsPort":53630}}
TpTrace Information: 0 : 12524, 5, 2024/07/28, 22:29:24.692, 6254940876827, vstest.console.dll, ProxyDataCollectionManager.BeforeTestRunStart: SendBeforeTestRunStartAndGetResult successful, env variable from datacollector:   and testhost port: 53630
TpTrace Information: 0 : 12524, 5, 2024/07/28, 22:29:24.692, 6254940877808, vstest.console.dll, ProxyDataCollectionManager.InvokeDataCollectionServiceAction: Completed.
TpTrace Verbose: 0 : 12524, 5, 2024/07/28, 22:29:24.693, 6254940878448, vstest.console.dll, ParallelProxyExecutionManager.StartTestRunOnConcurrentManager: Initializing test run. Started clients: 0
TpTrace Verbose: 0 : 12524, 5, 2024/07/28, 22:29:24.693, 6254940879404, vstest.console.dll, ProxyExecutionManager: Test host is always Lazy initialize.
TpTrace Verbose: 0 : 12524, 5, 2024/07/28, 22:29:24.693, 6254940881219, vstest.console.dll, TestRequestSender.InitializeCommunication: initialize communication. 
TpTrace Information: 0 : 12524, 5, 2024/07/28, 22:29:24.693, 6254940886311, vstest.console.dll, SocketServer.Start: Listening on endpoint : 127.0.0.1:53631
TpTrace Verbose: 0 : 12524, 5, 2024/07/28, 22:29:24.694, 6254940891730, vstest.console.dll, DotnetTestHostmanager.GetTestHostProcessStartInfo: Platform environment 'X64' target architecture 'X86' framework '.NETCoreApp,Version=v6.0' OS 'Windows'
TpTrace Verbose: 0 : 12524, 5, 2024/07/28, 22:29:24.694, 6254940893257, vstest.console.dll, DotnetTestHostmanager: Adding  --runtimeconfig "D:\SoftUni\Front-End-Test-Automation-July-2024\11.Appium-Mobile-Exercise-2\TestGestures-My\TestGestures-My\bin\Debug\net6.0\fine-code-coverage\build-output\TestGestures-My.runtimeconfig.json" in args
TpTrace Verbose: 0 : 12524, 5, 2024/07/28, 22:29:24.694, 6254940894069, vstest.console.dll, DotnetTestHostmanager: Adding  --depsfile "D:\SoftUni\Front-End-Test-Automation-July-2024\11.Appium-Mobile-Exercise-2\TestGestures-My\TestGestures-My\bin\Debug\net6.0\fine-code-coverage\build-output\TestGestures-My.deps.json" in args
TpTrace Verbose: 0 : 12524, 5, 2024/07/28, 22:29:24.694, 6254940895756, vstest.console.dll, DotnetTestHostmanager.IsWinOnArm: Current PROCESSOR_ARCHITECTURE from environment variable 'AMD64'
TpTrace Verbose: 0 : 12524, 5, 2024/07/28, 22:29:24.694, 6254940896524, vstest.console.dll, DotnetTestHostmanager.IsWinOnArm: Is Windows on ARM 'False'
TpTrace Information: 0 : 12524, 5, 2024/07/28, 22:29:24.694, 6254940897809, vstest.console.dll, AssemblyResolver.OnResolve: Microsoft.Extensions.DependencyModel: Resolving assembly.
TpTrace Information: 0 : 12524, 5, 2024/07/28, 22:29:24.695, 6254940898461, vstest.console.dll, AssemblyResolver.OnResolve: Microsoft.Extensions.DependencyModel: Searching in: 'C:\Program Files (x86)\dotnet\sdk\8.0.303\Extensions'.
TpTrace Information: 0 : 12524, 5, 2024/07/28, 22:29:24.695, 6254940899673, vstest.console.dll, AssemblyResolver.OnResolve: Microsoft.Extensions.DependencyModel: Assembly path does not exist: 'C:\Program Files (x86)\dotnet\sdk\8.0.303\Extensions\Microsoft.Extensions.DependencyModel.dll', returning.
TpTrace Information: 0 : 12524, 5, 2024/07/28, 22:29:24.695, 6254940900621, vstest.console.dll, AssemblyResolver.OnResolve: Microsoft.Extensions.DependencyModel: Assembly path does not exist: 'C:\Program Files (x86)\dotnet\sdk\8.0.303\Extensions\Microsoft.Extensions.DependencyModel.exe', returning.
TpTrace Information: 0 : 12524, 5, 2024/07/28, 22:29:24.695, 6254940901250, vstest.console.dll, AssemblyResolver.OnResolve: Microsoft.Extensions.DependencyModel: Searching in: 'C:\Program Files (x86)\dotnet\sdk\8.0.303'.
TpTrace Information: 0 : 12524, 5, 2024/07/28, 22:29:24.695, 6254940904143, vstest.console.dll, AssemblyResolver.OnResolve: Microsoft.Extensions.DependencyModel: Loading assembly 'C:\Program Files (x86)\dotnet\sdk\8.0.303\Microsoft.Extensions.DependencyModel.dll'.
TpTrace Information: 0 : 12524, 5, 2024/07/28, 22:29:24.696, 6254940909946, vstest.console.dll, AssemblyResolver.OnResolve: Resolved assembly: Microsoft.Extensions.DependencyModel, from path: C:\Program Files (x86)\dotnet\sdk\8.0.303\Microsoft.Extensions.DependencyModel.dll
TpTrace Verbose: 0 : 12524, 5, 2024/07/28, 22:29:24.696, 6254940912360, vstest.console.dll, DotnetTestHostmanager: Runtimeconfig.dev.json D:\SoftUni\Front-End-Test-Automation-July-2024\11.Appium-Mobile-Exercise-2\TestGestures-My\TestGestures-My\bin\Debug\net6.0\fine-code-coverage\build-output\TestGestures-My.runtimeconfig.dev.json does not exist.
TpTrace Verbose: 0 : 12524, 5, 2024/07/28, 22:29:24.696, 6254940913198, vstest.console.dll, DotnetTestHostManager: Found testhost.dll in source directory: D:\SoftUni\Front-End-Test-Automation-July-2024\11.Appium-Mobile-Exercise-2\TestGestures-My\TestGestures-My\bin\Debug\net6.0\fine-code-coverage\build-output\testhost.dll.
TpTrace Verbose: 0 : 12524, 5, 2024/07/28, 22:29:24.696, 6254940913981, vstest.console.dll, DotnetTestHostmanager: Current process architetcure 'X86'
TpTrace Verbose: 0 : 12524, 5, 2024/07/28, 22:29:24.696, 6254940916660, vstest.console.dll, DotnetTestHostmanager.LaunchTestHostAsync: Compatible muxer architecture of running process 'X86' and target architecture 'X86'
TpTrace Verbose: 0 : 12524, 5, 2024/07/28, 22:29:24.696, 6254940917278, vstest.console.dll, DotnetTestHostmanager: Full path of testhost.dll is D:\SoftUni\Front-End-Test-Automation-July-2024\11.Appium-Mobile-Exercise-2\TestGestures-My\TestGestures-My\bin\Debug\net6.0\fine-code-coverage\build-output\testhost.dll
TpTrace Verbose: 0 : 12524, 5, 2024/07/28, 22:29:24.696, 6254940917861, vstest.console.dll, DotnetTestHostmanager: Full path of host exe is C:\Program Files (x86)\dotnet\dotnet.exe
TpTrace Verbose: 0 : 12524, 5, 2024/07/28, 22:29:24.697, 6254940919519, vstest.console.dll, DotnetTestHostManager: Starting process 'C:\Program Files (x86)\dotnet\dotnet.exe' with command line 'exec --runtimeconfig "D:\SoftUni\Front-End-Test-Automation-July-2024\11.Appium-Mobile-Exercise-2\TestGestures-My\TestGestures-My\bin\Debug\net6.0\fine-code-coverage\build-output\TestGestures-My.runtimeconfig.json" --depsfile "D:\SoftUni\Front-End-Test-Automation-July-2024\11.Appium-Mobile-Exercise-2\TestGestures-My\TestGestures-My\bin\Debug\net6.0\fine-code-coverage\build-output\TestGestures-My.deps.json" "D:\SoftUni\Front-End-Test-Automation-July-2024\11.Appium-Mobile-Exercise-2\TestGestures-My\TestGestures-My\bin\Debug\net6.0\fine-code-coverage\build-output\testhost.dll" --port 53631 --endpoint 127.0.0.1:053631 --role client --parentprocessid 12524 --diag "D:\SoftUni\Front-End-Test-Automation-July-2024\11.Appium-Mobile-Exercise-2\TestGestures-My\TestGestures-My\bin\Debug\net6.0\fine-code-coverage\coverage-tool-output\diagnostics.host.24-07-28_22-29-24_69407_5.log" --tracelevel 4 --datacollectionport 53630 --telemetryoptedin false'
TpTrace Verbose: 0 : 12524, 5, 2024/07/28, 22:29:24.703, 6254940984192, vstest.console.dll, MulticastDelegateUtilities.SafeInvoke: HostProviderEvents.OnHostLaunched: Invoking callback 1/2 for Microsoft.VisualStudio.TestPlatform.CrossPlatEngine.Client.ProxyExecutionManagerWithDataCollection., took 0 ms.
TpTrace Verbose: 0 : 12524, 5, 2024/07/28, 22:29:24.703, 6254940986647, vstest.console.dll, Test Runtime launched
TpTrace Verbose: 0 : 12524, 5, 2024/07/28, 22:29:24.703, 6254940987462, vstest.console.dll, MulticastDelegateUtilities.SafeInvoke: HostProviderEvents.OnHostLaunched: Invoking callback 2/2 for Microsoft.VisualStudio.TestPlatform.CrossPlatEngine.Client.ProxyOperationManager., took 0 ms.
TpTrace Verbose: 0 : 12524, 5, 2024/07/28, 22:29:24.704, 6254940988727, vstest.console.dll, TestRequestSender.WaitForRequestHandlerConnection: waiting for connection with timeout: 90000.
TpTrace Verbose: 0 : 12524, 5, 2024/07/28, 22:29:24.867, 6254942621922, vstest.console.dll, TestRequestSender.WaitForRequestHandlerConnection: waiting took 163 ms, with timeout 90000 ms, and result 0, which is success.
TpTrace Verbose: 0 : 12524, 7, 2024/07/28, 22:29:24.867, 6254942621923, vstest.console.dll, MulticastDelegateUtilities.SafeInvoke: SocketServer: ClientConnected: Invoking callback 1/1 for Microsoft.VisualStudio.TestPlatform.CommunicationUtilities.TestRequestSender., took 0 ms.
TpTrace Verbose: 0 : 12524, 7, 2024/07/28, 22:29:24.867, 6254942624199, vstest.console.dll, SocketServer.OnClientConnected: Client connected for endPoint: 127.0.0.1:53631, starting MessageLoopAsync:
TpTrace Verbose: 0 : 12524, 13, 2024/07/28, 22:29:24.868, 6254942629178, vstest.console.dll, TcpClientExtensions.MessageLoopAsync: Polling on remoteEndPoint: 127.0.0.1:53632 localEndPoint: 127.0.0.1:53631 after 0 ms
TpTrace Verbose: 0 : 12524, 5, 2024/07/28, 22:29:24.868, 6254942629417, vstest.console.dll, TestRequestSender.CheckVersionWithTestHost: Sending check version message: {"MessageType":"ProtocolVersion","Payload":7}
TpTrace Verbose: 0 : 12524, 13, 2024/07/28, 22:29:24.997, 6254943921207, vstest.console.dll, TcpClientExtensions.MessageLoopAsync: NotifyDataAvailable remoteEndPoint: 127.0.0.1:53632 localEndPoint: 127.0.0.1:53631
TpTrace Verbose: 0 : 12524, 13, 2024/07/28, 22:29:24.997, 6254943923261, vstest.console.dll, TestRequestSender.CheckVersionWithTestHost: onMessageReceived received message: (ProtocolVersion) -> {"MessageType":"ProtocolVersion","Payload":5}
TpTrace Verbose: 0 : 12524, 13, 2024/07/28, 22:29:24.997, 6254943928148, vstest.console.dll, MulticastDelegateUtilities.SafeInvoke: LengthPrefixCommunicationChannel: MessageReceived: Invoking callback 1/1 for Microsoft.VisualStudio.TestPlatform.CommunicationUtilities.TestRequestSender+<>c__DisplayClass29_0., took 0 ms.
TpTrace Verbose: 0 : 12524, 13, 2024/07/28, 22:29:24.998, 6254943929300, vstest.console.dll, TcpClientExtensions.MessageLoopAsync: Polling on remoteEndPoint: 127.0.0.1:53632 localEndPoint: 127.0.0.1:53631 after 129 ms
TpTrace Verbose: 0 : 12524, 5, 2024/07/28, 22:29:24.998, 6254943929635, vstest.console.dll, TestPluginCache.GetExtensionPaths: Filtered extension paths: 
TpTrace Verbose: 0 : 12524, 5, 2024/07/28, 22:29:24.998, 6254943931405, vstest.console.dll, TestPluginCache.GetExtensionPaths: Added default extension paths: C:\Program Files (x86)\dotnet\sdk\8.0.303\Extensions\Microsoft.Diagnostics.NETCore.Client.dll
C:\Program Files (x86)\dotnet\sdk\8.0.303\Extensions\Microsoft.TestPlatform.Extensions.BlameDataCollector.dll
C:\Program Files (x86)\dotnet\sdk\8.0.303\Extensions\Microsoft.TestPlatform.Extensions.EventLogCollector.dll
C:\Program Files (x86)\dotnet\sdk\8.0.303\Extensions\Microsoft.TestPlatform.TestHostRuntimeProvider.dll
C:\Program Files (x86)\dotnet\sdk\8.0.303\Extensions\Microsoft.VisualStudio.TestPlatform.Extensions.Html.TestLogger.dll
C:\Program Files (x86)\dotnet\sdk\8.0.303\Extensions\Microsoft.VisualStudio.TestPlatform.Extensions.Trx.TestLogger.dll
TpTrace Verbose: 0 : 12524, 5, 2024/07/28, 22:29:24.998, 6254943932018, vstest.console.dll, TestPluginCache.GetExtensionPaths: Added unfilterableExtensionPaths: 
TpTrace Verbose: 0 : 12524, 5, 2024/07/28, 22:29:25.000, 6254943953039, vstest.console.dll, TestRequestSender.InitializeExecution: Sending initialize execution with message: {"Version":5,"MessageType":"TestExecution.Initialize","Payload":["D:\\SoftUni\\Front-End-Test-Automation-July-2024\\11.Appium-Mobile-Exercise-2\\TestGestures-My\\TestGestures-My\\bin\\Debug\\net6.0\\fine-code-coverage\\build-output\\NUnit3.TestAdapter.dll"]}
TpTrace Verbose: 0 : 12524, 5, 2024/07/28, 22:29:25.000, 6254943955139, vstest.console.dll, ParallelProxyExecutionManager.StartTestRunOnConcurrentManager: Execution starting. Started clients: 1
TpTrace Verbose: 0 : 12524, 5, 2024/07/28, 22:29:25.000, 6254943957778, vstest.console.dll, TestRunRequest:SendTestRunMessage: Starting.
TpTrace Verbose: 0 : 12524, 5, 2024/07/28, 22:29:25.001, 6254943959352, vstest.console.dll, MulticastDelegateUtilities.SafeInvoke: TestRun.LogMessages: Invoking callback 1/1 for Microsoft.VisualStudio.TestPlatform.CommandLine.TestRunResultAggregator., took 0 ms.
TpTrace Information: 0 : 12524, 5, 2024/07/28, 22:29:25.001, 6254943960155, vstest.console.dll, TestRunRequest:SendTestRunMessage: Completed.
TpTrace Verbose: 0 : 12524, 4, 2024/07/28, 22:29:25.001, 6254943961415, vstest.console.dll, MulticastDelegateUtilities.SafeInvoke: InternalTestLoggerEvents.SendTestRunMessage: Invoking callback 1/1 for Microsoft.VisualStudio.TestPlatform.CommandLine.Internal.ConsoleLogger., took 0 ms.
TpTrace Warning: 0 : 12524, 5, 2024/07/28, 22:29:25.001, 6254943963481, vstest.console.dll, InferRunSettingsHelper.MakeRunsettingsCompatible: Removing the following settings: TargetPlatform from RunSettings file. To use those settings please move to latest version of Microsoft.NET.Test.Sdk
TpTrace Verbose: 0 : 12524, 5, 2024/07/28, 22:29:25.006, 6254944010769, vstest.console.dll, TestRequestSender.StartTestRun: Sending test run with message: {"Version":5,"MessageType":"TestExecution.StartWithSources","Payload":{"AdapterSourceMap":{"_none_":["D:\\SoftUni\\Front-End-Test-Automation-July-2024\\11.Appium-Mobile-Exercise-2\\TestGestures-My\\TestGestures-My\\bin\\Debug\\net6.0\\fine-code-coverage\\build-output\\TestGestures-My.dll"]},"RunSettings":"<RunSettings>\r\n  <RunConfiguration>\r\n    <ResultsDirectory>D:\\SoftUni\\Front-End-Test-Automation-July-2024\\11.Appium-Mobile-Exercise-2\\TestGestures-My\\TestGestures-My\\bin\\Debug\\net6.0\\fine-code-coverage\\coverage-tool-output</ResultsDirectory>\r\n    <TargetFrameworkVersion>.NETCoreApp,Version=v6.0</TargetFrameworkVersion>\r\n    <DesignMode>False</DesignMode>\r\n    <CollectSourceInformation>False</CollectSourceInformation>\r\n  </RunConfiguration>\r\n  <LoggerRunSettings>\r\n    <Loggers>\r\n      <Logger friendlyName=\"blame\" enabled=\"True\" />\r\n      <Logger friendlyName=\"Console\" uri=\"logger://microsoft/TestPlatform/ConsoleLogger/v1\" assemblyQualifiedName=\"Microsoft.VisualStudio.TestPlatform.CommandLine.Internal.ConsoleLogger, vstest.console, Version=15.0.0.0, Culture=neutral, PublicKeyToken=b03f5f7f11d50a3a\" codeBase=\"C:\\Program Files (x86)\\dotnet\\sdk\\8.0.303\\vstest.console.dll\" enabled=\"True\" />\r\n    </Loggers>\r\n  </LoggerRunSettings>\r\n  <DataCollectionRunSettings>\r\n    <DataCollectors>\r\n      <DataCollector friendlyName=\"blame\" enabled=\"True\">\r\n        <Configuration>\r\n          <ResultsDirectory>D:\\SoftUni\\Front-End-Test-Automation-July-2024\\11.Appium-Mobile-Exercise-2\\TestGestures-My\\TestGestures-My\\bin\\Debug\\net6.0\\fine-code-coverage\\coverage-tool-output</ResultsDirectory>\r\n        </Configuration>\r\n      </DataCollector>\r\n    </DataCollectors>\r\n  </DataCollectionRunSettings>\r\n</RunSettings>","TestExecutionContext":{"FrequencyOfRunStatsChangeEvent":10,"RunStatsChangeEventTimeout":"00:00:01.5000000","InIsolation":false,"KeepAlive":false,"AreTestCaseLevelEventsRequired":false,"IsDebug":false,"TestCaseFilter":null,"FilterOptions":null},"Package":null}}
TpTrace Verbose: 0 : 12524, 5, 2024/07/28, 22:29:25.006, 6254944012885, vstest.console.dll, ParallelProxyExecutionManager.StartTestRunOnConcurrentManager: Execution started. Started clients: 1
TpTrace Verbose: 0 : 12524, 13, 2024/07/28, 22:29:25.006, 6254944017827, vstest.console.dll, TcpClientExtensions.MessageLoopAsync: NotifyDataAvailable remoteEndPoint: 127.0.0.1:53632 localEndPoint: 127.0.0.1:53631
TpTrace Verbose: 0 : 12524, 13, 2024/07/28, 22:29:25.007, 6254944021345, vstest.console.dll, TestRequestSender.OnExecutionMessageReceived: Received message: {"Version":5,"MessageType":"TestSession.Message","Payload":{"MessageLevel":0,"Message":"Logging TestHost Diagnostics in file: D:\\SoftUni\\Front-End-Test-Automation-July-2024\\11.Appium-Mobile-Exercise-2\\TestGestures-My\\TestGestures-My\\bin\\Debug\\net6.0\\fine-code-coverage\\coverage-tool-output\\diagnostics.host.24-07-28_22-29-24_69407_5.log"}}
TpTrace Verbose: 0 : 12524, 13, 2024/07/28, 22:29:25.009, 6254944039770, vstest.console.dll, TestRunRequest:SendTestRunMessage: Starting.
TpTrace Verbose: 0 : 12524, 13, 2024/07/28, 22:29:25.009, 6254944040907, vstest.console.dll, MulticastDelegateUtilities.SafeInvoke: TestRun.LogMessages: Invoking callback 1/1 for Microsoft.VisualStudio.TestPlatform.CommandLine.TestRunResultAggregator., took 0 ms.
TpTrace Verbose: 0 : 12524, 4, 2024/07/28, 22:29:25.009, 6254944041377, vstest.console.dll, MulticastDelegateUtilities.SafeInvoke: InternalTestLoggerEvents.SendTestRunMessage: Invoking callback 1/1 for Microsoft.VisualStudio.TestPlatform.CommandLine.Internal.ConsoleLogger., took 0 ms.
TpTrace Information: 0 : 12524, 13, 2024/07/28, 22:29:25.009, 6254944041491, vstest.console.dll, TestRunRequest:SendTestRunMessage: Completed.
TpTrace Verbose: 0 : 12524, 13, 2024/07/28, 22:29:25.009, 6254944043068, vstest.console.dll, MulticastDelegateUtilities.SafeInvoke: LengthPrefixCommunicationChannel: MessageReceived: Invoking callback 1/1 for Microsoft.VisualStudio.TestPlatform.CommunicationUtilities.TestRequestSender+<>c__DisplayClass34_0., took 2 ms.
TpTrace Verbose: 0 : 12524, 13, 2024/07/28, 22:29:25.009, 6254944043690, vstest.console.dll, TcpClientExtensions.MessageLoopAsync: Polling on remoteEndPoint: 127.0.0.1:53632 localEndPoint: 127.0.0.1:53631 after 11 ms
TpTrace Verbose: 0 : 12524, 13, 2024/07/28, 22:29:25.150, 6254945457717, vstest.console.dll, TcpClientExtensions.MessageLoopAsync: NotifyDataAvailable remoteEndPoint: 127.0.0.1:53632 localEndPoint: 127.0.0.1:53631
TpTrace Verbose: 0 : 12524, 13, 2024/07/28, 22:29:25.151, 6254945459668, vstest.console.dll, TestRequestSender.OnExecutionMessageReceived: Received message: {"Version":5,"MessageType":"TestSession.Message","Payload":{"MessageLevel":0,"Message":"NUnit Adapter 4.2.0.0: Test execution started"}}
TpTrace Verbose: 0 : 12524, 13, 2024/07/28, 22:29:25.151, 6254945461542, vstest.console.dll, TestRunRequest:SendTestRunMessage: Starting.
TpTrace Verbose: 0 : 12524, 13, 2024/07/28, 22:29:25.151, 6254945462472, vstest.console.dll, MulticastDelegateUtilities.SafeInvoke: TestRun.LogMessages: Invoking callback 1/1 for Microsoft.VisualStudio.TestPlatform.CommandLine.TestRunResultAggregator., took 0 ms.
TpTrace Verbose: 0 : 12524, 4, 2024/07/28, 22:29:25.151, 6254945462804, vstest.console.dll, MulticastDelegateUtilities.SafeInvoke: InternalTestLoggerEvents.SendTestRunMessage: Invoking callback 1/1 for Microsoft.VisualStudio.TestPlatform.CommandLine.Internal.ConsoleLogger., took 0 ms.
TpTrace Information: 0 : 12524, 13, 2024/07/28, 22:29:25.151, 6254945463208, vstest.console.dll, TestRunRequest:SendTestRunMessage: Completed.
TpTrace Verbose: 0 : 12524, 13, 2024/07/28, 22:29:25.151, 6254945465276, vstest.console.dll, MulticastDelegateUtilities.SafeInvoke: LengthPrefixCommunicationChannel: MessageReceived: Invoking callback 1/1 for Microsoft.VisualStudio.TestPlatform.CommunicationUtilities.TestRequestSender+<>c__DisplayClass34_0., took 0 ms.
TpTrace Verbose: 0 : 12524, 13, 2024/07/28, 22:29:25.151, 6254945466283, vstest.console.dll, TcpClientExtensions.MessageLoopAsync: Polling on remoteEndPoint: 127.0.0.1:53632 localEndPoint: 127.0.0.1:53631 after 142 ms
TpTrace Verbose: 0 : 12524, 13, 2024/07/28, 22:29:25.183, 6254945779104, vstest.console.dll, TcpClientExtensions.MessageLoopAsync: NotifyDataAvailable remoteEndPoint: 127.0.0.1:53632 localEndPoint: 127.0.0.1:53631
TpTrace Verbose: 0 : 12524, 13, 2024/07/28, 22:29:25.183, 6254945780846, vstest.console.dll, TestRequestSender.OnExecutionMessageReceived: Received message: {"Version":5,"MessageType":"TestSession.Message","Payload":{"MessageLevel":0,"Message":"Running all tests in D:\\SoftUni\\Front-End-Test-Automation-July-2024\\11.Appium-Mobile-Exercise-2\\TestGestures-My\\TestGestures-My\\bin\\Debug\\net6.0\\fine-code-coverage\\build-output\\TestGestures-My.dll"}}
TpTrace Verbose: 0 : 12524, 13, 2024/07/28, 22:29:25.183, 6254945782226, vstest.console.dll, TestRunRequest:SendTestRunMessage: Starting.
TpTrace Verbose: 0 : 12524, 13, 2024/07/28, 22:29:25.183, 6254945783086, vstest.console.dll, MulticastDelegateUtilities.SafeInvoke: TestRun.LogMessages: Invoking callback 1/1 for Microsoft.VisualStudio.TestPlatform.CommandLine.TestRunResultAggregator., took 0 ms.
TpTrace Information: 0 : 12524, 13, 2024/07/28, 22:29:25.183, 6254945783690, vstest.console.dll, TestRunRequest:SendTestRunMessage: Completed.
TpTrace Verbose: 0 : 12524, 13, 2024/07/28, 22:29:25.183, 6254945784458, vstest.console.dll, MulticastDelegateUtilities.SafeInvoke: LengthPrefixCommunicationChannel: MessageReceived: Invoking callback 1/1 for Microsoft.VisualStudio.TestPlatform.CommunicationUtilities.TestRequestSender+<>c__DisplayClass34_0., took 0 ms.
TpTrace Verbose: 0 : 12524, 13, 2024/07/28, 22:29:25.183, 6254945785187, vstest.console.dll, TcpClientExtensions.MessageLoopAsync: Polling on remoteEndPoint: 127.0.0.1:53632 localEndPoint: 127.0.0.1:53631 after 31 ms
TpTrace Verbose: 0 : 12524, 4, 2024/07/28, 22:29:25.183, 6254945783804, vstest.console.dll, MulticastDelegateUtilities.SafeInvoke: InternalTestLoggerEvents.SendTestRunMessage: Invoking callback 1/1 for Microsoft.VisualStudio.TestPlatform.CommandLine.Internal.ConsoleLogger., took 0 ms.
TpTrace Verbose: 0 : 12524, 13, 2024/07/28, 22:29:25.309, 6254947039746, vstest.console.dll, TcpClientExtensions.MessageLoopAsync: NotifyDataAvailable remoteEndPoint: 127.0.0.1:53632 localEndPoint: 127.0.0.1:53631
TpTrace Verbose: 0 : 12524, 13, 2024/07/28, 22:29:25.309, 6254947041963, vstest.console.dll, TestRequestSender.OnExecutionMessageReceived: Received message: {"Version":5,"MessageType":"TestSession.Message","Payload":{"MessageLevel":0,"Message":"   NUnit3TestExecutor discovered 4 of 4 NUnit test cases using Current Discovery mode, Non-Explicit run"}}
TpTrace Verbose: 0 : 12524, 13, 2024/07/28, 22:29:25.309, 6254947043745, vstest.console.dll, TestRunRequest:SendTestRunMessage: Starting.
TpTrace Verbose: 0 : 12524, 13, 2024/07/28, 22:29:25.309, 6254947044892, vstest.console.dll, MulticastDelegateUtilities.SafeInvoke: TestRun.LogMessages: Invoking callback 1/1 for Microsoft.VisualStudio.TestPlatform.CommandLine.TestRunResultAggregator., took 0 ms.
TpTrace Verbose: 0 : 12524, 4, 2024/07/28, 22:29:25.309, 6254947045136, vstest.console.dll, MulticastDelegateUtilities.SafeInvoke: InternalTestLoggerEvents.SendTestRunMessage: Invoking callback 1/1 for Microsoft.VisualStudio.TestPlatform.CommandLine.Internal.ConsoleLogger., took 0 ms.
TpTrace Information: 0 : 12524, 13, 2024/07/28, 22:29:25.309, 6254947045748, vstest.console.dll, TestRunRequest:SendTestRunMessage: Completed.
TpTrace Verbose: 0 : 12524, 13, 2024/07/28, 22:29:25.309, 6254947047505, vstest.console.dll, MulticastDelegateUtilities.SafeInvoke: LengthPrefixCommunicationChannel: MessageReceived: Invoking callback 1/1 for Microsoft.VisualStudio.TestPlatform.CommunicationUtilities.TestRequestSender+<>c__DisplayClass34_0., took 0 ms.
TpTrace Verbose: 0 : 12524, 13, 2024/07/28, 22:29:25.309, 6254947048350, vstest.console.dll, TcpClientExtensions.MessageLoopAsync: Polling on remoteEndPoint: 127.0.0.1:53632 localEndPoint: 127.0.0.1:53631 after 126 ms
TpTrace Verbose: 0 : 12524, 13, 2024/07/28, 22:29:26.324, 6254957196210, vstest.console.dll, TcpClientExtensions.MessageLoopAsync: Polling on remoteEndPoint: 127.0.0.1:53632 localEndPoint: 127.0.0.1:53631 after 1014 ms
TpTrace Verbose: 0 : 12524, 13, 2024/07/28, 22:29:27.339, 6254967342477, vstest.console.dll, TcpClientExtensions.MessageLoopAsync: Polling on remoteEndPoint: 127.0.0.1:53632 localEndPoint: 127.0.0.1:53631 after 1014 ms
TpTrace Verbose: 0 : 12524, 13, 2024/07/28, 22:29:28.353, 6254977484940, vstest.console.dll, TcpClientExtensions.MessageLoopAsync: Polling on remoteEndPoint: 127.0.0.1:53632 localEndPoint: 127.0.0.1:53631 after 1014 ms
TpTrace Verbose: 0 : 12524, 13, 2024/07/28, 22:29:29.353, 6254987485684, vstest.console.dll, TcpClientExtensions.MessageLoopAsync: Polling on remoteEndPoint: 127.0.0.1:53632 localEndPoint: 127.0.0.1:53631 after 999 ms
TpTrace Verbose: 0 : 12524, 13, 2024/07/28, 22:29:30.369, 6254997640969, vstest.console.dll, TcpClientExtensions.MessageLoopAsync: Polling on remoteEndPoint: 127.0.0.1:53632 localEndPoint: 127.0.0.1:53631 after 1015 ms
TpTrace Verbose: 0 : 12524, 13, 2024/07/28, 22:29:31.381, 6255007764331, vstest.console.dll, TcpClientExtensions.MessageLoopAsync: Polling on remoteEndPoint: 127.0.0.1:53632 localEndPoint: 127.0.0.1:53631 after 1012 ms
TpTrace Verbose: 0 : 12524, 13, 2024/07/28, 22:29:32.388, 6255017828952, vstest.console.dll, TcpClientExtensions.MessageLoopAsync: Polling on remoteEndPoint: 127.0.0.1:53632 localEndPoint: 127.0.0.1:53631 after 1006 ms
TpTrace Verbose: 0 : 12524, 13, 2024/07/28, 22:29:33.388, 6255027839904, vstest.console.dll, TcpClientExtensions.MessageLoopAsync: Polling on remoteEndPoint: 127.0.0.1:53632 localEndPoint: 127.0.0.1:53631 after 1000 ms
TpTrace Verbose: 0 : 12524, 13, 2024/07/28, 22:29:33.699, 6255030944637, vstest.console.dll, TcpClientExtensions.MessageLoopAsync: NotifyDataAvailable remoteEndPoint: 127.0.0.1:53632 localEndPoint: 127.0.0.1:53631
TpTrace Verbose: 0 : 12524, 13, 2024/07/28, 22:29:33.700, 6255030948683, vstest.console.dll, TestRequestSender.OnExecutionMessageReceived: Received message: {"Version":5,"MessageType":"TestExecution.StatsChange","Payload":{"NewTestResults":[],"TestRunStatistics":{"ExecutedTests":0,"Stats":{}},"ActiveTests":[{"Id":"c9e51429-316f-1d39-c5f0-1f69b34bf3c1","FullyQualifiedName":"TestGestures_My.DragAndDropTests.DragAndDropUsingJavaScript","DisplayName":"DragAndDropUsingJavaScript","ExecutorUri":"executor://NUnit3TestExecutor","Source":"D:\\SoftUni\\Front-End-Test-Automation-July-2024\\11.Appium-Mobile-Exercise-2\\TestGestures-My\\TestGestures-My\\bin\\Debug\\net6.0\\fine-code-coverage\\build-output\\TestGestures-My.dll","CodeFilePath":null,"LineNumber":0,"Properties":[{"Key":{"Id":"NUnit.Seed","Label":"Seed","Category":"","Description":"","Attributes":0,"ValueType":"System.String"},"Value":"1866305600"}]}]}}
TpTrace Verbose: 0 : 12524, 13, 2024/07/28, 22:29:33.718, 6255031129423, vstest.console.dll, TestRunRequest:SendTestRunStatsChange: Starting.
TpTrace Verbose: 0 : 12524, 13, 2024/07/28, 22:29:33.718, 6255031130897, vstest.console.dll, InProgress is DragAndDropUsingJavaScript
TpTrace Verbose: 0 : 12524, 13, 2024/07/28, 22:29:33.718, 6255031132017, vstest.console.dll, MulticastDelegateUtilities.SafeInvoke: TestRun.RunStatsChanged: Invoking callbacks was skipped because there are no subscribers.
TpTrace Information: 0 : 12524, 13, 2024/07/28, 22:29:33.718, 6255031132709, vstest.console.dll, TestRunRequest:SendTestRunStatsChange: Completed.
TpTrace Verbose: 0 : 12524, 13, 2024/07/28, 22:29:33.718, 6255031133424, vstest.console.dll, MulticastDelegateUtilities.SafeInvoke: LengthPrefixCommunicationChannel: MessageReceived: Invoking callback 1/1 for Microsoft.VisualStudio.TestPlatform.CommunicationUtilities.TestRequestSender+<>c__DisplayClass34_0., took 18 ms.
TpTrace Verbose: 0 : 12524, 13, 2024/07/28, 22:29:33.718, 6255031134123, vstest.console.dll, TcpClientExtensions.MessageLoopAsync: Polling on remoteEndPoint: 127.0.0.1:53632 localEndPoint: 127.0.0.1:53631 after 329 ms
TpTrace Verbose: 0 : 12524, 13, 2024/07/28, 22:29:34.733, 6255041278715, vstest.console.dll, TcpClientExtensions.MessageLoopAsync: Polling on remoteEndPoint: 127.0.0.1:53632 localEndPoint: 127.0.0.1:53631 after 1014 ms
TpTrace Verbose: 0 : 12524, 13, 2024/07/28, 22:29:35.738, 6255051331729, vstest.console.dll, TcpClientExtensions.MessageLoopAsync: Polling on remoteEndPoint: 127.0.0.1:53632 localEndPoint: 127.0.0.1:53631 after 1005 ms
TpTrace Verbose: 0 : 12524, 13, 2024/07/28, 22:29:36.743, 6255061378521, vstest.console.dll, TcpClientExtensions.MessageLoopAsync: Polling on remoteEndPoint: 127.0.0.1:53632 localEndPoint: 127.0.0.1:53631 after 1004 ms
TpTrace Verbose: 0 : 12524, 13, 2024/07/28, 22:29:37.747, 6255071419832, vstest.console.dll, TcpClientExtensions.MessageLoopAsync: Polling on remoteEndPoint: 127.0.0.1:53632 localEndPoint: 127.0.0.1:53631 after 1003 ms
TpTrace Verbose: 0 : 12524, 13, 2024/07/28, 22:29:38.751, 6255081459439, vstest.console.dll, TcpClientExtensions.MessageLoopAsync: Polling on remoteEndPoint: 127.0.0.1:53632 localEndPoint: 127.0.0.1:53631 after 1003 ms
TpTrace Verbose: 0 : 12524, 13, 2024/07/28, 22:29:39.757, 6255091518831, vstest.console.dll, TcpClientExtensions.MessageLoopAsync: Polling on remoteEndPoint: 127.0.0.1:53632 localEndPoint: 127.0.0.1:53631 after 1005 ms
TpTrace Verbose: 0 : 12524, 13, 2024/07/28, 22:29:40.767, 6255101619978, vstest.console.dll, TcpClientExtensions.MessageLoopAsync: Polling on remoteEndPoint: 127.0.0.1:53632 localEndPoint: 127.0.0.1:53631 after 1009 ms
TpTrace Verbose: 0 : 12524, 13, 2024/07/28, 22:29:41.207, 6255106027965, vstest.console.dll, TcpClientExtensions.MessageLoopAsync: NotifyDataAvailable remoteEndPoint: 127.0.0.1:53632 localEndPoint: 127.0.0.1:53631
TpTrace Verbose: 0 : 12524, 13, 2024/07/28, 22:29:41.208, 6255106030264, vstest.console.dll, TestRequestSender.OnExecutionMessageReceived: Received message: {"Version":5,"MessageType":"TestExecution.StatsChange","Payload":{"NewTestResults":[{"TestCase":{"Id":"c9e51429-316f-1d39-c5f0-1f69b34bf3c1","FullyQualifiedName":"TestGestures_My.DragAndDropTests.DragAndDropUsingJavaScript","DisplayName":"DragAndDropUsingJavaScript","ExecutorUri":"executor://NUnit3TestExecutor","Source":"D:\\SoftUni\\Front-End-Test-Automation-July-2024\\11.Appium-Mobile-Exercise-2\\TestGestures-My\\TestGestures-My\\bin\\Debug\\net6.0\\fine-code-coverage\\build-output\\TestGestures-My.dll","CodeFilePath":null,"LineNumber":0,"Properties":[{"Key":{"Id":"NUnit.Seed","Label":"Seed","Category":"","Description":"","Attributes":0,"ValueType":"System.String"},"Value":"1866305600"}]},"Attachments":[],"Outcome":1,"ErrorMessage":null,"ErrorStackTrace":null,"DisplayName":"DragAndDropUsingJavaScript","Messages":[],"ComputerName":"DESKTOP-UUB0D73","Duration":"00:00:06.0465980","StartTime":"2024-07-28T19:29:33.6616185+00:00","EndTime":"2024-07-28T19:29:39.7081157+00:00","Properties":[{"Key":{"Id":"NUnit.Seed","Label":"Seed","Category":"","Description":"","Attributes":0,"ValueType":"System.String"},"Value":"1866305600"}]}],"TestRunStatistics":{"ExecutedTests":1,"Stats":{"Passed":1}},"ActiveTests":[]}}
TpTrace Verbose: 0 : 12524, 13, 2024/07/28, 22:29:41.215, 6255106103490, vstest.console.dll, TestRunRequest:SendTestRunStatsChange: Starting.
TpTrace Verbose: 0 : 12524, 13, 2024/07/28, 22:29:41.215, 6255106105639, vstest.console.dll, MulticastDelegateUtilities.SafeInvoke: TestRun.RunStatsChanged: Invoking callbacks was skipped because there are no subscribers.
TpTrace Information: 0 : 12524, 13, 2024/07/28, 22:29:41.215, 6255106106274, vstest.console.dll, TestRunRequest:SendTestRunStatsChange: Completed.
TpTrace Verbose: 0 : 12524, 13, 2024/07/28, 22:29:41.215, 6255106106867, vstest.console.dll, MulticastDelegateUtilities.SafeInvoke: LengthPrefixCommunicationChannel: MessageReceived: Invoking callback 1/1 for Microsoft.VisualStudio.TestPlatform.CommunicationUtilities.TestRequestSender+<>c__DisplayClass34_0., took 7 ms.
TpTrace Verbose: 0 : 12524, 13, 2024/07/28, 22:29:41.215, 6255106107431, vstest.console.dll, TcpClientExtensions.MessageLoopAsync: Polling on remoteEndPoint: 127.0.0.1:53632 localEndPoint: 127.0.0.1:53631 after 448 ms
TpTrace Verbose: 0 : 12524, 4, 2024/07/28, 22:29:41.218, 6255106136554, vstest.console.dll, MulticastDelegateUtilities.SafeInvoke: InternalTestLoggerEvents.SendTestResult: Invoking callback 1/1 for Microsoft.VisualStudio.TestPlatform.CommandLine.Internal.ConsoleLogger., took 3 ms.
TpTrace Verbose: 0 : 12524, 13, 2024/07/28, 22:29:42.230, 6255116251927, vstest.console.dll, TcpClientExtensions.MessageLoopAsync: Polling on remoteEndPoint: 127.0.0.1:53632 localEndPoint: 127.0.0.1:53631 after 1014 ms
TpTrace Verbose: 0 : 12524, 13, 2024/07/28, 22:29:43.232, 6255126270499, vstest.console.dll, TcpClientExtensions.MessageLoopAsync: Polling on remoteEndPoint: 127.0.0.1:53632 localEndPoint: 127.0.0.1:53631 after 1001 ms
TpTrace Verbose: 0 : 12524, 13, 2024/07/28, 22:29:44.246, 6255136413877, vstest.console.dll, TcpClientExtensions.MessageLoopAsync: Polling on remoteEndPoint: 127.0.0.1:53632 localEndPoint: 127.0.0.1:53631 after 1014 ms
TpTrace Verbose: 0 : 12524, 13, 2024/07/28, 22:29:45.258, 6255146537842, vstest.console.dll, TcpClientExtensions.MessageLoopAsync: Polling on remoteEndPoint: 127.0.0.1:53632 localEndPoint: 127.0.0.1:53631 after 1012 ms
TpTrace Verbose: 0 : 12524, 13, 2024/07/28, 22:29:46.260, 6255156551135, vstest.console.dll, TcpClientExtensions.MessageLoopAsync: Polling on remoteEndPoint: 127.0.0.1:53632 localEndPoint: 127.0.0.1:53631 after 1001 ms
TpTrace Verbose: 0 : 12524, 13, 2024/07/28, 22:29:47.261, 6255166563824, vstest.console.dll, TcpClientExtensions.MessageLoopAsync: Polling on remoteEndPoint: 127.0.0.1:53632 localEndPoint: 127.0.0.1:53631 after 1001 ms
TpTrace Verbose: 0 : 12524, 13, 2024/07/28, 22:29:48.264, 6255176589458, vstest.console.dll, TcpClientExtensions.MessageLoopAsync: Polling on remoteEndPoint: 127.0.0.1:53632 localEndPoint: 127.0.0.1:53631 after 1002 ms
TpTrace Verbose: 0 : 12524, 13, 2024/07/28, 22:29:48.311, 6255177066953, vstest.console.dll, TcpClientExtensions.MessageLoopAsync: NotifyDataAvailable remoteEndPoint: 127.0.0.1:53632 localEndPoint: 127.0.0.1:53631
TpTrace Verbose: 0 : 12524, 13, 2024/07/28, 22:29:48.312, 6255177069329, vstest.console.dll, TestRequestSender.OnExecutionMessageReceived: Received message: {"Version":5,"MessageType":"TestExecution.StatsChange","Payload":{"NewTestResults":[],"TestRunStatistics":{"ExecutedTests":1,"Stats":{"Passed":1}},"ActiveTests":[{"Id":"0231d108-45f2-4609-bc26-cf1763aac0f0","FullyQualifiedName":"TestGestures_My.ScrollTests.ScrollTest","DisplayName":"ScrollTest","ExecutorUri":"executor://NUnit3TestExecutor","Source":"D:\\SoftUni\\Front-End-Test-Automation-July-2024\\11.Appium-Mobile-Exercise-2\\TestGestures-My\\TestGestures-My\\bin\\Debug\\net6.0\\fine-code-coverage\\build-output\\TestGestures-My.dll","CodeFilePath":null,"LineNumber":0,"Properties":[{"Key":{"Id":"NUnit.Seed","Label":"Seed","Category":"","Description":"","Attributes":0,"ValueType":"System.String"},"Value":"1656843373"}]}]}}
TpTrace Verbose: 0 : 12524, 13, 2024/07/28, 22:29:48.313, 6255177079281, vstest.console.dll, TestRunRequest:SendTestRunStatsChange: Starting.
TpTrace Verbose: 0 : 12524, 13, 2024/07/28, 22:29:48.313, 6255177080541, vstest.console.dll, InProgress is ScrollTest
TpTrace Verbose: 0 : 12524, 13, 2024/07/28, 22:29:48.313, 6255177081154, vstest.console.dll, MulticastDelegateUtilities.SafeInvoke: TestRun.RunStatsChanged: Invoking callbacks was skipped because there are no subscribers.
TpTrace Information: 0 : 12524, 13, 2024/07/28, 22:29:48.313, 6255177081653, vstest.console.dll, TestRunRequest:SendTestRunStatsChange: Completed.
TpTrace Verbose: 0 : 12524, 13, 2024/07/28, 22:29:48.313, 6255177082210, vstest.console.dll, MulticastDelegateUtilities.SafeInvoke: LengthPrefixCommunicationChannel: MessageReceived: Invoking callback 1/1 for Microsoft.VisualStudio.TestPlatform.CommunicationUtilities.TestRequestSender+<>c__DisplayClass34_0., took 1 ms.
TpTrace Verbose: 0 : 12524, 13, 2024/07/28, 22:29:48.313, 6255177082808, vstest.console.dll, TcpClientExtensions.MessageLoopAsync: Polling on remoteEndPoint: 127.0.0.1:53632 localEndPoint: 127.0.0.1:53631 after 49 ms
TpTrace Verbose: 0 : 12524, 13, 2024/07/28, 22:29:49.314, 6255187096865, vstest.console.dll, TcpClientExtensions.MessageLoopAsync: Polling on remoteEndPoint: 127.0.0.1:53632 localEndPoint: 127.0.0.1:53631 after 1001 ms
TpTrace Verbose: 0 : 12524, 13, 2024/07/28, 22:29:50.327, 6255197223266, vstest.console.dll, TcpClientExtensions.MessageLoopAsync: Polling on remoteEndPoint: 127.0.0.1:53632 localEndPoint: 127.0.0.1:53631 after 1012 ms
TpTrace Verbose: 0 : 12524, 13, 2024/07/28, 22:29:51.341, 6255207366955, vstest.console.dll, TcpClientExtensions.MessageLoopAsync: Polling on remoteEndPoint: 127.0.0.1:53632 localEndPoint: 127.0.0.1:53631 after 1014 ms
TpTrace Verbose: 0 : 12524, 13, 2024/07/28, 22:29:52.351, 6255217461424, vstest.console.dll, TcpClientExtensions.MessageLoopAsync: Polling on remoteEndPoint: 127.0.0.1:53632 localEndPoint: 127.0.0.1:53631 after 1009 ms
TpTrace Verbose: 0 : 12524, 13, 2024/07/28, 22:29:53.365, 6255227602712, vstest.console.dll, TcpClientExtensions.MessageLoopAsync: Polling on remoteEndPoint: 127.0.0.1:53632 localEndPoint: 127.0.0.1:53631 after 1013 ms
TpTrace Verbose: 0 : 12524, 13, 2024/07/28, 22:29:54.378, 6255237734845, vstest.console.dll, TcpClientExtensions.MessageLoopAsync: Polling on remoteEndPoint: 127.0.0.1:53632 localEndPoint: 127.0.0.1:53631 after 1013 ms
TpTrace Verbose: 0 : 12524, 13, 2024/07/28, 22:29:55.392, 6255247870224, vstest.console.dll, TcpClientExtensions.MessageLoopAsync: Polling on remoteEndPoint: 127.0.0.1:53632 localEndPoint: 127.0.0.1:53631 after 1013 ms
TpTrace Verbose: 0 : 12524, 13, 2024/07/28, 22:29:56.399, 6255257943683, vstest.console.dll, TcpClientExtensions.MessageLoopAsync: Polling on remoteEndPoint: 127.0.0.1:53632 localEndPoint: 127.0.0.1:53631 after 1007 ms
TpTrace Verbose: 0 : 12524, 13, 2024/07/28, 22:29:57.324, 6255267196769, vstest.console.dll, TcpClientExtensions.MessageLoopAsync: NotifyDataAvailable remoteEndPoint: 127.0.0.1:53632 localEndPoint: 127.0.0.1:53631
TpTrace Verbose: 0 : 12524, 13, 2024/07/28, 22:29:57.325, 6255267199369, vstest.console.dll, TestRequestSender.OnExecutionMessageReceived: Received message: {"Version":5,"MessageType":"TestExecution.StatsChange","Payload":{"NewTestResults":[{"TestCase":{"Id":"0231d108-45f2-4609-bc26-cf1763aac0f0","FullyQualifiedName":"TestGestures_My.ScrollTests.ScrollTest","DisplayName":"ScrollTest","ExecutorUri":"executor://NUnit3TestExecutor","Source":"D:\\SoftUni\\Front-End-Test-Automation-July-2024\\11.Appium-Mobile-Exercise-2\\TestGestures-My\\TestGestures-My\\bin\\Debug\\net6.0\\fine-code-coverage\\build-output\\TestGestures-My.dll","CodeFilePath":null,"LineNumber":0,"Properties":[{"Key":{"Id":"NUnit.Seed","Label":"Seed","Category":"","Description":"","Attributes":0,"ValueType":"System.String"},"Value":"1656843373"}]},"Attachments":[],"Outcome":1,"ErrorMessage":null,"ErrorStackTrace":null,"DisplayName":"ScrollTest","Messages":[],"ComputerName":"DESKTOP-UUB0D73","Duration":"00:00:07.7008140","StartTime":"2024-07-28T19:29:48.3040598+00:00","EndTime":"2024-07-28T19:29:56.0048735+00:00","Properties":[{"Key":{"Id":"NUnit.Seed","Label":"Seed","Category":"","Description":"","Attributes":0,"ValueType":"System.String"},"Value":"1656843373"}]}],"TestRunStatistics":{"ExecutedTests":2,"Stats":{"Passed":2}},"ActiveTests":[]}}
TpTrace Verbose: 0 : 12524, 13, 2024/07/28, 22:29:57.325, 6255267203361, vstest.console.dll, TestRunRequest:SendTestRunStatsChange: Starting.
TpTrace Verbose: 0 : 12524, 13, 2024/07/28, 22:29:57.325, 6255267204177, vstest.console.dll, MulticastDelegateUtilities.SafeInvoke: TestRun.RunStatsChanged: Invoking callbacks was skipped because there are no subscribers.
TpTrace Information: 0 : 12524, 13, 2024/07/28, 22:29:57.325, 6255267204682, vstest.console.dll, TestRunRequest:SendTestRunStatsChange: Completed.
TpTrace Verbose: 0 : 12524, 13, 2024/07/28, 22:29:57.325, 6255267205175, vstest.console.dll, MulticastDelegateUtilities.SafeInvoke: LengthPrefixCommunicationChannel: MessageReceived: Invoking callback 1/1 for Microsoft.VisualStudio.TestPlatform.CommunicationUtilities.TestRequestSender+<>c__DisplayClass34_0., took 0 ms.
TpTrace Verbose: 0 : 12524, 13, 2024/07/28, 22:29:57.325, 6255267205689, vstest.console.dll, TcpClientExtensions.MessageLoopAsync: Polling on remoteEndPoint: 127.0.0.1:53632 localEndPoint: 127.0.0.1:53631 after 926 ms
TpTrace Verbose: 0 : 12524, 4, 2024/07/28, 22:29:57.325, 6255267207327, vstest.console.dll, MulticastDelegateUtilities.SafeInvoke: InternalTestLoggerEvents.SendTestResult: Invoking callback 1/1 for Microsoft.VisualStudio.TestPlatform.CommandLine.Internal.ConsoleLogger., took 0 ms.
TpTrace Verbose: 0 : 12524, 13, 2024/07/28, 22:29:58.325, 6255277203494, vstest.console.dll, TcpClientExtensions.MessageLoopAsync: Polling on remoteEndPoint: 127.0.0.1:53632 localEndPoint: 127.0.0.1:53631 after 999 ms
TpTrace Verbose: 0 : 12524, 13, 2024/07/28, 22:29:59.331, 6255287267705, vstest.console.dll, TcpClientExtensions.MessageLoopAsync: Polling on remoteEndPoint: 127.0.0.1:53632 localEndPoint: 127.0.0.1:53631 after 1006 ms
TpTrace Verbose: 0 : 12524, 13, 2024/07/28, 22:30:00.339, 6255297340507, vstest.console.dll, TcpClientExtensions.MessageLoopAsync: Polling on remoteEndPoint: 127.0.0.1:53632 localEndPoint: 127.0.0.1:53631 after 1007 ms
TpTrace Verbose: 0 : 12524, 13, 2024/07/28, 22:30:01.351, 6255307461921, vstest.console.dll, TcpClientExtensions.MessageLoopAsync: Polling on remoteEndPoint: 127.0.0.1:53632 localEndPoint: 127.0.0.1:53631 after 1011 ms
TpTrace Verbose: 0 : 12524, 13, 2024/07/28, 22:30:02.366, 6255317608803, vstest.console.dll, TcpClientExtensions.MessageLoopAsync: Polling on remoteEndPoint: 127.0.0.1:53632 localEndPoint: 127.0.0.1:53631 after 1014 ms
TpTrace Verbose: 0 : 12524, 13, 2024/07/28, 22:30:03.380, 6255327751322, vstest.console.dll, TcpClientExtensions.MessageLoopAsync: Polling on remoteEndPoint: 127.0.0.1:53632 localEndPoint: 127.0.0.1:53631 after 1014 ms
TpTrace Verbose: 0 : 12524, 13, 2024/07/28, 22:30:03.521, 6255329158447, vstest.console.dll, TcpClientExtensions.MessageLoopAsync: NotifyDataAvailable remoteEndPoint: 127.0.0.1:53632 localEndPoint: 127.0.0.1:53631
TpTrace Verbose: 0 : 12524, 13, 2024/07/28, 22:30:03.521, 6255329161795, vstest.console.dll, TestRequestSender.OnExecutionMessageReceived: Received message: {"Version":5,"MessageType":"TestExecution.StatsChange","Payload":{"NewTestResults":[],"TestRunStatistics":{"ExecutedTests":2,"Stats":{"Passed":2}},"ActiveTests":[{"Id":"a462596f-a485-3189-0d33-603d1ec70cf2","FullyQualifiedName":"TestGestures_My.SeekBarests.SeekBarTest","DisplayName":"SeekBarTest","ExecutorUri":"executor://NUnit3TestExecutor","Source":"D:\\SoftUni\\Front-End-Test-Automation-July-2024\\11.Appium-Mobile-Exercise-2\\TestGestures-My\\TestGestures-My\\bin\\Debug\\net6.0\\fine-code-coverage\\build-output\\TestGestures-My.dll","CodeFilePath":null,"LineNumber":0,"Properties":[{"Key":{"Id":"NUnit.Seed","Label":"Seed","Category":"","Description":"","Attributes":0,"ValueType":"System.String"},"Value":"695239424"}]}]}}
TpTrace Verbose: 0 : 12524, 13, 2024/07/28, 22:30:03.521, 6255329166381, vstest.console.dll, TestRunRequest:SendTestRunStatsChange: Starting.
TpTrace Verbose: 0 : 12524, 13, 2024/07/28, 22:30:03.521, 6255329167889, vstest.console.dll, InProgress is SeekBarTest
TpTrace Verbose: 0 : 12524, 13, 2024/07/28, 22:30:03.522, 6255329168755, vstest.console.dll, MulticastDelegateUtilities.SafeInvoke: TestRun.RunStatsChanged: Invoking callbacks was skipped because there are no subscribers.
TpTrace Information: 0 : 12524, 13, 2024/07/28, 22:30:03.522, 6255329169672, vstest.console.dll, TestRunRequest:SendTestRunStatsChange: Completed.
TpTrace Verbose: 0 : 12524, 13, 2024/07/28, 22:30:03.522, 6255329170651, vstest.console.dll, MulticastDelegateUtilities.SafeInvoke: LengthPrefixCommunicationChannel: MessageReceived: Invoking callback 1/1 for Microsoft.VisualStudio.TestPlatform.CommunicationUtilities.TestRequestSender+<>c__DisplayClass34_0., took 0 ms.
TpTrace Verbose: 0 : 12524, 13, 2024/07/28, 22:30:03.522, 6255329171678, vstest.console.dll, TcpClientExtensions.MessageLoopAsync: Polling on remoteEndPoint: 127.0.0.1:53632 localEndPoint: 127.0.0.1:53631 after 141 ms
TpTrace Verbose: 0 : 12524, 13, 2024/07/28, 22:30:04.523, 6255339184502, vstest.console.dll, TcpClientExtensions.MessageLoopAsync: Polling on remoteEndPoint: 127.0.0.1:53632 localEndPoint: 127.0.0.1:53631 after 1001 ms
TpTrace Verbose: 0 : 12524, 13, 2024/07/28, 22:30:05.531, 6255349258684, vstest.console.dll, TcpClientExtensions.MessageLoopAsync: Polling on remoteEndPoint: 127.0.0.1:53632 localEndPoint: 127.0.0.1:53631 after 1006 ms
TpTrace Verbose: 0 : 12524, 13, 2024/07/28, 22:30:06.544, 6255359390388, vstest.console.dll, TcpClientExtensions.MessageLoopAsync: Polling on remoteEndPoint: 127.0.0.1:53632 localEndPoint: 127.0.0.1:53631 after 1013 ms
TpTrace Verbose: 0 : 12524, 13, 2024/07/28, 22:30:07.558, 6255369528544, vstest.console.dll, TcpClientExtensions.MessageLoopAsync: Polling on remoteEndPoint: 127.0.0.1:53632 localEndPoint: 127.0.0.1:53631 after 1013 ms
TpTrace Verbose: 0 : 12524, 13, 2024/07/28, 22:30:08.569, 6255379644450, vstest.console.dll, TcpClientExtensions.MessageLoopAsync: Polling on remoteEndPoint: 127.0.0.1:53632 localEndPoint: 127.0.0.1:53631 after 1011 ms
TpTrace Verbose: 0 : 12524, 13, 2024/07/28, 22:30:09.578, 6255389734325, vstest.console.dll, TcpClientExtensions.MessageLoopAsync: Polling on remoteEndPoint: 127.0.0.1:53632 localEndPoint: 127.0.0.1:53631 after 1008 ms
TpTrace Verbose: 0 : 12524, 13, 2024/07/28, 22:30:10.586, 6255399816605, vstest.console.dll, TcpClientExtensions.MessageLoopAsync: Polling on remoteEndPoint: 127.0.0.1:53632 localEndPoint: 127.0.0.1:53631 after 1007 ms
TpTrace Verbose: 0 : 12524, 13, 2024/07/28, 22:30:11.601, 6255409958969, vstest.console.dll, TcpClientExtensions.MessageLoopAsync: Polling on remoteEndPoint: 127.0.0.1:53632 localEndPoint: 127.0.0.1:53631 after 1013 ms
TpTrace Verbose: 0 : 12524, 13, 2024/07/28, 22:30:12.601, 6255419964776, vstest.console.dll, TcpClientExtensions.MessageLoopAsync: Polling on remoteEndPoint: 127.0.0.1:53632 localEndPoint: 127.0.0.1:53631 after 1000 ms
TpTrace Verbose: 0 : 12524, 13, 2024/07/28, 22:30:13.608, 6255430030548, vstest.console.dll, TcpClientExtensions.MessageLoopAsync: Polling on remoteEndPoint: 127.0.0.1:53632 localEndPoint: 127.0.0.1:53631 after 1006 ms
TpTrace Verbose: 0 : 12524, 13, 2024/07/28, 22:30:14.608, 6255440037567, vstest.console.dll, TcpClientExtensions.MessageLoopAsync: Polling on remoteEndPoint: 127.0.0.1:53632 localEndPoint: 127.0.0.1:53631 after 1000 ms
TpTrace Verbose: 0 : 12524, 13, 2024/07/28, 22:30:15.616, 6255450115256, vstest.console.dll, TcpClientExtensions.MessageLoopAsync: Polling on remoteEndPoint: 127.0.0.1:53632 localEndPoint: 127.0.0.1:53631 after 1007 ms
TpTrace Verbose: 0 : 12524, 13, 2024/07/28, 22:30:16.630, 6255460248776, vstest.console.dll, TcpClientExtensions.MessageLoopAsync: Polling on remoteEndPoint: 127.0.0.1:53632 localEndPoint: 127.0.0.1:53631 after 1013 ms
TpTrace Verbose: 0 : 12524, 13, 2024/07/28, 22:30:17.632, 6255470277204, vstest.console.dll, TcpClientExtensions.MessageLoopAsync: Polling on remoteEndPoint: 127.0.0.1:53632 localEndPoint: 127.0.0.1:53631 after 1002 ms
TpTrace Verbose: 0 : 12524, 13, 2024/07/28, 22:30:18.633, 6255480283320, vstest.console.dll, TcpClientExtensions.MessageLoopAsync: Polling on remoteEndPoint: 127.0.0.1:53632 localEndPoint: 127.0.0.1:53631 after 1000 ms
TpTrace Verbose: 0 : 12524, 13, 2024/07/28, 22:30:19.633, 6255490287202, vstest.console.dll, TcpClientExtensions.MessageLoopAsync: Polling on remoteEndPoint: 127.0.0.1:53632 localEndPoint: 127.0.0.1:53631 after 1000 ms
TpTrace Verbose: 0 : 12524, 13, 2024/07/28, 22:30:20.647, 6255500428074, vstest.console.dll, TcpClientExtensions.MessageLoopAsync: Polling on remoteEndPoint: 127.0.0.1:53632 localEndPoint: 127.0.0.1:53631 after 1013 ms
TpTrace Verbose: 0 : 12524, 13, 2024/07/28, 22:30:21.523, 6255509185423, vstest.console.dll, TcpClientExtensions.MessageLoopAsync: NotifyDataAvailable remoteEndPoint: 127.0.0.1:53632 localEndPoint: 127.0.0.1:53631
TpTrace Verbose: 0 : 12524, 13, 2024/07/28, 22:30:21.524, 6255509188782, vstest.console.dll, TestRequestSender.OnExecutionMessageReceived: Received message: {"Version":5,"MessageType":"TestExecution.StatsChange","Payload":{"NewTestResults":[{"TestCase":{"Id":"a462596f-a485-3189-0d33-603d1ec70cf2","FullyQualifiedName":"TestGestures_My.SeekBarests.SeekBarTest","DisplayName":"SeekBarTest","ExecutorUri":"executor://NUnit3TestExecutor","Source":"D:\\SoftUni\\Front-End-Test-Automation-July-2024\\11.Appium-Mobile-Exercise-2\\TestGestures-My\\TestGestures-My\\bin\\Debug\\net6.0\\fine-code-coverage\\build-output\\TestGestures-My.dll","CodeFilePath":null,"LineNumber":0,"Properties":[{"Key":{"Id":"NUnit.Seed","Label":"Seed","Category":"","Description":"","Attributes":0,"ValueType":"System.String"},"Value":"695239424"}]},"Attachments":[],"Outcome":2,"ErrorMessage":"OpenQA.Selenium.NoSuchElementException : An element could not be located on the page using the given search parameters.; For documentation on this error, please visit: https://www.selenium.dev/documentation/webdriver/troubleshooting/errors#no-such-element-exception","ErrorStackTrace":"   at OpenQA.Selenium.WebDriver.UnpackAndThrowOnError(Response errorResponse, String commandToExecute)\r\n   at OpenQA.Selenium.WebDriver.Execute(String driverCommandToExecute, Dictionary`2 parameters)\r\n   at OpenQA.Selenium.Appium.AppiumDriver.Execute(String driverCommandToExecute, Dictionary`2 parameters)\r\n   at OpenQA.Selenium.WebDriver.FindElement(String mechanism, String value)\r\n   at OpenQA.Selenium.Appium.AppiumDriver.FindElement(String by, String value)\r\n   at OpenQA.Selenium.Appium.MobileBy.FindElement(ISearchContext context)\r\n   at OpenQA.Selenium.Appium.ByAndroidUIAutomator.FindElement(ISearchContext context)\r\n   at OpenQA.Selenium.WebDriver.FindElement(By by)\r\n   at OpenQA.Selenium.Appium.AppiumDriver.FindElement(By by)\r\n   at TestGestures_My.SeekBarests.ScrollToText(String text) in D:\\SoftUni\\Front-End-Test-Automation-July-2024\\11.Appium-Mobile-Exercise-2\\TestGestures-My\\TestGestures-My\\SeekBarTests.cs:line 74\r\n   at TestGestures_My.SeekBarests.SeekBarTest() in D:\\SoftUni\\Front-End-Test-Automation-July-2024\\11.Appium-Mobile-Exercise-2\\TestGestures-My\\TestGestures-My\\SeekBarTests.cs:line 56","DisplayName":"SeekBarTest","Messages":[],"ComputerName":"DESKTOP-UUB0D73","Duration":"00:00:16.9642350","StartTime":"2024-07-28T19:30:03.5202805+00:00","EndTime":"2024-07-28T19:30:20.4845157+00:00","Properties":[{"Key":{"Id":"NUnit.Seed","Label":"Seed","Category":"","Description":"","Attributes":0,"ValueType":"System.String"},"Value":"695239424"}]}],"TestRunStatistics":{"ExecutedTests":3,"Stats":{"Passed":2,"Failed":1}},"ActiveTests":[]}}
TpTrace Verbose: 0 : 12524, 13, 2024/07/28, 22:30:21.524, 6255509193696, vstest.console.dll, TestRunRequest:SendTestRunStatsChange: Starting.
TpTrace Verbose: 0 : 12524, 13, 2024/07/28, 22:30:21.524, 6255509194840, vstest.console.dll, MulticastDelegateUtilities.SafeInvoke: TestRun.RunStatsChanged: Invoking callbacks was skipped because there are no subscribers.
TpTrace Information: 0 : 12524, 13, 2024/07/28, 22:30:21.524, 6255509195535, vstest.console.dll, TestRunRequest:SendTestRunStatsChange: Completed.
TpTrace Verbose: 0 : 12524, 13, 2024/07/28, 22:30:21.524, 6255509196160, vstest.console.dll, MulticastDelegateUtilities.SafeInvoke: LengthPrefixCommunicationChannel: MessageReceived: Invoking callback 1/1 for Microsoft.VisualStudio.TestPlatform.CommunicationUtilities.TestRequestSender+<>c__DisplayClass34_0., took 0 ms.
TpTrace Verbose: 0 : 12524, 13, 2024/07/28, 22:30:21.524, 6255509196705, vstest.console.dll, TcpClientExtensions.MessageLoopAsync: Polling on remoteEndPoint: 127.0.0.1:53632 localEndPoint: 127.0.0.1:53631 after 876 ms
TpTrace Verbose: 0 : 12524, 4, 2024/07/28, 22:30:21.525, 6255509205622, vstest.console.dll, MulticastDelegateUtilities.SafeInvoke: InternalTestLoggerEvents.SendTestResult: Invoking callback 1/1 for Microsoft.VisualStudio.TestPlatform.CommandLine.Internal.ConsoleLogger., took 1 ms.
TpTrace Verbose: 0 : 12524, 13, 2024/07/28, 22:30:22.525, 6255519201007, vstest.console.dll, TcpClientExtensions.MessageLoopAsync: Polling on remoteEndPoint: 127.0.0.1:53632 localEndPoint: 127.0.0.1:53631 after 1000 ms
TpTrace Verbose: 0 : 12524, 13, 2024/07/28, 22:30:23.539, 6255529341005, vstest.console.dll, TcpClientExtensions.MessageLoopAsync: Polling on remoteEndPoint: 127.0.0.1:53632 localEndPoint: 127.0.0.1:53631 after 1013 ms
TpTrace Verbose: 0 : 12524, 13, 2024/07/28, 22:30:24.546, 6255539414921, vstest.console.dll, TcpClientExtensions.MessageLoopAsync: Polling on remoteEndPoint: 127.0.0.1:53632 localEndPoint: 127.0.0.1:53631 after 1007 ms
TpTrace Verbose: 0 : 12524, 13, 2024/07/28, 22:30:25.553, 6255549486636, vstest.console.dll, TcpClientExtensions.MessageLoopAsync: Polling on remoteEndPoint: 127.0.0.1:53632 localEndPoint: 127.0.0.1:53631 after 1007 ms
TpTrace Verbose: 0 : 12524, 13, 2024/07/28, 22:30:26.568, 6255559635452, vstest.console.dll, TcpClientExtensions.MessageLoopAsync: Polling on remoteEndPoint: 127.0.0.1:53632 localEndPoint: 127.0.0.1:53631 after 1014 ms
TpTrace Verbose: 0 : 12524, 13, 2024/07/28, 22:30:27.575, 6255569706042, vstest.console.dll, TcpClientExtensions.MessageLoopAsync: Polling on remoteEndPoint: 127.0.0.1:53632 localEndPoint: 127.0.0.1:53631 after 1006 ms
TpTrace Verbose: 0 : 12524, 13, 2024/07/28, 22:30:27.840, 6255572356569, vstest.console.dll, TcpClientExtensions.MessageLoopAsync: NotifyDataAvailable remoteEndPoint: 127.0.0.1:53632 localEndPoint: 127.0.0.1:53631
TpTrace Verbose: 0 : 12524, 13, 2024/07/28, 22:30:27.841, 6255572359985, vstest.console.dll, TestRequestSender.OnExecutionMessageReceived: Received message: {"Version":5,"MessageType":"TestExecution.StatsChange","Payload":{"NewTestResults":[],"TestRunStatistics":{"ExecutedTests":3,"Stats":{"Passed":2,"Failed":1}},"ActiveTests":[{"Id":"2d6cb1ab-ee6c-e488-d76a-18c87fed3dd1","FullyQualifiedName":"TestGestures_My.SwipeTests.Swipe","DisplayName":"Swipe","ExecutorUri":"executor://NUnit3TestExecutor","Source":"D:\\SoftUni\\Front-End-Test-Automation-July-2024\\11.Appium-Mobile-Exercise-2\\TestGestures-My\\TestGestures-My\\bin\\Debug\\net6.0\\fine-code-coverage\\build-output\\TestGestures-My.dll","CodeFilePath":null,"LineNumber":0,"Properties":[{"Key":{"Id":"NUnit.Seed","Label":"Seed","Category":"","Description":"","Attributes":0,"ValueType":"System.String"},"Value":"2072173919"}]}]}}
TpTrace Verbose: 0 : 12524, 13, 2024/07/28, 22:30:27.841, 6255572363368, vstest.console.dll, TestRunRequest:SendTestRunStatsChange: Starting.
TpTrace Verbose: 0 : 12524, 13, 2024/07/28, 22:30:27.841, 6255572364036, vstest.console.dll, InProgress is Swipe
TpTrace Verbose: 0 : 12524, 13, 2024/07/28, 22:30:27.841, 6255572364580, vstest.console.dll, MulticastDelegateUtilities.SafeInvoke: TestRun.RunStatsChanged: Invoking callbacks was skipped because there are no subscribers.
TpTrace Information: 0 : 12524, 13, 2024/07/28, 22:30:27.841, 6255572365230, vstest.console.dll, TestRunRequest:SendTestRunStatsChange: Completed.
TpTrace Verbose: 0 : 12524, 13, 2024/07/28, 22:30:27.841, 6255572365816, vstest.console.dll, MulticastDelegateUtilities.SafeInvoke: LengthPrefixCommunicationChannel: MessageReceived: Invoking callback 1/1 for Microsoft.VisualStudio.TestPlatform.CommunicationUtilities.TestRequestSender+<>c__DisplayClass34_0., took 0 ms.
TpTrace Verbose: 0 : 12524, 13, 2024/07/28, 22:30:27.841, 6255572366392, vstest.console.dll, TcpClientExtensions.MessageLoopAsync: Polling on remoteEndPoint: 127.0.0.1:53632 localEndPoint: 127.0.0.1:53631 after 265 ms
TpTrace Verbose: 0 : 12524, 13, 2024/07/28, 22:30:28.846, 6255582415669, vstest.console.dll, TcpClientExtensions.MessageLoopAsync: Polling on remoteEndPoint: 127.0.0.1:53632 localEndPoint: 127.0.0.1:53631 after 1004 ms
TpTrace Verbose: 0 : 12524, 13, 2024/07/28, 22:30:29.858, 6255592536002, vstest.console.dll, TcpClientExtensions.MessageLoopAsync: Polling on remoteEndPoint: 127.0.0.1:53632 localEndPoint: 127.0.0.1:53631 after 1011 ms
TpTrace Verbose: 0 : 12524, 13, 2024/07/28, 22:30:30.871, 6255602665090, vstest.console.dll, TcpClientExtensions.MessageLoopAsync: Polling on remoteEndPoint: 127.0.0.1:53632 localEndPoint: 127.0.0.1:53631 after 1012 ms
TpTrace Verbose: 0 : 12524, 13, 2024/07/28, 22:30:31.887, 6255612819051, vstest.console.dll, TcpClientExtensions.MessageLoopAsync: Polling on remoteEndPoint: 127.0.0.1:53632 localEndPoint: 127.0.0.1:53631 after 1015 ms
TpTrace Verbose: 0 : 12524, 13, 2024/07/28, 22:30:32.888, 6255622830541, vstest.console.dll, TcpClientExtensions.MessageLoopAsync: Polling on remoteEndPoint: 127.0.0.1:53632 localEndPoint: 127.0.0.1:53631 after 1000 ms
TpTrace Verbose: 0 : 12524, 13, 2024/07/28, 22:30:33.903, 6255632987731, vstest.console.dll, TcpClientExtensions.MessageLoopAsync: Polling on remoteEndPoint: 127.0.0.1:53632 localEndPoint: 127.0.0.1:53631 after 1015 ms
TpTrace Verbose: 0 : 12524, 13, 2024/07/28, 22:30:34.906, 6255643010453, vstest.console.dll, TcpClientExtensions.MessageLoopAsync: Polling on remoteEndPoint: 127.0.0.1:53632 localEndPoint: 127.0.0.1:53631 after 1002 ms
TpTrace Verbose: 0 : 12524, 13, 2024/07/28, 22:30:35.915, 6255653105889, vstest.console.dll, TcpClientExtensions.MessageLoopAsync: Polling on remoteEndPoint: 127.0.0.1:53632 localEndPoint: 127.0.0.1:53631 after 1009 ms
TpTrace Verbose: 0 : 12524, 13, 2024/07/28, 22:30:36.920, 6255663150060, vstest.console.dll, TcpClientExtensions.MessageLoopAsync: Polling on remoteEndPoint: 127.0.0.1:53632 localEndPoint: 127.0.0.1:53631 after 1004 ms
TpTrace Verbose: 0 : 12524, 13, 2024/07/28, 22:30:37.930, 6255673255051, vstest.console.dll, TcpClientExtensions.MessageLoopAsync: Polling on remoteEndPoint: 127.0.0.1:53632 localEndPoint: 127.0.0.1:53631 after 1010 ms
TpTrace Verbose: 0 : 12524, 13, 2024/07/28, 22:30:38.350, 6255677455794, vstest.console.dll, TcpClientExtensions.MessageLoopAsync: NotifyDataAvailable remoteEndPoint: 127.0.0.1:53632 localEndPoint: 127.0.0.1:53631
TpTrace Verbose: 0 : 12524, 13, 2024/07/28, 22:30:38.351, 6255677458892, vstest.console.dll, TestRequestSender.OnExecutionMessageReceived: Received message: {"Version":5,"MessageType":"TestExecution.StatsChange","Payload":{"NewTestResults":[{"TestCase":{"Id":"2d6cb1ab-ee6c-e488-d76a-18c87fed3dd1","FullyQualifiedName":"TestGestures_My.SwipeTests.Swipe","DisplayName":"Swipe","ExecutorUri":"executor://NUnit3TestExecutor","Source":"D:\\SoftUni\\Front-End-Test-Automation-July-2024\\11.Appium-Mobile-Exercise-2\\TestGestures-My\\TestGestures-My\\bin\\Debug\\net6.0\\fine-code-coverage\\build-output\\TestGestures-My.dll","CodeFilePath":null,"LineNumber":0,"Properties":[{"Key":{"Id":"NUnit.Seed","Label":"Seed","Category":"","Description":"","Attributes":0,"ValueType":"System.String"},"Value":"2072173919"}]},"Attachments":[],"Outcome":2,"ErrorMessage":"OpenQA.Selenium.NoSuchElementException : An element could not be located on the page using the given search parameters.; For documentation on this error, please visit: https://www.selenium.dev/documentation/webdriver/troubleshooting/errors#no-such-element-exception","ErrorStackTrace":"   at OpenQA.Selenium.WebDriver.UnpackAndThrowOnError(Response errorResponse, String commandToExecute)\r\n   at OpenQA.Selenium.WebDriver.Execute(String driverCommandToExecute, Dictionary`2 parameters)\r\n   at OpenQA.Selenium.Appium.AppiumDriver.Execute(String driverCommandToExecute, Dictionary`2 parameters)\r\n   at OpenQA.Selenium.WebDriver.FindElement(String mechanism, String value)\r\n   at OpenQA.Selenium.Appium.AppiumDriver.FindElement(String by, String value)\r\n   at OpenQA.Selenium.Appium.MobileBy.FindElement(ISearchContext context)\r\n   at OpenQA.Selenium.Appium.ByAccessibilityId.FindElement(ISearchContext context)\r\n   at OpenQA.Selenium.WebDriver.FindElement(By by)\r\n   at OpenQA.Selenium.Appium.AppiumDriver.FindElement(By by)\r\n   at TestGestures_My.SwipeTests.Swipe() in D:\\SoftUni\\Front-End-Test-Automation-July-2024\\11.Appium-Mobile-Exercise-2\\TestGestures-My\\TestGestures-My\\SwipeTests.cs:line 54","DisplayName":"Swipe","Messages":[],"ComputerName":"DESKTOP-UUB0D73","Duration":"00:00:10.1134799","StartTime":"2024-07-28T19:30:27.8401441+00:00","EndTime":"2024-07-28T19:30:37.9536245+00:00","Properties":[{"Key":{"Id":"NUnit.Seed","Label":"Seed","Category":"","Description":"","Attributes":0,"ValueType":"System.String"},"Value":"2072173919"}]}],"TestRunStatistics":{"ExecutedTests":4,"Stats":{"Passed":2,"Failed":2}},"ActiveTests":[]}}
TpTrace Verbose: 0 : 12524, 13, 2024/07/28, 22:30:38.351, 6255677463657, vstest.console.dll, TestRunRequest:SendTestRunStatsChange: Starting.
TpTrace Verbose: 0 : 12524, 13, 2024/07/28, 22:30:38.351, 6255677464884, vstest.console.dll, MulticastDelegateUtilities.SafeInvoke: TestRun.RunStatsChanged: Invoking callbacks was skipped because there are no subscribers.
TpTrace Information: 0 : 12524, 13, 2024/07/28, 22:30:38.351, 6255677465730, vstest.console.dll, TestRunRequest:SendTestRunStatsChange: Completed.
TpTrace Verbose: 0 : 12524, 13, 2024/07/28, 22:30:38.351, 6255677466451, vstest.console.dll, MulticastDelegateUtilities.SafeInvoke: LengthPrefixCommunicationChannel: MessageReceived: Invoking callback 1/1 for Microsoft.VisualStudio.TestPlatform.CommunicationUtilities.TestRequestSender+<>c__DisplayClass34_0., took 0 ms.
TpTrace Verbose: 0 : 12524, 4, 2024/07/28, 22:30:38.351, 6255677467020, vstest.console.dll, MulticastDelegateUtilities.SafeInvoke: InternalTestLoggerEvents.SendTestResult: Invoking callback 1/1 for Microsoft.VisualStudio.TestPlatform.CommandLine.Internal.ConsoleLogger., took 0 ms.
TpTrace Verbose: 0 : 12524, 13, 2024/07/28, 22:30:38.351, 6255677467344, vstest.console.dll, TcpClientExtensions.MessageLoopAsync: Polling on remoteEndPoint: 127.0.0.1:53632 localEndPoint: 127.0.0.1:53631 after 421 ms
TpTrace Verbose: 0 : 12524, 13, 2024/07/28, 22:30:38.369, 6255677644300, vstest.console.dll, TcpClientExtensions.MessageLoopAsync: NotifyDataAvailable remoteEndPoint: 127.0.0.1:53632 localEndPoint: 127.0.0.1:53631
TpTrace Verbose: 0 : 12524, 13, 2024/07/28, 22:30:38.369, 6255677646053, vstest.console.dll, TestRequestSender.OnExecutionMessageReceived: Received message: {"Version":5,"MessageType":"TestSession.Message","Payload":{"MessageLevel":0,"Message":"NUnit Adapter 4.2.0.0: Test execution complete"}}
TpTrace Verbose: 0 : 12524, 13, 2024/07/28, 22:30:38.369, 6255677647509, vstest.console.dll, TestRunRequest:SendTestRunMessage: Starting.
TpTrace Verbose: 0 : 12524, 13, 2024/07/28, 22:30:38.370, 6255677648586, vstest.console.dll, MulticastDelegateUtilities.SafeInvoke: TestRun.LogMessages: Invoking callback 1/1 for Microsoft.VisualStudio.TestPlatform.CommandLine.TestRunResultAggregator., took 0 ms.
TpTrace Verbose: 0 : 12524, 4, 2024/07/28, 22:30:38.370, 6255677648822, vstest.console.dll, MulticastDelegateUtilities.SafeInvoke: InternalTestLoggerEvents.SendTestRunMessage: Invoking callback 1/1 for Microsoft.VisualStudio.TestPlatform.CommandLine.Internal.ConsoleLogger., took 0 ms.
TpTrace Information: 0 : 12524, 13, 2024/07/28, 22:30:38.370, 6255677649357, vstest.console.dll, TestRunRequest:SendTestRunMessage: Completed.
TpTrace Verbose: 0 : 12524, 13, 2024/07/28, 22:30:38.370, 6255677651041, vstest.console.dll, MulticastDelegateUtilities.SafeInvoke: LengthPrefixCommunicationChannel: MessageReceived: Invoking callback 1/1 for Microsoft.VisualStudio.TestPlatform.CommunicationUtilities.TestRequestSender+<>c__DisplayClass34_0., took 0 ms.
TpTrace Verbose: 0 : 12524, 13, 2024/07/28, 22:30:38.370, 6255677651690, vstest.console.dll, TcpClientExtensions.MessageLoopAsync: Polling on remoteEndPoint: 127.0.0.1:53632 localEndPoint: 127.0.0.1:53631 after 18 ms
TpTrace Verbose: 0 : 12524, 13, 2024/07/28, 22:30:38.383, 6255677779414, vstest.console.dll, TcpClientExtensions.MessageLoopAsync: NotifyDataAvailable remoteEndPoint: 127.0.0.1:53632 localEndPoint: 127.0.0.1:53631
TpTrace Verbose: 0 : 12524, 13, 2024/07/28, 22:30:38.383, 6255677781326, vstest.console.dll, TestRequestSender.OnExecutionMessageReceived: Received message: {"Version":5,"MessageType":"TestExecution.Completed","Payload":{"TestRunCompleteArgs":{"TestRunStatistics":{"ExecutedTests":4,"Stats":{"Passed":2,"Failed":2}},"IsCanceled":false,"IsAborted":false,"Error":null,"AttachmentSets":[],"ElapsedTimeInRunningTests":"00:01:13.2400035","Metrics":{}},"LastRunTests":{"NewTestResults":[],"TestRunStatistics":{"ExecutedTests":4,"Stats":{"Passed":2,"Failed":2}},"ActiveTests":[]},"RunAttachments":[],"ExecutorUris":["executor://nunit3testexecutor/"]}}
TpTrace Verbose: 0 : 12524, 13, 2024/07/28, 22:30:38.383, 6255677782671, vstest.console.dll, TestRequestSender.EndSession: Sending end session.
TpTrace Verbose: 0 : 12524, 13, 2024/07/28, 22:30:38.383, 6255677784747, vstest.console.dll, ProxyOperationManager.Close: waiting for test host to exit for 100 ms
TpTrace Verbose: 0 : 12524, 12, 2024/07/28, 22:30:38.391, 6255677860417, vstest.console.dll, TestHostManagerCallbacks.ctor: Experimental forwarding output is disabled.
TpTrace Warning: 0 : 12524, 12, 2024/07/28, 22:30:38.391, 6255677861559, vstest.console.dll, TestHostManagerCallbacks.ErrorReceivedCallback Test host standard error line: 
TpTrace Verbose: 0 : 12524, 12, 2024/07/28, 22:30:38.398, 6255677933048, vstest.console.dll, TestHostProvider.ExitCallBack: Host exited starting callback.
TpTrace Information: 0 : 12524, 12, 2024/07/28, 22:30:38.398, 6255677934360, vstest.console.dll, TestHostManagerCallbacks.ExitCallBack: Testhost processId: 12000 exited with exitcode: 0 error: ''
TpTrace Verbose: 0 : 12524, 12, 2024/07/28, 22:30:38.398, 6255677934946, vstest.console.dll, DotnetTestHostManager.OnHostExited: invoking OnHostExited callback
TpTrace Verbose: 0 : 12524, 12, 2024/07/28, 22:30:38.398, 6255677935586, vstest.console.dll, CrossPlatEngine.TestHostManagerHostExited: calling on client process exit callback.
TpTrace Information: 0 : 12524, 12, 2024/07/28, 22:30:38.398, 6255677936410, vstest.console.dll, TestRequestSender.OnClientProcessExit: Test host process exited. Standard error: 
TpTrace Information: 0 : 12524, 13, 2024/07/28, 22:30:38.398, 6255677936648, vstest.console.dll, SocketServer.Stop: Stop server endPoint: 127.0.0.1:53631
TpTrace Information: 0 : 12524, 12, 2024/07/28, 22:30:38.398, 6255677937207, vstest.console.dll, SocketServer.Stop: Stop server endPoint: 127.0.0.1:53631
TpTrace Information: 0 : 12524, 13, 2024/07/28, 22:30:38.398, 6255677937704, vstest.console.dll, SocketServer.Stop: Cancellation requested. Stopping message loop.
TpTrace Information: 0 : 12524, 12, 2024/07/28, 22:30:38.398, 6255677938307, vstest.console.dll, SocketServer.Stop: Cancellation requested. Stopping message loop.
TpTrace Verbose: 0 : 12524, 12, 2024/07/28, 22:30:38.399, 6255677939555, vstest.console.dll, MulticastDelegateUtilities.SafeInvoke: HostProviderEvents.OnHostExited: Invoking callback 1/1 for Microsoft.VisualStudio.TestPlatform.CrossPlatEngine.Client.ProxyOperationManager., took 0 ms.
TpTrace Information: 0 : 12524, 13, 2024/07/28, 22:30:38.399, 6255677939721, vstest.console.dll, Closing the connection
TpTrace Verbose: 0 : 12524, 13, 2024/07/28, 22:30:38.399, 6255677942092, vstest.console.dll, ProxyDataCollectionManager.InvokeDataCollectionServiceAction: Starting.
TpTrace Information: 0 : 12524, 13, 2024/07/28, 22:30:38.399, 6255677942716, vstest.console.dll, ProxyDataCollectionManager.AfterTestRunEnd: Get attachment set and invoked data collectors processId: 22816 port: 53628
TpTrace Verbose: 0 : 12524, 13, 2024/07/28, 22:30:38.399, 6255677943334, vstest.console.dll, DataCollectionRequestSender.SendAfterTestRunStartAndGetResult: Send AfterTestRunEnd message with isCancelled: False
TpTrace Verbose: 0 : 12524, 13, 2024/07/28, 22:30:38.404, 6255677990803, vstest.console.dll, DataCollectionRequestSender.SendAfterTestRunStartAndGetResult: Received message: (DataCollection.AfterTestRunEndResult) -> {"MessageType":"DataCollection.AfterTestRunEndResult","Payload":{"AttachmentSets":[],"InvokedDataCollectors":[{"Uri":"datacollector://Microsoft/TestPlatform/Extensions/Blame/v1","FriendlyName":"Blame","AssemblyQualifiedName":"Microsoft.TestPlatform.Extensions.BlameDataCollector.BlameCollector, Microsoft.TestPlatform.Extensions.BlameDataCollector, Version=15.0.0.0, Culture=neutral, PublicKeyToken=b03f5f7f11d50a3a","FilePath":"C:\\Program Files (x86)\\dotnet\\sdk\\8.0.303\\Extensions\\Microsoft.TestPlatform.Extensions.BlameDataCollector.dll","HasAttachmentProcessor":false}],"Metrics":{}}}
TpTrace Information: 0 : 12524, 13, 2024/07/28, 22:30:38.407, 6255678027266, vstest.console.dll, ProxyDataCollectionManager.InvokeDataCollectionServiceAction: Completed.
TpTrace Warning: 0 : 12524, 10, 2024/07/28, 22:30:38.408, 6255678030448, vstest.console.dll, DataCollectionLauncher.ErrorReceivedCallback datacollector standard error line: 
TpTrace Information: 0 : 12524, 10, 2024/07/28, 22:30:38.413, 6255678081812, vstest.console.dll, DataCollectionLauncher.ExitCallBack: Data collector exited with exitcode: 0 error: ''
TpTrace Verbose: 0 : 12524, 13, 2024/07/28, 22:30:38.425, 6255678204948, vstest.console.dll, TestRunRequest:SendTestRunStatsChange: Starting.
TpTrace Verbose: 0 : 12524, 13, 2024/07/28, 22:30:38.425, 6255678206056, vstest.console.dll, MulticastDelegateUtilities.SafeInvoke: TestRun.RunStatsChanged: Invoking callbacks was skipped because there are no subscribers.
TpTrace Information: 0 : 12524, 13, 2024/07/28, 22:30:38.425, 6255678206549, vstest.console.dll, TestRunRequest:SendTestRunStatsChange: Completed.
TpTrace Verbose: 0 : 12524, 13, 2024/07/28, 22:30:38.426, 6255678208457, vstest.console.dll, ParallelProxyExecutionManager: HandlePartialRunComplete: Total workloads = 1, Total started clients = 1 Total completed clients = 1, Run complete = True, Run canceled: False.
TpTrace Verbose: 0 : 12524, 13, 2024/07/28, 22:30:38.426, 6255678209008, vstest.console.dll, ParallelProxyExecutionManager: HandlePartialRunComplete: All runs completed stopping all managers.
TpTrace Verbose: 0 : 12524, 13, 2024/07/28, 22:30:38.426, 6255678209519, vstest.console.dll, ParallelOperationManager.StopAllManagers: Stopping all managers.
TpTrace Verbose: 0 : 12524, 13, 2024/07/28, 22:30:38.426, 6255678209994, vstest.console.dll, ParallelOperationManager.ClearSlots: Clearing all slots. Slots should accept more work: False
TpTrace Verbose: 0 : 12524, 13, 2024/07/28, 22:30:38.426, 6255678210563, vstest.console.dll, ParallelOperationManager.SetOccupiedSlotCount: Setting slot counts AvailableSlotCount = 1, OccupiedSlotCount = 0.
TpTrace Verbose: 0 : 12524, 13, 2024/07/28, 22:30:38.426, 6255678211192, vstest.console.dll, Occupied slots:

TpTrace Verbose: 0 : 12524, 4, 2024/07/28, 22:30:38.433, 6255678284237, vstest.console.dll, MulticastDelegateUtilities.SafeInvoke: InternalTestLoggerEvents.SendTestRunComplete: Invoking callback 1/2 for Microsoft.TestPlatform.Extensions.BlameDataCollector.BlameLogger., took 0 ms.
TpTrace Verbose: 0 : 12524, 4, 2024/07/28, 22:30:38.438, 6255678338186, vstest.console.dll, MulticastDelegateUtilities.SafeInvoke: InternalTestLoggerEvents.SendTestRunComplete: Invoking callback 2/2 for Microsoft.VisualStudio.TestPlatform.CommandLine.Internal.ConsoleLogger., took 5 ms.
TpTrace Verbose: 0 : 12524, 13, 2024/07/28, 22:30:38.439, 6255678341085, vstest.console.dll, TestRunRequest:TestRunComplete: Starting. IsAborted:False IsCanceled:False.
TpTrace Verbose: 0 : 12524, 13, 2024/07/28, 22:30:38.439, 6255678342611, vstest.console.dll, ParallelOperationManager.DoActionOnAllManagers: Calling an action on all managers.
TpTrace Verbose: 0 : 12524, 13, 2024/07/28, 22:30:38.440, 6255678349983, vstest.console.dll, TestLoggerManager.HandleTestRunComplete: Ignoring as the object is disposed.
TpTrace Verbose: 0 : 12524, 13, 2024/07/28, 22:30:38.440, 6255678352253, vstest.console.dll, MulticastDelegateUtilities.SafeInvoke: TestRun.TestRunComplete: Invoking callback 1/2 for Microsoft.VisualStudio.TestPlatform.CommandLine.TestRunResultAggregator., took 0 ms.
TpTrace Verbose: 0 : 12524, 13, 2024/07/28, 22:30:38.440, 6255678353522, vstest.console.dll, MulticastDelegateUtilities.SafeInvoke: TestRun.TestRunComplete: Invoking callback 2/2 for Microsoft.VisualStudio.TestPlatform.CommandLine.Processors.RunTestsArgumentExecutor+TestRunRequestEventsRegistrar., took 0 ms.
TpTrace Information: 0 : 12524, 13, 2024/07/28, 22:30:38.440, 6255678354610, vstest.console.dll, TestRunRequest:TestRunComplete: Completed.
TpTrace Verbose: 0 : 12524, 1, 2024/07/28, 22:30:38.440, 6255678354804, vstest.console.dll, TestRunRequest.Dispose: Starting.
TpTrace Verbose: 0 : 12524, 13, 2024/07/28, 22:30:38.440, 6255678355341, vstest.console.dll, TestRequestSender.SetOperationComplete: Setting operation complete.
TpTrace Information: 0 : 12524, 1, 2024/07/28, 22:30:38.440, 6255678356135, vstest.console.dll, TestRunRequest.Dispose: Completed.
TpTrace Information: 0 : 12524, 13, 2024/07/28, 22:30:38.440, 6255678356649, vstest.console.dll, SocketServer.Stop: Stop server endPoint: 127.0.0.1:53631
TpTrace Information: 0 : 12524, 1, 2024/07/28, 22:30:38.440, 6255678357416, vstest.console.dll, TestRequestManager.RunTests: run tests completed.
TpTrace Information: 0 : 12524, 13, 2024/07/28, 22:30:38.440, 6255678357973, vstest.console.dll, SocketServer.Stop: Cancellation requested. Stopping message loop.
TpTrace Information: 0 : 12524, 1, 2024/07/28, 22:30:38.441, 6255678358900, vstest.console.dll, RunTestsArgumentProcessor:Execute: Test run is completed.
TpTrace Verbose: 0 : 12524, 13, 2024/07/28, 22:30:38.441, 6255678359272, vstest.console.dll, MulticastDelegateUtilities.SafeInvoke: LengthPrefixCommunicationChannel: MessageReceived: Invoking callback 1/1 for Microsoft.VisualStudio.TestPlatform.CommunicationUtilities.TestRequestSender+<>c__DisplayClass34_0., took 57 ms.
TpTrace Information: 0 : 12524, 13, 2024/07/28, 22:30:38.441, 6255678360465, vstest.console.dll, SocketServer.PrivateStop: Stopping server endPoint: 127.0.0.1:53631 error: 
TpTrace Verbose: 0 : 12524, 1, 2024/07/28, 22:30:38.441, 6255678361173, vstest.console.dll, Executor.Execute: Exiting with exit code of 1
TpTrace Verbose: 0 : 12524, 13, 2024/07/28, 22:30:38.441, 6255678364304, vstest.console.dll, LengthPrefixCommunicationChannel.Dispose: Dispose reader and writer.
TpTrace Information: 0 : 12524, 13, 2024/07/28, 22:30:38.441, 6255678365116, vstest.console.dll, SocketServer.Stop: Raise disconnected event endPoint: 127.0.0.1:53631 error: 
TpTrace Verbose: 0 : 12524, 13, 2024/07/28, 22:30:38.441, 6255678366051, vstest.console.dll, TestRequestSender: OnTestRunAbort: Operation is already complete. Skip error message.
TpTrace Verbose: 0 : 12524, 13, 2024/07/28, 22:30:38.441, 6255678366714, vstest.console.dll, MulticastDelegateUtilities.SafeInvoke: SocketServer: ClientDisconnected: Invoking callback 1/1 for Microsoft.VisualStudio.TestPlatform.CommunicationUtilities.TestRequestSender., took 0 ms.
TpTrace Verbose: 0 : 12524, 13, 2024/07/28, 22:30:38.441, 6255678367458, vstest.console.dll, TcpClientExtensions.MessageLoopAsync: exiting MessageLoopAsync remoteEndPoint: 127.0.0.1:53632 localEndPoint: 127.0.0.1:53631
